{"C:\\Hockey Hub\\services\\user-service\\src\\data-source.ts": {"path":"C:\\Hockey Hub\\services\\user-service\\src\\data-source.ts","statementMap":{"0":{"start":{"line":1,"column":0},"end":{"line":1,"column":37}},"1":{"start":{"line":2,"column":0},"end":{"line":2,"column":45}},"2":{"start":{"line":4,"column":13},"end":{"line":4,"column":52}}},"fnMap":{},"branchMap":{},"s":{"0":0,"1":0,"2":0},"f":{},"b":{}}
,"C:\\Hockey Hub\\services\\user-service\\src\\config\\database.ts": {"path":"C:\\Hockey Hub\\services\\user-service\\src\\config\\database.ts","statementMap":{"0":{"start":{"line":1,"column":0},"end":{"line":1,"column":37}},"1":{"start":{"line":2,"column":0},"end":{"line":2,"column":40}},"2":{"start":{"line":3,"column":0},"end":{"line":3,"column":56}},"3":{"start":{"line":4,"column":0},"end":{"line":4,"column":40}},"4":{"start":{"line":5,"column":0},"end":{"line":5,"column":64}},"5":{"start":{"line":6,"column":0},"end":{"line":6,"column":52}},"6":{"start":{"line":7,"column":0},"end":{"line":7,"column":78}},"7":{"start":{"line":8,"column":0},"end":{"line":8,"column":52}},"8":{"start":{"line":9,"column":0},"end":{"line":9,"column":40}},"9":{"start":{"line":10,"column":0},"end":{"line":10,"column":56}},"10":{"start":{"line":11,"column":0},"end":{"line":11,"column":64}},"11":{"start":{"line":12,"column":0},"end":{"line":12,"column":56}},"12":{"start":{"line":13,"column":0},"end":{"line":13,"column":58}},"13":{"start":{"line":14,"column":0},"end":{"line":14,"column":28}},"14":{"start":{"line":16,"column":0},"end":{"line":16,"column":16}},"15":{"start":{"line":18,"column":13},"end":{"line":55,"column":3}}},"fnMap":{},"branchMap":{"0":{"loc":{"start":{"line":20,"column":8},"end":{"line":20,"column":42}},"type":"binary-expr","locations":[{"start":{"line":20,"column":8},"end":{"line":20,"column":27}},{"start":{"line":20,"column":31},"end":{"line":20,"column":42}}]},"1":{"loc":{"start":{"line":21,"column":17},"end":{"line":21,"column":46}},"type":"binary-expr","locations":[{"start":{"line":21,"column":17},"end":{"line":21,"column":36}},{"start":{"line":21,"column":40},"end":{"line":21,"column":46}}]},"2":{"loc":{"start":{"line":22,"column":12},"end":{"line":22,"column":45}},"type":"binary-expr","locations":[{"start":{"line":22,"column":12},"end":{"line":22,"column":31}},{"start":{"line":22,"column":35},"end":{"line":22,"column":45}}]},"3":{"loc":{"start":{"line":23,"column":12},"end":{"line":23,"column":49}},"type":"binary-expr","locations":[{"start":{"line":23,"column":12},"end":{"line":23,"column":35}},{"start":{"line":23,"column":39},"end":{"line":23,"column":49}}]},"4":{"loc":{"start":{"line":24,"column":12},"end":{"line":24,"column":53}},"type":"binary-expr","locations":[{"start":{"line":24,"column":12},"end":{"line":24,"column":31}},{"start":{"line":24,"column":35},"end":{"line":24,"column":53}}]},"5":{"loc":{"start":{"line":48,"column":12},"end":{"line":48,"column":49}},"type":"binary-expr","locations":[{"start":{"line":48,"column":12},"end":{"line":48,"column":34}},{"start":{"line":48,"column":38},"end":{"line":48,"column":49}}]},"6":{"loc":{"start":{"line":49,"column":21},"end":{"line":49,"column":53}},"type":"binary-expr","locations":[{"start":{"line":49,"column":21},"end":{"line":49,"column":43}},{"start":{"line":49,"column":47},"end":{"line":49,"column":53}}]},"7":{"loc":{"start":{"line":51,"column":19},"end":{"line":51,"column":46}},"type":"binary-expr","locations":[{"start":{"line":51,"column":19},"end":{"line":51,"column":39}},{"start":{"line":51,"column":43},"end":{"line":51,"column":46}}]},"8":{"loc":{"start":{"line":53,"column":23},"end":{"line":53,"column":60}},"type":"binary-expr","locations":[{"start":{"line":53,"column":23},"end":{"line":53,"column":49}},{"start":{"line":53,"column":53},"end":{"line":53,"column":60}}]}},"s":{"0":0,"1":0,"2":0,"3":0,"4":0,"5":0,"6":0,"7":0,"8":0,"9":0,"10":0,"11":0,"12":0,"13":0,"14":0,"15":0},"f":{},"b":{"0":[0,0],"1":[0,0],"2":[0,0],"3":[0,0],"4":[0,0],"5":[0,0],"6":[0,0],"7":[0,0],"8":[0,0]}}
,"C:\\Hockey Hub\\services\\user-service\\src\\entities\\BlacklistedToken.ts": {"path":"C:\\Hockey Hub\\services\\user-service\\src\\entities\\BlacklistedToken.ts","statementMap":{"0":{"start":{"line":1,"column":0},"end":{"line":1,"column":null}},"1":{"start":{"line":11,"column":7},"end":{"line":30,"column":null}},"2":{"start":{"line":11,"column":13},"end":{"line":11,"column":29}},"3":{"start":{"line":13,"column":2},"end":{"line":13,"column":null}},"4":{"start":{"line":17,"column":2},"end":{"line":17,"column":null}},"5":{"start":{"line":20,"column":2},"end":{"line":20,"column":null}},"6":{"start":{"line":23,"column":2},"end":{"line":23,"column":null}},"7":{"start":{"line":26,"column":2},"end":{"line":26,"column":null}},"8":{"start":{"line":29,"column":2},"end":{"line":29,"column":null}},"9":{"start":{"line":11,"column":13},"end":{"line":30,"column":null}}},"fnMap":{},"branchMap":{},"s":{"0":0,"1":0,"2":0,"3":0,"4":0,"5":0,"6":0,"7":0,"8":0,"9":0},"f":{},"b":{}}
,"C:\\Hockey Hub\\services\\user-service\\src\\entities\\LoginAttempt.ts": {"path":"C:\\Hockey Hub\\services\\user-service\\src\\entities\\LoginAttempt.ts","statementMap":{"0":{"start":{"line":1,"column":0},"end":{"line":1,"column":null}},"1":{"start":{"line":12,"column":7},"end":{"line":34,"column":null}},"2":{"start":{"line":12,"column":13},"end":{"line":12,"column":25}},"3":{"start":{"line":14,"column":2},"end":{"line":14,"column":null}},"4":{"start":{"line":18,"column":2},"end":{"line":18,"column":null}},"5":{"start":{"line":21,"column":2},"end":{"line":21,"column":null}},"6":{"start":{"line":24,"column":2},"end":{"line":24,"column":null}},"7":{"start":{"line":27,"column":2},"end":{"line":27,"column":null}},"8":{"start":{"line":30,"column":2},"end":{"line":30,"column":null}},"9":{"start":{"line":33,"column":2},"end":{"line":33,"column":null}},"10":{"start":{"line":12,"column":13},"end":{"line":34,"column":null}}},"fnMap":{},"branchMap":{},"s":{"0":0,"1":0,"2":0,"3":0,"4":0,"5":0,"6":0,"7":0,"8":0,"9":0,"10":0},"f":{},"b":{}}
,"C:\\Hockey Hub\\services\\user-service\\src\\entities\\Organization.ts": {"path":"C:\\Hockey Hub\\services\\user-service\\src\\entities\\Organization.ts","statementMap":{"0":{"start":{"line":1,"column":0},"end":{"line":1,"column":59}},"1":{"start":{"line":2,"column":0},"end":{"line":2,"column":52}},"2":{"start":{"line":3,"column":0},"end":{"line":3,"column":30}},"3":{"start":{"line":4,"column":0},"end":{"line":4,"column":54}},"4":{"start":{"line":7,"column":7},"end":{"line":43,"column":null}},"5":{"start":{"line":7,"column":13},"end":{"line":7,"column":25}},"6":{"start":{"line":9,"column":2},"end":{"line":9,"column":null}},"7":{"start":{"line":13,"column":2},"end":{"line":13,"column":null}},"8":{"start":{"line":16,"column":2},"end":{"line":16,"column":null}},"9":{"start":{"line":19,"column":2},"end":{"line":19,"column":null}},"10":{"start":{"line":22,"column":2},"end":{"line":22,"column":null}},"11":{"start":{"line":29,"column":2},"end":{"line":29,"column":null}},"12":{"start":{"line":32,"column":2},"end":{"line":32,"column":null}},"13":{"start":{"line":35,"column":2},"end":{"line":35,"column":null}},"14":{"start":{"line":39,"column":2},"end":{"line":39,"column":null}},"15":{"start":{"line":38,"column":19},"end":{"line":38,"column":23}},"16":{"start":{"line":38,"column":33},"end":{"line":38,"column":50}},"17":{"start":{"line":42,"column":2},"end":{"line":42,"column":null}},"18":{"start":{"line":41,"column":19},"end":{"line":41,"column":35}},"19":{"start":{"line":41,"column":48},"end":{"line":41,"column":68}},"20":{"start":{"line":7,"column":13},"end":{"line":43,"column":null}}},"fnMap":{"0":{"name":"(anonymous_2)","decl":{"start":{"line":38,"column":13},"end":{"line":38,"column":16}},"loc":{"start":{"line":38,"column":19},"end":{"line":38,"column":23}}},"1":{"name":"(anonymous_3)","decl":{"start":{"line":38,"column":25},"end":{"line":38,"column":29}},"loc":{"start":{"line":38,"column":33},"end":{"line":38,"column":50}}},"2":{"name":"(anonymous_4)","decl":{"start":{"line":41,"column":13},"end":{"line":41,"column":16}},"loc":{"start":{"line":41,"column":19},"end":{"line":41,"column":35}}},"3":{"name":"(anonymous_5)","decl":{"start":{"line":41,"column":37},"end":{"line":41,"column":44}},"loc":{"start":{"line":41,"column":48},"end":{"line":41,"column":68}}}},"branchMap":{},"s":{"0":0,"1":0,"2":0,"3":0,"4":0,"5":0,"6":0,"7":0,"8":0,"9":0,"10":0,"11":0,"12":0,"13":0,"14":0,"15":0,"16":0,"17":0,"18":0,"19":0,"20":0},"f":{"0":0,"1":0,"2":0,"3":0},"b":{}}
,"C:\\Hockey Hub\\services\\user-service\\src\\entities\\ParentChildRelationship.ts": {"path":"C:\\Hockey Hub\\services\\user-service\\src\\entities\\ParentChildRelationship.ts","statementMap":{"0":{"start":{"line":1,"column":0},"end":{"line":1,"column":79}},"1":{"start":{"line":2,"column":0},"end":{"line":2,"column":30}},"2":{"start":{"line":5,"column":7},"end":{"line":28,"column":null}},"3":{"start":{"line":5,"column":13},"end":{"line":5,"column":36}},"4":{"start":{"line":7,"column":2},"end":{"line":7,"column":null}},"5":{"start":{"line":10,"column":2},"end":{"line":10,"column":null}},"6":{"start":{"line":14,"column":2},"end":{"line":14,"column":null}},"7":{"start":{"line":12,"column":19},"end":{"line":12,"column":23}},"8":{"start":{"line":12,"column":33},"end":{"line":12,"column":46}},"9":{"start":{"line":18,"column":2},"end":{"line":18,"column":null}},"10":{"start":{"line":16,"column":19},"end":{"line":16,"column":23}},"11":{"start":{"line":16,"column":33},"end":{"line":16,"column":45}},"12":{"start":{"line":21,"column":2},"end":{"line":21,"column":null}},"13":{"start":{"line":24,"column":2},"end":{"line":24,"column":null}},"14":{"start":{"line":27,"column":2},"end":{"line":27,"column":null}},"15":{"start":{"line":26,"column":61},"end":{"line":26,"column":80}},"16":{"start":{"line":5,"column":13},"end":{"line":28,"column":null}}},"fnMap":{"0":{"name":"(anonymous_2)","decl":{"start":{"line":12,"column":13},"end":{"line":12,"column":16}},"loc":{"start":{"line":12,"column":19},"end":{"line":12,"column":23}}},"1":{"name":"(anonymous_3)","decl":{"start":{"line":12,"column":25},"end":{"line":12,"column":29}},"loc":{"start":{"line":12,"column":33},"end":{"line":12,"column":46}}},"2":{"name":"(anonymous_4)","decl":{"start":{"line":16,"column":13},"end":{"line":16,"column":16}},"loc":{"start":{"line":16,"column":19},"end":{"line":16,"column":23}}},"3":{"name":"(anonymous_5)","decl":{"start":{"line":16,"column":25},"end":{"line":16,"column":29}},"loc":{"start":{"line":16,"column":33},"end":{"line":16,"column":45}}},"4":{"name":"(anonymous_6)","decl":{"start":{"line":26,"column":55},"end":{"line":26,"column":58}},"loc":{"start":{"line":26,"column":61},"end":{"line":26,"column":80}}}},"branchMap":{},"s":{"0":0,"1":0,"2":0,"3":0,"4":0,"5":0,"6":0,"7":0,"8":0,"9":0,"10":0,"11":0,"12":0,"13":0,"14":0,"15":0,"16":0},"f":{"0":0,"1":0,"2":0,"3":0,"4":0},"b":{}}
,"C:\\Hockey Hub\\services\\user-service\\src\\entities\\PasswordResetToken.ts": {"path":"C:\\Hockey Hub\\services\\user-service\\src\\entities\\PasswordResetToken.ts","statementMap":{"0":{"start":{"line":1,"column":0},"end":{"line":1,"column":113}},"1":{"start":{"line":2,"column":0},"end":{"line":2,"column":30}},"2":{"start":{"line":7,"column":7},"end":{"line":38,"column":null}},"3":{"start":{"line":7,"column":13},"end":{"line":7,"column":31}},"4":{"start":{"line":9,"column":2},"end":{"line":9,"column":null}},"5":{"start":{"line":12,"column":2},"end":{"line":12,"column":null}},"6":{"start":{"line":15,"column":2},"end":{"line":15,"column":null}},"7":{"start":{"line":19,"column":2},"end":{"line":19,"column":null}},"8":{"start":{"line":17,"column":19},"end":{"line":17,"column":23}},"9":{"start":{"line":22,"column":2},"end":{"line":22,"column":null}},"10":{"start":{"line":25,"column":2},"end":{"line":25,"column":null}},"11":{"start":{"line":28,"column":2},"end":{"line":28,"column":null}},"12":{"start":{"line":31,"column":2},"end":{"line":31,"column":null}},"13":{"start":{"line":34,"column":2},"end":{"line":34,"column":null}},"14":{"start":{"line":37,"column":2},"end":{"line":37,"column":null}},"15":{"start":{"line":7,"column":13},"end":{"line":38,"column":null}}},"fnMap":{"0":{"name":"(anonymous_2)","decl":{"start":{"line":17,"column":13},"end":{"line":17,"column":16}},"loc":{"start":{"line":17,"column":19},"end":{"line":17,"column":23}}}},"branchMap":{},"s":{"0":0,"1":0,"2":0,"3":0,"4":0,"5":0,"6":0,"7":0,"8":0,"9":0,"10":0,"11":0,"12":0,"13":0,"14":0,"15":0},"f":{"0":0},"b":{}}
,"C:\\Hockey Hub\\services\\user-service\\src\\entities\\Permission.ts": {"path":"C:\\Hockey Hub\\services\\user-service\\src\\entities\\Permission.ts","statementMap":{"0":{"start":{"line":1,"column":0},"end":{"line":1,"column":null}},"1":{"start":{"line":10,"column":0},"end":{"line":10,"column":30}},"2":{"start":{"line":14,"column":7},"end":{"line":42,"column":null}},"3":{"start":{"line":14,"column":13},"end":{"line":14,"column":23}},"4":{"start":{"line":16,"column":2},"end":{"line":16,"column":null}},"5":{"start":{"line":20,"column":2},"end":{"line":20,"column":null}},"6":{"start":{"line":23,"column":2},"end":{"line":23,"column":null}},"7":{"start":{"line":26,"column":2},"end":{"line":26,"column":null}},"8":{"start":{"line":29,"column":2},"end":{"line":29,"column":null}},"9":{"start":{"line":32,"column":2},"end":{"line":32,"column":null}},"10":{"start":{"line":35,"column":2},"end":{"line":35,"column":null}},"11":{"start":{"line":34,"column":20},"end":{"line":34,"column":24}},"12":{"start":{"line":34,"column":34},"end":{"line":34,"column":50}},"13":{"start":{"line":38,"column":2},"end":{"line":38,"column":null}},"14":{"start":{"line":41,"column":2},"end":{"line":41,"column":null}},"15":{"start":{"line":14,"column":13},"end":{"line":42,"column":null}},"16":{"start":{"line":45,"column":13},"end":{"line":111,"column":11}}},"fnMap":{"0":{"name":"(anonymous_2)","decl":{"start":{"line":34,"column":14},"end":{"line":34,"column":17}},"loc":{"start":{"line":34,"column":20},"end":{"line":34,"column":24}}},"1":{"name":"(anonymous_3)","decl":{"start":{"line":34,"column":26},"end":{"line":34,"column":30}},"loc":{"start":{"line":34,"column":34},"end":{"line":34,"column":50}}}},"branchMap":{},"s":{"0":0,"1":0,"2":0,"3":0,"4":0,"5":0,"6":0,"7":0,"8":0,"9":0,"10":0,"11":0,"12":0,"13":0,"14":0,"15":0,"16":0},"f":{"0":0,"1":0},"b":{}}
,"C:\\Hockey Hub\\services\\user-service\\src\\entities\\RefreshToken.ts": {"path":"C:\\Hockey Hub\\services\\user-service\\src\\entities\\RefreshToken.ts","statementMap":{"0":{"start":{"line":1,"column":0},"end":{"line":1,"column":null}},"1":{"start":{"line":10,"column":0},"end":{"line":10,"column":30}},"2":{"start":{"line":15,"column":7},"end":{"line":49,"column":null}},"3":{"start":{"line":15,"column":13},"end":{"line":15,"column":25}},"4":{"start":{"line":17,"column":2},"end":{"line":17,"column":null}},"5":{"start":{"line":20,"column":2},"end":{"line":20,"column":null}},"6":{"start":{"line":23,"column":2},"end":{"line":23,"column":null}},"7":{"start":{"line":27,"column":2},"end":{"line":27,"column":null}},"8":{"start":{"line":25,"column":19},"end":{"line":25,"column":23}},"9":{"start":{"line":30,"column":2},"end":{"line":30,"column":null}},"10":{"start":{"line":33,"column":2},"end":{"line":33,"column":null}},"11":{"start":{"line":36,"column":2},"end":{"line":36,"column":null}},"12":{"start":{"line":39,"column":2},"end":{"line":39,"column":null}},"13":{"start":{"line":42,"column":2},"end":{"line":42,"column":null}},"14":{"start":{"line":45,"column":2},"end":{"line":45,"column":null}},"15":{"start":{"line":48,"column":2},"end":{"line":48,"column":null}},"16":{"start":{"line":15,"column":13},"end":{"line":49,"column":null}}},"fnMap":{"0":{"name":"(anonymous_2)","decl":{"start":{"line":25,"column":13},"end":{"line":25,"column":16}},"loc":{"start":{"line":25,"column":19},"end":{"line":25,"column":23}}}},"branchMap":{},"s":{"0":0,"1":0,"2":0,"3":0,"4":0,"5":0,"6":0,"7":0,"8":0,"9":0,"10":0,"11":0,"12":0,"13":0,"14":0,"15":0,"16":0},"f":{"0":0},"b":{}}
,"C:\\Hockey Hub\\services\\user-service\\src\\entities\\Role.ts": {"path":"C:\\Hockey Hub\\services\\user-service\\src\\entities\\Role.ts","statementMap":{"0":{"start":{"line":1,"column":0},"end":{"line":1,"column":null}},"1":{"start":{"line":11,"column":0},"end":{"line":11,"column":42}},"2":{"start":{"line":14,"column":7},"end":{"line":53,"column":null}},"3":{"start":{"line":14,"column":13},"end":{"line":14,"column":17}},"4":{"start":{"line":16,"column":2},"end":{"line":16,"column":null}},"5":{"start":{"line":20,"column":2},"end":{"line":20,"column":null}},"6":{"start":{"line":23,"column":2},"end":{"line":23,"column":null}},"7":{"start":{"line":26,"column":2},"end":{"line":26,"column":null}},"8":{"start":{"line":29,"column":2},"end":{"line":29,"column":null}},"9":{"start":{"line":32,"column":2},"end":{"line":32,"column":null}},"10":{"start":{"line":46,"column":2},"end":{"line":46,"column":null}},"11":{"start":{"line":34,"column":20},"end":{"line":34,"column":30}},"12":{"start":{"line":34,"column":46},"end":{"line":34,"column":62}},"13":{"start":{"line":49,"column":2},"end":{"line":49,"column":null}},"14":{"start":{"line":52,"column":2},"end":{"line":52,"column":null}},"15":{"start":{"line":14,"column":13},"end":{"line":53,"column":null}},"16":{"start":{"line":56,"column":13},"end":{"line":68,"column":11}},"17":{"start":{"line":71,"column":13},"end":{"line":83,"column":2}}},"fnMap":{"0":{"name":"(anonymous_2)","decl":{"start":{"line":34,"column":14},"end":{"line":34,"column":17}},"loc":{"start":{"line":34,"column":20},"end":{"line":34,"column":30}}},"1":{"name":"(anonymous_3)","decl":{"start":{"line":34,"column":32},"end":{"line":34,"column":42}},"loc":{"start":{"line":34,"column":46},"end":{"line":34,"column":62}}}},"branchMap":{},"s":{"0":0,"1":0,"2":0,"3":0,"4":0,"5":0,"6":0,"7":0,"8":0,"9":0,"10":0,"11":0,"12":0,"13":0,"14":0,"15":0,"16":0,"17":0},"f":{"0":0,"1":0},"b":{}}
,"C:\\Hockey Hub\\services\\user-service\\src\\entities\\ServiceApiKey.ts": {"path":"C:\\Hockey Hub\\services\\user-service\\src\\entities\\ServiceApiKey.ts","statementMap":{"0":{"start":{"line":1,"column":0},"end":{"line":1,"column":null}},"1":{"start":{"line":12,"column":7},"end":{"line":62,"column":null}},"2":{"start":{"line":12,"column":13},"end":{"line":12,"column":26}},"3":{"start":{"line":14,"column":2},"end":{"line":14,"column":null}},"4":{"start":{"line":18,"column":2},"end":{"line":18,"column":null}},"5":{"start":{"line":22,"column":2},"end":{"line":22,"column":null}},"6":{"start":{"line":25,"column":2},"end":{"line":25,"column":null}},"7":{"start":{"line":28,"column":2},"end":{"line":28,"column":null}},"8":{"start":{"line":31,"column":2},"end":{"line":31,"column":null}},"9":{"start":{"line":34,"column":2},"end":{"line":34,"column":null}},"10":{"start":{"line":37,"column":2},"end":{"line":37,"column":null}},"11":{"start":{"line":40,"column":2},"end":{"line":40,"column":null}},"12":{"start":{"line":43,"column":2},"end":{"line":43,"column":null}},"13":{"start":{"line":46,"column":2},"end":{"line":46,"column":null}},"14":{"start":{"line":49,"column":2},"end":{"line":49,"column":null}},"15":{"start":{"line":52,"column":2},"end":{"line":52,"column":null}},"16":{"start":{"line":55,"column":2},"end":{"line":55,"column":null}},"17":{"start":{"line":58,"column":2},"end":{"line":58,"column":null}},"18":{"start":{"line":61,"column":2},"end":{"line":61,"column":null}},"19":{"start":{"line":12,"column":13},"end":{"line":62,"column":null}}},"fnMap":{},"branchMap":{},"s":{"0":0,"1":0,"2":0,"3":0,"4":0,"5":0,"6":0,"7":0,"8":0,"9":0,"10":0,"11":0,"12":0,"13":0,"14":0,"15":0,"16":0,"17":0,"18":0,"19":0},"f":{},"b":{}}
,"C:\\Hockey Hub\\services\\user-service\\src\\entities\\Team.ts": {"path":"C:\\Hockey Hub\\services\\user-service\\src\\entities\\Team.ts","statementMap":{"0":{"start":{"line":1,"column":0},"end":{"line":1,"column":90}},"1":{"start":{"line":2,"column":0},"end":{"line":2,"column":52}},"2":{"start":{"line":3,"column":0},"end":{"line":3,"column":46}},"3":{"start":{"line":4,"column":0},"end":{"line":4,"column":42}},"4":{"start":{"line":6,"column":0},"end":{"line":6,"column":null}},"5":{"start":{"line":7,"column":2},"end":{"line":7,"column":null}},"6":{"start":{"line":8,"column":2},"end":{"line":8,"column":null}},"7":{"start":{"line":9,"column":2},"end":{"line":9,"column":null}},"8":{"start":{"line":10,"column":2},"end":{"line":10,"column":null}},"9":{"start":{"line":15,"column":7},"end":{"line":48,"column":null}},"10":{"start":{"line":15,"column":13},"end":{"line":15,"column":17}},"11":{"start":{"line":17,"column":2},"end":{"line":17,"column":null}},"12":{"start":{"line":22,"column":2},"end":{"line":22,"column":null}},"13":{"start":{"line":19,"column":19},"end":{"line":19,"column":31}},"14":{"start":{"line":19,"column":40},"end":{"line":19,"column":49}},"15":{"start":{"line":25,"column":2},"end":{"line":25,"column":null}},"16":{"start":{"line":31,"column":2},"end":{"line":31,"column":null}},"17":{"start":{"line":34,"column":2},"end":{"line":34,"column":null}},"18":{"start":{"line":37,"column":2},"end":{"line":37,"column":null}},"19":{"start":{"line":40,"column":2},"end":{"line":40,"column":null}},"20":{"start":{"line":43,"column":2},"end":{"line":43,"column":null}},"21":{"start":{"line":47,"column":2},"end":{"line":47,"column":null}},"22":{"start":{"line":46,"column":19},"end":{"line":46,"column":29}},"23":{"start":{"line":46,"column":45},"end":{"line":46,"column":60}},"24":{"start":{"line":15,"column":13},"end":{"line":48,"column":null}}},"fnMap":{"0":{"name":"(anonymous_2)","decl":{"start":{"line":6,"column":0},"end":{"line":6,"column":12}},"loc":{"start":{"line":6,"column":20},"end":{"line":11,"column":1}}},"1":{"name":"(anonymous_3)","decl":{"start":{"line":19,"column":13},"end":{"line":19,"column":16}},"loc":{"start":{"line":19,"column":19},"end":{"line":19,"column":31}}},"2":{"name":"(anonymous_4)","decl":{"start":{"line":19,"column":33},"end":{"line":19,"column":36}},"loc":{"start":{"line":19,"column":40},"end":{"line":19,"column":49}}},"3":{"name":"(anonymous_5)","decl":{"start":{"line":46,"column":13},"end":{"line":46,"column":16}},"loc":{"start":{"line":46,"column":19},"end":{"line":46,"column":29}}},"4":{"name":"(anonymous_6)","decl":{"start":{"line":46,"column":31},"end":{"line":46,"column":41}},"loc":{"start":{"line":46,"column":45},"end":{"line":46,"column":60}}}},"branchMap":{"0":{"loc":{"start":{"line":6,"column":12},"end":{"line":6,"column":null}},"type":"binary-expr","locations":[{"start":{"line":6,"column":12},"end":{"line":6,"column":20}},{"start":{"line":6,"column":20},"end":{"line":6,"column":null}}]}},"s":{"0":0,"1":0,"2":0,"3":0,"4":0,"5":0,"6":0,"7":0,"8":0,"9":0,"10":0,"11":0,"12":0,"13":0,"14":0,"15":0,"16":0,"17":0,"18":0,"19":0,"20":0,"21":0,"22":0,"23":0,"24":0},"f":{"0":0,"1":0,"2":0,"3":0,"4":0},"b":{"0":[0,0]}}
,"C:\\Hockey Hub\\services\\user-service\\src\\entities\\TeamMember.ts": {"path":"C:\\Hockey Hub\\services\\user-service\\src\\entities\\TeamMember.ts","statementMap":{"0":{"start":{"line":1,"column":0},"end":{"line":1,"column":86}},"1":{"start":{"line":2,"column":0},"end":{"line":2,"column":30}},"2":{"start":{"line":3,"column":0},"end":{"line":3,"column":30}},"3":{"start":{"line":5,"column":0},"end":{"line":5,"column":null}},"4":{"start":{"line":6,"column":2},"end":{"line":6,"column":null}},"5":{"start":{"line":7,"column":2},"end":{"line":7,"column":null}},"6":{"start":{"line":8,"column":2},"end":{"line":8,"column":null}},"7":{"start":{"line":9,"column":2},"end":{"line":9,"column":null}},"8":{"start":{"line":10,"column":2},"end":{"line":10,"column":null}},"9":{"start":{"line":14,"column":7},"end":{"line":52,"column":null}},"10":{"start":{"line":14,"column":13},"end":{"line":14,"column":23}},"11":{"start":{"line":16,"column":2},"end":{"line":16,"column":null}},"12":{"start":{"line":19,"column":2},"end":{"line":19,"column":null}},"13":{"start":{"line":24,"column":2},"end":{"line":24,"column":null}},"14":{"start":{"line":21,"column":19},"end":{"line":21,"column":23}},"15":{"start":{"line":21,"column":33},"end":{"line":21,"column":49}},"16":{"start":{"line":29,"column":2},"end":{"line":29,"column":null}},"17":{"start":{"line":26,"column":19},"end":{"line":26,"column":23}},"18":{"start":{"line":26,"column":33},"end":{"line":26,"column":49}},"19":{"start":{"line":35,"column":2},"end":{"line":35,"column":null}},"20":{"start":{"line":38,"column":2},"end":{"line":38,"column":null}},"21":{"start":{"line":41,"column":2},"end":{"line":41,"column":null}},"22":{"start":{"line":44,"column":2},"end":{"line":44,"column":null}},"23":{"start":{"line":43,"column":61},"end":{"line":43,"column":80}},"24":{"start":{"line":47,"column":2},"end":{"line":47,"column":null}},"25":{"start":{"line":51,"column":2},"end":{"line":51,"column":null}},"26":{"start":{"line":14,"column":13},"end":{"line":52,"column":null}}},"fnMap":{"0":{"name":"(anonymous_2)","decl":{"start":{"line":5,"column":0},"end":{"line":5,"column":12}},"loc":{"start":{"line":5,"column":20},"end":{"line":11,"column":1}}},"1":{"name":"(anonymous_3)","decl":{"start":{"line":21,"column":13},"end":{"line":21,"column":16}},"loc":{"start":{"line":21,"column":19},"end":{"line":21,"column":23}}},"2":{"name":"(anonymous_4)","decl":{"start":{"line":21,"column":25},"end":{"line":21,"column":29}},"loc":{"start":{"line":21,"column":33},"end":{"line":21,"column":49}}},"3":{"name":"(anonymous_5)","decl":{"start":{"line":26,"column":13},"end":{"line":26,"column":16}},"loc":{"start":{"line":26,"column":19},"end":{"line":26,"column":23}}},"4":{"name":"(anonymous_6)","decl":{"start":{"line":26,"column":25},"end":{"line":26,"column":29}},"loc":{"start":{"line":26,"column":33},"end":{"line":26,"column":49}}},"5":{"name":"(anonymous_7)","decl":{"start":{"line":43,"column":55},"end":{"line":43,"column":58}},"loc":{"start":{"line":43,"column":61},"end":{"line":43,"column":80}}}},"branchMap":{"0":{"loc":{"start":{"line":5,"column":12},"end":{"line":5,"column":null}},"type":"binary-expr","locations":[{"start":{"line":5,"column":12},"end":{"line":5,"column":20}},{"start":{"line":5,"column":20},"end":{"line":5,"column":null}}]}},"s":{"0":0,"1":0,"2":0,"3":0,"4":0,"5":0,"6":0,"7":0,"8":0,"9":0,"10":0,"11":0,"12":0,"13":0,"14":0,"15":0,"16":0,"17":0,"18":0,"19":0,"20":0,"21":0,"22":0,"23":0,"24":0,"25":0,"26":0},"f":{"0":0,"1":0,"2":0,"3":0,"4":0,"5":0},"b":{"0":[0,0]}}
,"C:\\Hockey Hub\\services\\user-service\\src\\entities\\UserOrganization.ts": {"path":"C:\\Hockey Hub\\services\\user-service\\src\\entities\\UserOrganization.ts","statementMap":{"0":{"start":{"line":1,"column":0},"end":{"line":1,"column":86}},"1":{"start":{"line":2,"column":0},"end":{"line":2,"column":30}},"2":{"start":{"line":3,"column":0},"end":{"line":3,"column":46}},"3":{"start":{"line":4,"column":0},"end":{"line":4,"column":30}},"4":{"start":{"line":6,"column":0},"end":{"line":6,"column":null}},"5":{"start":{"line":7,"column":2},"end":{"line":7,"column":null}},"6":{"start":{"line":8,"column":2},"end":{"line":8,"column":null}},"7":{"start":{"line":9,"column":2},"end":{"line":9,"column":null}},"8":{"start":{"line":10,"column":2},"end":{"line":10,"column":null}},"9":{"start":{"line":11,"column":2},"end":{"line":11,"column":null}},"10":{"start":{"line":12,"column":2},"end":{"line":12,"column":null}},"11":{"start":{"line":13,"column":2},"end":{"line":13,"column":null}},"12":{"start":{"line":14,"column":2},"end":{"line":14,"column":null}},"13":{"start":{"line":18,"column":7},"end":{"line":61,"column":null}},"14":{"start":{"line":54,"column":4},"end":{"line":56,"column":5}},"15":{"start":{"line":55,"column":6},"end":{"line":55,"column":16}},"16":{"start":{"line":57,"column":4},"end":{"line":59,"column":24}},"17":{"start":{"line":58,"column":19},"end":{"line":58,"column":29}},"18":{"start":{"line":59,"column":16},"end":{"line":59,"column":22}},"19":{"start":{"line":18,"column":13},"end":{"line":18,"column":29}},"20":{"start":{"line":20,"column":2},"end":{"line":20,"column":null}},"21":{"start":{"line":23,"column":2},"end":{"line":23,"column":null}},"22":{"start":{"line":28,"column":2},"end":{"line":28,"column":null}},"23":{"start":{"line":25,"column":19},"end":{"line":25,"column":23}},"24":{"start":{"line":25,"column":33},"end":{"line":25,"column":55}},"25":{"start":{"line":33,"column":2},"end":{"line":33,"column":null}},"26":{"start":{"line":30,"column":19},"end":{"line":30,"column":31}},"27":{"start":{"line":30,"column":40},"end":{"line":30,"column":61}},"28":{"start":{"line":40,"column":2},"end":{"line":40,"column":null}},"29":{"start":{"line":44,"column":2},"end":{"line":44,"column":null}},"30":{"start":{"line":42,"column":19},"end":{"line":42,"column":23}},"31":{"start":{"line":47,"column":2},"end":{"line":47,"column":null}},"32":{"start":{"line":46,"column":61},"end":{"line":46,"column":80}},"33":{"start":{"line":50,"column":2},"end":{"line":50,"column":null}},"34":{"start":{"line":18,"column":13},"end":{"line":61,"column":null}}},"fnMap":{"0":{"name":"(anonymous_2)","decl":{"start":{"line":6,"column":0},"end":{"line":6,"column":12}},"loc":{"start":{"line":6,"column":28},"end":{"line":15,"column":1}}},"1":{"name":"(anonymous_3)","decl":{"start":{"line":53,"column":2},"end":{"line":53,"column":16}},"loc":{"start":{"line":53,"column":16},"end":{"line":60,"column":3}}},"2":{"name":"(anonymous_4)","decl":{"start":{"line":58,"column":14},"end":{"line":58,"column":15}},"loc":{"start":{"line":58,"column":19},"end":{"line":58,"column":29}}},"3":{"name":"(anonymous_5)","decl":{"start":{"line":59,"column":11},"end":{"line":59,"column":12}},"loc":{"start":{"line":59,"column":16},"end":{"line":59,"column":22}}},"4":{"name":"(anonymous_6)","decl":{"start":{"line":25,"column":13},"end":{"line":25,"column":16}},"loc":{"start":{"line":25,"column":19},"end":{"line":25,"column":23}}},"5":{"name":"(anonymous_7)","decl":{"start":{"line":25,"column":25},"end":{"line":25,"column":29}},"loc":{"start":{"line":25,"column":33},"end":{"line":25,"column":55}}},"6":{"name":"(anonymous_8)","decl":{"start":{"line":30,"column":13},"end":{"line":30,"column":16}},"loc":{"start":{"line":30,"column":19},"end":{"line":30,"column":31}}},"7":{"name":"(anonymous_9)","decl":{"start":{"line":30,"column":33},"end":{"line":30,"column":36}},"loc":{"start":{"line":30,"column":40},"end":{"line":30,"column":61}}},"8":{"name":"(anonymous_10)","decl":{"start":{"line":42,"column":13},"end":{"line":42,"column":16}},"loc":{"start":{"line":42,"column":19},"end":{"line":42,"column":23}}},"9":{"name":"(anonymous_11)","decl":{"start":{"line":46,"column":55},"end":{"line":46,"column":58}},"loc":{"start":{"line":46,"column":61},"end":{"line":46,"column":80}}}},"branchMap":{"0":{"loc":{"start":{"line":6,"column":12},"end":{"line":6,"column":null}},"type":"binary-expr","locations":[{"start":{"line":6,"column":12},"end":{"line":6,"column":28}},{"start":{"line":6,"column":28},"end":{"line":6,"column":null}}]},"1":{"loc":{"start":{"line":54,"column":4},"end":{"line":56,"column":5}},"type":"if","locations":[{"start":{"line":54,"column":4},"end":{"line":56,"column":5}}]},"2":{"loc":{"start":{"line":54,"column":8},"end":{"line":54,"column":56}},"type":"binary-expr","locations":[{"start":{"line":54,"column":8},"end":{"line":54,"column":24}},{"start":{"line":54,"column":28},"end":{"line":54,"column":56}}]}},"s":{"0":0,"1":0,"2":0,"3":0,"4":0,"5":0,"6":0,"7":0,"8":0,"9":0,"10":0,"11":0,"12":0,"13":0,"14":0,"15":0,"16":0,"17":0,"18":0,"19":0,"20":0,"21":0,"22":0,"23":0,"24":0,"25":0,"26":0,"27":0,"28":0,"29":0,"30":0,"31":0,"32":0,"33":0,"34":0},"f":{"0":0,"1":0,"2":0,"3":0,"4":0,"5":0,"6":0,"7":0,"8":0,"9":0},"b":{"0":[0,0],"1":[0],"2":[0,0]}}
,"C:\\Hockey Hub\\services\\user-service\\src\\migrations\\1735410000000-CreateRBACTables.ts": {"path":"C:\\Hockey Hub\\services\\user-service\\src\\migrations\\1735410000000-CreateRBACTables.ts","statementMap":{"0":{"start":{"line":4,"column":2},"end":{"line":4,"column":41}},"1":{"start":{"line":8,"column":4},"end":{"line":21,"column":7}},"2":{"start":{"line":24,"column":4},"end":{"line":24,"column":92}},"3":{"start":{"line":25,"column":4},"end":{"line":25,"column":117}},"4":{"start":{"line":28,"column":4},"end":{"line":41,"column":7}},"5":{"start":{"line":44,"column":4},"end":{"line":44,"column":80}},"6":{"start":{"line":47,"column":4},"end":{"line":53,"column":7}},"7":{"start":{"line":56,"column":4},"end":{"line":56,"column":107}},"8":{"start":{"line":57,"column":4},"end":{"line":57,"column":119}},"9":{"start":{"line":60,"column":4},"end":{"line":66,"column":7}},"10":{"start":{"line":68,"column":4},"end":{"line":74,"column":7}},"11":{"start":{"line":77,"column":4},"end":{"line":80,"column":7}},"12":{"start":{"line":83,"column":4},"end":{"line":89,"column":7}},"13":{"start":{"line":92,"column":4},"end":{"line":92,"column":111}},"14":{"start":{"line":97,"column":4},"end":{"line":97,"column":109}},"15":{"start":{"line":98,"column":4},"end":{"line":98,"column":111}},"16":{"start":{"line":99,"column":4},"end":{"line":99,"column":105}},"17":{"start":{"line":102,"column":4},"end":{"line":102,"column":74}},"18":{"start":{"line":103,"column":4},"end":{"line":103,"column":78}},"19":{"start":{"line":104,"column":4},"end":{"line":104,"column":72}},"20":{"start":{"line":105,"column":4},"end":{"line":105,"column":58}},"21":{"start":{"line":106,"column":4},"end":{"line":106,"column":75}},"22":{"start":{"line":107,"column":4},"end":{"line":107,"column":64}},"23":{"start":{"line":110,"column":4},"end":{"line":110,"column":85}},"24":{"start":{"line":113,"column":4},"end":{"line":113,"column":61}},"25":{"start":{"line":114,"column":4},"end":{"line":114,"column":50}},"26":{"start":{"line":115,"column":4},"end":{"line":115,"column":56}},"27":{"start":{"line":3,"column":0},"end":{"line":3,"column":13}}},"fnMap":{"0":{"name":"(anonymous_0)","decl":{"start":{"line":3,"column":0},"end":{"line":3,"column":13}},"loc":{"start":{"line":3,"column":0},"end":{"line":117,"column":1}}},"1":{"name":"(anonymous_1)","decl":{"start":{"line":6,"column":9},"end":{"line":6,"column":14}},"loc":{"start":{"line":6,"column":42},"end":{"line":93,"column":3}}},"2":{"name":"(anonymous_2)","decl":{"start":{"line":95,"column":9},"end":{"line":95,"column":14}},"loc":{"start":{"line":95,"column":44},"end":{"line":116,"column":3}}}},"branchMap":{},"s":{"0":0,"1":0,"2":0,"3":0,"4":0,"5":0,"6":0,"7":0,"8":0,"9":0,"10":0,"11":0,"12":0,"13":0,"14":0,"15":0,"16":0,"17":0,"18":0,"19":0,"20":0,"21":0,"22":0,"23":0,"24":0,"25":0,"26":0,"27":0},"f":{"0":0,"1":0,"2":0},"b":{}}
,"C:\\Hockey Hub\\services\\user-service\\src\\migrations\\1735411000000-CreateTokenTables.ts": {"path":"C:\\Hockey Hub\\services\\user-service\\src\\migrations\\1735411000000-CreateTokenTables.ts","statementMap":{"0":{"start":{"line":4,"column":2},"end":{"line":4,"column":42}},"1":{"start":{"line":8,"column":4},"end":{"line":23,"column":7}},"2":{"start":{"line":26,"column":4},"end":{"line":26,"column":122}},"3":{"start":{"line":27,"column":4},"end":{"line":27,"column":124}},"4":{"start":{"line":30,"column":4},"end":{"line":36,"column":7}},"5":{"start":{"line":39,"column":4},"end":{"line":50,"column":7}},"6":{"start":{"line":53,"column":4},"end":{"line":53,"column":105}},"7":{"start":{"line":54,"column":4},"end":{"line":54,"column":128}},"8":{"start":{"line":57,"column":4},"end":{"line":60,"column":7}},"9":{"start":{"line":63,"column":4},"end":{"line":75,"column":7}},"10":{"start":{"line":80,"column":4},"end":{"line":80,"column":80}},"11":{"start":{"line":83,"column":4},"end":{"line":83,"column":101}},"12":{"start":{"line":86,"column":4},"end":{"line":86,"column":81}},"13":{"start":{"line":87,"column":4},"end":{"line":87,"column":71}},"14":{"start":{"line":88,"column":4},"end":{"line":88,"column":79}},"15":{"start":{"line":89,"column":4},"end":{"line":89,"column":78}},"16":{"start":{"line":92,"column":4},"end":{"line":92,"column":63}},"17":{"start":{"line":93,"column":4},"end":{"line":93,"column":59}},"18":{"start":{"line":96,"column":4},"end":{"line":96,"column":83}},"19":{"start":{"line":3,"column":0},"end":{"line":3,"column":13}}},"fnMap":{"0":{"name":"(anonymous_0)","decl":{"start":{"line":3,"column":0},"end":{"line":3,"column":13}},"loc":{"start":{"line":3,"column":0},"end":{"line":98,"column":1}}},"1":{"name":"(anonymous_1)","decl":{"start":{"line":6,"column":9},"end":{"line":6,"column":14}},"loc":{"start":{"line":6,"column":42},"end":{"line":76,"column":3}}},"2":{"name":"(anonymous_2)","decl":{"start":{"line":78,"column":9},"end":{"line":78,"column":14}},"loc":{"start":{"line":78,"column":44},"end":{"line":97,"column":3}}}},"branchMap":{},"s":{"0":0,"1":0,"2":0,"3":0,"4":0,"5":0,"6":0,"7":0,"8":0,"9":0,"10":0,"11":0,"12":0,"13":0,"14":0,"15":0,"16":0,"17":0,"18":0,"19":0},"f":{"0":0,"1":0,"2":0},"b":{}}
,"C:\\Hockey Hub\\services\\user-service\\src\\migrations\\1735412000000-CreateLoginAttemptsTable.ts": {"path":"C:\\Hockey Hub\\services\\user-service\\src\\migrations\\1735412000000-CreateLoginAttemptsTable.ts","statementMap":{"0":{"start":{"line":4,"column":2},"end":{"line":4,"column":49}},"1":{"start":{"line":8,"column":4},"end":{"line":19,"column":7}},"2":{"start":{"line":22,"column":4},"end":{"line":22,"column":101}},"3":{"start":{"line":23,"column":4},"end":{"line":23,"column":124}},"4":{"start":{"line":24,"column":4},"end":{"line":24,"column":132}},"5":{"start":{"line":27,"column":4},"end":{"line":32,"column":7}},"6":{"start":{"line":35,"column":4},"end":{"line":42,"column":7}},"7":{"start":{"line":47,"column":4},"end":{"line":47,"column":84}},"8":{"start":{"line":50,"column":4},"end":{"line":55,"column":7}},"9":{"start":{"line":58,"column":4},"end":{"line":58,"column":83}},"10":{"start":{"line":59,"column":4},"end":{"line":59,"column":79}},"11":{"start":{"line":60,"column":4},"end":{"line":60,"column":69}},"12":{"start":{"line":63,"column":4},"end":{"line":63,"column":59}},"13":{"start":{"line":3,"column":0},"end":{"line":3,"column":13}}},"fnMap":{"0":{"name":"(anonymous_0)","decl":{"start":{"line":3,"column":0},"end":{"line":3,"column":13}},"loc":{"start":{"line":3,"column":0},"end":{"line":65,"column":1}}},"1":{"name":"(anonymous_1)","decl":{"start":{"line":6,"column":9},"end":{"line":6,"column":14}},"loc":{"start":{"line":6,"column":42},"end":{"line":43,"column":3}}},"2":{"name":"(anonymous_2)","decl":{"start":{"line":45,"column":9},"end":{"line":45,"column":14}},"loc":{"start":{"line":45,"column":44},"end":{"line":64,"column":3}}}},"branchMap":{},"s":{"0":0,"1":0,"2":0,"3":0,"4":0,"5":0,"6":0,"7":0,"8":0,"9":0,"10":0,"11":0,"12":0,"13":0},"f":{"0":0,"1":0,"2":0},"b":{}}
,"C:\\Hockey Hub\\services\\user-service\\src\\migrations\\1735413000000-CreateServiceApiKeysTable.ts": {"path":"C:\\Hockey Hub\\services\\user-service\\src\\migrations\\1735413000000-CreateServiceApiKeysTable.ts","statementMap":{"0":{"start":{"line":4,"column":2},"end":{"line":4,"column":50}},"1":{"start":{"line":8,"column":4},"end":{"line":30,"column":7}},"2":{"start":{"line":33,"column":4},"end":{"line":33,"column":117}},"3":{"start":{"line":34,"column":4},"end":{"line":34,"column":107}},"4":{"start":{"line":35,"column":4},"end":{"line":35,"column":128}},"5":{"start":{"line":38,"column":4},"end":{"line":46,"column":7}},"6":{"start":{"line":51,"column":4},"end":{"line":51,"column":82}},"7":{"start":{"line":54,"column":4},"end":{"line":54,"column":81}},"8":{"start":{"line":55,"column":4},"end":{"line":55,"column":72}},"9":{"start":{"line":56,"column":4},"end":{"line":56,"column":77}},"10":{"start":{"line":59,"column":4},"end":{"line":59,"column":61}},"11":{"start":{"line":3,"column":0},"end":{"line":3,"column":13}}},"fnMap":{"0":{"name":"(anonymous_0)","decl":{"start":{"line":3,"column":0},"end":{"line":3,"column":13}},"loc":{"start":{"line":3,"column":0},"end":{"line":61,"column":1}}},"1":{"name":"(anonymous_1)","decl":{"start":{"line":6,"column":9},"end":{"line":6,"column":14}},"loc":{"start":{"line":6,"column":42},"end":{"line":47,"column":3}}},"2":{"name":"(anonymous_2)","decl":{"start":{"line":49,"column":9},"end":{"line":49,"column":14}},"loc":{"start":{"line":49,"column":44},"end":{"line":60,"column":3}}}},"branchMap":{},"s":{"0":0,"1":0,"2":0,"3":0,"4":0,"5":0,"6":0,"7":0,"8":0,"9":0,"10":0,"11":0},"f":{"0":0,"1":0,"2":0},"b":{}}
,"C:\\Hockey Hub\\services\\user-service\\src\\migrations\\1735745000002-AddUserIndexes.ts": {"path":"C:\\Hockey Hub\\services\\user-service\\src\\migrations\\1735745000002-AddUserIndexes.ts","statementMap":{"0":{"start":{"line":4,"column":4},"end":{"line":4,"column":null}},"1":{"start":{"line":8,"column":8},"end":{"line":11,"column":11}},"2":{"start":{"line":16,"column":8},"end":{"line":18,"column":11}},"3":{"start":{"line":3,"column":0},"end":{"line":3,"column":13}}},"fnMap":{"0":{"name":"(anonymous_0)","decl":{"start":{"line":3,"column":0},"end":{"line":3,"column":13}},"loc":{"start":{"line":3,"column":0},"end":{"line":20,"column":1}}},"1":{"name":"(anonymous_1)","decl":{"start":{"line":6,"column":11},"end":{"line":6,"column":16}},"loc":{"start":{"line":6,"column":44},"end":{"line":12,"column":5}}},"2":{"name":"(anonymous_2)","decl":{"start":{"line":14,"column":11},"end":{"line":14,"column":16}},"loc":{"start":{"line":14,"column":46},"end":{"line":19,"column":5}}}},"branchMap":{},"s":{"0":0,"1":0,"2":0,"3":0},"f":{"0":0,"1":0,"2":0},"b":{}}
,"C:\\Hockey Hub\\services\\user-service\\src\\routes\\authRoutes.ts": {"path":"C:\\Hockey Hub\\services\\user-service\\src\\routes\\authRoutes.ts","statementMap":{"0":{"start":{"line":1,"column":0},"end":{"line":1,"column":33}},"1":{"start":{"line":2,"column":0},"end":{"line":2,"column":63}},"2":{"start":{"line":3,"column":0},"end":{"line":3,"column":58}},"3":{"start":{"line":4,"column":0},"end":{"line":4,"column":80}},"4":{"start":{"line":5,"column":0},"end":{"line":5,"column":145}},"5":{"start":{"line":7,"column":15},"end":{"line":7,"column":23}},"6":{"start":{"line":8,"column":23},"end":{"line":8,"column":43}},"7":{"start":{"line":11,"column":0},"end":{"line":15,"column":4}},"8":{"start":{"line":18,"column":0},"end":{"line":18,"column":68}},"9":{"start":{"line":19,"column":0},"end":{"line":19,"column":77}},"10":{"start":{"line":20,"column":0},"end":{"line":20,"column":84}},"11":{"start":{"line":21,"column":0},"end":{"line":21,"column":96}},"12":{"start":{"line":22,"column":0},"end":{"line":22,"column":93}},"13":{"start":{"line":25,"column":0},"end":{"line":25,"column":60}},"14":{"start":{"line":26,"column":0},"end":{"line":26,"column":54}},"15":{"start":{"line":27,"column":0},"end":{"line":27,"column":110}},"16":{"start":{"line":29,"column":0},"end":{"line":29,"column":22}}},"fnMap":{},"branchMap":{},"s":{"0":0,"1":0,"2":0,"3":0,"4":0,"5":0,"6":0,"7":0,"8":0,"9":0,"10":0,"11":0,"12":0,"13":0,"14":0,"15":0,"16":0},"f":{},"b":{}}
,"C:\\Hockey Hub\\services\\user-service\\src\\seeders\\RBACSeeder.ts": {"path":"C:\\Hockey Hub\\services\\user-service\\src\\seeders\\RBACSeeder.ts","statementMap":{"0":{"start":{"line":2,"column":0},"end":{"line":2,"column":65}},"1":{"start":{"line":3,"column":0},"end":{"line":3,"column":54}},"2":{"start":{"line":6,"column":22},"end":{"line":6,"column":44}},"3":{"start":{"line":9,"column":4},"end":{"line":9,"column":33}},"4":{"start":{"line":10,"column":4},"end":{"line":10,"column":27}},"5":{"start":{"line":11,"column":4},"end":{"line":11,"column":42}},"6":{"start":{"line":15,"column":27},"end":{"line":15,"column":68}},"7":{"start":{"line":17,"column":28},"end":{"line":83,"column":6}},"8":{"start":{"line":85,"column":4},"end":{"line":90,"column":5}},"9":{"start":{"line":86,"column":23},"end":{"line":86,"column":87}},"10":{"start":{"line":87,"column":6},"end":{"line":89,"column":7}},"11":{"start":{"line":88,"column":8},"end":{"line":88,"column":67}},"12":{"start":{"line":94,"column":21},"end":{"line":94,"column":56}},"13":{"start":{"line":96,"column":22},"end":{"line":108,"column":6}},"14":{"start":{"line":110,"column":4},"end":{"line":115,"column":5}},"15":{"start":{"line":111,"column":23},"end":{"line":111,"column":81}},"16":{"start":{"line":112,"column":6},"end":{"line":114,"column":7}},"17":{"start":{"line":113,"column":8},"end":{"line":113,"column":55}},"18":{"start":{"line":119,"column":21},"end":{"line":119,"column":56}},"19":{"start":{"line":120,"column":27},"end":{"line":120,"column":68}},"20":{"start":{"line":123,"column":54},"end":{"line":210,"column":6}},"21":{"start":{"line":128,"column":50},"end":{"line":128,"column":79}},"22":{"start":{"line":213,"column":4},"end":{"line":223,"column":5}},"23":{"start":{"line":214,"column":19},"end":{"line":214,"column":72}},"24":{"start":{"line":215,"column":6},"end":{"line":215,"column":26}},"25":{"start":{"line":215,"column":17},"end":{"line":215,"column":26}},"26":{"start":{"line":217,"column":26},"end":{"line":219,"column":8}},"27":{"start":{"line":218,"column":44},"end":{"line":218,"column":52}},"28":{"start":{"line":221,"column":6},"end":{"line":221,"column":37}},"29":{"start":{"line":222,"column":6},"end":{"line":222,"column":32}},"30":{"start":{"line":5,"column":0},"end":{"line":5,"column":13}}},"fnMap":{"0":{"name":"(anonymous_0)","decl":{"start":{"line":6,"column":2},"end":{"line":6,"column":22}},"loc":{"start":{"line":6,"column":44},"end":{"line":6,"column":48}}},"1":{"name":"(anonymous_1)","decl":{"start":{"line":8,"column":2},"end":{"line":8,"column":7}},"loc":{"start":{"line":8,"column":12},"end":{"line":12,"column":3}}},"2":{"name":"(anonymous_2)","decl":{"start":{"line":14,"column":10},"end":{"line":14,"column":15}},"loc":{"start":{"line":14,"column":31},"end":{"line":91,"column":3}}},"3":{"name":"(anonymous_3)","decl":{"start":{"line":93,"column":10},"end":{"line":93,"column":15}},"loc":{"start":{"line":93,"column":25},"end":{"line":116,"column":3}}},"4":{"name":"(anonymous_4)","decl":{"start":{"line":118,"column":10},"end":{"line":118,"column":15}},"loc":{"start":{"line":118,"column":40},"end":{"line":224,"column":3}}},"5":{"name":"(anonymous_5)","decl":{"start":{"line":128,"column":45},"end":{"line":128,"column":46}},"loc":{"start":{"line":128,"column":50},"end":{"line":128,"column":79}}},"6":{"name":"(anonymous_6)","decl":{"start":{"line":218,"column":35},"end":{"line":218,"column":39}},"loc":{"start":{"line":218,"column":44},"end":{"line":218,"column":52}}}},"branchMap":{"0":{"loc":{"start":{"line":87,"column":6},"end":{"line":89,"column":7}},"type":"if","locations":[{"start":{"line":87,"column":6},"end":{"line":89,"column":7}}]},"1":{"loc":{"start":{"line":112,"column":6},"end":{"line":114,"column":7}},"type":"if","locations":[{"start":{"line":112,"column":6},"end":{"line":114,"column":7}}]},"2":{"loc":{"start":{"line":215,"column":6},"end":{"line":215,"column":26}},"type":"if","locations":[{"start":{"line":215,"column":6},"end":{"line":215,"column":26}}]}},"s":{"0":0,"1":0,"2":0,"3":0,"4":0,"5":0,"6":0,"7":0,"8":0,"9":0,"10":0,"11":0,"12":0,"13":0,"14":0,"15":0,"16":0,"17":0,"18":0,"19":0,"20":0,"21":0,"22":0,"23":0,"24":0,"25":0,"26":0,"27":0,"28":0,"29":0,"30":0},"f":{"0":0,"1":0,"2":0,"3":0,"4":0,"5":0,"6":0},"b":{"0":[0],"1":[0],"2":[0]}}
,"C:\\Hockey Hub\\services\\user-service\\src\\seeders\\development.seeder.ts": {"path":"C:\\Hockey Hub\\services\\user-service\\src\\seeders\\development.seeder.ts","statementMap":{"0":{"start":{"line":1,"column":0},"end":{"line":1,"column":51}},"1":{"start":{"line":2,"column":0},"end":{"line":2,"column":56}},"2":{"start":{"line":3,"column":0},"end":{"line":3,"column":52}},"3":{"start":{"line":4,"column":0},"end":{"line":4,"column":50}},"4":{"start":{"line":5,"column":0},"end":{"line":5,"column":82}},"5":{"start":{"line":6,"column":0},"end":{"line":6,"column":62}},"6":{"start":{"line":7,"column":0},"end":{"line":7,"column":78}},"7":{"start":{"line":8,"column":0},"end":{"line":8,"column":33}},"8":{"start":{"line":25,"column":10},"end":{"line":25,"column":46}},"9":{"start":{"line":26,"column":10},"end":{"line":26,"column":46}},"10":{"start":{"line":29,"column":4},"end":{"line":29,"column":51}},"11":{"start":{"line":31,"column":4},"end":{"line":59,"column":5}},"12":{"start":{"line":32,"column":6},"end":{"line":32,"column":39}},"13":{"start":{"line":35,"column":6},"end":{"line":35,"column":33}},"14":{"start":{"line":38,"column":6},"end":{"line":38,"column":38}},"15":{"start":{"line":41,"column":6},"end":{"line":41,"column":31}},"16":{"start":{"line":44,"column":6},"end":{"line":44,"column":31}},"17":{"start":{"line":47,"column":6},"end":{"line":47,"column":50}},"18":{"start":{"line":49,"column":6},"end":{"line":49,"column":64}},"19":{"start":{"line":52,"column":6},"end":{"line":52,"column":35}},"20":{"start":{"line":55,"column":6},"end":{"line":55,"column":48}},"21":{"start":{"line":56,"column":6},"end":{"line":56,"column":18}},"22":{"start":{"line":58,"column":6},"end":{"line":58,"column":36}},"23":{"start":{"line":63,"column":4},"end":{"line":63,"column":43}},"24":{"start":{"line":66,"column":4},"end":{"line":66,"column":74}},"25":{"start":{"line":67,"column":4},"end":{"line":67,"column":61}},"26":{"start":{"line":68,"column":4},"end":{"line":68,"column":67}},"27":{"start":{"line":69,"column":4},"end":{"line":69,"column":55}},"28":{"start":{"line":70,"column":4},"end":{"line":70,"column":55}},"29":{"start":{"line":71,"column":4},"end":{"line":71,"column":63}},"30":{"start":{"line":75,"column":4},"end":{"line":75,"column":47}},"31":{"start":{"line":77,"column":20},"end":{"line":77,"column":61}},"32":{"start":{"line":78,"column":4},"end":{"line":86,"column":7}},"33":{"start":{"line":90,"column":4},"end":{"line":90,"column":40}},"34":{"start":{"line":92,"column":21},"end":{"line":92,"column":54}},"35":{"start":{"line":94,"column":22},"end":{"line":100,"column":6}},"36":{"start":{"line":102,"column":4},"end":{"line":109,"column":5}},"37":{"start":{"line":103,"column":19},"end":{"line":107,"column":8}},"38":{"start":{"line":108,"column":6},"end":{"line":108,"column":39}},"39":{"start":{"line":113,"column":4},"end":{"line":113,"column":40}},"40":{"start":{"line":115,"column":21},"end":{"line":115,"column":54}},"41":{"start":{"line":116,"column":24},"end":{"line":116,"column":69}},"42":{"start":{"line":117,"column":27},"end":{"line":117,"column":66}},"43":{"start":{"line":119,"column":34},"end":{"line":217,"column":6}},"44":{"start":{"line":219,"column":4},"end":{"line":259,"column":5}},"45":{"start":{"line":221,"column":27},"end":{"line":221,"column":67}},"46":{"start":{"line":224,"column":19},"end":{"line":235,"column":8}},"47":{"start":{"line":237,"column":6},"end":{"line":237,"column":40}},"48":{"start":{"line":240,"column":6},"end":{"line":245,"column":9}},"49":{"start":{"line":248,"column":6},"end":{"line":258,"column":7}},"50":{"start":{"line":249,"column":21},"end":{"line":249,"column":42}},"51":{"start":{"line":250,"column":8},"end":{"line":257,"column":11}},"52":{"start":{"line":263,"column":4},"end":{"line":263,"column":70}},"53":{"start":{"line":265,"column":25},"end":{"line":265,"column":77}},"54":{"start":{"line":267,"column":26},"end":{"line":270,"column":6}},"55":{"start":{"line":272,"column":4},"end":{"line":279,"column":5}},"56":{"start":{"line":273,"column":6},"end":{"line":278,"column":9}},"57":{"start":{"line":283,"column":4},"end":{"line":283,"column":43}},"58":{"start":{"line":284,"column":4},"end":{"line":284,"column":39}},"59":{"start":{"line":285,"column":4},"end":{"line":285,"column":67}},"60":{"start":{"line":286,"column":4},"end":{"line":286,"column":70}},"61":{"start":{"line":287,"column":4},"end":{"line":287,"column":66}},"62":{"start":{"line":288,"column":4},"end":{"line":288,"column":66}},"63":{"start":{"line":289,"column":4},"end":{"line":289,"column":65}},"64":{"start":{"line":290,"column":4},"end":{"line":290,"column":65}},"65":{"start":{"line":291,"column":4},"end":{"line":291,"column":50}},"66":{"start":{"line":292,"column":4},"end":{"line":292,"column":41}},"67":{"start":{"line":23,"column":0},"end":{"line":23,"column":13}},"68":{"start":{"line":297,"column":0},"end":{"line":305,"column":1}},"69":{"start":{"line":298,"column":17},"end":{"line":298,"column":40}},"70":{"start":{"line":299,"column":2},"end":{"line":304,"column":7}},"71":{"start":{"line":300,"column":16},"end":{"line":300,"column":31}},"72":{"start":{"line":302,"column":6},"end":{"line":302,"column":27}},"73":{"start":{"line":303,"column":6},"end":{"line":303,"column":22}}},"fnMap":{"0":{"name":"(anonymous_6)","decl":{"start":{"line":23,"column":0},"end":{"line":23,"column":13}},"loc":{"start":{"line":23,"column":0},"end":{"line":294,"column":1}}},"1":{"name":"(anonymous_7)","decl":{"start":{"line":28,"column":2},"end":{"line":28,"column":7}},"loc":{"start":{"line":28,"column":12},"end":{"line":60,"column":3}}},"2":{"name":"(anonymous_8)","decl":{"start":{"line":62,"column":10},"end":{"line":62,"column":15}},"loc":{"start":{"line":62,"column":29},"end":{"line":72,"column":3}}},"3":{"name":"(anonymous_9)","decl":{"start":{"line":74,"column":10},"end":{"line":74,"column":15}},"loc":{"start":{"line":74,"column":34},"end":{"line":87,"column":3}}},"4":{"name":"(anonymous_10)","decl":{"start":{"line":89,"column":10},"end":{"line":89,"column":15}},"loc":{"start":{"line":89,"column":27},"end":{"line":110,"column":3}}},"5":{"name":"(anonymous_11)","decl":{"start":{"line":112,"column":10},"end":{"line":112,"column":15}},"loc":{"start":{"line":112,"column":27},"end":{"line":260,"column":3}}},"6":{"name":"(anonymous_12)","decl":{"start":{"line":262,"column":10},"end":{"line":262,"column":15}},"loc":{"start":{"line":262,"column":46},"end":{"line":280,"column":3}}},"7":{"name":"(anonymous_13)","decl":{"start":{"line":282,"column":10},"end":{"line":282,"column":31}},"loc":{"start":{"line":282,"column":31},"end":{"line":293,"column":3}}},"8":{"name":"(anonymous_14)","decl":{"start":{"line":300,"column":10},"end":{"line":300,"column":13}},"loc":{"start":{"line":300,"column":16},"end":{"line":300,"column":31}}},"9":{"name":"(anonymous_15)","decl":{"start":{"line":301,"column":11},"end":{"line":301,"column":12}},"loc":{"start":{"line":301,"column":21},"end":{"line":304,"column":5}}}},"branchMap":{"0":{"loc":{"start":{"line":248,"column":6},"end":{"line":258,"column":7}},"type":"if","locations":[{"start":{"line":248,"column":6},"end":{"line":258,"column":7}}]},"1":{"loc":{"start":{"line":297,"column":0},"end":{"line":305,"column":1}},"type":"if","locations":[{"start":{"line":297,"column":0},"end":{"line":305,"column":1}}]}},"s":{"0":0,"1":0,"2":0,"3":0,"4":0,"5":0,"6":0,"7":0,"8":0,"9":0,"10":0,"11":0,"12":0,"13":0,"14":0,"15":0,"16":0,"17":0,"18":0,"19":0,"20":0,"21":0,"22":0,"23":0,"24":0,"25":0,"26":0,"27":0,"28":0,"29":0,"30":0,"31":0,"32":0,"33":0,"34":0,"35":0,"36":0,"37":0,"38":0,"39":0,"40":0,"41":0,"42":0,"43":0,"44":0,"45":0,"46":0,"47":0,"48":0,"49":0,"50":0,"51":0,"52":0,"53":0,"54":0,"55":0,"56":0,"57":0,"58":0,"59":0,"60":0,"61":0,"62":0,"63":0,"64":0,"65":0,"66":0,"67":0,"68":0,"69":0,"70":0,"71":0,"72":0,"73":0},"f":{"0":0,"1":0,"2":0,"3":0,"4":0,"5":0,"6":0,"7":0,"8":0,"9":0},"b":{"0":[0],"1":[0]}}
,"C:\\Hockey Hub\\services\\user-service\\src\\services\\accountLockoutService.ts": {"path":"C:\\Hockey Hub\\services\\user-service\\src\\services\\accountLockoutService.ts","statementMap":{"0":{"start":{"line":1,"column":0},"end":{"line":1,"column":51}},"1":{"start":{"line":2,"column":0},"end":{"line":2,"column":56}},"2":{"start":{"line":3,"column":0},"end":{"line":3,"column":40}},"3":{"start":{"line":12,"column":10},"end":{"line":16,"column":4}},"4":{"start":{"line":19,"column":4},"end":{"line":21,"column":5}},"5":{"start":{"line":20,"column":6},"end":{"line":20,"column":50}},"6":{"start":{"line":31,"column":24},"end":{"line":31,"column":65}},"7":{"start":{"line":33,"column":20},"end":{"line":39,"column":6}},"8":{"start":{"line":41,"column":4},"end":{"line":41,"column":36}},"9":{"start":{"line":44,"column":4},"end":{"line":44,"column":36}},"10":{"start":{"line":48,"column":24},"end":{"line":48,"column":65}},"11":{"start":{"line":49,"column":21},"end":{"line":49,"column":54}},"12":{"start":{"line":52,"column":17},"end":{"line":52,"column":61}},"13":{"start":{"line":53,"column":4},"end":{"line":58,"column":5}},"14":{"start":{"line":54,"column":6},"end":{"line":57,"column":8}},"15":{"start":{"line":61,"column":24},"end":{"line":61,"column":91}},"16":{"start":{"line":64,"column":27},"end":{"line":70,"column":16}},"17":{"start":{"line":72,"column":4},"end":{"line":83,"column":5}},"18":{"start":{"line":73,"column":31},"end":{"line":73,"column":82}},"19":{"start":{"line":74,"column":23},"end":{"line":74,"column":108}},"20":{"start":{"line":76,"column":6},"end":{"line":82,"column":7}},"21":{"start":{"line":77,"column":8},"end":{"line":81,"column":10}},"22":{"start":{"line":85,"column":4},"end":{"line":85,"column":29}},"23":{"start":{"line":89,"column":24},"end":{"line":89,"column":65}},"24":{"start":{"line":92,"column":24},"end":{"line":92,"column":61}},"25":{"start":{"line":93,"column":26},"end":{"line":93,"column":28}},"26":{"start":{"line":95,"column":23},"end":{"line":100,"column":17}},"27":{"start":{"line":102,"column":4},"end":{"line":107,"column":5}},"28":{"start":{"line":103,"column":6},"end":{"line":106,"column":8}},"29":{"start":{"line":109,"column":4},"end":{"line":109,"column":30}},"30":{"start":{"line":113,"column":24},"end":{"line":113,"column":65}},"31":{"start":{"line":114,"column":24},"end":{"line":114,"column":91}},"32":{"start":{"line":116,"column":27},"end":{"line":121,"column":17}},"33":{"start":{"line":123,"column":4},"end":{"line":123,"column":65}},"34":{"start":{"line":127,"column":24},"end":{"line":127,"column":65}},"35":{"start":{"line":129,"column":4},"end":{"line":133,"column":17}},"36":{"start":{"line":140,"column":24},"end":{"line":140,"column":65}},"37":{"start":{"line":142,"column":4},"end":{"line":147,"column":17}},"38":{"start":{"line":155,"column":24},"end":{"line":155,"column":65}},"39":{"start":{"line":156,"column":24},"end":{"line":156,"column":66}},"40":{"start":{"line":159,"column":21},"end":{"line":163,"column":16}},"41":{"start":{"line":165,"column":22},"end":{"line":165,"column":66}},"42":{"start":{"line":165,"column":52},"end":{"line":165,"column":63}},"43":{"start":{"line":166,"column":27},"end":{"line":166,"column":66}},"44":{"start":{"line":166,"column":48},"end":{"line":166,"column":58}},"45":{"start":{"line":169,"column":24},"end":{"line":174,"column":15}},"46":{"start":{"line":176,"column":4},"end":{"line":180,"column":6}},"47":{"start":{"line":184,"column":24},"end":{"line":184,"column":65}},"48":{"start":{"line":185,"column":26},"end":{"line":185,"column":73}},"49":{"start":{"line":188,"column":4},"end":{"line":192,"column":17}},"50":{"start":{"line":11,"column":0},"end":{"line":11,"column":13}}},"fnMap":{"0":{"name":"(anonymous_0)","decl":{"start":{"line":18,"column":2},"end":{"line":18,"column":14}},"loc":{"start":{"line":18,"column":45},"end":{"line":22,"column":3}}},"1":{"name":"(anonymous_1)","decl":{"start":{"line":24,"column":2},"end":{"line":24,"column":7}},"loc":{"start":{"line":29,"column":26},"end":{"line":45,"column":3}}},"2":{"name":"(anonymous_2)","decl":{"start":{"line":47,"column":2},"end":{"line":47,"column":7}},"loc":{"start":{"line":47,"column":37},"end":{"line":86,"column":3}}},"3":{"name":"(anonymous_3)","decl":{"start":{"line":88,"column":2},"end":{"line":88,"column":7}},"loc":{"start":{"line":88,"column":44},"end":{"line":110,"column":3}}},"4":{"name":"(anonymous_4)","decl":{"start":{"line":112,"column":2},"end":{"line":112,"column":7}},"loc":{"start":{"line":112,"column":42},"end":{"line":124,"column":3}}},"5":{"name":"(anonymous_5)","decl":{"start":{"line":126,"column":2},"end":{"line":126,"column":7}},"loc":{"start":{"line":126,"column":40},"end":{"line":134,"column":3}}},"6":{"name":"(anonymous_6)","decl":{"start":{"line":136,"column":2},"end":{"line":136,"column":7}},"loc":{"start":{"line":138,"column":22},"end":{"line":148,"column":3}}},"7":{"name":"(anonymous_7)","decl":{"start":{"line":150,"column":2},"end":{"line":150,"column":7}},"loc":{"start":{"line":150,"column":43},"end":{"line":181,"column":3}}},"8":{"name":"(anonymous_8)","decl":{"start":{"line":165,"column":47},"end":{"line":165,"column":48}},"loc":{"start":{"line":165,"column":52},"end":{"line":165,"column":63}}},"9":{"name":"(anonymous_9)","decl":{"start":{"line":166,"column":43},"end":{"line":166,"column":44}},"loc":{"start":{"line":166,"column":48},"end":{"line":166,"column":58}}},"10":{"name":"(anonymous_10)","decl":{"start":{"line":183,"column":10},"end":{"line":183,"column":15}},"loc":{"start":{"line":183,"column":34},"end":{"line":193,"column":3}}}},"branchMap":{"0":{"loc":{"start":{"line":19,"column":4},"end":{"line":21,"column":5}},"type":"if","locations":[{"start":{"line":19,"column":4},"end":{"line":21,"column":5}}]},"1":{"loc":{"start":{"line":53,"column":4},"end":{"line":58,"column":5}},"type":"if","locations":[{"start":{"line":53,"column":4},"end":{"line":58,"column":5}}]},"2":{"loc":{"start":{"line":53,"column":8},"end":{"line":53,"column":30}},"type":"binary-expr","locations":[{"start":{"line":53,"column":8},"end":{"line":53,"column":12}},{"start":{"line":53,"column":16},"end":{"line":53,"column":30}}]},"3":{"loc":{"start":{"line":72,"column":4},"end":{"line":83,"column":5}},"type":"if","locations":[{"start":{"line":72,"column":4},"end":{"line":83,"column":5}}]},"4":{"loc":{"start":{"line":76,"column":6},"end":{"line":82,"column":7}},"type":"if","locations":[{"start":{"line":76,"column":6},"end":{"line":82,"column":7}}]},"5":{"loc":{"start":{"line":102,"column":4},"end":{"line":107,"column":5}},"type":"if","locations":[{"start":{"line":102,"column":4},"end":{"line":107,"column":5}}]},"6":{"loc":{"start":{"line":138,"column":4},"end":{"line":138,"column":22}},"type":"default-arg","locations":[{"start":{"line":138,"column":20},"end":{"line":138,"column":22}}]}},"s":{"0":0,"1":0,"2":0,"3":0,"4":0,"5":0,"6":0,"7":0,"8":0,"9":0,"10":0,"11":0,"12":0,"13":0,"14":0,"15":0,"16":0,"17":0,"18":0,"19":0,"20":0,"21":0,"22":0,"23":0,"24":0,"25":0,"26":0,"27":0,"28":0,"29":0,"30":0,"31":0,"32":0,"33":0,"34":0,"35":0,"36":0,"37":0,"38":0,"39":0,"40":0,"41":0,"42":0,"43":0,"44":0,"45":0,"46":0,"47":0,"48":0,"49":0,"50":0},"f":{"0":0,"1":0,"2":0,"3":0,"4":0,"5":0,"6":0,"7":0,"8":0,"9":0,"10":0},"b":{"0":[0],"1":[0],"2":[0,0],"3":[0],"4":[0],"5":[0],"6":[0]}}
,"C:\\Hockey Hub\\services\\user-service\\src\\services\\serviceApiKeyService.ts": {"path":"C:\\Hockey Hub\\services\\user-service\\src\\services\\serviceApiKeyService.ts","statementMap":{"0":{"start":{"line":1,"column":0},"end":{"line":1,"column":51}},"1":{"start":{"line":2,"column":0},"end":{"line":2,"column":58}},"2":{"start":{"line":3,"column":0},"end":{"line":3,"column":28}},"3":{"start":{"line":21,"column":10},"end":{"line":21,"column":66}},"4":{"start":{"line":28,"column":21},"end":{"line":33,"column":6}},"5":{"start":{"line":35,"column":4},"end":{"line":37,"column":5}},"6":{"start":{"line":36,"column":6},"end":{"line":36,"column":82}},"7":{"start":{"line":40,"column":19},"end":{"line":40,"column":55}},"8":{"start":{"line":42,"column":26},"end":{"line":50,"column":6}},"9":{"start":{"line":52,"column":4},"end":{"line":52,"column":53}},"10":{"start":{"line":62,"column":23},"end":{"line":67,"column":6}},"11":{"start":{"line":69,"column":4},"end":{"line":71,"column":5}},"12":{"start":{"line":70,"column":6},"end":{"line":70,"column":56}},"13":{"start":{"line":74,"column":4},"end":{"line":76,"column":5}},"14":{"start":{"line":75,"column":6},"end":{"line":75,"column":60}},"15":{"start":{"line":79,"column":4},"end":{"line":92,"column":5}},"16":{"start":{"line":80,"column":24},"end":{"line":87,"column":8}},"17":{"start":{"line":81,"column":8},"end":{"line":85,"column":9}},"18":{"start":{"line":83,"column":26},"end":{"line":83,"column":56}},"19":{"start":{"line":84,"column":10},"end":{"line":84,"column":53}},"20":{"start":{"line":86,"column":8},"end":{"line":86,"column":39}},"21":{"start":{"line":89,"column":6},"end":{"line":91,"column":7}},"22":{"start":{"line":90,"column":8},"end":{"line":90,"column":65}},"23":{"start":{"line":95,"column":4},"end":{"line":95,"column":39}},"24":{"start":{"line":96,"column":4},"end":{"line":96,"column":28}},"25":{"start":{"line":97,"column":4},"end":{"line":97,"column":43}},"26":{"start":{"line":99,"column":4},"end":{"line":99,"column":48}},"27":{"start":{"line":106,"column":4},"end":{"line":111,"column":7}},"28":{"start":{"line":122,"column":23},"end":{"line":127,"column":6}},"29":{"start":{"line":129,"column":4},"end":{"line":131,"column":5}},"30":{"start":{"line":130,"column":6},"end":{"line":130,"column":76}},"31":{"start":{"line":134,"column":4},"end":{"line":134,"column":32}},"32":{"start":{"line":135,"column":4},"end":{"line":135,"column":38}},"33":{"start":{"line":136,"column":4},"end":{"line":136,"column":37}},"34":{"start":{"line":137,"column":4},"end":{"line":137,"column":49}},"35":{"start":{"line":138,"column":4},"end":{"line":138,"column":43}},"36":{"start":{"line":141,"column":4},"end":{"line":148,"column":7}},"37":{"start":{"line":159,"column":23},"end":{"line":161,"column":6}},"38":{"start":{"line":163,"column":4},"end":{"line":165,"column":5}},"39":{"start":{"line":164,"column":6},"end":{"line":164,"column":43}},"40":{"start":{"line":167,"column":4},"end":{"line":167,"column":32}},"41":{"start":{"line":168,"column":4},"end":{"line":168,"column":38}},"42":{"start":{"line":169,"column":4},"end":{"line":169,"column":37}},"43":{"start":{"line":170,"column":4},"end":{"line":170,"column":41}},"44":{"start":{"line":172,"column":4},"end":{"line":172,"column":43}},"45":{"start":{"line":179,"column":18},"end":{"line":179,"column":59}},"46":{"start":{"line":181,"column":4},"end":{"line":186,"column":7}},"47":{"start":{"line":198,"column":23},"end":{"line":200,"column":6}},"48":{"start":{"line":202,"column":4},"end":{"line":204,"column":5}},"49":{"start":{"line":203,"column":6},"end":{"line":203,"column":76}},"50":{"start":{"line":206,"column":4},"end":{"line":211,"column":6}},"51":{"start":{"line":218,"column":19},"end":{"line":227,"column":16}},"52":{"start":{"line":229,"column":4},"end":{"line":229,"column":32}},"53":{"start":{"line":236,"column":19},"end":{"line":236,"column":23}},"54":{"start":{"line":237,"column":26},"end":{"line":237,"column":67}},"55":{"start":{"line":238,"column":22},"end":{"line":238,"column":45}},"56":{"start":{"line":239,"column":24},"end":{"line":239,"column":68}},"57":{"start":{"line":241,"column":4},"end":{"line":241,"column":68}},"58":{"start":{"line":248,"column":28},"end":{"line":294,"column":6}},"59":{"start":{"line":296,"column":4},"end":{"line":310,"column":5}},"60":{"start":{"line":297,"column":6},"end":{"line":309,"column":7}},"61":{"start":{"line":298,"column":25},"end":{"line":298,"column":75}},"62":{"start":{"line":299,"column":8},"end":{"line":306,"column":9}},"63":{"start":{"line":300,"column":25},"end":{"line":304,"column":12}},"64":{"start":{"line":305,"column":10},"end":{"line":305,"column":86}},"65":{"start":{"line":308,"column":8},"end":{"line":308,"column":85}},"66":{"start":{"line":20,"column":0},"end":{"line":20,"column":13}},"67":{"start":{"line":314,"column":13},"end":{"line":314,"column":63}}},"fnMap":{"0":{"name":"(anonymous_1)","decl":{"start":{"line":20,"column":0},"end":{"line":20,"column":13}},"loc":{"start":{"line":20,"column":0},"end":{"line":312,"column":1}}},"1":{"name":"(anonymous_2)","decl":{"start":{"line":26,"column":2},"end":{"line":26,"column":7}},"loc":{"start":{"line":26,"column":41},"end":{"line":53,"column":3}}},"2":{"name":"(anonymous_3)","decl":{"start":{"line":58,"column":2},"end":{"line":58,"column":7}},"loc":{"start":{"line":60,"column":22},"end":{"line":100,"column":3}}},"3":{"name":"(anonymous_4)","decl":{"start":{"line":80,"column":51},"end":{"line":80,"column":60}},"loc":{"start":{"line":80,"column":63},"end":{"line":87,"column":7}}},"4":{"name":"(anonymous_5)","decl":{"start":{"line":105,"column":2},"end":{"line":105,"column":7}},"loc":{"start":{"line":105,"column":46},"end":{"line":112,"column":3}}},"5":{"name":"(anonymous_6)","decl":{"start":{"line":117,"column":2},"end":{"line":117,"column":7}},"loc":{"start":{"line":119,"column":21},"end":{"line":149,"column":3}}},"6":{"name":"(anonymous_7)","decl":{"start":{"line":154,"column":2},"end":{"line":154,"column":7}},"loc":{"start":{"line":157,"column":18},"end":{"line":173,"column":3}}},"7":{"name":"(anonymous_8)","decl":{"start":{"line":178,"column":2},"end":{"line":178,"column":7}},"loc":{"start":{"line":178,"column":43},"end":{"line":187,"column":3}}},"8":{"name":"(anonymous_9)","decl":{"start":{"line":192,"column":2},"end":{"line":192,"column":7}},"loc":{"start":{"line":192,"column":42},"end":{"line":212,"column":3}}},"9":{"name":"(anonymous_10)","decl":{"start":{"line":217,"column":2},"end":{"line":217,"column":7}},"loc":{"start":{"line":217,"column":26},"end":{"line":230,"column":3}}},"10":{"name":"(anonymous_11)","decl":{"start":{"line":235,"column":10},"end":{"line":235,"column":24}},"loc":{"start":{"line":235,"column":44},"end":{"line":242,"column":3}}},"11":{"name":"(anonymous_12)","decl":{"start":{"line":247,"column":2},"end":{"line":247,"column":7}},"loc":{"start":{"line":247,"column":29},"end":{"line":311,"column":3}}}},"branchMap":{"0":{"loc":{"start":{"line":35,"column":4},"end":{"line":37,"column":5}},"type":"if","locations":[{"start":{"line":35,"column":4},"end":{"line":37,"column":5}}]},"1":{"loc":{"start":{"line":47,"column":18},"end":{"line":47,"column":41}},"type":"binary-expr","locations":[{"start":{"line":47,"column":18},"end":{"line":47,"column":32}},{"start":{"line":47,"column":36},"end":{"line":47,"column":41}}]},"2":{"loc":{"start":{"line":69,"column":4},"end":{"line":71,"column":5}},"type":"if","locations":[{"start":{"line":69,"column":4},"end":{"line":71,"column":5}}]},"3":{"loc":{"start":{"line":74,"column":4},"end":{"line":76,"column":5}},"type":"if","locations":[{"start":{"line":74,"column":4},"end":{"line":76,"column":5}}]},"4":{"loc":{"start":{"line":74,"column":8},"end":{"line":74,"column":65}},"type":"binary-expr","locations":[{"start":{"line":74,"column":8},"end":{"line":74,"column":28}},{"start":{"line":74,"column":32},"end":{"line":74,"column":65}}]},"5":{"loc":{"start":{"line":79,"column":4},"end":{"line":92,"column":5}},"type":"if","locations":[{"start":{"line":79,"column":4},"end":{"line":92,"column":5}}]},"6":{"loc":{"start":{"line":79,"column":8},"end":{"line":79,"column":93}},"type":"binary-expr","locations":[{"start":{"line":79,"column":8},"end":{"line":79,"column":17}},{"start":{"line":79,"column":21},"end":{"line":79,"column":53}},{"start":{"line":79,"column":57},"end":{"line":79,"column":93}}]},"7":{"loc":{"start":{"line":81,"column":8},"end":{"line":85,"column":9}},"type":"if","locations":[{"start":{"line":81,"column":8},"end":{"line":85,"column":9}}]},"8":{"loc":{"start":{"line":89,"column":6},"end":{"line":91,"column":7}},"type":"if","locations":[{"start":{"line":89,"column":6},"end":{"line":91,"column":7}}]},"9":{"loc":{"start":{"line":129,"column":4},"end":{"line":131,"column":5}},"type":"if","locations":[{"start":{"line":129,"column":4},"end":{"line":131,"column":5}}]},"10":{"loc":{"start":{"line":163,"column":4},"end":{"line":165,"column":5}},"type":"if","locations":[{"start":{"line":163,"column":4},"end":{"line":165,"column":5}}]},"11":{"loc":{"start":{"line":178,"column":20},"end":{"line":178,"column":43}},"type":"default-arg","locations":[{"start":{"line":178,"column":38},"end":{"line":178,"column":43}}]},"12":{"loc":{"start":{"line":179,"column":18},"end":{"line":179,"column":59}},"type":"cond-expr","locations":[{"start":{"line":179,"column":36},"end":{"line":179,"column":38}},{"start":{"line":179,"column":41},"end":{"line":179,"column":59}}]},"13":{"loc":{"start":{"line":202,"column":4},"end":{"line":204,"column":5}},"type":"if","locations":[{"start":{"line":202,"column":4},"end":{"line":204,"column":5}}]},"14":{"loc":{"start":{"line":229,"column":11},"end":{"line":229,"column":31}},"type":"binary-expr","locations":[{"start":{"line":229,"column":11},"end":{"line":229,"column":26}},{"start":{"line":229,"column":30},"end":{"line":229,"column":31}}]},"15":{"loc":{"start":{"line":299,"column":8},"end":{"line":306,"column":9}},"type":"if","locations":[{"start":{"line":299,"column":8},"end":{"line":306,"column":9}}]}},"s":{"0":0,"1":0,"2":0,"3":0,"4":0,"5":0,"6":0,"7":0,"8":0,"9":0,"10":0,"11":0,"12":0,"13":0,"14":0,"15":0,"16":0,"17":0,"18":0,"19":0,"20":0,"21":0,"22":0,"23":0,"24":0,"25":0,"26":0,"27":0,"28":0,"29":0,"30":0,"31":0,"32":0,"33":0,"34":0,"35":0,"36":0,"37":0,"38":0,"39":0,"40":0,"41":0,"42":0,"43":0,"44":0,"45":0,"46":0,"47":0,"48":0,"49":0,"50":0,"51":0,"52":0,"53":0,"54":0,"55":0,"56":0,"57":0,"58":0,"59":0,"60":0,"61":0,"62":0,"63":0,"64":0,"65":0,"66":0,"67":0},"f":{"0":0,"1":0,"2":0,"3":0,"4":0,"5":0,"6":0,"7":0,"8":0,"9":0,"10":0,"11":0},"b":{"0":[0],"1":[0,0],"2":[0],"3":[0],"4":[0,0],"5":[0],"6":[0,0,0],"7":[0],"8":[0],"9":[0],"10":[0],"11":[0],"12":[0,0],"13":[0],"14":[0,0],"15":[0]}}
,"C:\\Hockey Hub\\services\\user-service\\src\\utils\\passwordValidator.ts": {"path":"C:\\Hockey Hub\\services\\user-service\\src\\utils\\passwordValidator.ts","statementMap":{"0":{"start":{"line":24,"column":29},"end":{"line":24,"column":31}},"1":{"start":{"line":25,"column":16},"end":{"line":25,"column":17}},"2":{"start":{"line":28,"column":4},"end":{"line":37,"column":5}},"3":{"start":{"line":29,"column":6},"end":{"line":29,"column":82}},"4":{"start":{"line":30,"column":11},"end":{"line":37,"column":5}},"5":{"start":{"line":31,"column":6},"end":{"line":31,"column":86}},"6":{"start":{"line":33,"column":6},"end":{"line":33,"column":17}},"7":{"start":{"line":35,"column":6},"end":{"line":35,"column":46}},"8":{"start":{"line":35,"column":33},"end":{"line":35,"column":46}},"9":{"start":{"line":36,"column":6},"end":{"line":36,"column":46}},"10":{"start":{"line":36,"column":33},"end":{"line":36,"column":46}},"11":{"start":{"line":40,"column":25},"end":{"line":40,"column":47}},"12":{"start":{"line":41,"column":25},"end":{"line":41,"column":47}},"13":{"start":{"line":42,"column":23},"end":{"line":42,"column":42}},"14":{"start":{"line":43,"column":28},"end":{"line":43,"column":82}},"15":{"start":{"line":45,"column":4},"end":{"line":49,"column":5}},"16":{"start":{"line":46,"column":6},"end":{"line":46,"column":73}},"17":{"start":{"line":48,"column":6},"end":{"line":48,"column":19}},"18":{"start":{"line":51,"column":4},"end":{"line":55,"column":5}},"19":{"start":{"line":52,"column":6},"end":{"line":52,"column":73}},"20":{"start":{"line":54,"column":6},"end":{"line":54,"column":19}},"21":{"start":{"line":57,"column":4},"end":{"line":61,"column":5}},"22":{"start":{"line":58,"column":6},"end":{"line":58,"column":63}},"23":{"start":{"line":60,"column":6},"end":{"line":60,"column":19}},"24":{"start":{"line":63,"column":4},"end":{"line":67,"column":5}},"25":{"start":{"line":64,"column":6},"end":{"line":64,"column":74}},"26":{"start":{"line":66,"column":6},"end":{"line":66,"column":17}},"27":{"start":{"line":70,"column":4},"end":{"line":73,"column":5}},"28":{"start":{"line":71,"column":6},"end":{"line":71,"column":82}},"29":{"start":{"line":72,"column":6},"end":{"line":72,"column":37}},"30":{"start":{"line":76,"column":4},"end":{"line":93,"column":5}},"31":{"start":{"line":77,"column":28},"end":{"line":77,"column":50}},"32":{"start":{"line":79,"column":6},"end":{"line":82,"column":7}},"33":{"start":{"line":80,"column":8},"end":{"line":80,"column":70}},"34":{"start":{"line":81,"column":8},"end":{"line":81,"column":39}},"35":{"start":{"line":84,"column":6},"end":{"line":87,"column":7}},"36":{"start":{"line":85,"column":8},"end":{"line":85,"column":67}},"37":{"start":{"line":86,"column":8},"end":{"line":86,"column":39}},"38":{"start":{"line":89,"column":6},"end":{"line":92,"column":7}},"39":{"start":{"line":90,"column":8},"end":{"line":90,"column":66}},"40":{"start":{"line":91,"column":8},"end":{"line":91,"column":39}},"41":{"start":{"line":96,"column":29},"end":{"line":96,"column":55}},"42":{"start":{"line":97,"column":4},"end":{"line":100,"column":5}},"43":{"start":{"line":98,"column":6},"end":{"line":98,"column":90}},"44":{"start":{"line":99,"column":6},"end":{"line":99,"column":39}},"45":{"start":{"line":103,"column":26},"end":{"line":103,"column":59}},"46":{"start":{"line":104,"column":4},"end":{"line":107,"column":5}},"47":{"start":{"line":105,"column":6},"end":{"line":105,"column":92}},"48":{"start":{"line":106,"column":6},"end":{"line":106,"column":39}},"49":{"start":{"line":110,"column":24},"end":{"line":110,"column":46}},"50":{"start":{"line":111,"column":4},"end":{"line":115,"column":5}},"51":{"start":{"line":112,"column":6},"end":{"line":112,"column":39}},"52":{"start":{"line":113,"column":11},"end":{"line":115,"column":5}},"53":{"start":{"line":114,"column":6},"end":{"line":114,"column":19}},"54":{"start":{"line":118,"column":4},"end":{"line":118,"column":31}},"55":{"start":{"line":120,"column":4},"end":{"line":124,"column":6}},"56":{"start":{"line":128,"column":22},"end":{"line":135,"column":6}},"57":{"start":{"line":137,"column":26},"end":{"line":137,"column":48}},"58":{"start":{"line":139,"column":4},"end":{"line":146,"column":5}},"59":{"start":{"line":140,"column":6},"end":{"line":145,"column":7}},"60":{"start":{"line":140,"column":19},"end":{"line":140,"column":20}},"61":{"start":{"line":141,"column":23},"end":{"line":141,"column":56}},"62":{"start":{"line":142,"column":8},"end":{"line":144,"column":9}},"63":{"start":{"line":143,"column":10},"end":{"line":143,"column":22}},"64":{"start":{"line":148,"column":4},"end":{"line":148,"column":17}},"65":{"start":{"line":152,"column":4},"end":{"line":152,"column":33}},"66":{"start":{"line":152,"column":19},"end":{"line":152,"column":33}},"67":{"start":{"line":153,"column":4},"end":{"line":153,"column":33}},"68":{"start":{"line":153,"column":19},"end":{"line":153,"column":33}},"69":{"start":{"line":154,"column":4},"end":{"line":154,"column":33}},"70":{"start":{"line":154,"column":19},"end":{"line":154,"column":33}},"71":{"start":{"line":155,"column":4},"end":{"line":155,"column":37}},"72":{"start":{"line":155,"column":21},"end":{"line":155,"column":37}},"73":{"start":{"line":156,"column":4},"end":{"line":156,"column":25}},"74":{"start":{"line":160,"column":22},"end":{"line":160,"column":50}},"75":{"start":{"line":161,"column":22},"end":{"line":161,"column":50}},"76":{"start":{"line":162,"column":20},"end":{"line":162,"column":32}},"77":{"start":{"line":163,"column":25},"end":{"line":163,"column":53}},"78":{"start":{"line":164,"column":21},"end":{"line":164,"column":67}},"79":{"start":{"line":166,"column":19},"end":{"line":166,"column":21}},"80":{"start":{"line":169,"column":4},"end":{"line":169,"column":72}},"81":{"start":{"line":170,"column":4},"end":{"line":170,"column":72}},"82":{"start":{"line":171,"column":4},"end":{"line":171,"column":68}},"83":{"start":{"line":172,"column":4},"end":{"line":172,"column":78}},"84":{"start":{"line":175,"column":4},"end":{"line":177,"column":5}},"85":{"start":{"line":175,"column":17},"end":{"line":175,"column":32}},"86":{"start":{"line":176,"column":6},"end":{"line":176,"column":72}},"87":{"start":{"line":180,"column":4},"end":{"line":180,"column":71}},"88":{"start":{"line":180,"column":41},"end":{"line":180,"column":60}},"89":{"start":{"line":7,"column":0},"end":{"line":7,"column":13}},"90":{"start":{"line":8,"column":26},"end":{"line":8,"column":41}},"91":{"start":{"line":9,"column":26},"end":{"line":9,"column":43}},"92":{"start":{"line":12,"column":26},"end":{"line":17,"column":4}}},"fnMap":{"0":{"name":"(anonymous_0)","decl":{"start":{"line":19,"column":2},"end":{"line":19,"column":8}},"loc":{"start":{"line":23,"column":3},"end":{"line":125,"column":3}}},"1":{"name":"(anonymous_1)","decl":{"start":{"line":127,"column":10},"end":{"line":127,"column":16}},"loc":{"start":{"line":127,"column":52},"end":{"line":149,"column":3}}},"2":{"name":"(anonymous_2)","decl":{"start":{"line":151,"column":2},"end":{"line":151,"column":8}},"loc":{"start":{"line":151,"column":39},"end":{"line":157,"column":3}}},"3":{"name":"(anonymous_3)","decl":{"start":{"line":159,"column":2},"end":{"line":159,"column":8}},"loc":{"start":{"line":159,"column":51},"end":{"line":181,"column":3}}},"4":{"name":"(anonymous_4)","decl":{"start":{"line":180,"column":35},"end":{"line":180,"column":38}},"loc":{"start":{"line":180,"column":41},"end":{"line":180,"column":60}}}},"branchMap":{"0":{"loc":{"start":{"line":28,"column":4},"end":{"line":37,"column":5}},"type":"if","locations":[{"start":{"line":28,"column":4},"end":{"line":37,"column":5}},{"start":{"line":30,"column":11},"end":{"line":37,"column":5}}]},"1":{"loc":{"start":{"line":30,"column":11},"end":{"line":37,"column":5}},"type":"if","locations":[{"start":{"line":30,"column":11},"end":{"line":37,"column":5}},{"start":{"line":32,"column":11},"end":{"line":37,"column":5}}]},"2":{"loc":{"start":{"line":35,"column":6},"end":{"line":35,"column":46}},"type":"if","locations":[{"start":{"line":35,"column":6},"end":{"line":35,"column":46}}]},"3":{"loc":{"start":{"line":36,"column":6},"end":{"line":36,"column":46}},"type":"if","locations":[{"start":{"line":36,"column":6},"end":{"line":36,"column":46}}]},"4":{"loc":{"start":{"line":45,"column":4},"end":{"line":49,"column":5}},"type":"if","locations":[{"start":{"line":45,"column":4},"end":{"line":49,"column":5}},{"start":{"line":47,"column":11},"end":{"line":49,"column":5}}]},"5":{"loc":{"start":{"line":51,"column":4},"end":{"line":55,"column":5}},"type":"if","locations":[{"start":{"line":51,"column":4},"end":{"line":55,"column":5}},{"start":{"line":53,"column":11},"end":{"line":55,"column":5}}]},"6":{"loc":{"start":{"line":57,"column":4},"end":{"line":61,"column":5}},"type":"if","locations":[{"start":{"line":57,"column":4},"end":{"line":61,"column":5}},{"start":{"line":59,"column":11},"end":{"line":61,"column":5}}]},"7":{"loc":{"start":{"line":63,"column":4},"end":{"line":67,"column":5}},"type":"if","locations":[{"start":{"line":63,"column":4},"end":{"line":67,"column":5}},{"start":{"line":65,"column":11},"end":{"line":67,"column":5}}]},"8":{"loc":{"start":{"line":70,"column":4},"end":{"line":73,"column":5}},"type":"if","locations":[{"start":{"line":70,"column":4},"end":{"line":73,"column":5}}]},"9":{"loc":{"start":{"line":76,"column":4},"end":{"line":93,"column":5}},"type":"if","locations":[{"start":{"line":76,"column":4},"end":{"line":93,"column":5}}]},"10":{"loc":{"start":{"line":79,"column":6},"end":{"line":82,"column":7}},"type":"if","locations":[{"start":{"line":79,"column":6},"end":{"line":82,"column":7}}]},"11":{"loc":{"start":{"line":79,"column":10},"end":{"line":79,"column":94}},"type":"binary-expr","locations":[{"start":{"line":79,"column":10},"end":{"line":79,"column":24}},{"start":{"line":79,"column":28},"end":{"line":79,"column":94}}]},"12":{"loc":{"start":{"line":84,"column":6},"end":{"line":87,"column":7}},"type":"if","locations":[{"start":{"line":84,"column":6},"end":{"line":87,"column":7}}]},"13":{"loc":{"start":{"line":84,"column":10},"end":{"line":84,"column":88}},"type":"binary-expr","locations":[{"start":{"line":84,"column":10},"end":{"line":84,"column":28}},{"start":{"line":84,"column":32},"end":{"line":84,"column":88}}]},"14":{"loc":{"start":{"line":89,"column":6},"end":{"line":92,"column":7}},"type":"if","locations":[{"start":{"line":89,"column":6},"end":{"line":92,"column":7}}]},"15":{"loc":{"start":{"line":89,"column":10},"end":{"line":89,"column":86}},"type":"binary-expr","locations":[{"start":{"line":89,"column":10},"end":{"line":89,"column":27}},{"start":{"line":89,"column":31},"end":{"line":89,"column":86}}]},"16":{"loc":{"start":{"line":97,"column":4},"end":{"line":100,"column":5}},"type":"if","locations":[{"start":{"line":97,"column":4},"end":{"line":100,"column":5}}]},"17":{"loc":{"start":{"line":104,"column":4},"end":{"line":107,"column":5}},"type":"if","locations":[{"start":{"line":104,"column":4},"end":{"line":107,"column":5}}]},"18":{"loc":{"start":{"line":111,"column":4},"end":{"line":115,"column":5}},"type":"if","locations":[{"start":{"line":111,"column":4},"end":{"line":115,"column":5}},{"start":{"line":113,"column":11},"end":{"line":115,"column":5}}]},"19":{"loc":{"start":{"line":113,"column":11},"end":{"line":115,"column":5}},"type":"if","locations":[{"start":{"line":113,"column":11},"end":{"line":115,"column":5}}]},"20":{"loc":{"start":{"line":142,"column":8},"end":{"line":144,"column":9}},"type":"if","locations":[{"start":{"line":142,"column":8},"end":{"line":144,"column":9}}]},"21":{"loc":{"start":{"line":152,"column":4},"end":{"line":152,"column":33}},"type":"if","locations":[{"start":{"line":152,"column":4},"end":{"line":152,"column":33}}]},"22":{"loc":{"start":{"line":153,"column":4},"end":{"line":153,"column":33}},"type":"if","locations":[{"start":{"line":153,"column":4},"end":{"line":153,"column":33}}]},"23":{"loc":{"start":{"line":154,"column":4},"end":{"line":154,"column":33}},"type":"if","locations":[{"start":{"line":154,"column":4},"end":{"line":154,"column":33}}]},"24":{"loc":{"start":{"line":155,"column":4},"end":{"line":155,"column":37}},"type":"if","locations":[{"start":{"line":155,"column":4},"end":{"line":155,"column":37}}]},"25":{"loc":{"start":{"line":159,"column":32},"end":{"line":159,"column":51}},"type":"default-arg","locations":[{"start":{"line":159,"column":49},"end":{"line":159,"column":51}}]}},"s":{"0":0,"1":0,"2":0,"3":0,"4":0,"5":0,"6":0,"7":0,"8":0,"9":0,"10":0,"11":0,"12":0,"13":0,"14":0,"15":0,"16":0,"17":0,"18":0,"19":0,"20":0,"21":0,"22":0,"23":0,"24":0,"25":0,"26":0,"27":0,"28":0,"29":0,"30":0,"31":0,"32":0,"33":0,"34":0,"35":0,"36":0,"37":0,"38":0,"39":0,"40":0,"41":0,"42":0,"43":0,"44":0,"45":0,"46":0,"47":0,"48":0,"49":0,"50":0,"51":0,"52":0,"53":0,"54":0,"55":0,"56":0,"57":0,"58":0,"59":0,"60":0,"61":0,"62":0,"63":0,"64":0,"65":0,"66":0,"67":0,"68":0,"69":0,"70":0,"71":0,"72":0,"73":0,"74":0,"75":0,"76":0,"77":0,"78":0,"79":0,"80":0,"81":0,"82":0,"83":0,"84":0,"85":0,"86":0,"87":0,"88":0,"89":0,"90":0,"91":0,"92":0},"f":{"0":0,"1":0,"2":0,"3":0,"4":0},"b":{"0":[0,0],"1":[0,0],"2":[0],"3":[0],"4":[0,0],"5":[0,0],"6":[0,0],"7":[0,0],"8":[0],"9":[0],"10":[0],"11":[0,0],"12":[0],"13":[0,0],"14":[0],"15":[0,0],"16":[0],"17":[0],"18":[0,0],"19":[0],"20":[0],"21":[0],"22":[0],"23":[0],"24":[0],"25":[0]}}
}
