{"C:\\Hockey Hub\\services\\communication-service\\src\\run-migrations.ts": {"path":"C:\\Hockey Hub\\services\\communication-service\\src\\run-migrations.ts","statementMap":{"0":{"start":{"line":1,"column":0},"end":{"line":1,"column":53}},"1":{"start":{"line":2,"column":0},"end":{"line":2,"column":48}},"2":{"start":{"line":4,"column":15},"end":{"line":4,"column":53}},"3":{"start":{"line":7,"column":2},"end":{"line":29,"column":3}},"4":{"start":{"line":8,"column":4},"end":{"line":8,"column":55}},"5":{"start":{"line":9,"column":4},"end":{"line":9,"column":34}},"6":{"start":{"line":11,"column":4},"end":{"line":11,"column":49}},"7":{"start":{"line":12,"column":23},"end":{"line":12,"column":55}},"8":{"start":{"line":14,"column":4},"end":{"line":21,"column":5}},"9":{"start":{"line":15,"column":6},"end":{"line":15,"column":50}},"10":{"start":{"line":17,"column":6},"end":{"line":17,"column":71}},"11":{"start":{"line":18,"column":6},"end":{"line":20,"column":9}},"12":{"start":{"line":19,"column":8},"end":{"line":19,"column":45}},"13":{"start":{"line":23,"column":4},"end":{"line":23,"column":31}},"14":{"start":{"line":24,"column":4},"end":{"line":24,"column":46}},"15":{"start":{"line":25,"column":4},"end":{"line":25,"column":20}},"16":{"start":{"line":27,"column":4},"end":{"line":27,"column":45}},"17":{"start":{"line":28,"column":4},"end":{"line":28,"column":20}},"18":{"start":{"line":32,"column":0},"end":{"line":32,"column":16}}},"fnMap":{"0":{"name":"runMigrations","decl":{"start":{"line":6,"column":15},"end":{"line":6,"column":28}},"loc":{"start":{"line":6,"column":28},"end":{"line":30,"column":1}}},"1":{"name":"(anonymous_1)","decl":{"start":{"line":18,"column":25},"end":{"line":18,"column":34}},"loc":{"start":{"line":18,"column":37},"end":{"line":20,"column":7}}}},"branchMap":{"0":{"loc":{"start":{"line":14,"column":4},"end":{"line":21,"column":5}},"type":"if","locations":[{"start":{"line":14,"column":4},"end":{"line":21,"column":5}},{"start":{"line":16,"column":11},"end":{"line":21,"column":5}}]}},"s":{"0":0,"1":0,"2":0,"3":0,"4":0,"5":0,"6":0,"7":0,"8":0,"9":0,"10":0,"11":0,"12":0,"13":0,"14":0,"15":0,"16":0,"17":0,"18":0},"f":{"0":0,"1":0},"b":{"0":[0,0]}}
,"C:\\Hockey Hub\\services\\communication-service\\src\\bots\\BotUser.ts": {"path":"C:\\Hockey Hub\\services\\communication-service\\src\\bots\\BotUser.ts","statementMap":{"0":{"start":{"line":11,"column":0},"end":{"line":11,"column":null}},"1":{"start":{"line":12,"column":2},"end":{"line":12,"column":null}},"2":{"start":{"line":13,"column":2},"end":{"line":13,"column":null}},"3":{"start":{"line":14,"column":2},"end":{"line":14,"column":null}},"4":{"start":{"line":15,"column":2},"end":{"line":15,"column":null}},"5":{"start":{"line":16,"column":2},"end":{"line":16,"column":null}},"6":{"start":{"line":19,"column":0},"end":{"line":19,"column":null}},"7":{"start":{"line":20,"column":2},"end":{"line":20,"column":null}},"8":{"start":{"line":21,"column":2},"end":{"line":21,"column":null}},"9":{"start":{"line":22,"column":2},"end":{"line":22,"column":null}},"10":{"start":{"line":23,"column":2},"end":{"line":23,"column":null}},"11":{"start":{"line":24,"column":2},"end":{"line":24,"column":null}},"12":{"start":{"line":25,"column":2},"end":{"line":25,"column":null}},"13":{"start":{"line":29,"column":13},"end":{"line":91,"column":2}}},"fnMap":{"0":{"name":"(anonymous_0)","decl":{"start":{"line":11,"column":0},"end":{"line":11,"column":12}},"loc":{"start":{"line":11,"column":19},"end":{"line":17,"column":1}}},"1":{"name":"(anonymous_1)","decl":{"start":{"line":19,"column":0},"end":{"line":19,"column":12}},"loc":{"start":{"line":19,"column":25},"end":{"line":26,"column":1}}}},"branchMap":{"0":{"loc":{"start":{"line":11,"column":12},"end":{"line":11,"column":null}},"type":"binary-expr","locations":[{"start":{"line":11,"column":12},"end":{"line":11,"column":19}},{"start":{"line":11,"column":19},"end":{"line":11,"column":null}}]},"1":{"loc":{"start":{"line":19,"column":12},"end":{"line":19,"column":null}},"type":"binary-expr","locations":[{"start":{"line":19,"column":12},"end":{"line":19,"column":25}},{"start":{"line":19,"column":25},"end":{"line":19,"column":null}}]}},"s":{"0":0,"1":0,"2":0,"3":0,"4":0,"5":0,"6":0,"7":0,"8":0,"9":0,"10":0,"11":0,"12":0,"13":0},"f":{"0":0,"1":0},"b":{"0":[0,0],"1":[0,0]}}
,"C:\\Hockey Hub\\services\\communication-service\\src\\config\\cdn.config.ts": {"path":"C:\\Hockey Hub\\services\\communication-service\\src\\config\\cdn.config.ts","statementMap":{"0":{"start":{"line":4,"column":28},"end":{"line":45,"column":1}},"1":{"start":{"line":5,"column":19},"end":{"line":5,"column":84}},"2":{"start":{"line":7,"column":45},"end":{"line":42,"column":4}},"3":{"start":{"line":44,"column":2},"end":{"line":44,"column":45}},"4":{"start":{"line":4,"column":13},"end":{"line":4,"column":28}},"5":{"start":{"line":48,"column":31},"end":{"line":74,"column":1}},"6":{"start":{"line":49,"column":42},"end":{"line":49,"column":44}},"7":{"start":{"line":52,"column":2},"end":{"line":67,"column":3}},"8":{"start":{"line":53,"column":4},"end":{"line":53,"column":69}},"9":{"start":{"line":54,"column":4},"end":{"line":54,"column":31}},"10":{"start":{"line":57,"column":7},"end":{"line":67,"column":3}},"11":{"start":{"line":58,"column":4},"end":{"line":58,"column":56}},"12":{"start":{"line":61,"column":7},"end":{"line":67,"column":3}},"13":{"start":{"line":62,"column":4},"end":{"line":62,"column":54}},"14":{"start":{"line":66,"column":4},"end":{"line":66,"column":55}},"15":{"start":{"line":70,"column":2},"end":{"line":70,"column":48}},"16":{"start":{"line":71,"column":2},"end":{"line":71,"column":38}},"17":{"start":{"line":73,"column":2},"end":{"line":73,"column":17}},"18":{"start":{"line":48,"column":13},"end":{"line":48,"column":31}},"19":{"start":{"line":77,"column":39},"end":{"line":90,"column":1}},"20":{"start":{"line":79,"column":2},"end":{"line":81,"column":3}},"21":{"start":{"line":80,"column":4},"end":{"line":80,"column":18}},"22":{"start":{"line":84,"column":2},"end":{"line":86,"column":3}},"23":{"start":{"line":85,"column":4},"end":{"line":85,"column":18}},"24":{"start":{"line":89,"column":2},"end":{"line":89,"column":24}},"25":{"start":{"line":77,"column":13},"end":{"line":77,"column":39}},"26":{"start":{"line":93,"column":13},"end":{"line":108,"column":2}},"27":{"start":{"line":111,"column":13},"end":{"line":148,"column":2}},"28":{"start":{"line":151,"column":13},"end":{"line":157,"column":2}},"29":{"start":{"line":160,"column":13},"end":{"line":160,"column":51}},"30":{"start":{"line":163,"column":13},"end":{"line":168,"column":2}},"31":{"start":{"line":170,"column":0},"end":{"line":170,"column":30}}},"fnMap":{"0":{"name":"(anonymous_0)","decl":{"start":{"line":4,"column":28},"end":{"line":4,"column":42}},"loc":{"start":{"line":4,"column":44},"end":{"line":45,"column":1}}},"1":{"name":"(anonymous_1)","decl":{"start":{"line":48,"column":31},"end":{"line":48,"column":32}},"loc":{"start":{"line":48,"column":79},"end":{"line":74,"column":1}}},"2":{"name":"(anonymous_2)","decl":{"start":{"line":77,"column":39},"end":{"line":77,"column":40}},"loc":{"start":{"line":77,"column":96},"end":{"line":90,"column":1}}}},"branchMap":{"0":{"loc":{"start":{"line":5,"column":19},"end":{"line":5,"column":84}},"type":"binary-expr","locations":[{"start":{"line":5,"column":19},"end":{"line":5,"column":68}},{"start":{"line":5,"column":72},"end":{"line":5,"column":84}}]},"1":{"loc":{"start":{"line":10,"column":15},"end":{"line":10,"column":74}},"type":"binary-expr","locations":[{"start":{"line":10,"column":15},"end":{"line":10,"column":34}},{"start":{"line":10,"column":38},"end":{"line":10,"column":74}}]},"2":{"loc":{"start":{"line":21,"column":15},"end":{"line":21,"column":65}},"type":"binary-expr","locations":[{"start":{"line":21,"column":15},"end":{"line":21,"column":34}},{"start":{"line":21,"column":38},"end":{"line":21,"column":65}}]},"3":{"loc":{"start":{"line":30,"column":15},"end":{"line":30,"column":79}},"type":"binary-expr","locations":[{"start":{"line":30,"column":15},"end":{"line":30,"column":34}},{"start":{"line":30,"column":38},"end":{"line":30,"column":79}}]},"4":{"loc":{"start":{"line":39,"column":15},"end":{"line":39,"column":68}},"type":"binary-expr","locations":[{"start":{"line":39,"column":15},"end":{"line":39,"column":34}},{"start":{"line":39,"column":38},"end":{"line":39,"column":68}}]},"5":{"loc":{"start":{"line":44,"column":9},"end":{"line":44,"column":44}},"type":"binary-expr","locations":[{"start":{"line":44,"column":9},"end":{"line":44,"column":26}},{"start":{"line":44,"column":30},"end":{"line":44,"column":44}}]},"6":{"loc":{"start":{"line":52,"column":2},"end":{"line":67,"column":3}},"type":"if","locations":[{"start":{"line":52,"column":2},"end":{"line":67,"column":3}},{"start":{"line":57,"column":7},"end":{"line":67,"column":3}}]},"7":{"loc":{"start":{"line":57,"column":7},"end":{"line":67,"column":3}},"type":"if","locations":[{"start":{"line":57,"column":7},"end":{"line":67,"column":3}},{"start":{"line":61,"column":7},"end":{"line":67,"column":3}}]},"8":{"loc":{"start":{"line":57,"column":11},"end":{"line":57,"column":79}},"type":"binary-expr","locations":[{"start":{"line":57,"column":11},"end":{"line":57,"column":43}},{"start":{"line":57,"column":47},"end":{"line":57,"column":79}}]},"9":{"loc":{"start":{"line":61,"column":7},"end":{"line":67,"column":3}},"type":"if","locations":[{"start":{"line":61,"column":7},"end":{"line":67,"column":3}},{"start":{"line":65,"column":7},"end":{"line":67,"column":3}}]},"10":{"loc":{"start":{"line":61,"column":11},"end":{"line":61,"column":74}},"type":"binary-expr","locations":[{"start":{"line":61,"column":11},"end":{"line":61,"column":38}},{"start":{"line":61,"column":42},"end":{"line":61,"column":74}}]},"11":{"loc":{"start":{"line":79,"column":2},"end":{"line":81,"column":3}},"type":"if","locations":[{"start":{"line":79,"column":2},"end":{"line":81,"column":3}}]},"12":{"loc":{"start":{"line":84,"column":2},"end":{"line":86,"column":3}},"type":"if","locations":[{"start":{"line":84,"column":2},"end":{"line":86,"column":3}}]}},"s":{"0":0,"1":0,"2":0,"3":0,"4":0,"5":0,"6":0,"7":0,"8":0,"9":0,"10":0,"11":0,"12":0,"13":0,"14":0,"15":0,"16":0,"17":0,"18":0,"19":0,"20":0,"21":0,"22":0,"23":0,"24":0,"25":0,"26":0,"27":0,"28":0,"29":0,"30":0,"31":0},"f":{"0":0,"1":0,"2":0},"b":{"0":[0,0],"1":[0,0],"2":[0,0],"3":[0,0],"4":[0,0],"5":[0,0],"6":[0,0],"7":[0,0],"8":[0,0],"9":[0,0],"10":[0,0],"11":[0],"12":[0]}}
,"C:\\Hockey Hub\\services\\communication-service\\src\\config\\database.ts": {"path":"C:\\Hockey Hub\\services\\communication-service\\src\\config\\database.ts","statementMap":{"0":{"start":{"line":1,"column":0},"end":{"line":1,"column":37}},"1":{"start":{"line":2,"column":0},"end":{"line":2,"column":28}},"2":{"start":{"line":3,"column":0},"end":{"line":3,"column":40}},"3":{"start":{"line":4,"column":0},"end":{"line":4,"column":28}},"4":{"start":{"line":5,"column":0},"end":{"line":5,"column":48}},"5":{"start":{"line":7,"column":15},"end":{"line":7,"column":51}},"6":{"start":{"line":9,"column":0},"end":{"line":9,"column":16}},"7":{"start":{"line":11,"column":13},"end":{"line":56,"column":3}},"8":{"start":{"line":59,"column":13},"end":{"line":67,"column":3}},"9":{"start":{"line":70,"column":0},"end":{"line":72,"column":3}},"10":{"start":{"line":71,"column":2},"end":{"line":71,"column":46}},"11":{"start":{"line":74,"column":0},"end":{"line":76,"column":3}},"12":{"start":{"line":75,"column":2},"end":{"line":75,"column":49}},"13":{"start":{"line":78,"column":0},"end":{"line":80,"column":3}},"14":{"start":{"line":79,"column":2},"end":{"line":79,"column":58}},"15":{"start":{"line":83,"column":32},"end":{"line":95,"column":1}},"16":{"start":{"line":84,"column":2},"end":{"line":94,"column":3}},"17":{"start":{"line":85,"column":4},"end":{"line":85,"column":29}},"18":{"start":{"line":86,"column":4},"end":{"line":86,"column":43}},"19":{"start":{"line":88,"column":4},"end":{"line":91,"column":5}},"20":{"start":{"line":89,"column":6},"end":{"line":89,"column":36}},"21":{"start":{"line":90,"column":6},"end":{"line":90,"column":48}},"22":{"start":{"line":93,"column":4},"end":{"line":93,"column":54}},"23":{"start":{"line":83,"column":13},"end":{"line":83,"column":32}}},"fnMap":{"0":{"name":"(anonymous_7)","decl":{"start":{"line":70,"column":26},"end":{"line":70,"column":29}},"loc":{"start":{"line":70,"column":31},"end":{"line":72,"column":1}}},"1":{"name":"(anonymous_8)","decl":{"start":{"line":74,"column":24},"end":{"line":74,"column":25}},"loc":{"start":{"line":74,"column":34},"end":{"line":76,"column":1}}},"2":{"name":"(anonymous_9)","decl":{"start":{"line":78,"column":24},"end":{"line":78,"column":27}},"loc":{"start":{"line":78,"column":29},"end":{"line":80,"column":1}}},"3":{"name":"(anonymous_10)","decl":{"start":{"line":83,"column":32},"end":{"line":83,"column":37}},"loc":{"start":{"line":83,"column":43},"end":{"line":95,"column":1}}}},"branchMap":{"0":{"loc":{"start":{"line":13,"column":8},"end":{"line":13,"column":42}},"type":"binary-expr","locations":[{"start":{"line":13,"column":8},"end":{"line":13,"column":27}},{"start":{"line":13,"column":31},"end":{"line":13,"column":42}}]},"1":{"loc":{"start":{"line":14,"column":17},"end":{"line":14,"column":46}},"type":"binary-expr","locations":[{"start":{"line":14,"column":17},"end":{"line":14,"column":36}},{"start":{"line":14,"column":40},"end":{"line":14,"column":46}}]},"2":{"loc":{"start":{"line":15,"column":12},"end":{"line":15,"column":45}},"type":"binary-expr","locations":[{"start":{"line":15,"column":12},"end":{"line":15,"column":31}},{"start":{"line":15,"column":35},"end":{"line":15,"column":45}}]},"3":{"loc":{"start":{"line":16,"column":12},"end":{"line":16,"column":49}},"type":"binary-expr","locations":[{"start":{"line":16,"column":12},"end":{"line":16,"column":35}},{"start":{"line":16,"column":39},"end":{"line":16,"column":49}}]},"4":{"loc":{"start":{"line":17,"column":12},"end":{"line":17,"column":61}},"type":"binary-expr","locations":[{"start":{"line":17,"column":12},"end":{"line":17,"column":31}},{"start":{"line":17,"column":35},"end":{"line":17,"column":61}}]},"5":{"loc":{"start":{"line":60,"column":8},"end":{"line":60,"column":45}},"type":"binary-expr","locations":[{"start":{"line":60,"column":8},"end":{"line":60,"column":30}},{"start":{"line":60,"column":34},"end":{"line":60,"column":45}}]},"6":{"loc":{"start":{"line":61,"column":17},"end":{"line":61,"column":49}},"type":"binary-expr","locations":[{"start":{"line":61,"column":17},"end":{"line":61,"column":39}},{"start":{"line":61,"column":43},"end":{"line":61,"column":49}}]},"7":{"loc":{"start":{"line":63,"column":15},"end":{"line":63,"column":42}},"type":"binary-expr","locations":[{"start":{"line":63,"column":15},"end":{"line":63,"column":35}},{"start":{"line":63,"column":39},"end":{"line":63,"column":42}}]},"8":{"loc":{"start":{"line":88,"column":4},"end":{"line":91,"column":5}},"type":"if","locations":[{"start":{"line":88,"column":4},"end":{"line":91,"column":5}}]}},"s":{"0":0,"1":0,"2":0,"3":0,"4":0,"5":0,"6":0,"7":0,"8":0,"9":0,"10":0,"11":0,"12":0,"13":0,"14":0,"15":0,"16":0,"17":0,"18":0,"19":0,"20":0,"21":0,"22":0,"23":0},"f":{"0":0,"1":0,"2":0,"3":0},"b":{"0":[0,0],"1":[0,0],"2":[0,0],"3":[0,0],"4":[0,0],"5":[0,0],"6":[0,0],"7":[0,0],"8":[0]}}
,"C:\\Hockey Hub\\services\\communication-service\\src\\config\\typeorm.config.ts": {"path":"C:\\Hockey Hub\\services\\communication-service\\src\\config\\typeorm.config.ts","statementMap":{"0":{"start":{"line":1,"column":0},"end":{"line":1,"column":37}},"1":{"start":{"line":2,"column":0},"end":{"line":2,"column":29}},"2":{"start":{"line":3,"column":0},"end":{"line":3,"column":33}},"3":{"start":{"line":6,"column":0},"end":{"line":6,"column":60}},"4":{"start":{"line":8,"column":13},"end":{"line":20,"column":3}},"5":{"start":{"line":23,"column":0},"end":{"line":23,"column":26}}},"fnMap":{},"branchMap":{"0":{"loc":{"start":{"line":10,"column":8},"end":{"line":10,"column":42}},"type":"binary-expr","locations":[{"start":{"line":10,"column":8},"end":{"line":10,"column":27}},{"start":{"line":10,"column":31},"end":{"line":10,"column":42}}]},"1":{"loc":{"start":{"line":11,"column":17},"end":{"line":11,"column":46}},"type":"binary-expr","locations":[{"start":{"line":11,"column":17},"end":{"line":11,"column":36}},{"start":{"line":11,"column":40},"end":{"line":11,"column":46}}]},"2":{"loc":{"start":{"line":12,"column":12},"end":{"line":12,"column":45}},"type":"binary-expr","locations":[{"start":{"line":12,"column":12},"end":{"line":12,"column":31}},{"start":{"line":12,"column":35},"end":{"line":12,"column":45}}]},"3":{"loc":{"start":{"line":13,"column":12},"end":{"line":13,"column":49}},"type":"binary-expr","locations":[{"start":{"line":13,"column":12},"end":{"line":13,"column":35}},{"start":{"line":13,"column":39},"end":{"line":13,"column":49}}]},"4":{"loc":{"start":{"line":14,"column":12},"end":{"line":14,"column":61}},"type":"binary-expr","locations":[{"start":{"line":14,"column":12},"end":{"line":14,"column":31}},{"start":{"line":14,"column":35},"end":{"line":14,"column":61}}]}},"s":{"0":0,"1":0,"2":0,"3":0,"4":0,"5":0},"f":{},"b":{"0":[0,0],"1":[0,0],"2":[0,0],"3":[0,0],"4":[0,0]}}
,"C:\\Hockey Hub\\services\\communication-service\\src\\entities\\BlockedUser.ts": {"path":"C:\\Hockey Hub\\services\\communication-service\\src\\entities\\BlockedUser.ts","statementMap":{"0":{"start":{"line":1,"column":0},"end":{"line":1,"column":98}},"1":{"start":{"line":7,"column":7},"end":{"line":25,"column":null}},"2":{"start":{"line":7,"column":13},"end":{"line":7,"column":24}},"3":{"start":{"line":9,"column":2},"end":{"line":9,"column":null}},"4":{"start":{"line":12,"column":2},"end":{"line":12,"column":null}},"5":{"start":{"line":15,"column":2},"end":{"line":15,"column":null}},"6":{"start":{"line":18,"column":2},"end":{"line":18,"column":null}},"7":{"start":{"line":21,"column":2},"end":{"line":21,"column":null}},"8":{"start":{"line":24,"column":2},"end":{"line":24,"column":null}},"9":{"start":{"line":7,"column":13},"end":{"line":25,"column":null}}},"fnMap":{},"branchMap":{},"s":{"0":0,"1":0,"2":0,"3":0,"4":0,"5":0,"6":0,"7":0,"8":0,"9":0},"f":{},"b":{}}
,"C:\\Hockey Hub\\services\\communication-service\\src\\entities\\BroadcastRecipient.ts": {"path":"C:\\Hockey Hub\\services\\communication-service\\src\\entities\\BroadcastRecipient.ts","statementMap":{"0":{"start":{"line":1,"column":0},"end":{"line":1,"column":null}},"1":{"start":{"line":11,"column":0},"end":{"line":11,"column":40}},"2":{"start":{"line":13,"column":0},"end":{"line":13,"column":null}},"3":{"start":{"line":14,"column":2},"end":{"line":14,"column":null}},"4":{"start":{"line":15,"column":2},"end":{"line":15,"column":null}},"5":{"start":{"line":16,"column":2},"end":{"line":16,"column":null}},"6":{"start":{"line":17,"column":2},"end":{"line":17,"column":null}},"7":{"start":{"line":18,"column":2},"end":{"line":18,"column":null}},"8":{"start":{"line":26,"column":7},"end":{"line":84,"column":null}},"9":{"start":{"line":26,"column":13},"end":{"line":26,"column":31}},"10":{"start":{"line":28,"column":2},"end":{"line":28,"column":null}},"11":{"start":{"line":31,"column":2},"end":{"line":31,"column":null}},"12":{"start":{"line":34,"column":2},"end":{"line":34,"column":null}},"13":{"start":{"line":41,"column":2},"end":{"line":41,"column":null}},"14":{"start":{"line":44,"column":2},"end":{"line":44,"column":null}},"15":{"start":{"line":47,"column":2},"end":{"line":47,"column":null}},"16":{"start":{"line":50,"column":2},"end":{"line":50,"column":null}},"17":{"start":{"line":53,"column":2},"end":{"line":53,"column":null}},"18":{"start":{"line":56,"column":2},"end":{"line":56,"column":null}},"19":{"start":{"line":59,"column":2},"end":{"line":59,"column":null}},"20":{"start":{"line":62,"column":2},"end":{"line":62,"column":null}},"21":{"start":{"line":66,"column":2},"end":{"line":66,"column":null}},"22":{"start":{"line":69,"column":2},"end":{"line":69,"column":null}},"23":{"start":{"line":73,"column":2},"end":{"line":73,"column":null}},"24":{"start":{"line":80,"column":2},"end":{"line":80,"column":null}},"25":{"start":{"line":76,"column":19},"end":{"line":76,"column":28}},"26":{"start":{"line":76,"column":45},"end":{"line":76,"column":65}},"27":{"start":{"line":26,"column":13},"end":{"line":84,"column":null}}},"fnMap":{"0":{"name":"(anonymous_2)","decl":{"start":{"line":13,"column":0},"end":{"line":13,"column":12}},"loc":{"start":{"line":13,"column":27},"end":{"line":19,"column":1}}},"1":{"name":"(anonymous_3)","decl":{"start":{"line":76,"column":13},"end":{"line":76,"column":16}},"loc":{"start":{"line":76,"column":19},"end":{"line":76,"column":28}}},"2":{"name":"(anonymous_4)","decl":{"start":{"line":76,"column":30},"end":{"line":76,"column":31}},"loc":{"start":{"line":76,"column":45},"end":{"line":76,"column":65}}}},"branchMap":{"0":{"loc":{"start":{"line":13,"column":12},"end":{"line":13,"column":null}},"type":"binary-expr","locations":[{"start":{"line":13,"column":12},"end":{"line":13,"column":27}},{"start":{"line":13,"column":27},"end":{"line":13,"column":null}}]}},"s":{"0":0,"1":0,"2":0,"3":0,"4":0,"5":0,"6":0,"7":0,"8":0,"9":0,"10":0,"11":0,"12":0,"13":0,"14":0,"15":0,"16":0,"17":0,"18":0,"19":0,"20":0,"21":0,"22":0,"23":0,"24":0,"25":0,"26":0,"27":0},"f":{"0":0,"1":0,"2":0},"b":{"0":[0,0]}}
,"C:\\Hockey Hub\\services\\communication-service\\src\\entities\\ConversationParticipant.ts": {"path":"C:\\Hockey Hub\\services\\communication-service\\src\\entities\\ConversationParticipant.ts","statementMap":{"0":{"start":{"line":1,"column":0},"end":{"line":1,"column":null}},"1":{"start":{"line":11,"column":0},"end":{"line":11,"column":46}},"2":{"start":{"line":13,"column":0},"end":{"line":13,"column":null}},"3":{"start":{"line":14,"column":2},"end":{"line":14,"column":null}},"4":{"start":{"line":15,"column":2},"end":{"line":15,"column":null}},"5":{"start":{"line":16,"column":2},"end":{"line":16,"column":null}},"6":{"start":{"line":23,"column":7},"end":{"line":71,"column":null}},"7":{"start":{"line":23,"column":13},"end":{"line":23,"column":36}},"8":{"start":{"line":25,"column":2},"end":{"line":25,"column":null}},"9":{"start":{"line":28,"column":2},"end":{"line":28,"column":null}},"10":{"start":{"line":31,"column":2},"end":{"line":31,"column":null}},"11":{"start":{"line":38,"column":2},"end":{"line":38,"column":null}},"12":{"start":{"line":41,"column":2},"end":{"line":41,"column":null}},"13":{"start":{"line":44,"column":2},"end":{"line":44,"column":null}},"14":{"start":{"line":47,"column":2},"end":{"line":47,"column":null}},"15":{"start":{"line":50,"column":2},"end":{"line":50,"column":null}},"16":{"start":{"line":53,"column":2},"end":{"line":53,"column":null}},"17":{"start":{"line":56,"column":2},"end":{"line":56,"column":null}},"18":{"start":{"line":59,"column":2},"end":{"line":59,"column":null}},"19":{"start":{"line":66,"column":2},"end":{"line":66,"column":null}},"20":{"start":{"line":62,"column":19},"end":{"line":62,"column":31}},"21":{"start":{"line":62,"column":51},"end":{"line":62,"column":76}},"22":{"start":{"line":23,"column":13},"end":{"line":71,"column":null}}},"fnMap":{"0":{"name":"(anonymous_2)","decl":{"start":{"line":13,"column":0},"end":{"line":13,"column":12}},"loc":{"start":{"line":13,"column":27},"end":{"line":17,"column":1}}},"1":{"name":"(anonymous_3)","decl":{"start":{"line":62,"column":13},"end":{"line":62,"column":16}},"loc":{"start":{"line":62,"column":19},"end":{"line":62,"column":31}}},"2":{"name":"(anonymous_4)","decl":{"start":{"line":62,"column":33},"end":{"line":62,"column":34}},"loc":{"start":{"line":62,"column":51},"end":{"line":62,"column":76}}}},"branchMap":{"0":{"loc":{"start":{"line":13,"column":12},"end":{"line":13,"column":null}},"type":"binary-expr","locations":[{"start":{"line":13,"column":12},"end":{"line":13,"column":27}},{"start":{"line":13,"column":27},"end":{"line":13,"column":null}}]}},"s":{"0":0,"1":0,"2":0,"3":0,"4":0,"5":0,"6":0,"7":0,"8":0,"9":0,"10":0,"11":0,"12":0,"13":0,"14":0,"15":0,"16":0,"17":0,"18":0,"19":0,"20":0,"21":0,"22":0},"f":{"0":0,"1":0,"2":0},"b":{"0":[0,0]}}
,"C:\\Hockey Hub\\services\\communication-service\\src\\entities\\EventConversation.ts": {"path":"C:\\Hockey Hub\\services\\communication-service\\src\\entities\\EventConversation.ts","statementMap":{"0":{"start":{"line":1,"column":0},"end":{"line":1,"column":null}},"1":{"start":{"line":11,"column":0},"end":{"line":11,"column":46}},"2":{"start":{"line":13,"column":0},"end":{"line":13,"column":null}},"3":{"start":{"line":14,"column":2},"end":{"line":14,"column":null}},"4":{"start":{"line":15,"column":2},"end":{"line":15,"column":null}},"5":{"start":{"line":16,"column":2},"end":{"line":16,"column":null}},"6":{"start":{"line":19,"column":0},"end":{"line":19,"column":null}},"7":{"start":{"line":20,"column":2},"end":{"line":20,"column":null}},"8":{"start":{"line":21,"column":2},"end":{"line":21,"column":null}},"9":{"start":{"line":22,"column":2},"end":{"line":22,"column":null}},"10":{"start":{"line":23,"column":2},"end":{"line":23,"column":null}},"11":{"start":{"line":24,"column":2},"end":{"line":24,"column":null}},"12":{"start":{"line":31,"column":7},"end":{"line":142,"column":null}},"13":{"start":{"line":31,"column":13},"end":{"line":31,"column":30}},"14":{"start":{"line":33,"column":2},"end":{"line":33,"column":null}},"15":{"start":{"line":36,"column":2},"end":{"line":36,"column":null}},"16":{"start":{"line":39,"column":2},"end":{"line":39,"column":null}},"17":{"start":{"line":46,"column":2},"end":{"line":46,"column":null}},"18":{"start":{"line":53,"column":2},"end":{"line":53,"column":null}},"19":{"start":{"line":56,"column":2},"end":{"line":56,"column":null}},"20":{"start":{"line":59,"column":2},"end":{"line":59,"column":null}},"21":{"start":{"line":62,"column":2},"end":{"line":62,"column":null}},"22":{"start":{"line":65,"column":2},"end":{"line":65,"column":null}},"23":{"start":{"line":68,"column":2},"end":{"line":68,"column":null}},"24":{"start":{"line":71,"column":2},"end":{"line":71,"column":null}},"25":{"start":{"line":74,"column":2},"end":{"line":74,"column":null}},"26":{"start":{"line":77,"column":2},"end":{"line":98,"column":null}},"27":{"start":{"line":101,"column":2},"end":{"line":120,"column":null}},"28":{"start":{"line":125,"column":2},"end":{"line":125,"column":null}},"29":{"start":{"line":123,"column":19},"end":{"line":123,"column":31}},"30":{"start":{"line":31,"column":13},"end":{"line":142,"column":null}}},"fnMap":{"0":{"name":"(anonymous_2)","decl":{"start":{"line":13,"column":0},"end":{"line":13,"column":12}},"loc":{"start":{"line":13,"column":35},"end":{"line":17,"column":1}}},"1":{"name":"(anonymous_3)","decl":{"start":{"line":19,"column":0},"end":{"line":19,"column":12}},"loc":{"start":{"line":19,"column":34},"end":{"line":25,"column":1}}},"2":{"name":"(anonymous_4)","decl":{"start":{"line":123,"column":13},"end":{"line":123,"column":16}},"loc":{"start":{"line":123,"column":19},"end":{"line":123,"column":31}}}},"branchMap":{"0":{"loc":{"start":{"line":13,"column":12},"end":{"line":13,"column":null}},"type":"binary-expr","locations":[{"start":{"line":13,"column":12},"end":{"line":13,"column":35}},{"start":{"line":13,"column":35},"end":{"line":13,"column":null}}]},"1":{"loc":{"start":{"line":19,"column":12},"end":{"line":19,"column":null}},"type":"binary-expr","locations":[{"start":{"line":19,"column":12},"end":{"line":19,"column":34}},{"start":{"line":19,"column":34},"end":{"line":19,"column":null}}]}},"s":{"0":0,"1":0,"2":0,"3":0,"4":0,"5":0,"6":0,"7":0,"8":0,"9":0,"10":0,"11":0,"12":0,"13":0,"14":0,"15":0,"16":0,"17":0,"18":0,"19":0,"20":0,"21":0,"22":0,"23":0,"24":0,"25":0,"26":0,"27":0,"28":0,"29":0,"30":0},"f":{"0":0,"1":0,"2":0},"b":{"0":[0,0],"1":[0,0]}}
,"C:\\Hockey Hub\\services\\communication-service\\src\\entities\\MessageAttachment.ts": {"path":"C:\\Hockey Hub\\services\\communication-service\\src\\entities\\MessageAttachment.ts","statementMap":{"0":{"start":{"line":1,"column":0},"end":{"line":1,"column":null}},"1":{"start":{"line":10,"column":0},"end":{"line":10,"column":36}},"2":{"start":{"line":12,"column":0},"end":{"line":12,"column":null}},"3":{"start":{"line":13,"column":2},"end":{"line":13,"column":null}},"4":{"start":{"line":14,"column":2},"end":{"line":14,"column":null}},"5":{"start":{"line":15,"column":2},"end":{"line":15,"column":null}},"6":{"start":{"line":16,"column":2},"end":{"line":16,"column":null}},"7":{"start":{"line":17,"column":2},"end":{"line":17,"column":null}},"8":{"start":{"line":22,"column":7},"end":{"line":72,"column":null}},"9":{"start":{"line":22,"column":13},"end":{"line":22,"column":30}},"10":{"start":{"line":24,"column":2},"end":{"line":24,"column":null}},"11":{"start":{"line":27,"column":2},"end":{"line":27,"column":null}},"12":{"start":{"line":30,"column":2},"end":{"line":30,"column":null}},"13":{"start":{"line":33,"column":2},"end":{"line":33,"column":null}},"14":{"start":{"line":36,"column":2},"end":{"line":36,"column":null}},"15":{"start":{"line":39,"column":2},"end":{"line":39,"column":null}},"16":{"start":{"line":42,"column":2},"end":{"line":42,"column":null}},"17":{"start":{"line":49,"column":2},"end":{"line":49,"column":null}},"18":{"start":{"line":52,"column":2},"end":{"line":52,"column":null}},"19":{"start":{"line":55,"column":2},"end":{"line":55,"column":null}},"20":{"start":{"line":58,"column":2},"end":{"line":58,"column":null}},"21":{"start":{"line":61,"column":2},"end":{"line":61,"column":null}},"22":{"start":{"line":64,"column":2},"end":{"line":64,"column":null}},"23":{"start":{"line":71,"column":2},"end":{"line":71,"column":null}},"24":{"start":{"line":67,"column":19},"end":{"line":67,"column":26}},"25":{"start":{"line":67,"column":41},"end":{"line":67,"column":60}},"26":{"start":{"line":22,"column":13},"end":{"line":72,"column":null}}},"fnMap":{"0":{"name":"(anonymous_2)","decl":{"start":{"line":12,"column":0},"end":{"line":12,"column":12}},"loc":{"start":{"line":12,"column":26},"end":{"line":18,"column":1}}},"1":{"name":"(anonymous_3)","decl":{"start":{"line":67,"column":13},"end":{"line":67,"column":16}},"loc":{"start":{"line":67,"column":19},"end":{"line":67,"column":26}}},"2":{"name":"(anonymous_4)","decl":{"start":{"line":67,"column":28},"end":{"line":67,"column":29}},"loc":{"start":{"line":67,"column":41},"end":{"line":67,"column":60}}}},"branchMap":{"0":{"loc":{"start":{"line":12,"column":12},"end":{"line":12,"column":null}},"type":"binary-expr","locations":[{"start":{"line":12,"column":12},"end":{"line":12,"column":26}},{"start":{"line":12,"column":26},"end":{"line":12,"column":null}}]}},"s":{"0":0,"1":0,"2":0,"3":0,"4":0,"5":0,"6":0,"7":0,"8":0,"9":0,"10":0,"11":0,"12":0,"13":0,"14":0,"15":0,"16":0,"17":0,"18":0,"19":0,"20":0,"21":0,"22":0,"23":0,"24":0,"25":0,"26":0},"f":{"0":0,"1":0,"2":0},"b":{"0":[0,0]}}
,"C:\\Hockey Hub\\services\\communication-service\\src\\entities\\MessageReaction.ts": {"path":"C:\\Hockey Hub\\services\\communication-service\\src\\entities\\MessageReaction.ts","statementMap":{"0":{"start":{"line":1,"column":0},"end":{"line":1,"column":null}},"1":{"start":{"line":11,"column":0},"end":{"line":11,"column":36}},"2":{"start":{"line":17,"column":7},"end":{"line":42,"column":null}},"3":{"start":{"line":17,"column":13},"end":{"line":17,"column":28}},"4":{"start":{"line":19,"column":2},"end":{"line":19,"column":null}},"5":{"start":{"line":22,"column":2},"end":{"line":22,"column":null}},"6":{"start":{"line":25,"column":2},"end":{"line":25,"column":null}},"7":{"start":{"line":28,"column":2},"end":{"line":28,"column":null}},"8":{"start":{"line":31,"column":2},"end":{"line":31,"column":null}},"9":{"start":{"line":38,"column":2},"end":{"line":38,"column":null}},"10":{"start":{"line":34,"column":19},"end":{"line":34,"column":26}},"11":{"start":{"line":34,"column":41},"end":{"line":34,"column":58}},"12":{"start":{"line":17,"column":13},"end":{"line":42,"column":null}}},"fnMap":{"0":{"name":"(anonymous_2)","decl":{"start":{"line":34,"column":13},"end":{"line":34,"column":16}},"loc":{"start":{"line":34,"column":19},"end":{"line":34,"column":26}}},"1":{"name":"(anonymous_3)","decl":{"start":{"line":34,"column":28},"end":{"line":34,"column":29}},"loc":{"start":{"line":34,"column":41},"end":{"line":34,"column":58}}}},"branchMap":{},"s":{"0":0,"1":0,"2":0,"3":0,"4":0,"5":0,"6":0,"7":0,"8":0,"9":0,"10":0,"11":0,"12":0},"f":{"0":0,"1":0},"b":{}}
,"C:\\Hockey Hub\\services\\communication-service\\src\\entities\\ModeratedContent.ts": {"path":"C:\\Hockey Hub\\services\\communication-service\\src\\entities\\ModeratedContent.ts","statementMap":{"0":{"start":{"line":1,"column":0},"end":{"line":1,"column":131}},"1":{"start":{"line":2,"column":0},"end":{"line":2,"column":36}},"2":{"start":{"line":4,"column":0},"end":{"line":4,"column":null}},"3":{"start":{"line":5,"column":2},"end":{"line":5,"column":null}},"4":{"start":{"line":6,"column":2},"end":{"line":6,"column":null}},"5":{"start":{"line":7,"column":2},"end":{"line":7,"column":null}},"6":{"start":{"line":8,"column":2},"end":{"line":8,"column":null}},"7":{"start":{"line":11,"column":0},"end":{"line":11,"column":null}},"8":{"start":{"line":12,"column":2},"end":{"line":12,"column":null}},"9":{"start":{"line":13,"column":2},"end":{"line":13,"column":null}},"10":{"start":{"line":14,"column":2},"end":{"line":14,"column":null}},"11":{"start":{"line":15,"column":2},"end":{"line":15,"column":null}},"12":{"start":{"line":16,"column":2},"end":{"line":16,"column":null}},"13":{"start":{"line":17,"column":2},"end":{"line":17,"column":null}},"14":{"start":{"line":18,"column":2},"end":{"line":18,"column":null}},"15":{"start":{"line":19,"column":2},"end":{"line":19,"column":null}},"16":{"start":{"line":22,"column":0},"end":{"line":22,"column":null}},"17":{"start":{"line":23,"column":2},"end":{"line":23,"column":null}},"18":{"start":{"line":24,"column":2},"end":{"line":24,"column":null}},"19":{"start":{"line":25,"column":2},"end":{"line":25,"column":null}},"20":{"start":{"line":26,"column":2},"end":{"line":26,"column":null}},"21":{"start":{"line":27,"column":2},"end":{"line":27,"column":null}},"22":{"start":{"line":28,"column":2},"end":{"line":28,"column":null}},"23":{"start":{"line":36,"column":7},"end":{"line":98,"column":null}},"24":{"start":{"line":36,"column":13},"end":{"line":36,"column":29}},"25":{"start":{"line":38,"column":2},"end":{"line":38,"column":null}},"26":{"start":{"line":42,"column":2},"end":{"line":42,"column":null}},"27":{"start":{"line":46,"column":2},"end":{"line":46,"column":null}},"28":{"start":{"line":44,"column":19},"end":{"line":44,"column":26}},"29":{"start":{"line":50,"column":2},"end":{"line":50,"column":null}},"30":{"start":{"line":54,"column":2},"end":{"line":54,"column":null}},"31":{"start":{"line":61,"column":2},"end":{"line":61,"column":null}},"32":{"start":{"line":67,"column":2},"end":{"line":67,"column":null}},"33":{"start":{"line":70,"column":2},"end":{"line":70,"column":null}},"34":{"start":{"line":77,"column":2},"end":{"line":77,"column":null}},"35":{"start":{"line":80,"column":2},"end":{"line":80,"column":null}},"36":{"start":{"line":83,"column":2},"end":{"line":83,"column":null}},"37":{"start":{"line":86,"column":2},"end":{"line":91,"column":null}},"38":{"start":{"line":94,"column":2},"end":{"line":94,"column":null}},"39":{"start":{"line":97,"column":2},"end":{"line":97,"column":null}},"40":{"start":{"line":36,"column":13},"end":{"line":98,"column":null}}},"fnMap":{"0":{"name":"(anonymous_2)","decl":{"start":{"line":4,"column":0},"end":{"line":4,"column":12}},"loc":{"start":{"line":4,"column":28},"end":{"line":9,"column":1}}},"1":{"name":"(anonymous_3)","decl":{"start":{"line":11,"column":0},"end":{"line":11,"column":12}},"loc":{"start":{"line":11,"column":28},"end":{"line":20,"column":1}}},"2":{"name":"(anonymous_4)","decl":{"start":{"line":22,"column":0},"end":{"line":22,"column":12}},"loc":{"start":{"line":22,"column":28},"end":{"line":29,"column":1}}},"3":{"name":"(anonymous_5)","decl":{"start":{"line":44,"column":13},"end":{"line":44,"column":16}},"loc":{"start":{"line":44,"column":19},"end":{"line":44,"column":26}}}},"branchMap":{"0":{"loc":{"start":{"line":4,"column":12},"end":{"line":4,"column":null}},"type":"binary-expr","locations":[{"start":{"line":4,"column":12},"end":{"line":4,"column":28}},{"start":{"line":4,"column":28},"end":{"line":4,"column":null}}]},"1":{"loc":{"start":{"line":11,"column":12},"end":{"line":11,"column":null}},"type":"binary-expr","locations":[{"start":{"line":11,"column":12},"end":{"line":11,"column":28}},{"start":{"line":11,"column":28},"end":{"line":11,"column":null}}]},"2":{"loc":{"start":{"line":22,"column":12},"end":{"line":22,"column":null}},"type":"binary-expr","locations":[{"start":{"line":22,"column":12},"end":{"line":22,"column":28}},{"start":{"line":22,"column":28},"end":{"line":22,"column":null}}]}},"s":{"0":0,"1":0,"2":0,"3":0,"4":0,"5":0,"6":0,"7":0,"8":0,"9":0,"10":0,"11":0,"12":0,"13":0,"14":0,"15":0,"16":0,"17":0,"18":0,"19":0,"20":0,"21":0,"22":0,"23":0,"24":0,"25":0,"26":0,"27":0,"28":0,"29":0,"30":0,"31":0,"32":0,"33":0,"34":0,"35":0,"36":0,"37":0,"38":0,"39":0,"40":0},"f":{"0":0,"1":0,"2":0,"3":0},"b":{"0":[0,0],"1":[0,0],"2":[0,0]}}
,"C:\\Hockey Hub\\services\\communication-service\\src\\entities\\ModerationRule.ts": {"path":"C:\\Hockey Hub\\services\\communication-service\\src\\entities\\ModerationRule.ts","statementMap":{"0":{"start":{"line":1,"column":0},"end":{"line":1,"column":108}},"1":{"start":{"line":3,"column":0},"end":{"line":3,"column":null}},"2":{"start":{"line":4,"column":2},"end":{"line":4,"column":null}},"3":{"start":{"line":5,"column":2},"end":{"line":5,"column":null}},"4":{"start":{"line":6,"column":2},"end":{"line":6,"column":null}},"5":{"start":{"line":7,"column":2},"end":{"line":7,"column":null}},"6":{"start":{"line":8,"column":2},"end":{"line":8,"column":null}},"7":{"start":{"line":9,"column":2},"end":{"line":9,"column":null}},"8":{"start":{"line":12,"column":0},"end":{"line":12,"column":null}},"9":{"start":{"line":13,"column":2},"end":{"line":13,"column":null}},"10":{"start":{"line":14,"column":2},"end":{"line":14,"column":null}},"11":{"start":{"line":15,"column":2},"end":{"line":15,"column":null}},"12":{"start":{"line":16,"column":2},"end":{"line":16,"column":null}},"13":{"start":{"line":17,"column":2},"end":{"line":17,"column":null}},"14":{"start":{"line":20,"column":0},"end":{"line":20,"column":null}},"15":{"start":{"line":21,"column":2},"end":{"line":21,"column":null}},"16":{"start":{"line":22,"column":2},"end":{"line":22,"column":null}},"17":{"start":{"line":23,"column":2},"end":{"line":23,"column":null}},"18":{"start":{"line":24,"column":2},"end":{"line":24,"column":null}},"19":{"start":{"line":31,"column":7},"end":{"line":113,"column":null}},"20":{"start":{"line":31,"column":13},"end":{"line":31,"column":27}},"21":{"start":{"line":33,"column":2},"end":{"line":33,"column":null}},"22":{"start":{"line":36,"column":2},"end":{"line":36,"column":null}},"23":{"start":{"line":39,"column":2},"end":{"line":39,"column":null}},"24":{"start":{"line":45,"column":2},"end":{"line":45,"column":null}},"25":{"start":{"line":51,"column":2},"end":{"line":51,"column":null}},"26":{"start":{"line":58,"column":2},"end":{"line":58,"column":null}},"27":{"start":{"line":61,"column":2},"end":{"line":69,"column":null}},"28":{"start":{"line":72,"column":2},"end":{"line":81,"column":null}},"29":{"start":{"line":84,"column":2},"end":{"line":84,"column":null}},"30":{"start":{"line":87,"column":2},"end":{"line":87,"column":null}},"31":{"start":{"line":90,"column":2},"end":{"line":90,"column":null}},"32":{"start":{"line":94,"column":2},"end":{"line":94,"column":null}},"33":{"start":{"line":98,"column":2},"end":{"line":98,"column":null}},"34":{"start":{"line":101,"column":2},"end":{"line":106,"column":null}},"35":{"start":{"line":109,"column":2},"end":{"line":109,"column":null}},"36":{"start":{"line":112,"column":2},"end":{"line":112,"column":null}},"37":{"start":{"line":31,"column":13},"end":{"line":113,"column":null}}},"fnMap":{"0":{"name":"(anonymous_2)","decl":{"start":{"line":3,"column":0},"end":{"line":3,"column":12}},"loc":{"start":{"line":3,"column":20},"end":{"line":10,"column":1}}},"1":{"name":"(anonymous_3)","decl":{"start":{"line":12,"column":0},"end":{"line":12,"column":12}},"loc":{"start":{"line":12,"column":22},"end":{"line":18,"column":1}}},"2":{"name":"(anonymous_4)","decl":{"start":{"line":20,"column":0},"end":{"line":20,"column":12}},"loc":{"start":{"line":20,"column":24},"end":{"line":25,"column":1}}}},"branchMap":{"0":{"loc":{"start":{"line":3,"column":12},"end":{"line":3,"column":null}},"type":"binary-expr","locations":[{"start":{"line":3,"column":12},"end":{"line":3,"column":20}},{"start":{"line":3,"column":20},"end":{"line":3,"column":null}}]},"1":{"loc":{"start":{"line":12,"column":12},"end":{"line":12,"column":null}},"type":"binary-expr","locations":[{"start":{"line":12,"column":12},"end":{"line":12,"column":22}},{"start":{"line":12,"column":22},"end":{"line":12,"column":null}}]},"2":{"loc":{"start":{"line":20,"column":12},"end":{"line":20,"column":null}},"type":"binary-expr","locations":[{"start":{"line":20,"column":12},"end":{"line":20,"column":24}},{"start":{"line":20,"column":24},"end":{"line":20,"column":null}}]}},"s":{"0":0,"1":0,"2":0,"3":0,"4":0,"5":0,"6":0,"7":0,"8":0,"9":0,"10":0,"11":0,"12":0,"13":0,"14":0,"15":0,"16":0,"17":0,"18":0,"19":0,"20":0,"21":0,"22":0,"23":0,"24":0,"25":0,"26":0,"27":0,"28":0,"29":0,"30":0,"31":0,"32":0,"33":0,"34":0,"35":0,"36":0,"37":0},"f":{"0":0,"1":0,"2":0},"b":{"0":[0,0],"1":[0,0],"2":[0,0]}}
,"C:\\Hockey Hub\\services\\communication-service\\src\\entities\\NotificationPreference.ts": {"path":"C:\\Hockey Hub\\services\\communication-service\\src\\entities\\NotificationPreference.ts","statementMap":{"0":{"start":{"line":1,"column":0},"end":{"line":1,"column":null}},"1":{"start":{"line":10,"column":0},"end":{"line":10,"column":71}},"2":{"start":{"line":16,"column":7},"end":{"line":86,"column":null}},"3":{"start":{"line":16,"column":13},"end":{"line":16,"column":35}},"4":{"start":{"line":18,"column":2},"end":{"line":18,"column":null}},"5":{"start":{"line":21,"column":2},"end":{"line":21,"column":null}},"6":{"start":{"line":24,"column":2},"end":{"line":24,"column":null}},"7":{"start":{"line":30,"column":2},"end":{"line":30,"column":null}},"8":{"start":{"line":36,"column":2},"end":{"line":36,"column":null}},"9":{"start":{"line":39,"column":2},"end":{"line":39,"column":null}},"10":{"start":{"line":43,"column":2},"end":{"line":43,"column":null}},"11":{"start":{"line":46,"column":2},"end":{"line":46,"column":null}},"12":{"start":{"line":49,"column":2},"end":{"line":49,"column":null}},"13":{"start":{"line":52,"column":2},"end":{"line":52,"column":null}},"14":{"start":{"line":56,"column":2},"end":{"line":56,"column":null}},"15":{"start":{"line":59,"column":2},"end":{"line":59,"column":null}},"16":{"start":{"line":62,"column":2},"end":{"line":62,"column":null}},"17":{"start":{"line":66,"column":2},"end":{"line":79,"column":null}},"18":{"start":{"line":82,"column":2},"end":{"line":82,"column":null}},"19":{"start":{"line":85,"column":2},"end":{"line":85,"column":null}},"20":{"start":{"line":16,"column":13},"end":{"line":86,"column":null}}},"fnMap":{},"branchMap":{},"s":{"0":0,"1":0,"2":0,"3":0,"4":0,"5":0,"6":0,"7":0,"8":0,"9":0,"10":0,"11":0,"12":0,"13":0,"14":0,"15":0,"16":0,"17":0,"18":0,"19":0,"20":0},"f":{},"b":{}}
,"C:\\Hockey Hub\\services\\communication-service\\src\\entities\\NotificationQueue.ts": {"path":"C:\\Hockey Hub\\services\\communication-service\\src\\entities\\NotificationQueue.ts","statementMap":{"0":{"start":{"line":1,"column":0},"end":{"line":1,"column":null}},"1":{"start":{"line":9,"column":0},"end":{"line":9,"column":75}},"2":{"start":{"line":11,"column":0},"end":{"line":11,"column":null}},"3":{"start":{"line":12,"column":2},"end":{"line":12,"column":null}},"4":{"start":{"line":13,"column":2},"end":{"line":13,"column":null}},"5":{"start":{"line":14,"column":2},"end":{"line":14,"column":null}},"6":{"start":{"line":15,"column":2},"end":{"line":15,"column":null}},"7":{"start":{"line":16,"column":2},"end":{"line":16,"column":null}},"8":{"start":{"line":23,"column":7},"end":{"line":111,"column":null}},"9":{"start":{"line":23,"column":13},"end":{"line":23,"column":30}},"10":{"start":{"line":25,"column":2},"end":{"line":25,"column":null}},"11":{"start":{"line":28,"column":2},"end":{"line":28,"column":null}},"12":{"start":{"line":34,"column":2},"end":{"line":34,"column":null}},"13":{"start":{"line":41,"column":2},"end":{"line":41,"column":null}},"14":{"start":{"line":48,"column":2},"end":{"line":48,"column":null}},"15":{"start":{"line":51,"column":2},"end":{"line":51,"column":null}},"16":{"start":{"line":54,"column":2},"end":{"line":54,"column":null}},"17":{"start":{"line":57,"column":2},"end":{"line":57,"column":null}},"18":{"start":{"line":60,"column":2},"end":{"line":60,"column":null}},"19":{"start":{"line":63,"column":2},"end":{"line":63,"column":null}},"20":{"start":{"line":66,"column":2},"end":{"line":66,"column":null}},"21":{"start":{"line":69,"column":2},"end":{"line":69,"column":null}},"22":{"start":{"line":73,"column":2},"end":{"line":104,"column":null}},"23":{"start":{"line":107,"column":2},"end":{"line":107,"column":null}},"24":{"start":{"line":110,"column":2},"end":{"line":110,"column":null}},"25":{"start":{"line":23,"column":13},"end":{"line":111,"column":null}}},"fnMap":{"0":{"name":"(anonymous_2)","decl":{"start":{"line":11,"column":0},"end":{"line":11,"column":12}},"loc":{"start":{"line":11,"column":23},"end":{"line":17,"column":1}}}},"branchMap":{"0":{"loc":{"start":{"line":11,"column":12},"end":{"line":11,"column":null}},"type":"binary-expr","locations":[{"start":{"line":11,"column":12},"end":{"line":11,"column":23}},{"start":{"line":11,"column":23},"end":{"line":11,"column":null}}]}},"s":{"0":0,"1":0,"2":0,"3":0,"4":0,"5":0,"6":0,"7":0,"8":0,"9":0,"10":0,"11":0,"12":0,"13":0,"14":0,"15":0,"16":0,"17":0,"18":0,"19":0,"20":0,"21":0,"22":0,"23":0,"24":0,"25":0},"f":{"0":0},"b":{"0":[0,0]}}
,"C:\\Hockey Hub\\services\\communication-service\\src\\entities\\NotificationTemplate.ts": {"path":"C:\\Hockey Hub\\services\\communication-service\\src\\entities\\NotificationTemplate.ts","statementMap":{"0":{"start":{"line":1,"column":0},"end":{"line":1,"column":null}},"1":{"start":{"line":9,"column":0},"end":{"line":9,"column":71}},"2":{"start":{"line":11,"column":0},"end":{"line":11,"column":null}},"3":{"start":{"line":12,"column":2},"end":{"line":12,"column":null}},"4":{"start":{"line":13,"column":2},"end":{"line":13,"column":null}},"5":{"start":{"line":14,"column":2},"end":{"line":14,"column":null}},"6":{"start":{"line":20,"column":7},"end":{"line":91,"column":null}},"7":{"start":{"line":20,"column":13},"end":{"line":20,"column":33}},"8":{"start":{"line":22,"column":2},"end":{"line":22,"column":null}},"9":{"start":{"line":25,"column":2},"end":{"line":25,"column":null}},"10":{"start":{"line":28,"column":2},"end":{"line":28,"column":null}},"11":{"start":{"line":34,"column":2},"end":{"line":34,"column":null}},"12":{"start":{"line":40,"column":2},"end":{"line":40,"column":null}},"13":{"start":{"line":43,"column":2},"end":{"line":43,"column":null}},"14":{"start":{"line":47,"column":2},"end":{"line":47,"column":null}},"15":{"start":{"line":50,"column":2},"end":{"line":50,"column":null}},"16":{"start":{"line":57,"column":2},"end":{"line":57,"column":null}},"17":{"start":{"line":61,"column":2},"end":{"line":61,"column":null}},"18":{"start":{"line":64,"column":2},"end":{"line":64,"column":null}},"19":{"start":{"line":68,"column":2},"end":{"line":68,"column":null}},"20":{"start":{"line":72,"column":2},"end":{"line":72,"column":null}},"21":{"start":{"line":75,"column":2},"end":{"line":75,"column":null}},"22":{"start":{"line":78,"column":2},"end":{"line":78,"column":null}},"23":{"start":{"line":81,"column":2},"end":{"line":81,"column":null}},"24":{"start":{"line":84,"column":2},"end":{"line":84,"column":null}},"25":{"start":{"line":87,"column":2},"end":{"line":87,"column":null}},"26":{"start":{"line":90,"column":2},"end":{"line":90,"column":null}},"27":{"start":{"line":20,"column":13},"end":{"line":91,"column":null}}},"fnMap":{"0":{"name":"(anonymous_2)","decl":{"start":{"line":11,"column":0},"end":{"line":11,"column":12}},"loc":{"start":{"line":11,"column":26},"end":{"line":15,"column":1}}}},"branchMap":{"0":{"loc":{"start":{"line":11,"column":12},"end":{"line":11,"column":null}},"type":"binary-expr","locations":[{"start":{"line":11,"column":12},"end":{"line":11,"column":26}},{"start":{"line":11,"column":26},"end":{"line":11,"column":null}}]}},"s":{"0":0,"1":0,"2":0,"3":0,"4":0,"5":0,"6":0,"7":0,"8":0,"9":0,"10":0,"11":0,"12":0,"13":0,"14":0,"15":0,"16":0,"17":0,"18":0,"19":0,"20":0,"21":0,"22":0,"23":0,"24":0,"25":0,"26":0,"27":0},"f":{"0":0},"b":{"0":[0,0]}}
,"C:\\Hockey Hub\\services\\communication-service\\src\\entities\\PaymentDiscussionReminder.ts": {"path":"C:\\Hockey Hub\\services\\communication-service\\src\\entities\\PaymentDiscussionReminder.ts","statementMap":{"0":{"start":{"line":1,"column":0},"end":{"line":1,"column":null}},"1":{"start":{"line":11,"column":0},"end":{"line":11,"column":56}},"2":{"start":{"line":13,"column":0},"end":{"line":13,"column":null}},"3":{"start":{"line":14,"column":2},"end":{"line":14,"column":null}},"4":{"start":{"line":15,"column":2},"end":{"line":15,"column":null}},"5":{"start":{"line":16,"column":2},"end":{"line":16,"column":null}},"6":{"start":{"line":17,"column":2},"end":{"line":17,"column":null}},"7":{"start":{"line":18,"column":2},"end":{"line":18,"column":null}},"8":{"start":{"line":19,"column":2},"end":{"line":19,"column":null}},"9":{"start":{"line":22,"column":0},"end":{"line":22,"column":null}},"10":{"start":{"line":23,"column":2},"end":{"line":23,"column":null}},"11":{"start":{"line":24,"column":2},"end":{"line":24,"column":null}},"12":{"start":{"line":25,"column":2},"end":{"line":25,"column":null}},"13":{"start":{"line":26,"column":2},"end":{"line":26,"column":null}},"14":{"start":{"line":27,"column":2},"end":{"line":27,"column":null}},"15":{"start":{"line":33,"column":7},"end":{"line":120,"column":null}},"16":{"start":{"line":33,"column":13},"end":{"line":33,"column":38}},"17":{"start":{"line":35,"column":2},"end":{"line":35,"column":null}},"18":{"start":{"line":38,"column":2},"end":{"line":38,"column":null}},"19":{"start":{"line":42,"column":2},"end":{"line":42,"column":null}},"20":{"start":{"line":40,"column":19},"end":{"line":40,"column":36}},"21":{"start":{"line":48,"column":2},"end":{"line":48,"column":null}},"22":{"start":{"line":55,"column":2},"end":{"line":55,"column":null}},"23":{"start":{"line":58,"column":2},"end":{"line":58,"column":null}},"24":{"start":{"line":61,"column":2},"end":{"line":61,"column":null}},"25":{"start":{"line":64,"column":2},"end":{"line":64,"column":null}},"26":{"start":{"line":67,"column":2},"end":{"line":67,"column":null}},"27":{"start":{"line":70,"column":2},"end":{"line":70,"column":null}},"28":{"start":{"line":73,"column":2},"end":{"line":73,"column":null}},"29":{"start":{"line":76,"column":2},"end":{"line":81,"column":null}},"30":{"start":{"line":84,"column":2},"end":{"line":91,"column":null}},"31":{"start":{"line":94,"column":2},"end":{"line":94,"column":null}},"32":{"start":{"line":97,"column":2},"end":{"line":101,"column":null}},"33":{"start":{"line":104,"column":2},"end":{"line":104,"column":null}},"34":{"start":{"line":107,"column":2},"end":{"line":107,"column":null}},"35":{"start":{"line":110,"column":2},"end":{"line":110,"column":null}},"36":{"start":{"line":113,"column":2},"end":{"line":113,"column":null}},"37":{"start":{"line":116,"column":2},"end":{"line":116,"column":null}},"38":{"start":{"line":119,"column":2},"end":{"line":119,"column":null}},"39":{"start":{"line":33,"column":13},"end":{"line":120,"column":null}}},"fnMap":{"0":{"name":"(anonymous_2)","decl":{"start":{"line":13,"column":0},"end":{"line":13,"column":12}},"loc":{"start":{"line":13,"column":31},"end":{"line":20,"column":1}}},"1":{"name":"(anonymous_3)","decl":{"start":{"line":22,"column":0},"end":{"line":22,"column":12}},"loc":{"start":{"line":22,"column":33},"end":{"line":28,"column":1}}},"2":{"name":"(anonymous_4)","decl":{"start":{"line":40,"column":13},"end":{"line":40,"column":16}},"loc":{"start":{"line":40,"column":19},"end":{"line":40,"column":36}}}},"branchMap":{"0":{"loc":{"start":{"line":13,"column":12},"end":{"line":13,"column":null}},"type":"binary-expr","locations":[{"start":{"line":13,"column":12},"end":{"line":13,"column":31}},{"start":{"line":13,"column":31},"end":{"line":13,"column":null}}]},"1":{"loc":{"start":{"line":22,"column":12},"end":{"line":22,"column":null}},"type":"binary-expr","locations":[{"start":{"line":22,"column":12},"end":{"line":22,"column":33}},{"start":{"line":22,"column":33},"end":{"line":22,"column":null}}]}},"s":{"0":0,"1":0,"2":0,"3":0,"4":0,"5":0,"6":0,"7":0,"8":0,"9":0,"10":0,"11":0,"12":0,"13":0,"14":0,"15":0,"16":0,"17":0,"18":0,"19":0,"20":0,"21":0,"22":0,"23":0,"24":0,"25":0,"26":0,"27":0,"28":0,"29":0,"30":0,"31":0,"32":0,"33":0,"34":0,"35":0,"36":0,"37":0,"38":0,"39":0},"f":{"0":0,"1":0,"2":0},"b":{"0":[0,0],"1":[0,0]}}
,"C:\\Hockey Hub\\services\\communication-service\\src\\entities\\PerformanceDiscussion.ts": {"path":"C:\\Hockey Hub\\services\\communication-service\\src\\entities\\PerformanceDiscussion.ts","statementMap":{"0":{"start":{"line":1,"column":0},"end":{"line":1,"column":null}},"1":{"start":{"line":12,"column":0},"end":{"line":12,"column":46}},"2":{"start":{"line":13,"column":0},"end":{"line":13,"column":58}},"3":{"start":{"line":15,"column":0},"end":{"line":15,"column":null}},"4":{"start":{"line":16,"column":2},"end":{"line":16,"column":null}},"5":{"start":{"line":17,"column":2},"end":{"line":17,"column":null}},"6":{"start":{"line":18,"column":2},"end":{"line":18,"column":null}},"7":{"start":{"line":19,"column":2},"end":{"line":19,"column":null}},"8":{"start":{"line":20,"column":2},"end":{"line":20,"column":null}},"9":{"start":{"line":21,"column":2},"end":{"line":21,"column":null}},"10":{"start":{"line":22,"column":2},"end":{"line":22,"column":null}},"11":{"start":{"line":23,"column":2},"end":{"line":23,"column":null}},"12":{"start":{"line":24,"column":2},"end":{"line":24,"column":null}},"13":{"start":{"line":27,"column":0},"end":{"line":27,"column":null}},"14":{"start":{"line":28,"column":2},"end":{"line":28,"column":null}},"15":{"start":{"line":29,"column":2},"end":{"line":29,"column":null}},"16":{"start":{"line":30,"column":2},"end":{"line":30,"column":null}},"17":{"start":{"line":31,"column":2},"end":{"line":31,"column":null}},"18":{"start":{"line":32,"column":2},"end":{"line":32,"column":null}},"19":{"start":{"line":35,"column":0},"end":{"line":35,"column":null}},"20":{"start":{"line":36,"column":2},"end":{"line":36,"column":null}},"21":{"start":{"line":37,"column":2},"end":{"line":37,"column":null}},"22":{"start":{"line":38,"column":2},"end":{"line":38,"column":null}},"23":{"start":{"line":39,"column":2},"end":{"line":39,"column":null}},"24":{"start":{"line":47,"column":7},"end":{"line":170,"column":null}},"25":{"start":{"line":47,"column":13},"end":{"line":47,"column":34}},"26":{"start":{"line":49,"column":2},"end":{"line":49,"column":null}},"27":{"start":{"line":52,"column":2},"end":{"line":52,"column":null}},"28":{"start":{"line":56,"column":2},"end":{"line":56,"column":null}},"29":{"start":{"line":54,"column":19},"end":{"line":54,"column":31}},"30":{"start":{"line":59,"column":2},"end":{"line":59,"column":null}},"31":{"start":{"line":62,"column":2},"end":{"line":62,"column":null}},"32":{"start":{"line":65,"column":2},"end":{"line":65,"column":null}},"33":{"start":{"line":69,"column":2},"end":{"line":69,"column":null}},"34":{"start":{"line":67,"column":19},"end":{"line":67,"column":37}},"35":{"start":{"line":76,"column":2},"end":{"line":76,"column":null}},"36":{"start":{"line":79,"column":2},"end":{"line":79,"column":null}},"37":{"start":{"line":82,"column":2},"end":{"line":82,"column":null}},"38":{"start":{"line":85,"column":2},"end":{"line":85,"column":null}},"39":{"start":{"line":88,"column":2},"end":{"line":88,"column":null}},"40":{"start":{"line":91,"column":2},"end":{"line":98,"column":null}},"41":{"start":{"line":101,"column":2},"end":{"line":107,"column":null}},"42":{"start":{"line":110,"column":2},"end":{"line":117,"column":null}},"43":{"start":{"line":120,"column":2},"end":{"line":120,"column":null}},"44":{"start":{"line":123,"column":2},"end":{"line":123,"column":null}},"45":{"start":{"line":126,"column":2},"end":{"line":131,"column":null}},"46":{"start":{"line":134,"column":2},"end":{"line":134,"column":null}},"47":{"start":{"line":142,"column":2},"end":{"line":142,"column":null}},"48":{"start":{"line":145,"column":2},"end":{"line":145,"column":null}},"49":{"start":{"line":148,"column":2},"end":{"line":148,"column":null}},"50":{"start":{"line":151,"column":2},"end":{"line":151,"column":null}},"51":{"start":{"line":154,"column":2},"end":{"line":154,"column":null}},"52":{"start":{"line":157,"column":2},"end":{"line":157,"column":null}},"53":{"start":{"line":160,"column":2},"end":{"line":160,"column":null}},"54":{"start":{"line":163,"column":2},"end":{"line":163,"column":null}},"55":{"start":{"line":166,"column":2},"end":{"line":166,"column":null}},"56":{"start":{"line":169,"column":2},"end":{"line":169,"column":null}},"57":{"start":{"line":47,"column":13},"end":{"line":170,"column":null}},"58":{"start":{"line":174,"column":7},"end":{"line":220,"column":null}},"59":{"start":{"line":174,"column":13},"end":{"line":174,"column":32}},"60":{"start":{"line":176,"column":2},"end":{"line":176,"column":null}},"61":{"start":{"line":179,"column":2},"end":{"line":179,"column":null}},"62":{"start":{"line":183,"column":2},"end":{"line":183,"column":null}},"63":{"start":{"line":181,"column":19},"end":{"line":181,"column":40}},"64":{"start":{"line":186,"column":2},"end":{"line":186,"column":null}},"65":{"start":{"line":192,"column":2},"end":{"line":192,"column":null}},"66":{"start":{"line":195,"column":2},"end":{"line":195,"column":null}},"67":{"start":{"line":198,"column":2},"end":{"line":202,"column":null}},"68":{"start":{"line":205,"column":2},"end":{"line":210,"column":null}},"69":{"start":{"line":213,"column":2},"end":{"line":213,"column":null}},"70":{"start":{"line":216,"column":2},"end":{"line":216,"column":null}},"71":{"start":{"line":219,"column":2},"end":{"line":219,"column":null}},"72":{"start":{"line":174,"column":13},"end":{"line":220,"column":null}}},"fnMap":{"0":{"name":"(anonymous_2)","decl":{"start":{"line":15,"column":0},"end":{"line":15,"column":12}},"loc":{"start":{"line":15,"column":33},"end":{"line":25,"column":1}}},"1":{"name":"(anonymous_3)","decl":{"start":{"line":27,"column":0},"end":{"line":27,"column":12}},"loc":{"start":{"line":27,"column":29},"end":{"line":33,"column":1}}},"2":{"name":"(anonymous_4)","decl":{"start":{"line":35,"column":0},"end":{"line":35,"column":12}},"loc":{"start":{"line":35,"column":28},"end":{"line":40,"column":1}}},"3":{"name":"(anonymous_5)","decl":{"start":{"line":54,"column":13},"end":{"line":54,"column":16}},"loc":{"start":{"line":54,"column":19},"end":{"line":54,"column":31}}},"4":{"name":"(anonymous_6)","decl":{"start":{"line":67,"column":13},"end":{"line":67,"column":16}},"loc":{"start":{"line":67,"column":19},"end":{"line":67,"column":37}}},"5":{"name":"(anonymous_7)","decl":{"start":{"line":181,"column":13},"end":{"line":181,"column":16}},"loc":{"start":{"line":181,"column":19},"end":{"line":181,"column":40}}}},"branchMap":{"0":{"loc":{"start":{"line":15,"column":12},"end":{"line":15,"column":null}},"type":"binary-expr","locations":[{"start":{"line":15,"column":12},"end":{"line":15,"column":33}},{"start":{"line":15,"column":33},"end":{"line":15,"column":null}}]},"1":{"loc":{"start":{"line":27,"column":12},"end":{"line":27,"column":null}},"type":"binary-expr","locations":[{"start":{"line":27,"column":12},"end":{"line":27,"column":29}},{"start":{"line":27,"column":29},"end":{"line":27,"column":null}}]},"2":{"loc":{"start":{"line":35,"column":12},"end":{"line":35,"column":null}},"type":"binary-expr","locations":[{"start":{"line":35,"column":12},"end":{"line":35,"column":28}},{"start":{"line":35,"column":28},"end":{"line":35,"column":null}}]}},"s":{"0":0,"1":0,"2":0,"3":0,"4":0,"5":0,"6":0,"7":0,"8":0,"9":0,"10":0,"11":0,"12":0,"13":0,"14":0,"15":0,"16":0,"17":0,"18":0,"19":0,"20":0,"21":0,"22":0,"23":0,"24":0,"25":0,"26":0,"27":0,"28":0,"29":0,"30":0,"31":0,"32":0,"33":0,"34":0,"35":0,"36":0,"37":0,"38":0,"39":0,"40":0,"41":0,"42":0,"43":0,"44":0,"45":0,"46":0,"47":0,"48":0,"49":0,"50":0,"51":0,"52":0,"53":0,"54":0,"55":0,"56":0,"57":0,"58":0,"59":0,"60":0,"61":0,"62":0,"63":0,"64":0,"65":0,"66":0,"67":0,"68":0,"69":0,"70":0,"71":0,"72":0},"f":{"0":0,"1":0,"2":0,"3":0,"4":0,"5":0},"b":{"0":[0,0],"1":[0,0],"2":[0,0]}}
,"C:\\Hockey Hub\\services\\communication-service\\src\\entities\\PrivacySettings.ts": {"path":"C:\\Hockey Hub\\services\\communication-service\\src\\entities\\PrivacySettings.ts","statementMap":{"0":{"start":{"line":1,"column":0},"end":{"line":1,"column":92}},"1":{"start":{"line":3,"column":0},"end":{"line":3,"column":null}},"2":{"start":{"line":4,"column":2},"end":{"line":4,"column":null}},"3":{"start":{"line":5,"column":2},"end":{"line":5,"column":null}},"4":{"start":{"line":6,"column":2},"end":{"line":6,"column":null}},"5":{"start":{"line":7,"column":2},"end":{"line":7,"column":null}},"6":{"start":{"line":10,"column":0},"end":{"line":10,"column":null}},"7":{"start":{"line":11,"column":2},"end":{"line":11,"column":null}},"8":{"start":{"line":12,"column":2},"end":{"line":12,"column":null}},"9":{"start":{"line":13,"column":2},"end":{"line":13,"column":null}},"10":{"start":{"line":14,"column":2},"end":{"line":14,"column":null}},"11":{"start":{"line":18,"column":7},"end":{"line":58,"column":null}},"12":{"start":{"line":18,"column":13},"end":{"line":18,"column":28}},"13":{"start":{"line":20,"column":2},"end":{"line":20,"column":null}},"14":{"start":{"line":28,"column":2},"end":{"line":28,"column":null}},"15":{"start":{"line":36,"column":2},"end":{"line":36,"column":null}},"16":{"start":{"line":39,"column":2},"end":{"line":39,"column":null}},"17":{"start":{"line":42,"column":2},"end":{"line":42,"column":null}},"18":{"start":{"line":45,"column":2},"end":{"line":45,"column":null}},"19":{"start":{"line":48,"column":2},"end":{"line":48,"column":null}},"20":{"start":{"line":51,"column":2},"end":{"line":51,"column":null}},"21":{"start":{"line":54,"column":2},"end":{"line":54,"column":null}},"22":{"start":{"line":57,"column":2},"end":{"line":57,"column":null}},"23":{"start":{"line":18,"column":13},"end":{"line":58,"column":null}}},"fnMap":{"0":{"name":"(anonymous_2)","decl":{"start":{"line":3,"column":0},"end":{"line":3,"column":12}},"loc":{"start":{"line":3,"column":26},"end":{"line":8,"column":1}}},"1":{"name":"(anonymous_3)","decl":{"start":{"line":10,"column":0},"end":{"line":10,"column":12}},"loc":{"start":{"line":10,"column":28},"end":{"line":15,"column":1}}}},"branchMap":{"0":{"loc":{"start":{"line":3,"column":12},"end":{"line":3,"column":null}},"type":"binary-expr","locations":[{"start":{"line":3,"column":12},"end":{"line":3,"column":26}},{"start":{"line":3,"column":26},"end":{"line":3,"column":null}}]},"1":{"loc":{"start":{"line":10,"column":12},"end":{"line":10,"column":null}},"type":"binary-expr","locations":[{"start":{"line":10,"column":12},"end":{"line":10,"column":28}},{"start":{"line":10,"column":28},"end":{"line":10,"column":null}}]}},"s":{"0":0,"1":0,"2":0,"3":0,"4":0,"5":0,"6":0,"7":0,"8":0,"9":0,"10":0,"11":0,"12":0,"13":0,"14":0,"15":0,"16":0,"17":0,"18":0,"19":0,"20":0,"21":0,"22":0,"23":0},"f":{"0":0,"1":0},"b":{"0":[0,0],"1":[0,0]}}
,"C:\\Hockey Hub\\services\\communication-service\\src\\entities\\PushSubscription.ts": {"path":"C:\\Hockey Hub\\services\\communication-service\\src\\entities\\PushSubscription.ts","statementMap":{"0":{"start":{"line":1,"column":0},"end":{"line":1,"column":108}},"1":{"start":{"line":6,"column":7},"end":{"line":46,"column":null}},"2":{"start":{"line":6,"column":13},"end":{"line":6,"column":29}},"3":{"start":{"line":8,"column":2},"end":{"line":8,"column":null}},"4":{"start":{"line":12,"column":2},"end":{"line":12,"column":null}},"5":{"start":{"line":15,"column":2},"end":{"line":15,"column":null}},"6":{"start":{"line":18,"column":2},"end":{"line":18,"column":null}},"7":{"start":{"line":21,"column":2},"end":{"line":21,"column":null}},"8":{"start":{"line":24,"column":2},"end":{"line":24,"column":null}},"9":{"start":{"line":27,"column":2},"end":{"line":27,"column":null}},"10":{"start":{"line":30,"column":2},"end":{"line":30,"column":null}},"11":{"start":{"line":33,"column":2},"end":{"line":33,"column":null}},"12":{"start":{"line":36,"column":2},"end":{"line":36,"column":null}},"13":{"start":{"line":39,"column":2},"end":{"line":39,"column":null}},"14":{"start":{"line":42,"column":2},"end":{"line":42,"column":null}},"15":{"start":{"line":45,"column":2},"end":{"line":45,"column":null}},"16":{"start":{"line":6,"column":13},"end":{"line":46,"column":null}}},"fnMap":{},"branchMap":{},"s":{"0":0,"1":0,"2":0,"3":0,"4":0,"5":0,"6":0,"7":0,"8":0,"9":0,"10":0,"11":0,"12":0,"13":0,"14":0,"15":0,"16":0},"f":{},"b":{}}
,"C:\\Hockey Hub\\services\\communication-service\\src\\entities\\ScheduledMessage.ts": {"path":"C:\\Hockey Hub\\services\\communication-service\\src\\entities\\ScheduledMessage.ts","statementMap":{"0":{"start":{"line":1,"column":0},"end":{"line":1,"column":null}},"1":{"start":{"line":11,"column":0},"end":{"line":11,"column":46}},"2":{"start":{"line":13,"column":0},"end":{"line":13,"column":null}},"3":{"start":{"line":14,"column":2},"end":{"line":14,"column":null}},"4":{"start":{"line":15,"column":2},"end":{"line":15,"column":null}},"5":{"start":{"line":16,"column":2},"end":{"line":16,"column":null}},"6":{"start":{"line":17,"column":2},"end":{"line":17,"column":null}},"7":{"start":{"line":24,"column":7},"end":{"line":96,"column":null}},"8":{"start":{"line":24,"column":13},"end":{"line":24,"column":29}},"9":{"start":{"line":26,"column":2},"end":{"line":26,"column":null}},"10":{"start":{"line":29,"column":2},"end":{"line":29,"column":null}},"11":{"start":{"line":33,"column":2},"end":{"line":33,"column":null}},"12":{"start":{"line":31,"column":19},"end":{"line":31,"column":31}},"13":{"start":{"line":36,"column":2},"end":{"line":36,"column":null}},"14":{"start":{"line":39,"column":2},"end":{"line":39,"column":null}},"15":{"start":{"line":46,"column":2},"end":{"line":46,"column":null}},"16":{"start":{"line":49,"column":2},"end":{"line":49,"column":null}},"17":{"start":{"line":52,"column":2},"end":{"line":52,"column":null}},"18":{"start":{"line":55,"column":2},"end":{"line":55,"column":null}},"19":{"start":{"line":58,"column":2},"end":{"line":58,"column":null}},"20":{"start":{"line":65,"column":2},"end":{"line":65,"column":null}},"21":{"start":{"line":68,"column":2},"end":{"line":68,"column":null}},"22":{"start":{"line":71,"column":2},"end":{"line":71,"column":null}},"23":{"start":{"line":74,"column":2},"end":{"line":74,"column":null}},"24":{"start":{"line":77,"column":2},"end":{"line":77,"column":null}},"25":{"start":{"line":80,"column":2},"end":{"line":80,"column":null}},"26":{"start":{"line":83,"column":2},"end":{"line":83,"column":null}},"27":{"start":{"line":86,"column":2},"end":{"line":86,"column":null}},"28":{"start":{"line":89,"column":2},"end":{"line":89,"column":null}},"29":{"start":{"line":92,"column":2},"end":{"line":92,"column":null}},"30":{"start":{"line":95,"column":2},"end":{"line":95,"column":null}},"31":{"start":{"line":24,"column":13},"end":{"line":96,"column":null}}},"fnMap":{"0":{"name":"(anonymous_2)","decl":{"start":{"line":13,"column":0},"end":{"line":13,"column":12}},"loc":{"start":{"line":13,"column":34},"end":{"line":18,"column":1}}},"1":{"name":"(anonymous_3)","decl":{"start":{"line":31,"column":13},"end":{"line":31,"column":16}},"loc":{"start":{"line":31,"column":19},"end":{"line":31,"column":31}}}},"branchMap":{"0":{"loc":{"start":{"line":13,"column":12},"end":{"line":13,"column":null}},"type":"binary-expr","locations":[{"start":{"line":13,"column":12},"end":{"line":13,"column":34}},{"start":{"line":13,"column":34},"end":{"line":13,"column":null}}]}},"s":{"0":0,"1":0,"2":0,"3":0,"4":0,"5":0,"6":0,"7":0,"8":0,"9":0,"10":0,"11":0,"12":0,"13":0,"14":0,"15":0,"16":0,"17":0,"18":0,"19":0,"20":0,"21":0,"22":0,"23":0,"24":0,"25":0,"26":0,"27":0,"28":0,"29":0,"30":0,"31":0},"f":{"0":0,"1":0},"b":{"0":[0,0]}}
,"C:\\Hockey Hub\\services\\communication-service\\src\\entities\\SystemAnnouncementRecipient.ts": {"path":"C:\\Hockey Hub\\services\\communication-service\\src\\entities\\SystemAnnouncementRecipient.ts","statementMap":{"0":{"start":{"line":1,"column":0},"end":{"line":1,"column":null}},"1":{"start":{"line":11,"column":0},"end":{"line":11,"column":58}},"2":{"start":{"line":13,"column":0},"end":{"line":13,"column":null}},"3":{"start":{"line":14,"column":2},"end":{"line":14,"column":null}},"4":{"start":{"line":15,"column":2},"end":{"line":15,"column":null}},"5":{"start":{"line":16,"column":2},"end":{"line":16,"column":null}},"6":{"start":{"line":17,"column":2},"end":{"line":17,"column":null}},"7":{"start":{"line":18,"column":2},"end":{"line":18,"column":null}},"8":{"start":{"line":19,"column":2},"end":{"line":19,"column":null}},"9":{"start":{"line":26,"column":7},"end":{"line":88,"column":null}},"10":{"start":{"line":26,"column":13},"end":{"line":26,"column":40}},"11":{"start":{"line":28,"column":2},"end":{"line":28,"column":null}},"12":{"start":{"line":31,"column":2},"end":{"line":31,"column":null}},"13":{"start":{"line":38,"column":2},"end":{"line":38,"column":null}},"14":{"start":{"line":41,"column":2},"end":{"line":41,"column":null}},"15":{"start":{"line":44,"column":2},"end":{"line":44,"column":null}},"16":{"start":{"line":47,"column":2},"end":{"line":47,"column":null}},"17":{"start":{"line":50,"column":2},"end":{"line":50,"column":null}},"18":{"start":{"line":53,"column":2},"end":{"line":53,"column":null}},"19":{"start":{"line":56,"column":2},"end":{"line":56,"column":null}},"20":{"start":{"line":59,"column":2},"end":{"line":59,"column":null}},"21":{"start":{"line":62,"column":2},"end":{"line":62,"column":null}},"22":{"start":{"line":65,"column":2},"end":{"line":65,"column":null}},"23":{"start":{"line":68,"column":2},"end":{"line":68,"column":null}},"24":{"start":{"line":71,"column":2},"end":{"line":71,"column":null}},"25":{"start":{"line":74,"column":2},"end":{"line":79,"column":null}},"26":{"start":{"line":84,"column":2},"end":{"line":84,"column":null}},"27":{"start":{"line":82,"column":19},"end":{"line":82,"column":37}},"28":{"start":{"line":26,"column":13},"end":{"line":88,"column":null}}},"fnMap":{"0":{"name":"(anonymous_2)","decl":{"start":{"line":13,"column":0},"end":{"line":13,"column":12}},"loc":{"start":{"line":13,"column":33},"end":{"line":20,"column":1}}},"1":{"name":"(anonymous_3)","decl":{"start":{"line":82,"column":13},"end":{"line":82,"column":16}},"loc":{"start":{"line":82,"column":19},"end":{"line":82,"column":37}}}},"branchMap":{"0":{"loc":{"start":{"line":13,"column":12},"end":{"line":13,"column":null}},"type":"binary-expr","locations":[{"start":{"line":13,"column":12},"end":{"line":13,"column":33}},{"start":{"line":13,"column":33},"end":{"line":13,"column":null}}]}},"s":{"0":0,"1":0,"2":0,"3":0,"4":0,"5":0,"6":0,"7":0,"8":0,"9":0,"10":0,"11":0,"12":0,"13":0,"14":0,"15":0,"16":0,"17":0,"18":0,"19":0,"20":0,"21":0,"22":0,"23":0,"24":0,"25":0,"26":0,"27":0,"28":0},"f":{"0":0,"1":0},"b":{"0":[0,0]}}
,"C:\\Hockey Hub\\services\\communication-service\\src\\entities\\TrainingDiscussion.ts": {"path":"C:\\Hockey Hub\\services\\communication-service\\src\\entities\\TrainingDiscussion.ts","statementMap":{"0":{"start":{"line":1,"column":0},"end":{"line":1,"column":null}},"1":{"start":{"line":13,"column":0},"end":{"line":13,"column":46}},"2":{"start":{"line":15,"column":0},"end":{"line":15,"column":null}},"3":{"start":{"line":16,"column":2},"end":{"line":16,"column":null}},"4":{"start":{"line":17,"column":2},"end":{"line":17,"column":null}},"5":{"start":{"line":18,"column":2},"end":{"line":18,"column":null}},"6":{"start":{"line":19,"column":2},"end":{"line":19,"column":null}},"7":{"start":{"line":22,"column":0},"end":{"line":22,"column":null}},"8":{"start":{"line":23,"column":2},"end":{"line":23,"column":null}},"9":{"start":{"line":24,"column":2},"end":{"line":24,"column":null}},"10":{"start":{"line":25,"column":2},"end":{"line":25,"column":null}},"11":{"start":{"line":26,"column":2},"end":{"line":26,"column":null}},"12":{"start":{"line":33,"column":7},"end":{"line":103,"column":null}},"13":{"start":{"line":33,"column":13},"end":{"line":33,"column":31}},"14":{"start":{"line":35,"column":2},"end":{"line":35,"column":null}},"15":{"start":{"line":38,"column":2},"end":{"line":38,"column":null}},"16":{"start":{"line":42,"column":2},"end":{"line":42,"column":null}},"17":{"start":{"line":40,"column":19},"end":{"line":40,"column":31}},"18":{"start":{"line":45,"column":2},"end":{"line":45,"column":null}},"19":{"start":{"line":51,"column":2},"end":{"line":51,"column":null}},"20":{"start":{"line":54,"column":2},"end":{"line":54,"column":null}},"21":{"start":{"line":57,"column":2},"end":{"line":57,"column":null}},"22":{"start":{"line":60,"column":2},"end":{"line":60,"column":null}},"23":{"start":{"line":63,"column":2},"end":{"line":63,"column":null}},"24":{"start":{"line":66,"column":2},"end":{"line":66,"column":null}},"25":{"start":{"line":73,"column":2},"end":{"line":73,"column":null}},"26":{"start":{"line":76,"column":2},"end":{"line":84,"column":null}},"27":{"start":{"line":87,"column":2},"end":{"line":87,"column":null}},"28":{"start":{"line":90,"column":2},"end":{"line":90,"column":null}},"29":{"start":{"line":93,"column":2},"end":{"line":93,"column":null}},"30":{"start":{"line":96,"column":2},"end":{"line":96,"column":null}},"31":{"start":{"line":99,"column":2},"end":{"line":99,"column":null}},"32":{"start":{"line":102,"column":2},"end":{"line":102,"column":null}},"33":{"start":{"line":101,"column":19},"end":{"line":101,"column":37}},"34":{"start":{"line":101,"column":53},"end":{"line":101,"column":81}},"35":{"start":{"line":33,"column":13},"end":{"line":103,"column":null}},"36":{"start":{"line":107,"column":7},"end":{"line":154,"column":null}},"37":{"start":{"line":107,"column":13},"end":{"line":107,"column":31}},"38":{"start":{"line":109,"column":2},"end":{"line":109,"column":null}},"39":{"start":{"line":112,"column":2},"end":{"line":112,"column":null}},"40":{"start":{"line":116,"column":2},"end":{"line":116,"column":null}},"41":{"start":{"line":114,"column":19},"end":{"line":114,"column":37}},"42":{"start":{"line":119,"column":2},"end":{"line":119,"column":null}},"43":{"start":{"line":122,"column":2},"end":{"line":122,"column":null}},"44":{"start":{"line":125,"column":2},"end":{"line":125,"column":null}},"45":{"start":{"line":128,"column":2},"end":{"line":128,"column":null}},"46":{"start":{"line":132,"column":2},"end":{"line":132,"column":null}},"47":{"start":{"line":130,"column":19},"end":{"line":130,"column":31}},"48":{"start":{"line":135,"column":2},"end":{"line":141,"column":null}},"49":{"start":{"line":144,"column":2},"end":{"line":144,"column":null}},"50":{"start":{"line":147,"column":2},"end":{"line":147,"column":null}},"51":{"start":{"line":150,"column":2},"end":{"line":150,"column":null}},"52":{"start":{"line":153,"column":2},"end":{"line":153,"column":null}},"53":{"start":{"line":107,"column":13},"end":{"line":154,"column":null}}},"fnMap":{"0":{"name":"(anonymous_2)","decl":{"start":{"line":15,"column":0},"end":{"line":15,"column":12}},"loc":{"start":{"line":15,"column":31},"end":{"line":20,"column":1}}},"1":{"name":"(anonymous_3)","decl":{"start":{"line":22,"column":0},"end":{"line":22,"column":12}},"loc":{"start":{"line":22,"column":28},"end":{"line":27,"column":1}}},"2":{"name":"(anonymous_4)","decl":{"start":{"line":40,"column":13},"end":{"line":40,"column":16}},"loc":{"start":{"line":40,"column":19},"end":{"line":40,"column":31}}},"3":{"name":"(anonymous_5)","decl":{"start":{"line":101,"column":13},"end":{"line":101,"column":16}},"loc":{"start":{"line":101,"column":19},"end":{"line":101,"column":37}}},"4":{"name":"(anonymous_6)","decl":{"start":{"line":101,"column":39},"end":{"line":101,"column":40}},"loc":{"start":{"line":101,"column":53},"end":{"line":101,"column":81}}},"5":{"name":"(anonymous_7)","decl":{"start":{"line":114,"column":13},"end":{"line":114,"column":16}},"loc":{"start":{"line":114,"column":19},"end":{"line":114,"column":37}}},"6":{"name":"(anonymous_8)","decl":{"start":{"line":130,"column":13},"end":{"line":130,"column":16}},"loc":{"start":{"line":130,"column":19},"end":{"line":130,"column":31}}}},"branchMap":{"0":{"loc":{"start":{"line":15,"column":12},"end":{"line":15,"column":null}},"type":"binary-expr","locations":[{"start":{"line":15,"column":12},"end":{"line":15,"column":31}},{"start":{"line":15,"column":31},"end":{"line":15,"column":null}}]},"1":{"loc":{"start":{"line":22,"column":12},"end":{"line":22,"column":null}},"type":"binary-expr","locations":[{"start":{"line":22,"column":12},"end":{"line":22,"column":28}},{"start":{"line":22,"column":28},"end":{"line":22,"column":null}}]}},"s":{"0":0,"1":0,"2":0,"3":0,"4":0,"5":0,"6":0,"7":0,"8":0,"9":0,"10":0,"11":0,"12":0,"13":0,"14":0,"15":0,"16":0,"17":0,"18":0,"19":0,"20":0,"21":0,"22":0,"23":0,"24":0,"25":0,"26":0,"27":0,"28":0,"29":0,"30":0,"31":0,"32":0,"33":0,"34":0,"35":0,"36":0,"37":0,"38":0,"39":0,"40":0,"41":0,"42":0,"43":0,"44":0,"45":0,"46":0,"47":0,"48":0,"49":0,"50":0,"51":0,"52":0,"53":0},"f":{"0":0,"1":0,"2":0,"3":0,"4":0,"5":0,"6":0},"b":{"0":[0,0],"1":[0,0]}}
[...]
":0},"end":{"line":3,"column":13}}},"fnMap":{"0":{"name":"(anonymous_0)","decl":{"start":{"line":4,"column":9},"end":{"line":4,"column":14}},"loc":{"start":{"line":4,"column":42},"end":{"line":106,"column":3}}},"1":{"name":"(anonymous_1)","decl":{"start":{"line":108,"column":9},"end":{"line":108,"column":14}},"loc":{"start":{"line":108,"column":44},"end":{"line":154,"column":3}}}},"branchMap":{"0":{"loc":{"start":{"line":49,"column":6},"end":{"line":52,"column":7}},"type":"if","locations":[{"start":{"line":49,"column":6},"end":{"line":52,"column":7}}]},"1":{"loc":{"start":{"line":57,"column":8},"end":{"line":66,"column":9}},"type":"if","locations":[{"start":{"line":57,"column":8},"end":{"line":66,"column":9}}]},"2":{"loc":{"start":{"line":59,"column":10},"end":{"line":64,"column":11}},"type":"if","locations":[{"start":{"line":59,"column":10},"end":{"line":64,"column":11}}]},"3":{"loc":{"start":{"line":61,"column":12},"end":{"line":63,"column":13}},"type":"if","locations":[{"start":{"line":61,"column":12},"end":{"line":63,"column":13}}]},"4":{"loc":{"start":{"line":72,"column":4},"end":{"line":78,"column":5}},"type":"if","locations":[{"start":{"line":72,"column":4},"end":{"line":78,"column":5}}]},"5":{"loc":{"start":{"line":82,"column":4},"end":{"line":84,"column":5}},"type":"if","locations":[{"start":{"line":82,"column":4},"end":{"line":84,"column":5}}]},"6":{"loc":{"start":{"line":136,"column":6},"end":{"line":136,"column":33}},"type":"if","locations":[{"start":{"line":136,"column":6},"end":{"line":136,"column":33}}]},"7":{"loc":{"start":{"line":140,"column":8},"end":{"line":151,"column":9}},"type":"if","locations":[{"start":{"line":140,"column":8},"end":{"line":151,"column":9}}]},"8":{"loc":{"start":{"line":142,"column":10},"end":{"line":149,"column":11}},"type":"if","locations":[{"start":{"line":142,"column":10},"end":{"line":149,"column":11}}]},"9":{"loc":{"start":{"line":142,"column":14},"end":{"line":142,"column":74}},"type":"binary-expr","locations":[{"start":{"line":142,"column":14},"end":{"line":142,"column":43}},{"start":{"line":142,"column":47},"end":{"line":142,"column":74}}]}},"s":{"0":0,"1":0,"2":0,"3":0,"4":0,"5":0,"6":0,"7":0,"8":0,"9":0,"10":0,"11":0,"12":0,"13":0,"14":0,"15":0,"16":0,"17":0,"18":0,"19":0,"20":0,"21":0,"22":0,"23":0,"24":0,"25":0,"26":0,"27":0,"28":0,"29":0,"30":0,"31":0,"32":0,"33":0,"34":0,"35":0,"36":0,"37":0},"f":{"0":0,"1":0},"b":{"0":[0],"1":[0],"2":[0],"3":[0],"4":[0],"5":[0],"6":[0],"7":[0],"8":[0],"9":[0,0]}}
,"C:\\Hockey Hub\\services\\communication-service\\src\\migrations\\1735650000000-AddModerationTables.ts": {"path":"C:\\Hockey Hub\\services\\communication-service\\src\\migrations\\1735650000000-AddModerationTables.ts","statementMap":{"0":{"start":{"line":4,"column":2},"end":{"line":4,"column":44}},"1":{"start":{"line":8,"column":4},"end":{"line":28,"column":7}},"2":{"start":{"line":31,"column":4},"end":{"line":48,"column":7}},"3":{"start":{"line":51,"column":4},"end":{"line":68,"column":7}},"4":{"start":{"line":71,"column":4},"end":{"line":75,"column":7}},"5":{"start":{"line":78,"column":4},"end":{"line":80,"column":7}},"6":{"start":{"line":81,"column":4},"end":{"line":83,"column":7}},"7":{"start":{"line":84,"column":4},"end":{"line":86,"column":7}},"8":{"start":{"line":87,"column":4},"end":{"line":89,"column":7}},"9":{"start":{"line":90,"column":4},"end":{"line":92,"column":7}},"10":{"start":{"line":95,"column":4},"end":{"line":97,"column":7}},"11":{"start":{"line":98,"column":4},"end":{"line":100,"column":7}},"12":{"start":{"line":101,"column":4},"end":{"line":103,"column":7}},"13":{"start":{"line":104,"column":4},"end":{"line":106,"column":7}},"14":{"start":{"line":109,"column":4},"end":{"line":111,"column":7}},"15":{"start":{"line":112,"column":4},"end":{"line":114,"column":7}},"16":{"start":{"line":115,"column":4},"end":{"line":117,"column":7}},"17":{"start":{"line":118,"column":4},"end":{"line":120,"column":7}},"18":{"start":{"line":121,"column":4},"end":{"line":123,"column":7}},"19":{"start":{"line":126,"column":4},"end":{"line":130,"column":7}},"20":{"start":{"line":132,"column":4},"end":{"line":136,"column":7}},"21":{"start":{"line":138,"column":4},"end":{"line":142,"column":7}},"22":{"start":{"line":144,"column":4},"end":{"line":148,"column":7}},"23":{"start":{"line":150,"column":4},"end":{"line":154,"column":7}},"24":{"start":{"line":156,"column":4},"end":{"line":160,"column":7}},"25":{"start":{"line":162,"column":4},"end":{"line":166,"column":7}},"26":{"start":{"line":168,"column":4},"end":{"line":172,"column":7}},"27":{"start":{"line":177,"column":4},"end":{"line":180,"column":7}},"28":{"start":{"line":183,"column":4},"end":{"line":183,"column":60}},"29":{"start":{"line":184,"column":4},"end":{"line":184,"column":62}},"30":{"start":{"line":185,"column":4},"end":{"line":185,"column":61}},"31":{"start":{"line":3,"column":0},"end":{"line":3,"column":13}}},"fnMap":{"0":{"name":"(anonymous_0)","decl":{"start":{"line":3,"column":0},"end":{"line":3,"column":13}},"loc":{"start":{"line":3,"column":0},"end":{"line":187,"column":1}}},"1":{"name":"(anonymous_1)","decl":{"start":{"line":6,"column":9},"end":{"line":6,"column":14}},"loc":{"start":{"line":6,"column":42},"end":{"line":173,"column":3}}},"2":{"name":"(anonymous_2)","decl":{"start":{"line":175,"column":9},"end":{"line":175,"column":14}},"loc":{"start":{"line":175,"column":44},"end":{"line":186,"column":3}}}},"branchMap":{},"s":{"0":0,"1":0,"2":0,"3":0,"4":0,"5":0,"6":0,"7":0,"8":0,"9":0,"10":0,"11":0,"12":0,"13":0,"14":0,"15":0,"16":0,"17":0,"18":0,"19":0,"20":0,"21":0,"22":0,"23":0,"24":0,"25":0,"26":0,"27":0,"28":0,"29":0,"30":0,"31":0},"f":{"0":0,"1":0,"2":0},"b":{}}
,"C:\\Hockey Hub\\services\\communication-service\\src\\migrations\\1735700000000-AddAnnouncementChannelSupport.ts": {"path":"C:\\Hockey Hub\\services\\communication-service\\src\\migrations\\1735700000000-AddAnnouncementChannelSupport.ts","statementMap":{"0":{"start":{"line":4,"column":2},"end":{"line":4,"column":54}},"1":{"start":{"line":8,"column":4},"end":{"line":10,"column":7}},"2":{"start":{"line":13,"column":4},"end":{"line":15,"column":7}},"3":{"start":{"line":18,"column":4},"end":{"line":22,"column":7}},"4":{"start":{"line":24,"column":4},"end":{"line":28,"column":7}},"5":{"start":{"line":30,"column":4},"end":{"line":34,"column":7}},"6":{"start":{"line":39,"column":4},"end":{"line":39,"column":79}},"7":{"start":{"line":40,"column":4},"end":{"line":40,"column":63}},"8":{"start":{"line":41,"column":4},"end":{"line":41,"column":78}},"9":{"start":{"line":3,"column":0},"end":{"line":3,"column":13}}},"fnMap":{"0":{"name":"(anonymous_0)","decl":{"start":{"line":3,"column":0},"end":{"line":3,"column":13}},"loc":{"start":{"line":3,"column":0},"end":{"line":46,"column":1}}},"1":{"name":"(anonymous_1)","decl":{"start":{"line":6,"column":9},"end":{"line":6,"column":14}},"loc":{"start":{"line":6,"column":42},"end":{"line":35,"column":3}}},"2":{"name":"(anonymous_2)","decl":{"start":{"line":37,"column":9},"end":{"line":37,"column":14}},"loc":{"start":{"line":37,"column":44},"end":{"line":45,"column":3}}}},"branchMap":{},"s":{"0":0,"1":0,"2":0,"3":0,"4":0,"5":0,"6":0,"7":0,"8":0,"9":0},"f":{"0":0,"1":0,"2":0},"b":{}}
,"C:\\Hockey Hub\\services\\communication-service\\src\\migrations\\1735745000003-AddCommunicationIndexes.ts": {"path":"C:\\Hockey Hub\\services\\communication-service\\src\\migrations\\1735745000003-AddCommunicationIndexes.ts","statementMap":{"0":{"start":{"line":4,"column":4},"end":{"line":4,"column":null}},"1":{"start":{"line":8,"column":8},"end":{"line":11,"column":11}},"2":{"start":{"line":16,"column":8},"end":{"line":18,"column":11}},"3":{"start":{"line":3,"column":0},"end":{"line":3,"column":13}}},"fnMap":{"0":{"name":"(anonymous_0)","decl":{"start":{"line":3,"column":0},"end":{"line":3,"column":13}},"loc":{"start":{"line":3,"column":0},"end":{"line":20,"column":1}}},"1":{"name":"(anonymous_1)","decl":{"start":{"line":6,"column":11},"end":{"line":6,"column":16}},"loc":{"start":{"line":6,"column":44},"end":{"line":12,"column":5}}},"2":{"name":"(anonymous_2)","decl":{"start":{"line":14,"column":11},"end":{"line":14,"column":16}},"loc":{"start":{"line":14,"column":46},"end":{"line":19,"column":5}}}},"branchMap":{},"s":{"0":0,"1":0,"2":0,"3":0},"f":{"0":0,"1":0,"2":0},"b":{}}
,"C:\\Hockey Hub\\services\\communication-service\\src\\routes\\urgentMedicalNotificationRoutes.ts": {"path":"C:\\Hockey Hub\\services\\communication-service\\src\\routes\\urgentMedicalNotificationRoutes.ts","statementMap":{"0":{"start":{"line":1,"column":0},"end":{"line":1,"column":33}},"1":{"start":{"line":2,"column":0},"end":{"line":2,"column":null}},"2":{"start":{"line":17,"column":15},"end":{"line":17,"column":23}},"3":{"start":{"line":20,"column":0},"end":{"line":20,"column":54}},"4":{"start":{"line":21,"column":0},"end":{"line":21,"column":52}},"5":{"start":{"line":22,"column":0},"end":{"line":22,"column":50}},"6":{"start":{"line":23,"column":0},"end":{"line":23,"column":60}},"7":{"start":{"line":24,"column":0},"end":{"line":24,"column":70}},"8":{"start":{"line":27,"column":0},"end":{"line":27,"column":49}},"9":{"start":{"line":28,"column":0},"end":{"line":28,"column":46}},"10":{"start":{"line":29,"column":0},"end":{"line":29,"column":59}},"11":{"start":{"line":30,"column":0},"end":{"line":30,"column":55}},"12":{"start":{"line":31,"column":0},"end":{"line":31,"column":69}},"13":{"start":{"line":32,"column":0},"end":{"line":32,"column":63}},"14":{"start":{"line":33,"column":0},"end":{"line":33,"column":66}},"15":{"start":{"line":35,"column":0},"end":{"line":35,"column":22}}},"fnMap":{},"branchMap":{},"s":{"0":0,"1":0,"2":0,"3":0,"4":0,"5":0,"6":0,"7":0,"8":0,"9":0,"10":0,"11":0,"12":0,"13":0,"14":0,"15":0},"f":{},"b":{}}
,"C:\\Hockey Hub\\services\\communication-service\\src\\scripts\\seed-email-templates.ts": {"path":"C:\\Hockey Hub\\services\\communication-service\\src\\scripts\\seed-email-templates.ts","statementMap":{"0":{"start":{"line":1,"column":0},"end":{"line":1,"column":26}},"1":{"start":{"line":2,"column":0},"end":{"line":2,"column":28}},"2":{"start":{"line":3,"column":0},"end":{"line":3,"column":51}},"3":{"start":{"line":4,"column":0},"end":{"line":4,"column":67}},"4":{"start":{"line":5,"column":0},"end":{"line":5,"column":48}},"5":{"start":{"line":7,"column":0},"end":{"line":7,"column":16}},"6":{"start":{"line":9,"column":15},"end":{"line":9,"column":47}},"7":{"start":{"line":12,"column":2},"end":{"line":28,"column":3}},"8":{"start":{"line":14,"column":4},"end":{"line":14,"column":37}},"9":{"start":{"line":15,"column":4},"end":{"line":15,"column":38}},"10":{"start":{"line":18,"column":19},"end":{"line":18,"column":44}},"11":{"start":{"line":19,"column":4},"end":{"line":19,"column":37}},"12":{"start":{"line":21,"column":4},"end":{"line":21,"column":65}},"13":{"start":{"line":23,"column":4},"end":{"line":23,"column":59}},"14":{"start":{"line":24,"column":4},"end":{"line":24,"column":20}},"15":{"start":{"line":26,"column":4},"end":{"line":26,"column":34}},"16":{"start":{"line":27,"column":4},"end":{"line":27,"column":20}},"17":{"start":{"line":32,"column":0},"end":{"line":32,"column":21}}},"fnMap":{"0":{"name":"seedEmailTemplates","decl":{"start":{"line":11,"column":15},"end":{"line":11,"column":33}},"loc":{"start":{"line":11,"column":33},"end":{"line":29,"column":1}}}},"branchMap":{},"s":{"0":0,"1":0,"2":0,"3":0,"4":0,"5":0,"6":0,"7":0,"8":0,"9":0,"10":0,"11":0,"12":0,"13":0,"14":0,"15":0,"16":0,"17":0},"f":{"0":0},"b":{}}
,"C:\\Hockey Hub\\services\\communication-service\\src\\services\\DigestEmailScheduler.ts": {"path":"C:\\Hockey Hub\\services\\communication-service\\src\\services\\DigestEmailScheduler.ts","statementMap":{"0":{"start":{"line":3,"column":0},"end":{"line":3,"column":70}},"1":{"start":{"line":4,"column":0},"end":{"line":4,"column":48}},"2":{"start":{"line":5,"column":0},"end":{"line":5,"column":34}},"3":{"start":{"line":25,"column":4},"end":{"line":25,"column":53}},"4":{"start":{"line":27,"column":4},"end":{"line":32,"column":6}},"5":{"start":{"line":34,"column":4},"end":{"line":46,"column":6}},"6":{"start":{"line":41,"column":95},"end":{"line":41,"column":106}},"7":{"start":{"line":53,"column":4},"end":{"line":56,"column":5}},"8":{"start":{"line":54,"column":6},"end":{"line":54,"column":61}},"9":{"start":{"line":55,"column":6},"end":{"line":55,"column":13}},"10":{"start":{"line":59,"column":4},"end":{"line":66,"column":7}},"11":{"start":{"line":60,"column":6},"end":{"line":60,"column":59}},"12":{"start":{"line":61,"column":6},"end":{"line":65,"column":7}},"13":{"start":{"line":62,"column":8},"end":{"line":62,"column":75}},"14":{"start":{"line":64,"column":8},"end":{"line":64,"column":68}},"15":{"start":{"line":69,"column":4},"end":{"line":76,"column":7}},"16":{"start":{"line":70,"column":6},"end":{"line":70,"column":60}},"17":{"start":{"line":71,"column":6},"end":{"line":75,"column":7}},"18":{"start":{"line":72,"column":8},"end":{"line":72,"column":76}},"19":{"start":{"line":74,"column":8},"end":{"line":74,"column":69}},"20":{"start":{"line":78,"column":4},"end":{"line":81,"column":7}},"21":{"start":{"line":88,"column":4},"end":{"line":91,"column":5}},"22":{"start":{"line":89,"column":6},"end":{"line":89,"column":28}},"23":{"start":{"line":90,"column":6},"end":{"line":90,"column":33}},"24":{"start":{"line":93,"column":4},"end":{"line":96,"column":5}},"25":{"start":{"line":94,"column":6},"end":{"line":94,"column":29}},"26":{"start":{"line":95,"column":6},"end":{"line":95,"column":34}},"27":{"start":{"line":98,"column":4},"end":{"line":98,"column":55}},"28":{"start":{"line":105,"column":4},"end":{"line":105,"column":61}},"29":{"start":{"line":106,"column":4},"end":{"line":106,"column":70}},"30":{"start":{"line":13,"column":0},"end":{"line":13,"column":13}}},"fnMap":{"0":{"name":"(anonymous_6)","decl":{"start":{"line":20,"column":2},"end":{"line":20,"column":null}},"loc":{"start":{"line":23,"column":43},"end":{"line":47,"column":3}}},"1":{"name":"(anonymous_7)","decl":{"start":{"line":41,"column":90},"end":{"line":41,"column":91}},"loc":{"start":{"line":41,"column":95},"end":{"line":41,"column":106}}},"2":{"name":"(anonymous_8)","decl":{"start":{"line":52,"column":2},"end":{"line":52,"column":7}},"loc":{"start":{"line":52,"column":7},"end":{"line":82,"column":3}}},"3":{"name":"(anonymous_9)","decl":{"start":{"line":59,"column":62},"end":{"line":59,"column":67}},"loc":{"start":{"line":59,"column":73},"end":{"line":66,"column":5}}},"4":{"name":"(anonymous_10)","decl":{"start":{"line":69,"column":64},"end":{"line":69,"column":69}},"loc":{"start":{"line":69,"column":75},"end":{"line":76,"column":5}}},"5":{"name":"(anonymous_11)","decl":{"start":{"line":87,"column":2},"end":{"line":87,"column":6}},"loc":{"start":{"line":87,"column":6},"end":{"line":99,"column":3}}},"6":{"name":"(anonymous_12)","decl":{"start":{"line":104,"column":2},"end":{"line":104,"column":7}},"loc":{"start":{"line":104,"column":48},"end":{"line":107,"column":3}}}},"branchMap":{"0":{"loc":{"start":{"line":28,"column":21},"end":{"line":28,"column":69}},"type":"binary-expr","locations":[{"start":{"line":28,"column":21},"end":{"line":28,"column":54}},{"start":{"line":28,"column":58},"end":{"line":28,"column":69}}]},"1":{"loc":{"start":{"line":29,"column":22},"end":{"line":29,"column":71}},"type":"binary-expr","locations":[{"start":{"line":29,"column":22},"end":{"line":29,"column":56}},{"start":{"line":29,"column":60},"end":{"line":29,"column":71}}]},"2":{"loc":{"start":{"line":38,"column":24},"end":{"line":38,"column":79}},"type":"binary-expr","locations":[{"start":{"line":38,"column":24},"end":{"line":38,"column":52}},{"start":{"line":38,"column":56},"end":{"line":38,"column":79}}]},"3":{"loc":{"start":{"line":39,"column":42},"end":{"line":39,"column":87}},"type":"binary-expr","locations":[{"start":{"line":39,"column":42},"end":{"line":39,"column":79}},{"start":{"line":39,"column":83},"end":{"line":39,"column":87}}]},"4":{"loc":{"start":{"line":40,"column":34},"end":{"line":40,"column":71}},"type":"binary-expr","locations":[{"start":{"line":40,"column":34},"end":{"line":40,"column":63}},{"start":{"line":40,"column":67},"end":{"line":40,"column":71}}]},"5":{"loc":{"start":{"line":41,"column":30},"end":{"line":41,"column":73}},"type":"binary-expr","locations":[{"start":{"line":41,"column":30},"end":{"line":41,"column":63}},{"start":{"line":41,"column":67},"end":{"line":41,"column":73}}]},"6":{"loc":{"start":{"line":42,"column":19},"end":{"line":42,"column":68}},"type":"binary-expr","locations":[{"start":{"line":42,"column":19},"end":{"line":42,"column":41}},{"start":{"line":42,"column":45},"end":{"line":42,"column":68}}]},"7":{"loc":{"start":{"line":43,"column":18},"end":{"line":43,"column":61}},"type":"binary-expr","locations":[{"start":{"line":43,"column":18},"end":{"line":43,"column":45}},{"start":{"line":43,"column":49},"end":{"line":43,"column":61}}]},"8":{"loc":{"start":{"line":53,"column":4},"end":{"line":56,"column":5}},"type":"if","locations":[{"start":{"line":53,"column":4},"end":{"line":56,"column":5}}]},"9":{"loc":{"start":{"line":88,"column":4},"end":{"line":91,"column":5}},"type":"if","locations":[{"start":{"line":88,"column":4},"end":{"line":91,"column":5}}]},"10":{"loc":{"start":{"line":93,"column":4},"end":{"line":96,"column":5}},"type":"if","locations":[{"start":{"line":93,"column":4},"end":{"line":96,"column":5}}]}},"s":{"0":0,"1":0,"2":0,"3":0,"4":0,"5":0,"6":0,"7":0,"8":0,"9":0,"10":0,"11":0,"12":0,"13":0,"14":0,"15":0,"16":0,"17":0,"18":0,"19":0,"20":0,"21":0,"22":0,"23":0,"24":0,"25":0,"26":0,"27":0,"28":0,"29":0,"30":0},"f":{"0":0,"1":0,"2":0,"3":0,"4":0,"5":0,"6":0},"b":{"0":[0,0],"1":[0,0],"2":[0,0],"3":[0,0],"4":[0,0],"5":[0,0],"6":[0,0],"7":[0,0],"8":[0],"9":[0],"10":[0]}}
,"C:\\Hockey Hub\\services\\communication-service\\src\\sockets\\authMiddleware.ts": {"path":"C:\\Hockey Hub\\services\\communication-service\\src\\sockets\\authMiddleware.ts","statementMap":{"0":{"start":{"line":2,"column":0},"end":{"line":2,"column":31}},"1":{"start":{"line":15,"column":36},"end":{"line":43,"column":1}},"2":{"start":{"line":19,"column":2},"end":{"line":42,"column":3}},"3":{"start":{"line":21,"column":18},"end":{"line":21,"column":79}},"4":{"start":{"line":23,"column":4},"end":{"line":25,"column":5}},"5":{"start":{"line":24,"column":6},"end":{"line":24,"column":56}},"6":{"start":{"line":28,"column":20},"end":{"line":28,"column":90}},"7":{"start":{"line":31,"column":4},"end":{"line":31,"column":32}},"8":{"start":{"line":32,"column":4},"end":{"line":37,"column":6}},"9":{"start":{"line":39,"column":4},"end":{"line":39,"column":11}},"10":{"start":{"line":41,"column":4},"end":{"line":41,"column":37}},"11":{"start":{"line":15,"column":13},"end":{"line":15,"column":36}}},"fnMap":{"0":{"name":"(anonymous_1)","decl":{"start":{"line":15,"column":36},"end":{"line":15,"column":41}},"loc":{"start":{"line":18,"column":4},"end":{"line":43,"column":1}}}},"branchMap":{"0":{"loc":{"start":{"line":21,"column":18},"end":{"line":21,"column":79}},"type":"binary-expr","locations":[{"start":{"line":21,"column":18},"end":{"line":21,"column":46}},{"start":{"line":21,"column":50},"end":{"line":21,"column":79}}]},"1":{"loc":{"start":{"line":23,"column":4},"end":{"line":25,"column":5}},"type":"if","locations":[{"start":{"line":23,"column":4},"end":{"line":25,"column":5}}]},"2":{"loc":{"start":{"line":28,"column":48},"end":{"line":28,"column":82}},"type":"binary-expr","locations":[{"start":{"line":28,"column":48},"end":{"line":28,"column":70}},{"start":{"line":28,"column":74},"end":{"line":28,"column":82}}]},"3":{"loc":{"start":{"line":36,"column":13},"end":{"line":36,"column":32}},"type":"binary-expr","locations":[{"start":{"line":36,"column":13},"end":{"line":36,"column":26}},{"start":{"line":36,"column":30},"end":{"line":36,"column":32}}]}},"s":{"0":0,"1":0,"2":0,"3":0,"4":0,"5":0,"6":0,"7":0,"8":0,"9":0,"10":0,"11":0},"f":{"0":0},"b":{"0":[0,0],"1":[0],"2":[0,0],"3":[0,0]}}
}
