TN:
SF:src\data-source.ts
FN:44,(anonymous_0)
FN:47,(anonymous_1)
FNF:2
FNH:0
FNDA:0,(anonymous_0)
FNDA:0,(anonymous_1)
DA:1,0
DA:2,0
DA:3,0
DA:6,0
DA:7,0
DA:8,0
DA:9,0
DA:10,0
DA:12,0
DA:38,0
DA:40,0
DA:43,0
DA:45,0
DA:48,0
LF:14
LH:0
BRDA:14,0,0,0
BRDA:14,0,1,0
BRDA:15,1,0,0
BRDA:15,1,1,0
BRDA:16,2,0,0
BRDA:16,2,1,0
BRDA:17,3,0,0
BRDA:17,3,1,0
BRDA:18,4,0,0
BRDA:18,4,1,0
BRDA:20,5,0,0
BRDA:20,5,1,0
BRDA:34,6,0,0
BRDA:34,6,1,0
BRF:14
BRH:0
end_of_record
TN:
SF:src\index.ts
FN:31,(anonymous_1)
FN:52,(anonymous_2)
FN:59,(anonymous_3)
FN:87,(anonymous_4)
FNF:4
FNH:0
FNDA:0,(anonymous_1)
FNDA:0,(anonymous_2)
FNDA:0,(anonymous_3)
FNDA:0,(anonymous_4)
DA:1,0
DA:2,0
DA:3,0
DA:4,0
DA:5,0
DA:6,0
DA:7,0
DA:8,0
DA:9,0
DA:10,0
DA:11,0
DA:12,0
DA:13,0
DA:14,0
DA:17,0
DA:19,0
DA:20,0
DA:22,0
DA:25,0
DA:26,0
DA:27,0
DA:28,0
DA:31,0
DA:32,0
DA:36,0
DA:39,0
DA:40,0
DA:41,0
DA:42,0
DA:43,0
DA:44,0
DA:52,0
DA:53,0
DA:54,0
DA:55,0
DA:59,0
DA:60,0
DA:61,0
DA:63,0
DA:64,0
DA:65,0
DA:66,0
DA:67,0
DA:68,0
DA:69,0
DA:70,0
DA:73,0
DA:74,0
DA:87,0
DA:88,0
LF:50
LH:0
BRDA:22,0,0,0
BRDA:22,0,1,0
BRDA:60,1,0,0
BRDA:60,1,1,0
BRDA:61,2,0,0
BRDA:61,2,1,0
BRDA:61,3,0,0
BRDA:61,3,1,0
BRDA:63,4,0,0
BRDA:63,4,1,0
BRDA:64,5,0,0
BRDA:64,5,1,0
BRDA:65,6,0,0
BRDA:65,6,1,0
BRDA:66,7,0,0
BRDA:66,7,1,0
BRDA:67,8,0,0
BRDA:67,8,1,0
BRDA:71,9,0,0
BRDA:71,9,1,0
BRDA:76,10,0,0
BRDA:76,10,1,0
BRDA:79,11,0,0
BRDA:79,11,1,0
BRF:24
BRH:0
end_of_record
TN:
SF:src\controllers\injuryController.ts
FN:8,(anonymous_13)
FN:8,(anonymous_14)
FN:50,(anonymous_15)
FN:50,(anonymous_16)
FN:70,(anonymous_17)
FN:70,(anonymous_18)
FN:100,(anonymous_19)
FN:100,(anonymous_20)
FN:129,(anonymous_21)
FN:129,(anonymous_22)
FN:149,(anonymous_23)
FN:149,(anonymous_24)
FN:155,(anonymous_25)
FN:155,(anonymous_26)
FN:162,(anonymous_27)
FN:162,(anonymous_28)
FN:172,(anonymous_29)
FN:172,(anonymous_30)
FN:202,(anonymous_31)
FN:202,(anonymous_32)
FN:226,(anonymous_33)
FN:226,(anonymous_34)
FNF:22
FNH:8
FNDA:0,(anonymous_13)
FNDA:0,(anonymous_14)
FNDA:0,(anonymous_15)
FNDA:0,(anonymous_16)
FNDA:0,(anonymous_17)
FNDA:0,(anonymous_18)
FNDA:0,(anonymous_19)
FNDA:0,(anonymous_20)
FNDA:0,(anonymous_21)
FNDA:0,(anonymous_22)
FNDA:0,(anonymous_23)
FNDA:0,(anonymous_24)
FNDA:0,(anonymous_25)
FNDA:0,(anonymous_26)
FNDA:1,(anonymous_27)
FNDA:1,(anonymous_28)
FNDA:1,(anonymous_29)
FNDA:1,(anonymous_30)
FNDA:2,(anonymous_31)
FNDA:2,(anonymous_32)
FNDA:2,(anonymous_33)
FNDA:2,(anonymous_34)
DA:2,1
DA:4,1
DA:8,1
DA:9,0
DA:10,0
DA:12,0
DA:13,0
DA:17,0
DA:27,0
DA:28,0
DA:30,0
DA:31,0
DA:32,0
DA:33,0
DA:46,0
DA:50,1
DA:51,0
DA:52,0
DA:54,0
DA:55,0
DA:58,0
DA:59,0
DA:60,0
DA:61,0
DA:64,0
DA:66,0
DA:70,1
DA:71,0
DA:72,0
DA:73,0
DA:76,0
DA:77,0
DA:80,0
DA:81,0
DA:92,0
DA:94,0
DA:96,0
DA:100,1
DA:101,0
DA:102,0
DA:103,0
DA:105,0
DA:106,0
DA:110,0
DA:111,0
DA:112,0
DA:113,0
DA:114,0
DA:115,0
DA:117,0
DA:118,0
DA:119,0
DA:120,0
DA:123,0
DA:125,0
DA:129,1
DA:130,0
DA:131,0
DA:133,0
DA:134,0
DA:137,0
DA:138,0
DA:139,0
DA:140,0
DA:142,0
DA:144,0
DA:149,1
DA:150,0
DA:152,0
DA:155,1
DA:156,0
DA:158,0
DA:162,1
DA:163,1
DA:164,1
DA:165,1
DA:166,1
DA:168,0
DA:172,1
DA:173,1
DA:174,1
DA:175,1
DA:181,1
DA:182,0
DA:184,1
DA:185,0
DA:187,1
DA:188,1
DA:196,1
DA:198,0
DA:202,2
DA:203,2
DA:204,2
DA:210,2
DA:211,2
DA:217,2
DA:218,1
DA:220,1
DA:222,0
DA:226,2
DA:227,2
DA:228,2
DA:229,2
DA:230,2
DA:231,1
DA:233,1
DA:235,0
LF:107
LH:38
BRDA:9,0,0,0
BRDA:9,1,0,0
BRDA:10,2,0,0
BRDA:10,2,1,0
BRDA:10,3,0,0
BRDA:10,3,1,0
BRDA:12,4,0,0
BRDA:52,5,0,0
BRDA:52,5,1,0
BRDA:52,6,0,0
BRDA:52,6,1,0
BRDA:54,7,0,0
BRDA:60,8,0,0
BRDA:72,9,0,0
BRDA:72,9,1,0
BRDA:72,10,0,0
BRDA:72,10,1,0
BRDA:73,11,0,0
BRDA:73,11,1,0
BRDA:73,12,0,0
BRDA:73,12,1,0
BRDA:76,13,0,0
BRDA:76,14,0,0
BRDA:76,14,1,0
BRDA:76,14,2,0
BRDA:76,14,3,0
BRDA:76,14,4,0
BRDA:87,15,0,0
BRDA:87,15,1,0
BRDA:90,16,0,0
BRDA:90,16,1,0
BRDA:103,17,0,0
BRDA:103,17,1,0
BRDA:103,18,0,0
BRDA:103,18,1,0
BRDA:105,19,0,0
BRDA:119,20,0,0
BRDA:131,21,0,0
BRDA:131,21,1,0
BRDA:131,22,0,0
BRDA:131,22,1,0
BRDA:133,23,0,0
BRDA:139,24,0,0
BRDA:174,25,0,0
BRDA:174,25,1,1
BRDA:174,26,0,1
BRDA:174,26,1,1
BRDA:181,27,0,0
BRDA:184,28,0,0
BRDA:184,29,0,1
BRDA:184,29,1,1
BRDA:212,30,0,0
BRDA:212,30,1,2
BRDA:217,31,0,1
BRDA:230,32,0,1
BRF:55
BRH:8
end_of_record
TN:
SF:src\controllers\medicalDocumentController.ts
FN:10,(anonymous_14)
FN:10,(anonymous_15)
FN:57,(anonymous_16)
FN:57,(anonymous_17)
FN:74,(anonymous_18)
FN:74,(anonymous_19)
FN:94,(anonymous_20)
FN:94,(anonymous_21)
FNF:8
FNH:2
FNDA:0,(anonymous_14)
FNDA:0,(anonymous_15)
FNDA:0,(anonymous_16)
FNDA:0,(anonymous_17)
FNDA:0,(anonymous_18)
FNDA:0,(anonymous_19)
FNDA:2,(anonymous_20)
FNDA:2,(anonymous_21)
DA:2,1
DA:3,1
DA:4,1
DA:5,1
DA:6,1
DA:7,1
DA:8,1
DA:10,1
DA:11,0
DA:12,0
DA:13,0
DA:16,0
DA:17,0
DA:18,0
DA:21,0
DA:22,0
DA:23,0
DA:24,0
DA:27,0
DA:30,0
DA:31,0
DA:33,0
DA:34,0
DA:36,0
DA:37,0
DA:39,0
DA:51,0
DA:53,0
DA:57,1
DA:58,0
DA:59,0
DA:60,0
DA:61,0
DA:62,0
DA:64,0
DA:65,0
DA:66,0
DA:68,0
DA:70,0
DA:74,1
DA:75,0
DA:76,0
DA:77,0
DA:78,0
DA:79,0
DA:81,0
DA:82,0
DA:83,0
DA:86,0
DA:87,0
DA:89,0
DA:94,2
DA:95,2
DA:96,2
DA:97,2
DA:98,2
DA:99,1
DA:101,1
DA:102,1
DA:103,0
DA:105,1
DA:106,1
DA:107,1
DA:108,1
DA:110,0
LF:65
LH:22
BRDA:12,0,0,0
BRDA:17,1,0,0
BRDA:17,2,0,0
BRDA:17,2,1,0
BRDA:17,2,2,0
BRDA:24,3,0,0
BRDA:24,3,1,0
BRDA:30,4,0,0
BRDA:30,4,1,0
BRDA:61,5,0,0
BRDA:65,6,0,0
BRDA:78,7,0,0
BRDA:82,8,0,0
BRDA:98,9,0,1
BRDA:102,10,0,0
BRF:15
BRH:1
end_of_record
TN:
SF:src\controllers\playerAvailabilityController.ts
FN:4,(anonymous_13)
FN:4,(anonymous_14)
FN:17,(anonymous_15)
FN:17,(anonymous_16)
FNF:4
FNH:4
FNDA:2,(anonymous_13)
FNDA:2,(anonymous_14)
FNDA:2,(anonymous_15)
FNDA:2,(anonymous_16)
DA:2,1
DA:4,2
DA:5,2
DA:6,2
DA:7,2
DA:8,2
DA:9,1
DA:11,1
DA:13,0
DA:17,2
DA:18,2
DA:19,2
DA:27,2
DA:28,1
DA:31,1
DA:32,1
DA:33,1
DA:34,1
DA:35,1
DA:37,1
DA:48,1
DA:50,0
LF:22
LH:20
BRDA:8,0,0,1
BRDA:27,1,0,1
BRDA:34,2,0,1
BRDA:34,2,1,0
BRDA:35,3,0,1
BRDA:35,3,1,0
BRF:6
BRH:4
end_of_record
TN:
SF:src\controllers\treatmentPlanController.ts
FN:4,(anonymous_13)
FN:4,(anonymous_14)
FN:14,(anonymous_15)
FN:14,(anonymous_16)
FN:48,(anonymous_17)
FN:48,(anonymous_18)
FN:74,(anonymous_19)
FN:74,(anonymous_20)
FNF:8
FNH:8
FNDA:1,(anonymous_13)
FNDA:1,(anonymous_14)
FNDA:1,(anonymous_15)
FNDA:1,(anonymous_16)
FNDA:2,(anonymous_17)
FNDA:2,(anonymous_18)
FNDA:2,(anonymous_19)
FNDA:2,(anonymous_20)
DA:2,1
DA:4,1
DA:5,1
DA:6,1
DA:7,1
DA:8,1
DA:10,0
DA:14,1
DA:15,1
DA:16,1
DA:17,1
DA:25,1
DA:26,0
DA:28,1
DA:29,0
DA:32,1
DA:33,1
DA:42,1
DA:44,0
DA:48,2
DA:49,2
DA:50,2
DA:57,2
DA:58,2
DA:65,2
DA:66,1
DA:68,1
DA:70,0
DA:74,2
DA:75,2
DA:76,2
DA:77,2
DA:78,2
DA:79,1
DA:81,1
DA:83,0
LF:36
LH:30
BRDA:16,0,0,0
BRDA:16,0,1,1
BRDA:16,1,0,1
BRDA:16,1,1,1
BRDA:25,2,0,0
BRDA:28,3,0,0
BRDA:28,4,0,1
BRDA:28,4,1,1
BRDA:28,4,2,1
BRDA:28,4,3,1
BRDA:65,5,0,1
BRDA:78,6,0,1
BRF:12
BRH:9
end_of_record
TN:
SF:src\controllers\treatmentPlanItemController.ts
FN:4,(anonymous_13)
FN:4,(anonymous_14)
FN:14,(anonymous_15)
FN:14,(anonymous_16)
FN:49,(anonymous_17)
FN:49,(anonymous_18)
FN:72,(anonymous_19)
FN:72,(anonymous_20)
FNF:8
FNH:8
FNDA:1,(anonymous_13)
FNDA:1,(anonymous_14)
FNDA:1,(anonymous_15)
FNDA:1,(anonymous_16)
FNDA:2,(anonymous_17)
FNDA:2,(anonymous_18)
FNDA:2,(anonymous_19)
FNDA:2,(anonymous_20)
DA:2,1
DA:4,1
DA:5,1
DA:6,1
DA:7,1
DA:8,1
DA:10,0
DA:14,1
DA:15,1
DA:16,1
DA:27,1
DA:28,0
DA:31,1
DA:32,1
DA:43,1
DA:45,0
DA:49,2
DA:50,2
DA:51,2
DA:61,2
DA:62,2
DA:63,2
DA:64,1
DA:66,1
DA:68,0
DA:72,2
DA:73,2
DA:74,2
DA:75,2
DA:76,2
DA:77,1
DA:79,1
DA:81,0
LF:33
LH:28
BRDA:27,0,0,0
BRDA:27,1,0,1
BRDA:27,1,1,1
BRDA:63,2,0,1
BRDA:76,3,0,1
BRF:5
BRH:4
end_of_record
TN:
SF:src\db\index.ts
FN:25,(anonymous_1)
FN:29,(anonymous_2)
FN:38,(anonymous_3)
FN:39,(anonymous_4)
FNF:4
FNH:0
FNDA:0,(anonymous_1)
FNDA:0,(anonymous_2)
FNDA:0,(anonymous_3)
FNDA:0,(anonymous_4)
DA:1,1
DA:2,1
DA:5,1
DA:8,1
DA:9,1
DA:10,1
DA:11,1
DA:12,1
DA:14,1
DA:25,1
DA:26,0
DA:29,1
DA:30,0
DA:35,1
DA:37,1
DA:38,0
DA:39,0
LF:17
LH:13
BRDA:8,0,0,1
BRDA:8,0,1,1
BRDA:8,0,2,1
BRDA:9,1,0,1
BRDA:9,1,1,1
BRDA:9,1,2,1
BRDA:10,2,0,1
BRDA:10,2,1,1
BRDA:10,2,2,1
BRDA:11,3,0,1
BRDA:11,3,1,1
BRDA:11,3,2,1
BRDA:12,4,0,1
BRDA:12,4,1,1
BRDA:12,4,2,0
BRF:15
BRH:14
end_of_record
TN:
SF:src\entities\Injury.ts
FN:52,(anonymous_2)
FN:52,(anonymous_3)
FN:55,(anonymous_4)
FN:55,(anonymous_5)
FNF:4
FNH:0
FNDA:0,(anonymous_2)
FNDA:0,(anonymous_3)
FNDA:0,(anonymous_4)
FNDA:0,(anonymous_5)
DA:1,0
DA:2,0
DA:3,0
DA:4,0
DA:11,0
DA:13,0
DA:16,0
DA:19,0
DA:22,0
DA:25,0
DA:28,0
DA:31,0
DA:34,0
DA:37,0
DA:40,0
DA:43,0
DA:46,0
DA:49,0
DA:52,0
DA:53,0
DA:55,0
DA:56,0
DA:59,0
DA:62,0
LF:24
LH:0
BRF:0
BRH:0
end_of_record
TN:
SF:src\entities\MedicalAssessment.ts
FN:35,(anonymous_2)
FN:35,(anonymous_3)
FNF:2
FNH:0
FNDA:0,(anonymous_2)
FNDA:0,(anonymous_3)
DA:1,0
DA:2,0
DA:9,0
DA:11,0
DA:14,0
DA:17,0
DA:20,0
DA:23,0
DA:26,0
DA:29,0
DA:32,0
DA:35,0
DA:36,0
DA:39,0
DA:42,0
LF:15
LH:0
BRF:0
BRH:0
end_of_record
TN:
SF:src\entities\MedicalNote.ts
FN:31,(anonymous_2)
FN:31,(anonymous_3)
FN:35,(anonymous_4)
FN:35,(anonymous_5)
FNF:4
FNH:0
FNDA:0,(anonymous_2)
FNDA:0,(anonymous_3)
FNDA:0,(anonymous_4)
FNDA:0,(anonymous_5)
DA:1,0
DA:2,0
DA:3,0
DA:11,0
DA:13,0
DA:16,0
DA:19,0
DA:22,0
DA:25,0
DA:28,0
DA:31,0
DA:33,0
DA:35,0
DA:37,0
DA:40,0
DA:43,0
LF:16
LH:0
BRF:0
BRH:0
end_of_record
TN:
SF:src\entities\PlayerMedicalJournal.ts
FNF:0
FNH:0
DA:1,0
DA:6,0
DA:9,0
DA:12,0
DA:15,0
DA:18,0
DA:21,0
DA:24,0
DA:27,0
DA:30,0
DA:33,0
DA:36,0
DA:39,0
LF:13
LH:0
BRF:0
BRH:0
end_of_record
TN:
SF:src\entities\PlayerStatusUpdate.ts
FN:32,(anonymous_2)
FN:32,(anonymous_3)
FNF:2
FNH:0
FNDA:0,(anonymous_2)
FNDA:0,(anonymous_3)
DA:1,0
DA:2,0
DA:3,0
DA:10,0
DA:12,0
DA:15,0
DA:18,0
DA:21,0
DA:24,0
DA:27,0
DA:30,0
DA:32,0
DA:34,0
DA:37,0
DA:40,0
DA:43,0
DA:46,0
LF:17
LH:0
BRF:0
BRH:0
end_of_record
TN:
SF:src\lib\s3.ts
FN:8,uploadToS3
FN:13,getDownloadUrl
FN:18,deleteFromS3
FNF:3
FNH:0
FNDA:0,uploadToS3
FNDA:0,getDownloadUrl
FNDA:0,deleteFromS3
DA:1,1
DA:2,1
DA:4,1
DA:5,1
DA:6,1
DA:8,1
DA:9,0
DA:10,0
DA:13,1
DA:14,0
DA:15,0
DA:18,1
DA:19,0
DA:20,0
LF:14
LH:8
BRF:0
BRH:0
end_of_record
TN:
SF:src\middleware\auth.ts
FN:5,(anonymous_1)
FN:25,(anonymous_2)
FN:26,(anonymous_3)
FN:34,(anonymous_4)
FNF:4
FNH:2
FNDA:0,(anonymous_1)
FNDA:25,(anonymous_2)
FNDA:24,(anonymous_3)
FNDA:0,(anonymous_4)
DA:2,5
DA:5,5
DA:7,0
DA:8,0
DA:10,0
DA:11,0
DA:12,0
DA:13,0
DA:15,0
DA:16,0
DA:17,0
DA:18,0
DA:20,0
DA:25,5
DA:26,25
DA:27,24
DA:28,24
DA:29,0
DA:31,24
DA:32,24
DA:34,24
DA:35,0
DA:39,24
LF:23
LH:10
BRDA:7,0,0,0
BRDA:11,1,0,0
BRDA:11,1,1,0
BRDA:11,2,0,0
BRDA:11,2,1,0
BRDA:12,3,0,0
BRDA:28,4,0,0
BRDA:31,5,0,24
BRDA:32,6,0,0
BRDA:32,6,1,24
BRDA:34,7,0,0
BRDA:34,8,0,24
BRDA:34,8,1,0
BRF:13
BRH:3
end_of_record
TN:
SF:src\repositories\injuryRepository.ts
FN:18,(anonymous_8)
FN:18,(anonymous_9)
FN:51,(anonymous_10)
FN:51,(anonymous_11)
FN:82,(anonymous_12)
FN:82,(anonymous_13)
FN:101,(anonymous_14)
FN:101,(anonymous_15)
FN:134,(anonymous_16)
FN:134,(anonymous_17)
FN:139,(anonymous_18)
FN:141,(anonymous_19)
FN:173,(anonymous_20)
FN:173,(anonymous_21)
FNF:14
FNH:14
FNDA:2,(anonymous_8)
FNDA:2,(anonymous_9)
FNDA:2,(anonymous_10)
FNDA:2,(anonymous_11)
FNDA:3,(anonymous_12)
FNDA:3,(anonymous_13)
FNDA:2,(anonymous_14)
FNDA:2,(anonymous_15)
FNDA:3,(anonymous_16)
FNDA:3,(anonymous_17)
FNDA:3,(anonymous_18)
FNDA:3,(anonymous_19)
FNDA:3,(anonymous_20)
FNDA:3,(anonymous_21)
DA:1,2
DA:18,2
DA:19,2
DA:20,2
DA:21,2
DA:22,2
DA:24,2
DA:25,2
DA:26,2
DA:27,2
DA:28,2
DA:29,2
DA:30,2
DA:33,2
DA:34,2
DA:37,2
DA:38,2
DA:40,2
DA:41,2
DA:42,2
DA:43,1
DA:44,1
DA:46,1
DA:47,1
DA:51,2
DA:52,2
DA:53,2
DA:54,2
DA:55,2
DA:58,2
DA:59,2
DA:60,2
DA:61,2
DA:62,2
DA:63,2
DA:64,2
DA:66,2
DA:67,2
DA:70,2
DA:71,2
DA:72,2
DA:73,1
DA:74,1
DA:75,1
DA:77,1
DA:78,1
DA:82,3
DA:84,3
DA:85,3
DA:87,3
DA:88,3
DA:89,3
DA:90,2
DA:91,1
DA:93,1
DA:94,1
DA:96,1
DA:97,1
DA:101,2
DA:106,2
DA:108,2
DA:117,2
DA:123,2
DA:124,2
DA:125,2
DA:126,1
DA:127,1
DA:129,1
DA:130,1
DA:134,3
DA:135,3
DA:136,3
DA:137,3
DA:139,3
DA:140,3
DA:141,3
DA:143,3
DA:144,3
DA:145,3
DA:150,3
DA:151,0
DA:154,3
DA:156,3
DA:157,3
DA:159,3
DA:160,3
DA:161,3
DA:162,2
DA:163,1
DA:165,1
DA:166,1
DA:168,1
DA:169,1
DA:173,3
DA:177,3
DA:178,3
DA:180,3
DA:181,3
DA:182,3
DA:183,2
DA:184,2
DA:185,2
DA:187,1
DA:189,1
LF:104
LH:103
BRDA:24,0,0,0
BRDA:25,1,0,0
BRDA:26,2,0,0
BRDA:27,3,0,0
BRDA:28,4,0,0
BRDA:29,5,0,0
BRDA:30,6,0,0
BRDA:33,7,0,2
BRDA:58,8,0,0
BRDA:59,9,0,0
BRDA:60,10,0,0
BRDA:61,11,0,0
BRDA:62,12,0,0
BRDA:63,13,0,0
BRDA:64,14,0,0
BRDA:66,15,0,2
BRDA:90,16,0,1
BRDA:105,17,0,1
BRDA:118,18,0,2
BRDA:118,18,1,2
BRDA:118,19,0,2
BRDA:118,19,1,1
BRDA:119,20,0,2
BRDA:119,20,1,2
BRDA:119,21,0,2
BRDA:119,21,1,1
BRDA:119,22,0,2
BRDA:119,22,1,2
BRDA:119,23,0,2
BRDA:119,23,1,2
BRDA:120,24,0,2
BRDA:120,24,1,2
BRDA:120,25,0,2
BRDA:120,25,1,1
BRDA:140,26,0,3
BRDA:143,27,0,3
BRDA:150,28,0,0
BRDA:162,29,0,1
BRDA:183,30,0,1
BRDA:183,30,1,1
BRF:40
BRH:25
end_of_record
TN:
SF:src\repositories\medicalDocumentRepository.ts
FN:19,(anonymous_8)
FN:31,(anonymous_9)
FN:71,(anonymous_10)
FN:73,(anonymous_11)
FN:86,(anonymous_12)
FN:88,(anonymous_13)
FNF:6
FNH:6
FNDA:2,(anonymous_8)
FNDA:2,(anonymous_9)
FNDA:3,(anonymous_10)
FNDA:3,(anonymous_11)
FNDA:3,(anonymous_12)
FNDA:3,(anonymous_13)
DA:1,1
DA:19,1
DA:31,2
DA:42,2
DA:43,2
DA:51,2
DA:62,2
DA:63,2
DA:64,1
DA:66,1
DA:67,1
DA:71,1
DA:73,3
DA:74,3
DA:75,3
DA:79,2
DA:81,1
DA:82,1
DA:86,1
DA:88,3
DA:89,3
DA:90,3
DA:94,2
DA:96,1
DA:97,1
LF:25
LH:25
BRDA:58,0,0,2
BRDA:58,0,1,1
BRDA:79,1,0,2
BRDA:79,1,1,1
BRDA:94,2,0,2
BRDA:94,2,1,0
BRDA:94,3,0,2
BRDA:94,3,1,2
BRF:8
BRH:7
end_of_record
TN:
SF:src\repositories\playerAvailabilityRepository.ts
FN:18,(anonymous_8)
FN:20,(anonymous_9)
FN:39,(anonymous_10)
FN:50,(anonymous_11)
FNF:4
FNH:4
FNDA:3,(anonymous_8)
FNDA:3,(anonymous_9)
FNDA:2,(anonymous_10)
FNDA:2,(anonymous_11)
DA:1,1
DA:18,1
DA:20,3
DA:21,3
DA:29,3
DA:30,3
DA:31,3
DA:32,2
DA:34,1
DA:35,1
DA:39,1
DA:50,2
DA:60,2
DA:61,2
DA:69,2
DA:79,2
DA:80,2
DA:81,1
DA:83,1
DA:84,1
LF:20
LH:20
BRDA:32,0,0,2
BRDA:32,0,1,1
BRDA:72,1,0,2
BRDA:72,1,1,1
BRDA:74,2,0,2
BRDA:74,2,1,1
BRDA:75,3,0,2
BRDA:75,3,1,1
BRF:8
BRH:8
end_of_record
TN:
SF:src\repositories\treatmentPlanItemRepository.ts
FN:20,(anonymous_8)
FN:20,(anonymous_9)
FN:32,(anonymous_10)
FN:42,(anonymous_11)
FN:61,(anonymous_12)
FN:73,(anonymous_13)
FN:105,(anonymous_14)
FN:105,(anonymous_15)
FNF:8
FNH:8
FNDA:2,(anonymous_8)
FNDA:2,(anonymous_9)
FNDA:2,(anonymous_10)
FNDA:2,(anonymous_11)
FNDA:4,(anonymous_12)
FNDA:4,(anonymous_13)
FNDA:3,(anonymous_14)
FNDA:3,(anonymous_15)
DA:1,1
DA:20,2
DA:21,2
DA:22,2
DA:23,2
DA:24,2
DA:25,1
DA:27,1
DA:28,1
DA:32,1
DA:42,2
DA:43,2
DA:44,2
DA:51,2
DA:52,2
DA:53,2
DA:54,1
DA:56,1
DA:57,1
DA:61,1
DA:73,4
DA:74,4
DA:75,4
DA:76,4
DA:77,4
DA:78,4
DA:79,4
DA:80,4
DA:81,4
DA:82,4
DA:83,4
DA:84,4
DA:85,4
DA:86,1
DA:88,3
DA:89,3
DA:92,3
DA:93,3
DA:94,3
DA:95,2
DA:96,1
DA:98,1
DA:100,1
DA:101,1
DA:105,3
DA:106,3
DA:107,3
DA:108,2
DA:110,1
DA:111,1
LF:50
LH:50
BRDA:51,0,0,2
BRDA:51,0,1,1
BRDA:51,1,0,2
BRDA:51,1,1,1
BRDA:51,2,0,2
BRDA:51,2,1,1
BRDA:51,3,0,2
BRDA:51,3,1,1
BRDA:77,4,0,3
BRDA:78,5,0,0
BRDA:79,6,0,0
BRDA:80,7,0,0
BRDA:81,8,0,0
BRDA:82,9,0,0
BRDA:83,10,0,0
BRDA:84,11,0,0
BRDA:85,12,0,1
BRDA:95,13,0,1
BRDA:108,14,0,2
BRDA:108,14,1,0
BRDA:108,15,0,2
BRDA:108,15,1,2
BRF:22
BRH:14
end_of_record
TN:
SF:src\repositories\treatmentPlanRepository.ts
FN:18,(anonymous_8)
FN:18,(anonymous_9)
FN:30,(anonymous_10)
FN:38,(anonymous_11)
FN:57,(anonymous_12)
FN:66,(anonymous_13)
FN:111,(anonymous_14)
FN:111,(anonymous_15)
FNF:8
FNH:8
FNDA:2,(anonymous_8)
FNDA:2,(anonymous_9)
FNDA:2,(anonymous_10)
FNDA:2,(anonymous_11)
FNDA:4,(anonymous_12)
FNDA:4,(anonymous_13)
FNDA:3,(anonymous_14)
FNDA:3,(anonymous_15)
DA:1,1
DA:18,2
DA:19,2
DA:20,2
DA:21,2
DA:22,2
DA:23,1
DA:25,1
DA:26,1
DA:30,1
DA:38,2
DA:39,2
DA:40,2
DA:47,2
DA:48,2
DA:49,2
DA:50,1
DA:52,1
DA:53,1
DA:57,1
DA:66,4
DA:67,4
DA:68,4
DA:69,4
DA:70,4
DA:71,3
DA:72,3
DA:74,4
DA:75,0
DA:76,0
DA:78,4
DA:79,0
DA:80,0
DA:82,4
DA:83,0
DA:84,0
DA:86,4
DA:87,0
DA:88,0
DA:90,4
DA:91,1
DA:93,3
DA:95,3
DA:98,3
DA:99,3
DA:100,3
DA:101,2
DA:102,1
DA:104,1
DA:106,1
DA:107,1
DA:111,3
DA:112,3
DA:113,3
DA:114,2
DA:116,1
DA:117,1
LF:57
LH:49
BRDA:47,0,0,2
BRDA:47,0,1,1
BRDA:70,1,0,3
BRDA:74,2,0,0
BRDA:78,3,0,0
BRDA:82,4,0,0
BRDA:86,5,0,0
BRDA:90,6,0,1
BRDA:101,7,0,1
BRDA:114,8,0,2
BRDA:114,8,1,0
BRDA:114,9,0,2
BRDA:114,9,1,2
BRF:13
BRH:8
end_of_record
TN:
SF:src\repositories\treatmentRepository.ts
FN:5,(anonymous_8)
FN:5,(anonymous_9)
FN:17,(anonymous_10)
FN:24,(anonymous_11)
FN:41,(anonymous_12)
FN:49,(anonymous_13)
FN:89,(anonymous_14)
FN:89,(anonymous_15)
FNF:8
FNH:8
FNDA:2,(anonymous_8)
FNDA:2,(anonymous_9)
FNDA:2,(anonymous_10)
FNDA:2,(anonymous_11)
FNDA:4,(anonymous_12)
FNDA:4,(anonymous_13)
FNDA:3,(anonymous_14)
FNDA:3,(anonymous_15)
DA:1,1
DA:5,2
DA:6,2
DA:7,2
DA:8,2
DA:9,2
DA:10,1
DA:12,1
DA:13,1
DA:17,1
DA:24,2
DA:25,2
DA:26,2
DA:31,2
DA:32,2
DA:33,2
DA:34,1
DA:36,1
DA:37,1
DA:41,1
DA:49,4
DA:50,4
DA:51,4
DA:52,4
DA:53,4
DA:54,0
DA:55,0
DA:57,4
DA:58,3
DA:59,3
DA:61,4
DA:62,0
DA:63,0
DA:65,4
DA:66,0
DA:67,0
DA:69,4
DA:70,1
DA:72,3
DA:73,3
DA:76,3
DA:77,3
DA:78,3
DA:79,2
DA:80,1
DA:82,1
DA:84,1
DA:85,1
DA:89,3
DA:90,3
DA:91,3
DA:92,2
DA:94,1
DA:95,1
LF:54
LH:48
BRDA:31,0,0,2
BRDA:31,0,1,1
BRDA:31,1,0,2
BRDA:31,1,1,1
BRDA:53,2,0,0
BRDA:57,3,0,3
BRDA:61,4,0,0
BRDA:65,5,0,0
BRDA:69,6,0,1
BRDA:79,7,0,1
BRF:10
BRH:7
end_of_record
TN:
SF:src\routes\injuryRoutes.ts
FNF:0
FNH:0
DA:1,1
DA:2,1
DA:3,1
DA:18,1
DA:21,1
DA:22,1
DA:23,1
DA:24,1
DA:25,1
DA:28,1
DA:29,1
DA:32,1
DA:33,1
DA:35,1
LF:14
LH:14
BRF:0
BRH:0
end_of_record
TN:
SF:src\routes\medicalDocumentRoutes.ts
FNF:0
FNH:0
DA:1,1
DA:2,1
DA:3,1
DA:4,1
DA:11,1
DA:12,1
DA:15,1
DA:16,1
DA:17,1
DA:18,1
DA:20,1
LF:11
LH:11
BRF:0
BRH:0
end_of_record
TN:
SF:src\routes\playerAvailabilityRoutes.ts
FNF:0
FNH:0
DA:1,1
DA:2,1
DA:3,1
DA:5,1
DA:8,1
DA:13,1
DA:19,1
LF:7
LH:7
BRF:0
BRH:0
end_of_record
TN:
SF:src\routes\treatmentPlanItemRoutes.ts
FNF:0
FNH:0
DA:1,1
DA:2,1
DA:3,1
DA:10,1
DA:13,1
DA:18,1
DA:25,1
DA:30,1
DA:36,1
LF:9
LH:9
BRF:0
BRH:0
end_of_record
TN:
SF:src\routes\treatmentPlanRoutes.ts
FNF:0
FNH:0
DA:1,1
DA:2,1
DA:3,1
DA:10,1
DA:13,1
DA:18,1
DA:25,1
DA:30,1
DA:36,1
LF:9
LH:9
BRF:0
BRH:0
end_of_record
TN:
SF:src\routes\treatmentRoutes.ts
FNF:0
FNH:0
DA:1,1
DA:2,1
DA:3,1
DA:5,1
DA:8,1
DA:9,1
DA:11,1
LF:7
LH:7
BRF:0
BRH:0
end_of_record
