{"C:\\Hockey Hub\\services\\calendar-service\\src\\data-source.ts": {"path":"C:\\Hockey Hub\\services\\calendar-service\\src\\data-source.ts","statementMap":{"0":{"start":{"line":1,"column":0},"end":{"line":1,"column":37}},"1":{"start":{"line":2,"column":0},"end":{"line":2,"column":45}},"2":{"start":{"line":4,"column":13},"end":{"line":4,"column":52}}},"fnMap":{},"branchMap":{},"s":{"0":0,"1":0,"2":0},"f":{},"b":{}}
,"C:\\Hockey Hub\\services\\calendar-service\\src\\config\\database.ts": {"path":"C:\\Hockey Hub\\services\\calendar-service\\src\\config\\database.ts","statementMap":{"0":{"start":{"line":1,"column":0},"end":{"line":1,"column":37}},"1":{"start":{"line":2,"column":0},"end":{"line":2,"column":28}},"2":{"start":{"line":4,"column":0},"end":{"line":4,"column":16}},"3":{"start":{"line":6,"column":13},"end":{"line":18,"column":3}},"4":{"start":{"line":20,"column":34},"end":{"line":28,"column":1}},"5":{"start":{"line":21,"column":2},"end":{"line":27,"column":3}},"6":{"start":{"line":22,"column":4},"end":{"line":22,"column":37}},"7":{"start":{"line":23,"column":4},"end":{"line":23,"column":62}},"8":{"start":{"line":25,"column":4},"end":{"line":25,"column":77}},"9":{"start":{"line":26,"column":4},"end":{"line":26,"column":16}},"10":{"start":{"line":20,"column":13},"end":{"line":20,"column":34}}},"fnMap":{"0":{"name":"(anonymous_1)","decl":{"start":{"line":20,"column":34},"end":{"line":20,"column":39}},"loc":{"start":{"line":20,"column":45},"end":{"line":28,"column":1}}}},"branchMap":{"0":{"loc":{"start":{"line":8,"column":8},"end":{"line":8,"column":42}},"type":"binary-expr","locations":[{"start":{"line":8,"column":8},"end":{"line":8,"column":27}},{"start":{"line":8,"column":31},"end":{"line":8,"column":42}}]},"1":{"loc":{"start":{"line":9,"column":17},"end":{"line":9,"column":46}},"type":"binary-expr","locations":[{"start":{"line":9,"column":17},"end":{"line":9,"column":36}},{"start":{"line":9,"column":40},"end":{"line":9,"column":46}}]},"2":{"loc":{"start":{"line":10,"column":12},"end":{"line":10,"column":45}},"type":"binary-expr","locations":[{"start":{"line":10,"column":12},"end":{"line":10,"column":31}},{"start":{"line":10,"column":35},"end":{"line":10,"column":45}}]},"3":{"loc":{"start":{"line":11,"column":12},"end":{"line":11,"column":49}},"type":"binary-expr","locations":[{"start":{"line":11,"column":12},"end":{"line":11,"column":35}},{"start":{"line":11,"column":39},"end":{"line":11,"column":49}}]},"4":{"loc":{"start":{"line":12,"column":12},"end":{"line":12,"column":56}},"type":"binary-expr","locations":[{"start":{"line":12,"column":12},"end":{"line":12,"column":31}},{"start":{"line":12,"column":35},"end":{"line":12,"column":56}}]}},"s":{"0":0,"1":0,"2":0,"3":0,"4":0,"5":0,"6":0,"7":0,"8":0,"9":0,"10":0},"f":{"0":0},"b":{"0":[0,0],"1":[0,0],"2":[0,0],"3":[0,0],"4":[0,0]}}
,"C:\\Hockey Hub\\services\\calendar-service\\src\\entities\\Event.ts": {"path":"C:\\Hockey Hub\\services\\calendar-service\\src\\entities\\Event.ts","statementMap":{"0":{"start":{"line":1,"column":0},"end":{"line":1,"column":null}},"1":{"start":{"line":12,"column":0},"end":{"line":12,"column":54}},"2":{"start":{"line":13,"column":0},"end":{"line":13,"column":52}},"3":{"start":{"line":14,"column":0},"end":{"line":14,"column":50}},"4":{"start":{"line":16,"column":0},"end":{"line":16,"column":null}},"5":{"start":{"line":17,"column":2},"end":{"line":17,"column":null}},"6":{"start":{"line":18,"column":2},"end":{"line":18,"column":null}},"7":{"start":{"line":19,"column":2},"end":{"line":19,"column":null}},"8":{"start":{"line":20,"column":2},"end":{"line":20,"column":null}},"9":{"start":{"line":21,"column":2},"end":{"line":21,"column":null}},"10":{"start":{"line":22,"column":2},"end":{"line":22,"column":null}},"11":{"start":{"line":23,"column":2},"end":{"line":23,"column":null}},"12":{"start":{"line":24,"column":2},"end":{"line":24,"column":null}},"13":{"start":{"line":27,"column":0},"end":{"line":27,"column":null}},"14":{"start":{"line":28,"column":2},"end":{"line":28,"column":null}},"15":{"start":{"line":29,"column":2},"end":{"line":29,"column":null}},"16":{"start":{"line":30,"column":2},"end":{"line":30,"column":null}},"17":{"start":{"line":31,"column":2},"end":{"line":31,"column":null}},"18":{"start":{"line":32,"column":2},"end":{"line":32,"column":null}},"19":{"start":{"line":33,"column":2},"end":{"line":33,"column":null}},"20":{"start":{"line":36,"column":0},"end":{"line":36,"column":null}},"21":{"start":{"line":37,"column":2},"end":{"line":37,"column":null}},"22":{"start":{"line":38,"column":2},"end":{"line":38,"column":null}},"23":{"start":{"line":39,"column":2},"end":{"line":39,"column":null}},"24":{"start":{"line":40,"column":2},"end":{"line":40,"column":null}},"25":{"start":{"line":47,"column":7},"end":{"line":197,"column":null}},"26":{"start":{"line":47,"column":13},"end":{"line":47,"column":18}},"27":{"start":{"line":49,"column":2},"end":{"line":49,"column":null}},"28":{"start":{"line":52,"column":2},"end":{"line":52,"column":null}},"29":{"start":{"line":55,"column":2},"end":{"line":55,"column":null}},"30":{"start":{"line":62,"column":2},"end":{"line":62,"column":null}},"31":{"start":{"line":69,"column":2},"end":{"line":69,"column":null}},"32":{"start":{"line":76,"column":2},"end":{"line":76,"column":null}},"33":{"start":{"line":79,"column":2},"end":{"line":79,"column":null}},"34":{"start":{"line":82,"column":2},"end":{"line":82,"column":null}},"35":{"start":{"line":85,"column":2},"end":{"line":85,"column":null}},"36":{"start":{"line":88,"column":2},"end":{"line":88,"column":null}},"37":{"start":{"line":91,"column":2},"end":{"line":91,"column":null}},"38":{"start":{"line":94,"column":2},"end":{"line":94,"column":null}},"39":{"start":{"line":97,"column":2},"end":{"line":97,"column":null}},"40":{"start":{"line":100,"column":2},"end":{"line":100,"column":null}},"41":{"start":{"line":103,"column":2},"end":{"line":103,"column":null}},"42":{"start":{"line":106,"column":2},"end":{"line":106,"column":null}},"43":{"start":{"line":109,"column":2},"end":{"line":109,"column":null}},"44":{"start":{"line":112,"column":2},"end":{"line":112,"column":null}},"45":{"start":{"line":115,"column":2},"end":{"line":131,"column":null}},"46":{"start":{"line":134,"column":2},"end":{"line":134,"column":null}},"47":{"start":{"line":137,"column":2},"end":{"line":137,"column":null}},"48":{"start":{"line":140,"column":2},"end":{"line":140,"column":null}},"49":{"start":{"line":143,"column":2},"end":{"line":143,"column":null}},"50":{"start":{"line":146,"column":2},"end":{"line":146,"column":null}},"51":{"start":{"line":149,"column":2},"end":{"line":149,"column":null}},"52":{"start":{"line":154,"column":2},"end":{"line":154,"column":null}},"53":{"start":{"line":151,"column":19},"end":{"line":151,"column":35}},"54":{"start":{"line":151,"column":54},"end":{"line":151,"column":71}},"55":{"start":{"line":159,"column":2},"end":{"line":159,"column":null}},"56":{"start":{"line":156,"column":19},"end":{"line":156,"column":34}},"57":{"start":{"line":156,"column":49},"end":{"line":156,"column":62}},"58":{"start":{"line":163,"column":2},"end":{"line":163,"column":null}},"59":{"start":{"line":161,"column":19},"end":{"line":161,"column":33}},"60":{"start":{"line":166,"column":2},"end":{"line":166,"column":null}},"61":{"start":{"line":169,"column":2},"end":{"line":169,"column":null}},"62":{"start":{"line":172,"column":2},"end":{"line":172,"column":null}},"63":{"start":{"line":175,"column":2},"end":{"line":175,"column":null}},"64":{"start":{"line":178,"column":2},"end":{"line":178,"column":null}},"65":{"start":{"line":181,"column":2},"end":{"line":181,"column":null}},"66":{"start":{"line":184,"column":2},"end":{"line":184,"column":null}},"67":{"start":{"line":187,"column":2},"end":{"line":187,"column":null}},"68":{"start":{"line":190,"column":2},"end":{"line":190,"column":null}},"69":{"start":{"line":193,"column":2},"end":{"line":193,"column":null}},"70":{"start":{"line":196,"column":2},"end":{"line":196,"column":null}},"71":{"start":{"line":47,"column":13},"end":{"line":197,"column":null}}},"fnMap":{"0":{"name":"(anonymous_2)","decl":{"start":{"line":16,"column":0},"end":{"line":16,"column":12}},"loc":{"start":{"line":16,"column":21},"end":{"line":25,"column":1}}},"1":{"name":"(anonymous_3)","decl":{"start":{"line":27,"column":0},"end":{"line":27,"column":12}},"loc":{"start":{"line":27,"column":23},"end":{"line":34,"column":1}}},"2":{"name":"(anonymous_4)","decl":{"start":{"line":36,"column":0},"end":{"line":36,"column":12}},"loc":{"start":{"line":36,"column":27},"end":{"line":41,"column":1}}},"3":{"name":"(anonymous_5)","decl":{"start":{"line":151,"column":13},"end":{"line":151,"column":16}},"loc":{"start":{"line":151,"column":19},"end":{"line":151,"column":35}}},"4":{"name":"(anonymous_6)","decl":{"start":{"line":151,"column":37},"end":{"line":151,"column":38}},"loc":{"start":{"line":151,"column":54},"end":{"line":151,"column":71}}},"5":{"name":"(anonymous_7)","decl":{"start":{"line":156,"column":13},"end":{"line":156,"column":16}},"loc":{"start":{"line":156,"column":19},"end":{"line":156,"column":34}}},"6":{"name":"(anonymous_8)","decl":{"start":{"line":156,"column":36},"end":{"line":156,"column":37}},"loc":{"start":{"line":156,"column":49},"end":{"line":156,"column":62}}},"7":{"name":"(anonymous_9)","decl":{"start":{"line":161,"column":13},"end":{"line":161,"column":16}},"loc":{"start":{"line":161,"column":19},"end":{"line":161,"column":33}}}},"branchMap":{"0":{"loc":{"start":{"line":16,"column":12},"end":{"line":16,"column":null}},"type":"binary-expr","locations":[{"start":{"line":16,"column":12},"end":{"line":16,"column":21}},{"start":{"line":16,"column":21},"end":{"line":16,"column":null}}]},"1":{"loc":{"start":{"line":27,"column":12},"end":{"line":27,"column":null}},"type":"binary-expr","locations":[{"start":{"line":27,"column":12},"end":{"line":27,"column":23}},{"start":{"line":27,"column":23},"end":{"line":27,"column":null}}]},"2":{"loc":{"start":{"line":36,"column":12},"end":{"line":36,"column":null}},"type":"binary-expr","locations":[{"start":{"line":36,"column":12},"end":{"line":36,"column":27}},{"start":{"line":36,"column":27},"end":{"line":36,"column":null}}]}},"s":{"0":0,"1":0,"2":0,"3":0,"4":0,"5":0,"6":0,"7":0,"8":0,"9":0,"10":0,"11":0,"12":0,"13":0,"14":0,"15":0,"16":0,"17":0,"18":0,"19":0,"20":0,"21":0,"22":0,"23":0,"24":0,"25":0,"26":0,"27":0,"28":0,"29":0,"30":0,"31":0,"32":0,"33":0,"34":0,"35":0,"36":0,"37":0,"38":0,"39":0,"40":0,"41":0,"42":0,"43":0,"44":0,"45":0,"46":0,"47":0,"48":0,"49":0,"50":0,"51":0,"52":0,"53":0,"54":0,"55":0,"56":0,"57":0,"58":0,"59":0,"60":0,"61":0,"62":0,"63":0,"64":0,"65":0,"66":0,"67":0,"68":0,"69":0,"70":0,"71":0},"f":{"0":0,"1":0,"2":0,"3":0,"4":0,"5":0,"6":0,"7":0},"b":{"0":[0,0],"1":[0,0],"2":[0,0]}}
,"C:\\Hockey Hub\\services\\calendar-service\\src\\entities\\EventParticipant.ts": {"path":"C:\\Hockey Hub\\services\\calendar-service\\src\\entities\\EventParticipant.ts","statementMap":{"0":{"start":{"line":1,"column":0},"end":{"line":1,"column":null}},"1":{"start":{"line":12,"column":0},"end":{"line":12,"column":32}},"2":{"start":{"line":14,"column":0},"end":{"line":14,"column":null}},"3":{"start":{"line":15,"column":2},"end":{"line":15,"column":null}},"4":{"start":{"line":16,"column":2},"end":{"line":16,"column":null}},"5":{"start":{"line":17,"column":2},"end":{"line":17,"column":null}},"6":{"start":{"line":18,"column":2},"end":{"line":18,"column":null}},"7":{"start":{"line":19,"column":2},"end":{"line":19,"column":null}},"8":{"start":{"line":22,"column":0},"end":{"line":22,"column":null}},"9":{"start":{"line":23,"column":2},"end":{"line":23,"column":null}},"10":{"start":{"line":24,"column":2},"end":{"line":24,"column":null}},"11":{"start":{"line":25,"column":2},"end":{"line":25,"column":null}},"12":{"start":{"line":26,"column":2},"end":{"line":26,"column":null}},"13":{"start":{"line":27,"column":2},"end":{"line":27,"column":null}},"14":{"start":{"line":30,"column":0},"end":{"line":30,"column":null}},"15":{"start":{"line":31,"column":2},"end":{"line":31,"column":null}},"16":{"start":{"line":32,"column":2},"end":{"line":32,"column":null}},"17":{"start":{"line":33,"column":2},"end":{"line":33,"column":null}},"18":{"start":{"line":34,"column":2},"end":{"line":34,"column":null}},"19":{"start":{"line":35,"column":2},"end":{"line":35,"column":null}},"20":{"start":{"line":42,"column":7},"end":{"line":148,"column":null}},"21":{"start":{"line":42,"column":13},"end":{"line":42,"column":29}},"22":{"start":{"line":44,"column":2},"end":{"line":44,"column":null}},"23":{"start":{"line":50,"column":2},"end":{"line":50,"column":null}},"24":{"start":{"line":46,"column":19},"end":{"line":46,"column":24}},"25":{"start":{"line":46,"column":37},"end":{"line":46,"column":55}},"26":{"start":{"line":53,"column":2},"end":{"line":53,"column":null}},"27":{"start":{"line":56,"column":2},"end":{"line":56,"column":null}},"28":{"start":{"line":63,"column":2},"end":{"line":63,"column":null}},"29":{"start":{"line":70,"column":2},"end":{"line":70,"column":null}},"30":{"start":{"line":77,"column":2},"end":{"line":77,"column":null}},"31":{"start":{"line":80,"column":2},"end":{"line":80,"column":null}},"32":{"start":{"line":83,"column":2},"end":{"line":83,"column":null}},"33":{"start":{"line":86,"column":2},"end":{"line":86,"column":null}},"34":{"start":{"line":89,"column":2},"end":{"line":89,"column":null}},"35":{"start":{"line":92,"column":2},"end":{"line":92,"column":null}},"36":{"start":{"line":95,"column":2},"end":{"line":95,"column":null}},"37":{"start":{"line":98,"column":2},"end":{"line":98,"column":null}},"38":{"start":{"line":101,"column":2},"end":{"line":101,"column":null}},"39":{"start":{"line":104,"column":2},"end":{"line":104,"column":null}},"40":{"start":{"line":107,"column":2},"end":{"line":107,"column":null}},"41":{"start":{"line":110,"column":2},"end":{"line":117,"column":null}},"42":{"start":{"line":120,"column":2},"end":{"line":120,"column":null}},"43":{"start":{"line":123,"column":2},"end":{"line":123,"column":null}},"44":{"start":{"line":126,"column":2},"end":{"line":126,"column":null}},"45":{"start":{"line":129,"column":2},"end":{"line":129,"column":null}},"46":{"start":{"line":132,"column":2},"end":{"line":132,"column":null}},"47":{"start":{"line":135,"column":2},"end":{"line":135,"column":null}},"48":{"start":{"line":138,"column":2},"end":{"line":138,"column":null}},"49":{"start":{"line":141,"column":2},"end":{"line":141,"column":null}},"50":{"start":{"line":144,"column":2},"end":{"line":144,"column":null}},"51":{"start":{"line":147,"column":2},"end":{"line":147,"column":null}},"52":{"start":{"line":42,"column":13},"end":{"line":148,"column":null}}},"fnMap":{"0":{"name":"(anonymous_2)","decl":{"start":{"line":14,"column":0},"end":{"line":14,"column":12}},"loc":{"start":{"line":14,"column":27},"end":{"line":20,"column":1}}},"1":{"name":"(anonymous_3)","decl":{"start":{"line":22,"column":0},"end":{"line":22,"column":12}},"loc":{"start":{"line":22,"column":29},"end":{"line":28,"column":1}}},"2":{"name":"(anonymous_4)","decl":{"start":{"line":30,"column":0},"end":{"line":30,"column":12}},"loc":{"start":{"line":30,"column":27},"end":{"line":36,"column":1}}},"3":{"name":"(anonymous_5)","decl":{"start":{"line":46,"column":13},"end":{"line":46,"column":16}},"loc":{"start":{"line":46,"column":19},"end":{"line":46,"column":24}}},"4":{"name":"(anonymous_6)","decl":{"start":{"line":46,"column":26},"end":{"line":46,"column":27}},"loc":{"start":{"line":46,"column":37},"end":{"line":46,"column":55}}}},"branchMap":{"0":{"loc":{"start":{"line":14,"column":12},"end":{"line":14,"column":null}},"type":"binary-expr","locations":[{"start":{"line":14,"column":12},"end":{"line":14,"column":27}},{"start":{"line":14,"column":27},"end":{"line":14,"column":null}}]},"1":{"loc":{"start":{"line":22,"column":12},"end":{"line":22,"column":null}},"type":"binary-expr","locations":[{"start":{"line":22,"column":12},"end":{"line":22,"column":29}},{"start":{"line":22,"column":29},"end":{"line":22,"column":null}}]},"2":{"loc":{"start":{"line":30,"column":12},"end":{"line":30,"column":null}},"type":"binary-expr","locations":[{"start":{"line":30,"column":12},"end":{"line":30,"column":27}},{"start":{"line":30,"column":27},"end":{"line":30,"column":null}}]}},"s":{"0":0,"1":0,"2":0,"3":0,"4":0,"5":0,"6":0,"7":0,"8":0,"9":0,"10":0,"11":0,"12":0,"13":0,"14":0,"15":0,"16":0,"17":0,"18":0,"19":0,"20":0,"21":0,"22":0,"23":0,"24":0,"25":0,"26":0,"27":0,"28":0,"29":0,"30":0,"31":0,"32":0,"33":0,"34":0,"35":0,"36":0,"37":0,"38":0,"39":0,"40":0,"41":0,"42":0,"43":0,"44":0,"45":0,"46":0,"47":0,"48":0,"49":0,"50":0,"51":0,"52":0},"f":{"0":0,"1":0,"2":0,"3":0,"4":0},"b":{"0":[0,0],"1":[0,0],"2":[0,0]}}
,"C:\\Hockey Hub\\services\\calendar-service\\src\\entities\\RecurrenceRule.ts": {"path":"C:\\Hockey Hub\\services\\calendar-service\\src\\entities\\RecurrenceRule.ts","statementMap":{"0":{"start":{"line":1,"column":0},"end":{"line":1,"column":null}},"1":{"start":{"line":10,"column":0},"end":{"line":10,"column":32}},"2":{"start":{"line":12,"column":0},"end":{"line":12,"column":null}},"3":{"start":{"line":13,"column":2},"end":{"line":13,"column":null}},"4":{"start":{"line":14,"column":2},"end":{"line":14,"column":null}},"5":{"start":{"line":15,"column":2},"end":{"line":15,"column":null}},"6":{"start":{"line":16,"column":2},"end":{"line":16,"column":null}},"7":{"start":{"line":17,"column":2},"end":{"line":17,"column":null}},"8":{"start":{"line":20,"column":0},"end":{"line":20,"column":null}},"9":{"start":{"line":21,"column":2},"end":{"line":21,"column":null}},"10":{"start":{"line":22,"column":2},"end":{"line":22,"column":null}},"11":{"start":{"line":23,"column":2},"end":{"line":23,"column":null}},"12":{"start":{"line":24,"column":2},"end":{"line":24,"column":null}},"13":{"start":{"line":25,"column":2},"end":{"line":25,"column":null}},"14":{"start":{"line":26,"column":2},"end":{"line":26,"column":null}},"15":{"start":{"line":27,"column":2},"end":{"line":27,"column":null}},"16":{"start":{"line":30,"column":0},"end":{"line":30,"column":null}},"17":{"start":{"line":31,"column":2},"end":{"line":31,"column":null}},"18":{"start":{"line":32,"column":2},"end":{"line":32,"column":null}},"19":{"start":{"line":37,"column":7},"end":{"line":173,"column":null}},"20":{"start":{"line":37,"column":13},"end":{"line":37,"column":27}},"21":{"start":{"line":39,"column":2},"end":{"line":39,"column":null}},"22":{"start":{"line":45,"column":2},"end":{"line":45,"column":null}},"23":{"start":{"line":48,"column":2},"end":{"line":48,"column":null}},"24":{"start":{"line":51,"column":2},"end":{"line":51,"column":null}},"25":{"start":{"line":54,"column":2},"end":{"line":54,"column":null}},"26":{"start":{"line":57,"column":2},"end":{"line":57,"column":null}},"27":{"start":{"line":60,"column":2},"end":{"line":60,"column":null}},"28":{"start":{"line":63,"column":2},"end":{"line":63,"column":null}},"29":{"start":{"line":66,"column":2},"end":{"line":66,"column":null}},"30":{"start":{"line":69,"column":2},"end":{"line":69,"column":null}},"31":{"start":{"line":76,"column":2},"end":{"line":76,"column":null}},"32":{"start":{"line":79,"column":2},"end":{"line":79,"column":null}},"33":{"start":{"line":82,"column":2},"end":{"line":82,"column":null}},"34":{"start":{"line":85,"column":2},"end":{"line":85,"column":null}},"35":{"start":{"line":88,"column":2},"end":{"line":92,"column":null}},"36":{"start":{"line":95,"column":2},"end":{"line":95,"column":null}},"37":{"start":{"line":98,"column":2},"end":{"line":98,"column":null}},"38":{"start":{"line":101,"column":2},"end":{"line":109,"column":null}},"39":{"start":{"line":112,"column":2},"end":{"line":116,"column":null}},"40":{"start":{"line":119,"column":2},"end":{"line":124,"column":null}},"41":{"start":{"line":127,"column":2},"end":{"line":127,"column":null}},"42":{"start":{"line":130,"column":2},"end":{"line":130,"column":null}},"43":{"start":{"line":133,"column":2},"end":{"line":133,"column":null}},"44":{"start":{"line":136,"column":2},"end":{"line":136,"column":null}},"45":{"start":{"line":139,"column":2},"end":{"line":139,"column":null}},"46":{"start":{"line":142,"column":2},"end":{"line":142,"column":null}},"47":{"start":{"line":145,"column":2},"end":{"line":145,"column":null}},"48":{"start":{"line":148,"column":2},"end":{"line":148,"column":null}},"49":{"start":{"line":151,"column":2},"end":{"line":151,"column":null}},"50":{"start":{"line":154,"column":2},"end":{"line":154,"column":null}},"51":{"start":{"line":153,"column":19},"end":{"line":153,"column":24}},"52":{"start":{"line":153,"column":37},"end":{"line":153,"column":57}},"53":{"start":{"line":157,"column":2},"end":{"line":157,"column":null}},"54":{"start":{"line":160,"column":2},"end":{"line":160,"column":null}},"55":{"start":{"line":163,"column":2},"end":{"line":163,"column":null}},"56":{"start":{"line":166,"column":2},"end":{"line":166,"column":null}},"57":{"start":{"line":169,"column":2},"end":{"line":169,"column":null}},"58":{"start":{"line":172,"column":2},"end":{"line":172,"column":null}},"59":{"start":{"line":37,"column":13},"end":{"line":173,"column":null}}},"fnMap":{"0":{"name":"(anonymous_2)","decl":{"start":{"line":12,"column":0},"end":{"line":12,"column":12}},"loc":{"start":{"line":12,"column":31},"end":{"line":18,"column":1}}},"1":{"name":"(anonymous_3)","decl":{"start":{"line":20,"column":0},"end":{"line":20,"column":12}},"loc":{"start":{"line":20,"column":19},"end":{"line":28,"column":1}}},"2":{"name":"(anonymous_4)","decl":{"start":{"line":30,"column":0},"end":{"line":30,"column":12}},"loc":{"start":{"line":30,"column":33},"end":{"line":33,"column":1}}},"3":{"name":"(anonymous_5)","decl":{"start":{"line":153,"column":13},"end":{"line":153,"column":16}},"loc":{"start":{"line":153,"column":19},"end":{"line":153,"column":24}}},"4":{"name":"(anonymous_6)","decl":{"start":{"line":153,"column":26},"end":{"line":153,"column":27}},"loc":{"start":{"line":153,"column":37},"end":{"line":153,"column":57}}}},"branchMap":{"0":{"loc":{"start":{"line":12,"column":12},"end":{"line":12,"column":null}},"type":"binary-expr","locations":[{"start":{"line":12,"column":12},"end":{"line":12,"column":31}},{"start":{"line":12,"column":31},"end":{"line":12,"column":null}}]},"1":{"loc":{"start":{"line":20,"column":12},"end":{"line":20,"column":null}},"type":"binary-expr","locations":[{"start":{"line":20,"column":12},"end":{"line":20,"column":19}},{"start":{"line":20,"column":19},"end":{"line":20,"column":null}}]},"2":{"loc":{"start":{"line":30,"column":12},"end":{"line":30,"column":null}},"type":"binary-expr","locations":[{"start":{"line":30,"column":12},"end":{"line":30,"column":33}},{"start":{"line":30,"column":33},"end":{"line":30,"column":null}}]}},"s":{"0":0,"1":0,"2":0,"3":0,"4":0,"5":0,"6":0,"7":0,"8":0,"9":0,"10":0,"11":0,"12":0,"13":0,"14":0,"15":0,"16":0,"17":0,"18":0,"19":0,"20":0,"21":0,"22":0,"23":0,"24":0,"25":0,"26":0,"27":0,"28":0,"29":0,"30":0,"31":0,"32":0,"33":0,"34":0,"35":0,"36":0,"37":0,"38":0,"39":0,"40":0,"41":0,"42":0,"43":0,"44":0,"45":0,"46":0,"47":0,"48":0,"49":0,"50":0,"51":0,"52":0,"53":0,"54":0,"55":0,"56":0,"57":0,"58":0,"59":0},"f":{"0":0,"1":0,"2":0,"3":0,"4":0},"b":{"0":[0,0],"1":[0,0],"2":[0,0]}}
,"C:\\Hockey Hub\\services\\calendar-service\\src\\entities\\Resource.ts": {"path":"C:\\Hockey Hub\\services\\calendar-service\\src\\entities\\Resource.ts","statementMap":{"0":{"start":{"line":1,"column":0},"end":{"line":1,"column":null}},"1":{"start":{"line":10,"column":0},"end":{"line":10,"column":52}},"2":{"start":{"line":12,"column":0},"end":{"line":12,"column":null}},"3":{"start":{"line":13,"column":2},"end":{"line":13,"column":null}},"4":{"start":{"line":14,"column":2},"end":{"line":14,"column":null}},"5":{"start":{"line":15,"column":2},"end":{"line":15,"column":null}},"6":{"start":{"line":16,"column":2},"end":{"line":16,"column":null}},"7":{"start":{"line":17,"column":2},"end":{"line":17,"column":null}},"8":{"start":{"line":18,"column":2},"end":{"line":18,"column":null}},"9":{"start":{"line":19,"column":2},"end":{"line":19,"column":null}},"10":{"start":{"line":20,"column":2},"end":{"line":20,"column":null}},"11":{"start":{"line":21,"column":2},"end":{"line":21,"column":null}},"12":{"start":{"line":24,"column":0},"end":{"line":24,"column":null}},"13":{"start":{"line":25,"column":2},"end":{"line":25,"column":null}},"14":{"start":{"line":26,"column":2},"end":{"line":26,"column":null}},"15":{"start":{"line":27,"column":2},"end":{"line":27,"column":null}},"16":{"start":{"line":28,"column":2},"end":{"line":28,"column":null}},"17":{"start":{"line":29,"column":2},"end":{"line":29,"column":null}},"18":{"start":{"line":35,"column":7},"end":{"line":196,"column":null}},"19":{"start":{"line":35,"column":13},"end":{"line":35,"column":21}},"20":{"start":{"line":37,"column":2},"end":{"line":37,"column":null}},"21":{"start":{"line":40,"column":2},"end":{"line":40,"column":null}},"22":{"start":{"line":43,"column":2},"end":{"line":43,"column":null}},"23":{"start":{"line":50,"column":2},"end":{"line":50,"column":null}},"24":{"start":{"line":57,"column":2},"end":{"line":57,"column":null}},"25":{"start":{"line":60,"column":2},"end":{"line":60,"column":null}},"26":{"start":{"line":63,"column":2},"end":{"line":63,"column":null}},"27":{"start":{"line":66,"column":2},"end":{"line":66,"column":null}},"28":{"start":{"line":69,"column":2},"end":{"line":69,"column":null}},"29":{"start":{"line":72,"column":2},"end":{"line":72,"column":null}},"30":{"start":{"line":75,"column":2},"end":{"line":75,"column":null}},"31":{"start":{"line":78,"column":2},"end":{"line":94,"column":null}},"32":{"start":{"line":97,"column":2},"end":{"line":111,"column":null}},"33":{"start":{"line":114,"column":2},"end":{"line":114,"column":null}},"34":{"start":{"line":117,"column":2},"end":{"line":117,"column":null}},"35":{"start":{"line":120,"column":2},"end":{"line":120,"column":null}},"36":{"start":{"line":123,"column":2},"end":{"line":123,"column":null}},"37":{"start":{"line":126,"column":2},"end":{"line":126,"column":null}},"38":{"start":{"line":129,"column":2},"end":{"line":129,"column":null}},"39":{"start":{"line":132,"column":2},"end":{"line":132,"column":null}},"40":{"start":{"line":135,"column":2},"end":{"line":135,"column":null}},"41":{"start":{"line":138,"column":2},"end":{"line":138,"column":null}},"42":{"start":{"line":141,"column":2},"end":{"line":141,"column":null}},"43":{"start":{"line":144,"column":2},"end":{"line":144,"column":null}},"44":{"start":{"line":147,"column":2},"end":{"line":147,"column":null}},"45":{"start":{"line":150,"column":2},"end":{"line":159,"column":null}},"46":{"start":{"line":162,"column":2},"end":{"line":162,"column":null}},"47":{"start":{"line":165,"column":2},"end":{"line":165,"column":null}},"48":{"start":{"line":168,"column":2},"end":{"line":168,"column":null}},"49":{"start":{"line":171,"column":2},"end":{"line":171,"column":null}},"50":{"start":{"line":174,"column":2},"end":{"line":174,"column":null}},"51":{"start":{"line":177,"column":2},"end":{"line":177,"column":null}},"52":{"start":{"line":180,"column":2},"end":{"line":180,"column":null}},"53":{"start":{"line":179,"column":19},"end":{"line":179,"column":34}},"54":{"start":{"line":179,"column":49},"end":{"line":179,"column":65}},"55":{"start":{"line":183,"column":2},"end":{"line":183,"column":null}},"56":{"start":{"line":186,"column":2},"end":{"line":186,"column":null}},"57":{"start":{"line":189,"column":2},"end":{"line":189,"column":null}},"58":{"start":{"line":192,"column":2},"end":{"line":192,"column":null}},"59":{"start":{"line":195,"column":2},"end":{"line":195,"column":null}},"60":{"start":{"line":35,"column":13},"end":{"line":196,"column":null}}},"fnMap":{"0":{"name":"(anonymous_2)","decl":{"start":{"line":12,"column":0},"end":{"line":12,"column":12}},"loc":{"start":{"line":12,"column":24},"end":{"line":22,"column":1}}},"1":{"name":"(anonymous_3)","decl":{"start":{"line":24,"column":0},"end":{"line":24,"column":12}},"loc":{"start":{"line":24,"column":26},"end":{"line":30,"column":1}}},"2":{"name":"(anonymous_4)","decl":{"start":{"line":179,"column":13},"end":{"line":179,"column":16}},"loc":{"start":{"line":179,"column":19},"end":{"line":179,"column":34}}},"3":{"name":"(anonymous_5)","decl":{"start":{"line":179,"column":36},"end":{"line":179,"column":37}},"loc":{"start":{"line":179,"column":49},"end":{"line":179,"column":65}}}},"branchMap":{"0":{"loc":{"start":{"line":12,"column":12},"end":{"line":12,"column":null}},"type":"binary-expr","locations":[{"start":{"line":12,"column":12},"end":{"line":12,"column":24}},{"start":{"line":12,"column":24},"end":{"line":12,"column":null}}]},"1":{"loc":{"start":{"line":24,"column":12},"end":{"line":24,"column":null}},"type":"binary-expr","locations":[{"start":{"line":24,"column":12},"end":{"line":24,"column":26}},{"start":{"line":24,"column":26},"end":{"line":24,"column":null}}]}},"s":{"0":0,"1":0,"2":0,"3":0,"4":0,"5":0,"6":0,"7":0,"8":0,"9":0,"10":0,"11":0,"12":0,"13":0,"14":0,"15":0,"16":0,"17":0,"18":0,"19":0,"20":0,"21":0,"22":0,"23":0,"24":0,"25":0,"26":0,"27":0,"28":0,"29":0,"30":0,"31":0,"32":0,"33":0,"34":0,"35":0,"36":0,"37":0,"38":0,"39":0,"40":0,"41":0,"42":0,"43":0,"44":0,"45":0,"46":0,"47":0,"48":0,"49":0,"50":0,"51":0,"52":0,"53":0,"54":0,"55":0,"56":0,"57":0,"58":0,"59":0,"60":0},"f":{"0":0,"1":0,"2":0,"3":0},"b":{"0":[0,0],"1":[0,0]}}
,"C:\\Hockey Hub\\services\\calendar-service\\src\\entities\\ResourceBooking.ts": {"path":"C:\\Hockey Hub\\services\\calendar-service\\src\\entities\\ResourceBooking.ts","statementMap":{"0":{"start":{"line":1,"column":0},"end":{"line":1,"column":null}},"1":{"start":{"line":12,"column":0},"end":{"line":12,"column":32}},"2":{"start":{"line":13,"column":0},"end":{"line":13,"column":38}},"3":{"start":{"line":15,"column":0},"end":{"line":15,"column":null}},"4":{"start":{"line":16,"column":2},"end":{"line":16,"column":null}},"5":{"start":{"line":17,"column":2},"end":{"line":17,"column":null}},"6":{"start":{"line":18,"column":2},"end":{"line":18,"column":null}},"7":{"start":{"line":19,"column":2},"end":{"line":19,"column":null}},"8":{"start":{"line":20,"column":2},"end":{"line":20,"column":null}},"9":{"start":{"line":21,"column":2},"end":{"line":21,"column":null}},"10":{"start":{"line":24,"column":0},"end":{"line":24,"column":null}},"11":{"start":{"line":25,"column":2},"end":{"line":25,"column":null}},"12":{"start":{"line":26,"column":2},"end":{"line":26,"column":null}},"13":{"start":{"line":27,"column":2},"end":{"line":27,"column":null}},"14":{"start":{"line":28,"column":2},"end":{"line":28,"column":null}},"15":{"start":{"line":37,"column":7},"end":{"line":184,"column":null}},"16":{"start":{"line":37,"column":13},"end":{"line":37,"column":28}},"17":{"start":{"line":39,"column":2},"end":{"line":39,"column":null}},"18":{"start":{"line":45,"column":2},"end":{"line":45,"column":null}},"19":{"start":{"line":41,"column":19},"end":{"line":41,"column":27}},"20":{"start":{"line":41,"column":43},"end":{"line":41,"column":60}},"21":{"start":{"line":48,"column":2},"end":{"line":48,"column":null}},"22":{"start":{"line":54,"column":2},"end":{"line":54,"column":null}},"23":{"start":{"line":50,"column":19},"end":{"line":50,"column":24}},"24":{"start":{"line":50,"column":37},"end":{"line":50,"column":59}},"25":{"start":{"line":57,"column":2},"end":{"line":57,"column":null}},"26":{"start":{"line":60,"column":2},"end":{"line":60,"column":null}},"27":{"start":{"line":63,"column":2},"end":{"line":63,"column":null}},"28":{"start":{"line":70,"column":2},"end":{"line":70,"column":null}},"29":{"start":{"line":77,"column":2},"end":{"line":77,"column":null}},"30":{"start":{"line":80,"column":2},"end":{"line":80,"column":null}},"31":{"start":{"line":83,"column":2},"end":{"line":83,"column":null}},"32":{"start":{"line":86,"column":2},"end":{"line":86,"column":null}},"33":{"start":{"line":89,"column":2},"end":{"line":89,"column":null}},"34":{"start":{"line":92,"column":2},"end":{"line":92,"column":null}},"35":{"start":{"line":95,"column":2},"end":{"line":95,"column":null}},"36":{"start":{"line":98,"column":2},"end":{"line":98,"column":null}},"37":{"start":{"line":101,"column":2},"end":{"line":101,"column":null}},"38":{"start":{"line":104,"column":2},"end":{"line":104,"column":null}},"39":{"start":{"line":107,"column":2},"end":{"line":113,"column":null}},"40":{"start":{"line":116,"column":2},"end":{"line":116,"column":null}},"41":{"start":{"line":119,"column":2},"end":{"line":119,"column":null}},"42":{"start":{"line":122,"column":2},"end":{"line":122,"column":null}},"43":{"start":{"line":125,"column":2},"end":{"line":125,"column":null}},"44":{"start":{"line":128,"column":2},"end":{"line":128,"column":null}},"45":{"start":{"line":131,"column":2},"end":{"line":131,"column":null}},"46":{"start":{"line":134,"column":2},"end":{"line":134,"column":null}},"47":{"start":{"line":137,"column":2},"end":{"line":137,"column":null}},"48":{"start":{"line":140,"column":2},"end":{"line":147,"column":null}},"49":{"start":{"line":150,"column":2},"end":{"line":150,"column":null}},"50":{"start":{"line":153,"column":2},"end":{"line":153,"column":null}},"51":{"start":{"line":156,"column":2},"end":{"line":156,"column":null}},"52":{"start":{"line":159,"column":2},"end":{"line":159,"column":null}},"53":{"start":{"line":162,"column":2},"end":{"line":162,"column":null}},"54":{"start":{"line":165,"column":2},"end":{"line":165,"column":null}},"55":{"start":{"line":168,"column":2},"end":{"line":168,"column":null}},"56":{"start":{"line":171,"column":2},"end":{"line":171,"column":null}},"57":{"start":{"line":174,"column":2},"end":{"line":174,"column":null}},"58":{"start":{"line":177,"column":2},"end":{"line":177,"column":null}},"59":{"start":{"line":180,"column":2},"end":{"line":180,"column":null}},"60":{"start":{"line":183,"column":2},"end":{"line":183,"column":null}},"61":{"start":{"line":37,"column":13},"end":{"line":184,"column":null}}},"fnMap":{"0":{"name":"(anonymous_2)","decl":{"start":{"line":15,"column":0},"end":{"line":15,"column":12}},"loc":{"start":{"line":15,"column":25},"end":{"line":22,"column":1}}},"1":{"name":"(anonymous_3)","decl":{"start":{"line":24,"column":0},"end":{"line":24,"column":12}},"loc":{"start":{"line":24,"column":27},"end":{"line":29,"column":1}}},"2":{"name":"(anonymous_4)","decl":{"start":{"line":41,"column":13},"end":{"line":41,"column":16}},"loc":{"start":{"line":41,"column":19},"end":{"line":41,"column":27}}},"3":{"name":"(anonymous_5)","decl":{"start":{"line":41,"column":29},"end":{"line":41,"column":30}},"loc":{"start":{"line":41,"column":43},"end":{"line":41,"column":60}}},"4":{"name":"(anonymous_6)","decl":{"start":{"line":50,"column":13},"end":{"line":50,"column":16}},"loc":{"start":{"line":50,"column":19},"end":{"line":50,"column":24}}},"5":{"name":"(anonymous_7)","decl":{"start":{"line":50,"column":26},"end":{"line":50,"column":27}},"loc":{"start":{"line":50,"column":37},"end":{"line":50,"column":59}}}},"branchMap":{"0":{"loc":{"start":{"line":15,"column":12},"end":{"line":15,"column":null}},"type":"binary-expr","locations":[{"start":{"line":15,"column":12},"end":{"line":15,"column":25}},{"start":{"line":15,"column":25},"end":{"line":15,"column":null}}]},"1":{"loc":{"start":{"line":24,"column":12},"end":{"line":24,"column":null}},"type":"binary-expr","locations":[{"start":{"line":24,"column":12},"end":{"line":24,"column":27}},{"start":{"line":24,"column":27},"end":{"line":24,"column":null}}]}},"s":{"0":0,"1":0,"2":0,"3":0,"4":0,"5":0,"6":0,"7":0,"8":0,"9":0,"10":0,"11":0,"12":0,"13":0,"14":0,"15":0,"16":0,"17":0,"18":0,"19":0,"20":0,"21":0,"22":0,"23":0,"24":0,"25":0,"26":0,"27":0,"28":0,"29":0,"30":0,"31":0,"32":0,"33":0,"34":0,"35":0,"36":0,"37":0,"38":0,"39":0,"40":0,"41":0,"42":0,"43":0,"44":0,"45":0,"46":0,"47":0,"48":0,"49":0,"50":0,"51":0,"52":0,"53":0,"54":0,"55":0,"56":0,"57":0,"58":0,"59":0,"60":0,"61":0},"f":{"0":0,"1":0,"2":0,"3":0,"4":0,"5":0},"b":{"0":[0,0],"1":[0,0]}}
,"C:\\Hockey Hub\\services\\calendar-service\\src\\migrations\\1735500002000-AddAuditColumns.ts": {"path":"C:\\Hockey Hub\\services\\calendar-service\\src\\migrations\\1735500002000-AddAuditColumns.ts","statementMap":{"0":{"start":{"line":1,"column":0},"end":{"line":1,"column":71}},"1":{"start":{"line":4,"column":4},"end":{"line":4,"column":null}},"2":{"start":{"line":8,"column":29},"end":{"line":44,"column":10}},"3":{"start":{"line":47,"column":31},"end":{"line":52,"column":10}},"4":{"start":{"line":55,"column":8},"end":{"line":70,"column":9}},"5":{"start":{"line":57,"column":26},"end":{"line":57,"column":63}},"6":{"start":{"line":58,"column":12},"end":{"line":61,"column":13}},"7":{"start":{"line":59,"column":16},"end":{"line":59,"column":74}},"8":{"start":{"line":60,"column":16},"end":{"line":60,"column":25}},"9":{"start":{"line":64,"column":12},"end":{"line":69,"column":13}},"10":{"start":{"line":65,"column":37},"end":{"line":65,"column":84}},"11":{"start":{"line":65,"column":61},"end":{"line":65,"column":83}},"12":{"start":{"line":66,"column":16},"end":{"line":68,"column":17}},"13":{"start":{"line":67,"column":20},"end":{"line":67,"column":67}},"14":{"start":{"line":73,"column":8},"end":{"line":78,"column":12}},"15":{"start":{"line":81,"column":28},"end":{"line":81,"column":64}},"16":{"start":{"line":82,"column":35},"end":{"line":83,"column":null}},"17":{"start":{"line":83,"column":12},"end":{"line":83,"column":64}},"18":{"start":{"line":83,"column":44},"end":{"line":83,"column":63}},"19":{"start":{"line":86,"column":8},"end":{"line":90,"column":9}},"20":{"start":{"line":87,"column":12},"end":{"line":89,"column":13}},"21":{"start":{"line":88,"column":16},"end":{"line":88,"column":62}},"22":{"start":{"line":93,"column":8},"end":{"line":95,"column":11}},"23":{"start":{"line":97,"column":8},"end":{"line":99,"column":11}},"24":{"start":{"line":101,"column":8},"end":{"line":103,"column":11}},"25":{"start":{"line":105,"column":8},"end":{"line":107,"column":11}},"26":{"start":{"line":112,"column":8},"end":{"line":112,"column":79}},"27":{"start":{"line":113,"column":8},"end":{"line":113,"column":82}},"28":{"start":{"line":114,"column":8},"end":{"line":114,"column":91}},"29":{"start":{"line":115,"column":8},"end":{"line":115,"column":90}},"30":{"start":{"line":118,"column":33},"end":{"line":124,"column":10}},"31":{"start":{"line":127,"column":31},"end":{"line":133,"column":10}},"32":{"start":{"line":136,"column":8},"end":{"line":145,"column":9}},"33":{"start":{"line":137,"column":26},"end":{"line":137,"column":63}},"34":{"start":{"line":138,"column":12},"end":{"line":138,"column":33}},"35":{"start":{"line":138,"column":24},"end":{"line":138,"column":33}},"36":{"start":{"line":140,"column":12},"end":{"line":144,"column":13}},"37":{"start":{"line":141,"column":16},"end":{"line":143,"column":17}},"38":{"start":{"line":141,"column":44},"end":{"line":141,"column":65}},"39":{"start":{"line":142,"column":20},"end":{"line":142,"column":72}},"40":{"start":{"line":148,"column":8},"end":{"line":153,"column":12}},"41":{"start":{"line":3,"column":0},"end":{"line":3,"column":13}}},"fnMap":{"0":{"name":"(anonymous_0)","decl":{"start":{"line":3,"column":0},"end":{"line":3,"column":13}},"loc":{"start":{"line":3,"column":0},"end":{"line":155,"column":1}}},"1":{"name":"(anonymous_1)","decl":{"start":{"line":6,"column":11},"end":{"line":6,"column":16}},"loc":{"start":{"line":6,"column":44},"end":{"line":108,"column":5}}},"2":{"name":"(anonymous_2)","decl":{"start":{"line":65,"column":56},"end":{"line":65,"column":57}},"loc":{"start":{"line":65,"column":61},"end":{"line":65,"column":83}}},"3":{"name":"(anonymous_3)","decl":{"start":{"line":82,"column":55},"end":{"line":82,"column":58}},"loc":{"start":{"line":83,"column":12},"end":{"line":83,"column":64}}},"4":{"name":"(anonymous_4)","decl":{"start":{"line":83,"column":39},"end":{"line":83,"column":40}},"loc":{"start":{"line":83,"column":44},"end":{"line":83,"column":63}}},"5":{"name":"(anonymous_5)","decl":{"start":{"line":110,"column":11},"end":{"line":110,"column":16}},"loc":{"start":{"line":110,"column":46},"end":{"line":154,"column":5}}},"6":{"name":"(anonymous_6)","decl":{"start":{"line":141,"column":39},"end":{"line":141,"column":40}},"loc":{"start":{"line":141,"column":44},"end":{"line":141,"column":65}}}},"branchMap":{"0":{"loc":{"start":{"line":58,"column":12},"end":{"line":61,"column":13}},"type":"if","locations":[{"start":{"line":58,"column":12},"end":{"line":61,"column":13}}]},"1":{"loc":{"start":{"line":66,"column":16},"end":{"line":68,"column":17}},"type":"if","locations":[{"start":{"line":66,"column":16},"end":{"line":68,"column":17}}]},"2":{"loc":{"start":{"line":87,"column":12},"end":{"line":89,"column":13}},"type":"if","locations":[{"start":{"line":87,"column":12},"end":{"line":89,"column":13}}]},"3":{"loc":{"start":{"line":138,"column":12},"end":{"line":138,"column":33}},"type":"if","locations":[{"start":{"line":138,"column":12},"end":{"line":138,"column":33}}]},"4":{"loc":{"start":{"line":141,"column":16},"end":{"line":143,"column":17}},"type":"if","locations":[{"start":{"line":141,"column":16},"end":{"line":143,"column":17}}]}},"s":{"0":0,"1":0,"2":0,"3":0,"4":0,"5":0,"6":0,"7":0,"8":0,"9":0,"10":0,"11":0,"12":0,"13":0,"14":0,"15":0,"16":0,"17":0,"18":0,"19":0,"20":0,"21":0,"22":0,"23":0,"24":0,"25":0,"26":0,"27":0,"28":0,"29":0,"30":0,"31":0,"32":0,"33":0,"34":0,"35":0,"36":0,"37":0,"38":0,"39":0,"40":0,"41":0},"f":{"0":0,"1":0,"2":0,"3":0,"4":0,"5":0,"6":0},"b":{"0":[0],"1":[0],"2":[0],"3":[0],"4":[0]}}
}
