TN:
SF:src\data-source.ts
FNF:0
FNH:0
DA:1,0
DA:2,0
DA:4,0
LF:3
LH:0
BRF:0
BRH:0
end_of_record
TN:
SF:src\config\database.ts
FN:20,(anonymous_1)
FNF:1
FNH:0
FNDA:0,(anonymous_1)
DA:1,0
DA:2,0
DA:4,0
DA:6,0
DA:20,0
DA:21,0
DA:22,0
DA:23,0
DA:25,0
DA:26,0
LF:10
LH:0
BRDA:8,0,0,0
BRDA:8,0,1,0
BRDA:9,1,0,0
BRDA:9,1,1,0
BRDA:10,2,0,0
BRDA:10,2,1,0
BRDA:11,3,0,0
BRDA:11,3,1,0
BRDA:12,4,0,0
BRDA:12,4,1,0
BRF:10
BRH:0
end_of_record
TN:
SF:src\entities\Exercise.ts
FN:59,(anonymous_2)
FN:59,(anonymous_3)
FNF:2
FNH:0
FNDA:0,(anonymous_2)
FNDA:0,(anonymous_3)
DA:1,0
DA:2,0
DA:3,0
DA:9,0
DA:12,0
DA:15,0
DA:18,0
DA:21,0
DA:24,0
DA:27,0
DA:30,0
DA:33,0
DA:36,0
DA:39,0
DA:42,0
DA:45,0
DA:48,0
DA:51,0
DA:59,0
DA:61,0
DA:64,0
LF:21
LH:0
BRF:0
BRH:0
end_of_record
TN:
SF:src\entities\ExerciseExecution.ts
FN:52,(anonymous_2)
FN:52,(anonymous_3)
FNF:2
FNH:0
FNDA:0,(anonymous_2)
FNDA:0,(anonymous_3)
DA:1,0
DA:2,0
DA:3,0
DA:6,0
DA:9,0
DA:12,0
DA:15,0
DA:18,0
DA:21,0
DA:24,0
DA:27,0
DA:30,0
DA:33,0
DA:36,0
DA:47,0
DA:50,0
DA:52,0
DA:54,0
DA:57,0
DA:60,0
LF:20
LH:0
BRF:0
BRH:0
end_of_record
TN:
SF:src\entities\ExerciseTemplate.ts
FNF:0
FNH:0
DA:1,0
DA:2,0
DA:6,0
DA:9,0
DA:12,0
DA:15,0
DA:18,0
DA:21,0
DA:24,0
DA:27,0
DA:30,0
DA:33,0
DA:36,0
DA:45,0
DA:53,0
DA:56,0
DA:59,0
LF:17
LH:0
BRF:0
BRH:0
end_of_record
TN:
SF:src\entities\Organization.ts
FNF:0
FNH:0
DA:1,0
DA:4,0
DA:6,0
DA:9,0
DA:12,0
DA:15,0
DA:18,0
DA:21,0
LF:8
LH:0
BRF:0
BRH:0
end_of_record
TN:
SF:src\entities\PlayerProgressionHistory.ts
FN:4,(anonymous_2)
FN:12,(anonymous_3)
FNF:2
FNH:0
FNDA:0,(anonymous_2)
FNDA:0,(anonymous_3)
DA:1,0
DA:2,0
DA:4,0
DA:5,0
DA:6,0
DA:7,0
DA:8,0
DA:9,0
DA:12,0
DA:13,0
DA:14,0
DA:15,0
DA:16,0
DA:17,0
DA:18,0
DA:19,0
DA:20,0
DA:29,0
DA:33,0
DA:36,0
DA:39,0
DA:42,0
DA:45,0
DA:48,0
DA:51,0
DA:54,0
DA:57,0
DA:60,0
DA:63,0
DA:94,0
DA:142,0
DA:181,0
DA:210,0
DA:219,0
DA:239,0
DA:261,0
DA:264,0
DA:267,0
DA:276,0
DA:285,0
DA:293,0
LF:41
LH:0
BRDA:4,0,0,0
BRDA:4,0,1,0
BRDA:12,1,0,0
BRDA:12,1,1,0
BRF:4
BRH:0
end_of_record
TN:
SF:src\entities\PlayerWorkoutLoad.ts
FN:32,(anonymous_2)
FN:32,(anonymous_3)
FNF:2
FNH:0
FNDA:0,(anonymous_2)
FNDA:0,(anonymous_3)
DA:1,0
DA:2,0
DA:3,0
DA:6,0
DA:9,0
DA:12,0
DA:15,0
DA:27,0
DA:30,0
DA:32,0
DA:34,0
DA:37,0
LF:12
LH:0
BRF:0
BRH:0
end_of_record
TN:
SF:src\entities\WorkoutAssignment.ts
FN:7,(anonymous_2)
FN:16,(anonymous_3)
FN:24,(anonymous_4)
FN:54,(anonymous_5)
FN:171,(anonymous_6)
FN:175,(anonymous_7)
FN:175,(anonymous_8)
FN:178,(anonymous_9)
FN:178,(anonymous_10)
FNF:9
FNH:0
FNDA:0,(anonymous_2)
FNDA:0,(anonymous_3)
FNDA:0,(anonymous_4)
FNDA:0,(anonymous_5)
FNDA:0,(anonymous_6)
FNDA:0,(anonymous_7)
FNDA:0,(anonymous_8)
FNDA:0,(anonymous_9)
FNDA:0,(anonymous_10)
DA:1,0
DA:2,0
DA:3,0
DA:4,0
DA:5,0
DA:7,0
DA:8,0
DA:9,0
DA:10,0
DA:11,0
DA:12,0
DA:13,0
DA:16,0
DA:17,0
DA:18,0
DA:19,0
DA:20,0
DA:21,0
DA:24,0
DA:25,0
DA:26,0
DA:27,0
DA:28,0
DA:29,0
DA:30,0
DA:39,0
DA:43,0
DA:46,0
DA:49,0
DA:52,0
DA:54,0
DA:56,0
DA:59,0
DA:62,0
DA:65,0
DA:68,0
DA:71,0
DA:81,0
DA:84,0
DA:87,0
DA:90,0
DA:93,0
DA:96,0
DA:99,0
DA:102,0
DA:105,0
DA:115,0
DA:118,0
DA:121,0
DA:124,0
DA:127,0
DA:141,0
DA:153,0
DA:156,0
DA:159,0
DA:169,0
DA:171,0
DA:173,0
DA:175,0
DA:176,0
DA:178,0
DA:179,0
DA:182,0
DA:208,0
DA:218,0
DA:226,0
DA:229,0
LF:67
LH:0
BRDA:7,0,0,0
BRDA:7,0,1,0
BRDA:16,1,0,0
BRDA:16,1,1,0
BRDA:24,2,0,0
BRDA:24,2,1,0
BRF:6
BRH:0
end_of_record
TN:
SF:src\entities\WorkoutExecution.ts
FN:14,(anonymous_2)
FN:14,(anonymous_3)
FN:57,(anonymous_4)
FN:57,(anonymous_5)
FNF:4
FNH:0
FNDA:0,(anonymous_2)
FNDA:0,(anonymous_3)
FNDA:0,(anonymous_4)
FNDA:0,(anonymous_5)
DA:1,0
DA:2,0
DA:3,0
DA:4,0
DA:9,0
DA:12,0
DA:14,0
DA:16,0
DA:19,0
DA:22,0
DA:25,0
DA:28,0
DA:31,0
DA:34,0
DA:37,0
DA:40,0
DA:51,0
DA:57,0
DA:58,0
LF:19
LH:0
BRF:0
BRH:0
end_of_record
TN:
SF:src\entities\WorkoutPlayerOverride.ts
FN:5,(anonymous_2)
FN:12,(anonymous_3)
FN:30,(anonymous_4)
FN:30,(anonymous_5)
FNF:4
FNH:0
FNDA:0,(anonymous_2)
FNDA:0,(anonymous_3)
FNDA:0,(anonymous_4)
FNDA:0,(anonymous_5)
DA:1,0
DA:2,0
DA:3,0
DA:5,0
DA:6,0
DA:7,0
DA:8,0
DA:9,0
DA:12,0
DA:13,0
DA:14,0
DA:15,0
DA:16,0
DA:24,0
DA:28,0
DA:30,0
DA:32,0
DA:36,0
DA:39,0
DA:42,0
DA:45,0
DA:48,0
DA:51,0
DA:84,0
DA:87,0
DA:98,0
DA:101,0
DA:104,0
DA:107,0
DA:110,0
DA:113,0
DA:127,0
DA:139,0
DA:142,0
DA:145,0
DA:154,0
DA:163,0
DA:171,0
LF:38
LH:0
BRDA:5,0,0,0
BRDA:5,0,1,0
BRDA:12,1,0,0
BRDA:12,1,1,0
BRF:4
BRH:0
end_of_record
TN:
SF:src\entities\WorkoutSession.ts
FN:85,(anonymous_2)
FN:85,(anonymous_3)
FN:88,(anonymous_4)
FN:88,(anonymous_5)
FN:91,(anonymous_6)
FN:91,(anonymous_7)
FNF:6
FNH:0
FNDA:0,(anonymous_2)
FNDA:0,(anonymous_3)
FNDA:0,(anonymous_4)
FNDA:0,(anonymous_5)
FNDA:0,(anonymous_6)
FNDA:0,(anonymous_7)
DA:1,0
DA:2,0
DA:3,0
DA:4,0
DA:5,0
DA:6,0
DA:11,0
DA:14,0
DA:17,0
DA:20,0
DA:23,0
DA:26,0
DA:29,0
DA:32,0
DA:35,0
DA:38,0
DA:41,0
DA:44,0
DA:53,0
DA:85,0
DA:86,0
DA:88,0
DA:89,0
DA:91,0
DA:92,0
LF:25
LH:0
BRF:0
BRH:0
end_of_record
TN:
SF:src\entities\WorkoutType.ts
FN:4,(anonymous_2)
FN:90,(anonymous_3)
FNF:2
FNH:0
FNDA:0,(anonymous_2)
FNDA:0,(anonymous_3)
DA:1,0
DA:2,0
DA:4,0
DA:5,0
DA:6,0
DA:7,0
DA:8,0
DA:9,0
DA:10,0
DA:11,0
DA:12,0
DA:13,0
DA:14,0
DA:15,0
DA:76,0
DA:78,0
DA:85,0
DA:88,0
DA:90,0
DA:92,0
DA:95,0
DA:98,0
DA:101,0
DA:104,0
DA:107,0
DA:110,0
DA:113,0
DA:116,0
DA:119,0
DA:122,0
DA:125,0
DA:128,0
DA:131,0
DA:135,0
LF:34
LH:0
BRDA:4,0,0,0
BRDA:4,0,1,0
BRF:2
BRH:0
end_of_record
TN:
SF:src\middleware\auth.ts
FN:11,(anonymous_0)
FN:12,(anonymous_1)
FN:13,(anonymous_2)
FNF:3
FNH:0
FNDA:0,(anonymous_0)
FNDA:0,(anonymous_1)
FNDA:0,(anonymous_2)
DA:1,0
DA:4,0
DA:9,0
DA:10,0
DA:11,0
DA:12,0
DA:13,0
DA:14,0
DA:15,0
DA:18,0
DA:19,0
DA:20,0
DA:21,0
DA:22,0
DA:25,0
DA:26,0
DA:27,0
LF:17
LH:0
BRF:0
BRH:0
end_of_record
TN:
SF:src\migrations\1735500002000-AddAuditColumns.ts
FN:3,(anonymous_0)
FN:6,(anonymous_1)
FN:65,(anonymous_2)
FN:76,(anonymous_3)
FN:86,(anonymous_4)
FN:88,(anonymous_5)
FN:129,(anonymous_6)
FN:165,(anonymous_7)
FN:175,(anonymous_8)
FNF:9
FNH:0
FNDA:0,(anonymous_0)
FNDA:0,(anonymous_1)
FNDA:0,(anonymous_2)
FNDA:0,(anonymous_3)
FNDA:0,(anonymous_4)
FNDA:0,(anonymous_5)
FNDA:0,(anonymous_6)
FNDA:0,(anonymous_7)
FNDA:0,(anonymous_8)
DA:1,0
DA:3,0
DA:4,0
DA:8,0
DA:47,0
DA:55,0
DA:57,0
DA:58,0
DA:59,0
DA:60,0
DA:64,0
DA:65,0
DA:66,0
DA:67,0
DA:73,0
DA:74,0
DA:75,0
DA:76,0
DA:77,0
DA:86,0
DA:87,0
DA:88,0
DA:89,0
DA:95,0
DA:99,0
DA:103,0
DA:107,0
DA:111,0
DA:115,0
DA:120,0
DA:124,0
DA:131,0
DA:132,0
DA:133,0
DA:134,0
DA:135,0
DA:136,0
DA:137,0
DA:138,0
DA:141,0
DA:150,0
DA:160,0
DA:161,0
DA:162,0
DA:164,0
DA:165,0
DA:166,0
DA:172,0
DA:173,0
DA:174,0
DA:175,0
DA:176,0
LF:52
LH:0
BRDA:58,0,0,0
BRDA:66,1,0,0
BRDA:76,2,0,0
BRDA:76,3,0,0
BRDA:76,3,1,0
BRDA:88,4,0,0
BRDA:162,5,0,0
BRDA:165,6,0,0
BRDA:175,7,0,0
BRDA:175,8,0,0
BRDA:175,8,1,0
BRF:11
BRH:0
end_of_record
TN:
SF:src\migrations\1735745000001-AddTrainingIndexes.ts
FN:3,(anonymous_0)
FN:6,(anonymous_1)
FN:14,(anonymous_2)
FNF:3
FNH:0
FNDA:0,(anonymous_0)
FNDA:0,(anonymous_1)
FNDA:0,(anonymous_2)
DA:3,0
DA:4,0
DA:8,0
DA:16,0
LF:4
LH:0
BRF:0
BRH:0
end_of_record
TN:
SF:src\migrations\1735745000002-FixUuidForeignKeys.ts
FN:3,(anonymous_0)
FN:6,(anonymous_1)
FN:48,(anonymous_2)
FNF:3
FNH:0
FNDA:0,(anonymous_0)
FNDA:0,(anonymous_1)
FNDA:0,(anonymous_2)
DA:3,0
DA:4,0
DA:8,0
DA:15,0
DA:21,0
DA:28,0
DA:35,0
DA:42,0
DA:50,0
DA:57,0
DA:63,0
DA:70,0
DA:77,0
DA:84,0
LF:14
LH:0
BRF:0
BRH:0
end_of_record
TN:
SF:src\migrations\1736200000000-AddEventMetadataToWorkoutAssignment.ts
FN:3,(anonymous_0)
FN:6,(anonymous_1)
FN:47,(anonymous_2)
FNF:3
FNH:0
FNDA:0,(anonymous_0)
FNDA:0,(anonymous_1)
FNDA:0,(anonymous_2)
DA:3,0
DA:4,0
DA:8,0
DA:22,0
DA:30,0
DA:34,0
DA:38,0
DA:42,0
DA:49,0
DA:50,0
DA:51,0
DA:52,0
DA:55,0
LF:13
LH:0
BRF:0
BRH:0
end_of_record
TN:
SF:src\migrations\1736200000000-AddMedicalIntegrationFeatures.ts
FN:3,(anonymous_0)
FN:6,(anonymous_1)
FN:159,(anonymous_2)
FNF:3
FNH:0
FNDA:0,(anonymous_0)
FNDA:0,(anonymous_1)
FNDA:0,(anonymous_2)
DA:3,0
DA:4,0
DA:8,0
DA:14,0
DA:20,0
DA:27,0
DA:47,0
DA:52,0
DA:58,0
DA:79,0
DA:84,0
DA:90,0
DA:119,0
DA:124,0
DA:130,0
DA:140,0
DA:146,0
DA:152,0
DA:161,0
DA:162,0
DA:163,0
DA:166,0
DA:167,0
DA:168,0
DA:171,0
DA:172,0
DA:173,0
LF:27
LH:0
BRF:0
BRH:0
end_of_record
TN:
SF:src\migrations\1736200000000-AddWorkoutAssignmentEntities.ts
FN:3,(anonymous_0)
FN:6,(anonymous_1)
FN:126,(anonymous_2)
FNF:3
FNH:0
FNDA:0,(anonymous_0)
FNDA:0,(anonymous_1)
FNDA:0,(anonymous_2)
DA:3,0
DA:4,0
DA:8,0
DA:9,0
DA:11,0
DA:13,0
DA:61,0
DA:62,0
DA:63,0
DA:64,0
DA:65,0
DA:66,0
DA:67,0
DA:70,0
DA:71,0
DA:74,0
DA:76,0
DA:114,0
DA:115,0
DA:116,0
DA:117,0
DA:118,0
DA:119,0
DA:122,0
DA:128,0
DA:129,0
DA:130,0
DA:133,0
DA:134,0
LF:29
LH:0
BRDA:11,0,0,0
BRDA:74,1,0,0
BRF:2
BRH:0
end_of_record
TN:
SF:src\migrations\1736300000000-AddPlanningIntegrationMetadata.ts
FN:3,(anonymous_0)
FN:6,(anonymous_1)
FN:53,(anonymous_2)
FNF:3
FNH:0
FNDA:0,(anonymous_0)
FNDA:0,(anonymous_1)
FNDA:0,(anonymous_2)
DA:3,0
DA:4,0
DA:8,0
DA:14,0
DA:20,0
DA:27,0
DA:34,0
DA:42,0
DA:55,0
DA:56,0
DA:57,0
DA:58,0
DA:59,0
DA:62,0
LF:14
LH:0
BRF:0
BRH:0
end_of_record
TN:
SF:src\migrations\1736400000000-AddIntervalProgramToWorkoutSession.ts
FN:3,(anonymous_0)
FN:6,(anonymous_1)
FN:13,(anonymous_2)
FNF:3
FNH:0
FNDA:0,(anonymous_0)
FNDA:0,(anonymous_1)
FNDA:0,(anonymous_2)
DA:3,0
DA:4,0
DA:7,0
DA:14,0
LF:4
LH:0
BRF:0
BRH:0
end_of_record
TN:
SF:src\migrations\1736500000000-AddHybridWorkoutType.ts
FN:3,(anonymous_0)
FN:6,(anonymous_1)
FN:17,(anonymous_2)
FNF:3
FNH:0
FNDA:0,(anonymous_0)
FNDA:0,(anonymous_1)
FNDA:0,(anonymous_2)
DA:3,0
DA:4,0
DA:10,0
DA:20,0
LF:4
LH:0
BRF:0
BRH:0
end_of_record
TN:
SF:src\mocks\exerciseData.ts
FNF:0
FNH:0
DA:3,0
LF:1
LH:0
BRF:0
BRH:0
end_of_record
TN:
SF:src\services\ExerciseService.ts
FN:11,(anonymous_0)
FN:15,(anonymous_1)
FN:33,(anonymous_2)
FN:67,(anonymous_3)
FN:86,(anonymous_4)
FN:103,(anonymous_5)
FN:118,(anonymous_6)
FN:144,(anonymous_7)
FNF:8
FNH:0
FNDA:0,(anonymous_0)
FNDA:0,(anonymous_1)
FNDA:0,(anonymous_2)
FNDA:0,(anonymous_3)
FNDA:0,(anonymous_4)
FNDA:0,(anonymous_5)
FNDA:0,(anonymous_6)
FNDA:0,(anonymous_7)
DA:1,0
DA:2,0
DA:3,0
DA:5,0
DA:7,0
DA:8,0
DA:12,0
DA:16,0
DA:17,0
DA:23,0
DA:24,0
DA:26,0
DA:28,0
DA:29,0
DA:34,0
DA:35,0
DA:39,0
DA:40,0
DA:43,0
DA:44,0
DA:47,0
DA:48,0
DA:51,0
DA:60,0
DA:62,0
DA:63,0
DA:68,0
DA:69,0
DA:73,0
DA:74,0
DA:75,0
DA:76,0
DA:79,0
DA:81,0
DA:82,0
DA:87,0
DA:88,0
DA:91,0
DA:93,0
DA:94,0
DA:96,0
DA:98,0
DA:99,0
DA:104,0
DA:105,0
DA:108,0
DA:109,0
DA:111,0
DA:113,0
DA:114,0
DA:119,0
DA:120,0
DA:125,0
DA:126,0
DA:129,0
DA:137,0
DA:139,0
DA:140,0
DA:145,0
DA:146,0
DA:151,0
DA:152,0
DA:155,0
DA:162,0
DA:164,0
DA:165,0
LF:66
LH:0
BRDA:36,0,0,0
BRDA:36,0,1,0
BRDA:39,1,0,0
BRDA:43,2,0,0
BRDA:47,3,0,0
BRDA:53,4,0,0
BRDA:53,4,1,0
BRDA:54,5,0,0
BRDA:54,5,1,0
BRDA:73,6,0,0
BRDA:125,7,0,0
BRDA:151,8,0,0
BRF:12
BRH:0
end_of_record
TN:
SF:src\services\WorkoutTypeService.ts
FN:7,(anonymous_0)
FN:14,(anonymous_1)
FN:38,(anonymous_2)
FN:44,(anonymous_3)
FN:77,(anonymous_4)
FN:116,(anonymous_5)
FN:126,(anonymous_6)
FN:161,(anonymous_7)
FN:192,(anonymous_8)
FN:213,(anonymous_9)
FN:227,(anonymous_10)
FN:238,(anonymous_11)
FN:240,(anonymous_12)
FN:242,(anonymous_13)
FN:248,(anonymous_14)
FN:255,(anonymous_15)
FN:286,(anonymous_16)
FN:333,(anonymous_17)
FNF:18
FNH:0
FNDA:0,(anonymous_0)
FNDA:0,(anonymous_1)
FNDA:0,(anonymous_2)
FNDA:0,(anonymous_3)
FNDA:0,(anonymous_4)
FNDA:0,(anonymous_5)
FNDA:0,(anonymous_6)
FNDA:0,(anonymous_7)
FNDA:0,(anonymous_8)
FNDA:0,(anonymous_9)
FNDA:0,(anonymous_10)
FNDA:0,(anonymous_11)
FNDA:0,(anonymous_12)
FNDA:0,(anonymous_13)
FNDA:0,(anonymous_14)
FNDA:0,(anonymous_15)
FNDA:0,(anonymous_16)
FNDA:0,(anonymous_17)
DA:2,0
DA:6,0
DA:8,0
DA:15,0
DA:17,0
DA:18,0
DA:25,0
DA:26,0
DA:34,0
DA:38,0
DA:50,0
DA:57,0
DA:58,0
DA:59,0
DA:60,0
DA:63,0
DA:70,0
DA:71,0
DA:90,0
DA:94,0
DA:95,0
DA:98,0
DA:99,0
DA:102,0
DA:103,0
DA:104,0
DA:106,0
DA:115,0
DA:116,0
DA:127,0
DA:134,0
DA:136,0
DA:137,0
DA:138,0
DA:150,0
DA:151,0
DA:152,0
DA:155,0
DA:167,0
DA:174,0
DA:175,0
DA:176,0
DA:177,0
DA:180,0
DA:185,0
DA:186,0
DA:193,0
DA:200,0
DA:201,0
DA:202,0
DA:203,0
DA:206,0
DA:207,0
DA:214,0
DA:233,0
DA:238,0
DA:239,0
DA:240,0
DA:242,0
DA:244,0
DA:248,0
DA:260,0
DA:261,0
DA:264,0
DA:265,0
DA:266,0
DA:271,0
DA:272,0
DA:273,0
DA:277,0
DA:295,0
DA:296,0
DA:297,0
DA:298,0
DA:300,0
DA:302,0
DA:303,0
DA:304,0
DA:305,0
DA:308,0
DA:310,0
DA:311,0
DA:312,0
DA:316,0
DA:323,0
DA:334,0
LF:86
LH:0
BRDA:25,0,0,0
BRDA:57,1,0,0
BRDA:94,2,0,0
BRDA:98,3,0,0
BRDA:102,4,0,0
BRDA:102,4,1,0
BRDA:103,5,0,0
BRDA:103,5,1,0
BRDA:134,6,0,0
BRDA:137,7,0,0
BRDA:174,8,0,0
BRDA:200,9,0,0
BRDA:265,10,0,0
BRDA:271,11,0,0
BRDA:271,12,0,0
BRDA:271,12,1,0
BRDA:272,13,0,0
BRDA:302,14,0,0
BRDA:311,15,0,0
BRF:19
BRH:0
end_of_record
