TN:
SF:apps\frontend\app\api\v1\auth\login\route.ts
FN:3,POST
FN:19,(anonymous_2)
FNF:2
FNH:0
FNDA:0,POST
FNDA:0,(anonymous_2)
DA:1,0
DA:3,0
DA:4,0
DA:5,0
DA:6,0
DA:8,0
DA:11,0
DA:19,0
DA:21,0
DA:22,0
DA:29,0
DA:31,0
DA:33,0
DA:44,0
DA:45,0
LF:15
LH:0
BRDA:19,0,0,0
BRDA:19,0,1,0
BRDA:21,1,0,0
BRF:3
BRH:0
end_of_record
TN:
SF:apps\frontend\app\providers-fixed.tsx
FN:12,ProvidersFixed
FN:15,(anonymous_3)
FN:21,(anonymous_4)
FNF:3
FNH:0
FNDA:0,ProvidersFixed
FNDA:0,(anonymous_3)
FNDA:0,(anonymous_4)
DA:3,0
DA:4,0
DA:5,0
DA:6,0
DA:7,0
DA:8,0
DA:9,0
DA:10,0
DA:12,0
DA:13,0
DA:15,0
DA:17,0
DA:18,0
DA:21,0
DA:22,0
DA:27,0
LF:16
LH:0
BRDA:17,0,0,0
BRDA:17,0,1,0
BRDA:27,1,0,0
BRF:3
BRH:0
end_of_record
TN:
SF:apps\frontend\app\providers-simple.tsx
FN:10,ProvidersSimple
FNF:1
FNH:0
FNDA:0,ProvidersSimple
DA:3,0
DA:4,0
DA:5,0
DA:6,0
DA:7,0
DA:8,0
DA:10,0
LF:7
LH:0
BRF:0
BRH:0
end_of_record
TN:
SF:apps\frontend\src\components\AppHeader.tsx
FN:22,(anonymous_2)
FN:32,(anonymous_3)
FN:80,(anonymous_4)
FNF:3
FNH:0
FNDA:0,(anonymous_2)
FNDA:0,(anonymous_3)
FNDA:0,(anonymous_4)
DA:1,0
DA:2,0
DA:3,0
DA:4,0
DA:12,0
DA:13,0
DA:14,0
DA:22,0
DA:28,0
DA:29,0
DA:30,0
DA:32,0
DA:34,0
DA:35,0
DA:36,0
DA:37,0
DA:38,0
DA:39,0
DA:42,0
DA:80,0
DA:114,0
LF:21
LH:0
BRDA:24,0,0,0
BRDA:28,1,0,0
BRDA:28,1,1,0
BRDA:29,2,0,0
BRDA:29,2,1,0
BRDA:52,3,0,0
BRDA:78,4,0,0
BRDA:78,4,1,0
BRF:8
BRH:0
end_of_record
TN:
SF:apps\frontend\src\components\ErrorBoundary.tsx
FN:19,(anonymous_6)
FN:60,(anonymous_7)
FN:69,(anonymous_8)
FN:73,(anonymous_9)
FN:29,(anonymous_10)
FN:47,(anonymous_11)
FN:77,(anonymous_12)
FN:164,withErrorBoundary
FNF:8
FNH:0
FNDA:0,(anonymous_6)
FNDA:0,(anonymous_7)
FNDA:0,(anonymous_8)
FNDA:0,(anonymous_9)
FNDA:0,(anonymous_10)
FNDA:0,(anonymous_11)
FNDA:0,(anonymous_12)
FNDA:0,withErrorBoundary
DA:1,0
DA:2,0
DA:3,0
DA:4,0
DA:18,0
DA:20,0
DA:21,0
DA:31,0
DA:34,0
DA:36,0
DA:39,0
DA:49,0
DA:55,0
DA:61,0
DA:70,0
DA:74,0
DA:78,0
DA:80,0
DA:159,0
DA:164,0
LF:20
LH:0
BRDA:34,0,0,0
BRDA:78,1,0,0
BRDA:80,2,0,0
BRDA:104,3,0,0
BRDA:104,3,1,0
BRDA:110,4,0,0
BRDA:117,5,0,0
BRF:7
BRH:0
end_of_record
TN:
SF:apps\frontend\src\components\ErrorDisplay.tsx
FN:21,(anonymous_7)
FN:43,(anonymous_8)
FN:107,(anonymous_9)
FN:116,(anonymous_10)
FNF:4
FNH:0
FNDA:0,(anonymous_7)
FNDA:0,(anonymous_8)
FNDA:0,(anonymous_9)
FNDA:0,(anonymous_10)
DA:1,0
DA:2,0
DA:3,0
DA:4,0
DA:21,0
DA:28,0
DA:35,0
DA:43,0
DA:44,0
DA:45,0
DA:46,0
DA:47,0
DA:48,0
DA:49,0
DA:50,0
DA:51,0
DA:52,0
DA:53,0
DA:54,0
DA:55,0
DA:58,0
DA:104,0
DA:107,0
DA:108,0
DA:117,0
DA:127,0
DA:146,0
DA:159,0
LF:28
LH:0
BRDA:23,0,0,0
BRDA:24,1,0,0
BRDA:28,2,0,0
BRDA:28,2,1,0
BRDA:30,3,0,0
BRDA:30,3,1,0
BRDA:44,4,0,0
BRDA:45,5,0,0
BRDA:45,5,1,0
BRDA:45,5,2,0
BRDA:45,5,3,0
BRDA:45,5,4,0
BRDA:45,5,5,0
BRDA:45,5,6,0
BRDA:45,5,7,0
BRDA:45,5,8,0
BRDA:45,5,9,0
BRDA:58,6,0,0
BRDA:58,6,1,0
BRDA:68,7,0,0
BRDA:74,8,0,0
BRDA:74,8,1,0
BRDA:80,9,0,0
BRDA:80,9,1,0
BRDA:87,10,0,0
BRDA:108,11,0,0
BRDA:108,12,0,0
BRDA:108,12,1,0
BRDA:136,13,0,0
BRDA:149,14,0,0
BRDA:168,15,0,0
BRF:31
BRH:0
end_of_record
TN:
SF:apps\frontend\src\components\LanguageSelector.tsx
FN:47,(anonymous_4)
FN:53,(anonymous_5)
FN:55,(anonymous_6)
FN:81,(anonymous_7)
FN:101,(anonymous_8)
FNF:5
FNH:0
FNDA:0,(anonymous_4)
FNDA:0,(anonymous_5)
FNDA:0,(anonymous_6)
FNDA:0,(anonymous_7)
FNDA:0,(anonymous_8)
DA:1,0
DA:8,0
DA:9,0
DA:19,0
DA:47,0
DA:52,0
DA:53,0
DA:55,0
DA:56,0
DA:58,0
DA:82,0
DA:101,0
LF:12
LH:0
BRDA:48,0,0,0
BRDA:49,1,0,0
BRDA:50,2,0,0
BRDA:53,3,0,0
BRDA:53,3,1,0
BRDA:63,4,0,0
BRDA:72,5,0,0
BRDA:72,5,1,0
BRDA:76,6,0,0
BRDA:76,6,1,0
BRDA:87,7,0,0
BRF:11
BRH:0
end_of_record
TN:
SF:apps\frontend\src\components\auth\DevLoginPanel.tsx
FN:90,(anonymous_4)
FN:99,(anonymous_5)
FN:117,(anonymous_6)
FN:148,(anonymous_7)
FN:151,(anonymous_8)
FNF:5
FNH:0
FNDA:0,(anonymous_4)
FNDA:0,(anonymous_5)
FNDA:0,(anonymous_6)
FNDA:0,(anonymous_7)
FNDA:0,(anonymous_8)
DA:3,0
DA:5,0
DA:6,0
DA:7,0
DA:8,0
DA:12,0
DA:23,0
DA:90,0
DA:91,0
DA:92,0
DA:93,0
DA:95,0
DA:96,0
DA:99,0
DA:100,0
DA:101,0
DA:102,0
DA:104,0
DA:105,0
DA:107,0
DA:109,0
DA:117,0
DA:149,0
DA:151,0
LF:24
LH:0
BRDA:95,0,0,0
BRDA:128,1,0,0
BRDA:133,2,0,0
BRDA:140,3,0,0
BRDA:152,4,0,0
BRDA:152,4,1,0
BRDA:164,5,0,0
BRDA:164,5,1,0
BRF:8
BRH:0
end_of_record
TN:
SF:apps\frontend\src\components\auth\MockAuthProvider.tsx
FN:11,(anonymous_5)
FN:12,(anonymous_6)
FN:16,(anonymous_7)
FN:23,(anonymous_8)
FNF:4
FNH:0
FNDA:0,(anonymous_5)
FNDA:0,(anonymous_6)
FNDA:0,(anonymous_7)
FNDA:0,(anonymous_8)
DA:3,0
DA:4,0
DA:5,0
DA:11,0
DA:12,0
DA:13,0
DA:15,0
DA:17,0
DA:23,0
DA:42,0
DA:46,0
DA:50,0
LF:12
LH:0
BRDA:13,0,0,0
BRF:1
BRH:0
end_of_record
TN:
SF:apps\frontend\src\components\auth\ProtectedRoute.tsx
FN:15,(anonymous_14)
FN:25,(anonymous_15)
FN:42,(anonymous_16)
FN:87,(anonymous_17)
FN:100,withProtectedRoute
FN:108,ProtectedComponent
FNF:6
FNH:0
FNDA:0,(anonymous_14)
FNDA:0,(anonymous_15)
FNDA:0,(anonymous_16)
FNDA:0,(anonymous_17)
FNDA:0,withProtectedRoute
FNDA:0,ProtectedComponent
DA:3,0
DA:4,0
DA:5,0
DA:15,0
DA:22,0
DA:23,0
DA:25,0
DA:26,0
DA:28,0
DA:29,0
DA:30,0
DA:34,0
DA:35,0
DA:36,0
DA:40,0
DA:41,0
DA:42,0
DA:45,0
DA:46,0
DA:47,0
DA:63,0
DA:77,0
DA:78,0
DA:81,0
DA:82,0
DA:85,0
DA:86,0
DA:87,0
DA:90,0
DA:91,0
DA:100,0
DA:108,0
DA:122,0
DA:126,0
DA:130,0
DA:134,0
DA:138,0
DA:142,0
DA:146,0
DA:150,0
LF:40
LH:0
BRDA:19,0,0,0
BRDA:26,1,0,0
BRDA:28,2,0,0
BRDA:34,3,0,0
BRDA:34,4,0,0
BRDA:34,4,1,0
BRDA:40,5,0,0
BRDA:40,6,0,0
BRDA:40,6,1,0
BRDA:45,7,0,0
BRDA:63,8,0,0
BRDA:65,9,0,0
BRDA:77,10,0,0
BRDA:81,11,0,0
BRDA:81,12,0,0
BRDA:81,12,1,0
BRDA:85,13,0,0
BRDA:85,14,0,0
BRDA:85,14,1,0
BRDA:90,15,0,0
BRF:20
BRH:0
end_of_record
TN:
SF:apps\frontend\src\components\auth\SessionManagement.tsx
FN:24,SessionManagement
FN:31,(anonymous_4)
FN:42,(anonymous_5)
FN:58,(anonymous_6)
FN:89,(anonymous_7)
FN:90,(anonymous_8)
FN:182,(anonymous_9)
FN:226,(anonymous_10)
FNF:8
FNH:0
FNDA:0,SessionManagement
FNDA:0,(anonymous_4)
FNDA:0,(anonymous_5)
FNDA:0,(anonymous_6)
FNDA:0,(anonymous_7)
FNDA:0,(anonymous_8)
FNDA:0,(anonymous_9)
FNDA:0,(anonymous_10)
DA:3,0
DA:4,0
DA:5,0
DA:6,0
DA:7,0
DA:8,0
DA:20,0
DA:21,0
DA:22,0
DA:24,0
DA:25,0
DA:26,0
DA:27,0
DA:28,0
DA:29,0
DA:31,0
DA:32,0
DA:33,0
DA:36,0
DA:42,0
DA:43,0
DA:44,0
DA:45,0
DA:46,0
DA:47,0
DA:49,0
DA:52,0
DA:54,0
DA:58,0
DA:59,0
DA:60,0
DA:63,0
DA:64,0
DA:65,0
DA:66,0
DA:67,0
DA:69,0
DA:72,0
DA:74,0
DA:78,0
DA:88,0
DA:89,0
DA:90,0
DA:183,0
DA:226,0
DA:257,0
LF:46
LH:0
BRDA:33,0,0,0
BRDA:33,1,0,0
BRDA:33,1,1,0
BRDA:36,2,0,0
BRDA:36,3,0,0
BRDA:36,3,1,0
BRDA:49,4,0,0
BRDA:49,4,1,0
BRDA:49,5,0,0
BRDA:49,5,1,0
BRDA:49,5,2,0
BRDA:59,6,0,0
BRDA:69,7,0,0
BRDA:69,7,1,0
BRDA:69,8,0,0
BRDA:69,8,1,0
BRDA:69,8,2,0
BRDA:78,9,0,0
BRDA:88,10,0,0
BRDA:88,10,1,0
BRDA:107,11,0,0
BRDA:113,12,0,0
BRDA:134,13,0,0
BRDA:138,14,0,0
BRDA:138,14,1,0
BRDA:157,15,0,0
BRDA:168,16,0,0
BRDA:192,17,0,0
BRDA:205,18,0,0
BRDA:209,19,0,0
BRDA:209,19,1,0
BRDA:229,20,0,0
BRDA:229,20,1,0
BRF:33
BRH:0
end_of_record
TN:
SF:apps\frontend\src\components\auth\SessionTimeoutWarning.tsx
FN:9,SessionTimeoutWarning
FNF:1
FNH:0
FNDA:0,SessionTimeoutWarning
DA:3,0
DA:4,0
DA:5,0
DA:6,0
DA:7,0
DA:9,0
DA:16,0
DA:18,0
LF:8
LH:0
BRDA:18,0,0,0
BRDA:44,1,0,0
BRF:2
BRH:0
end_of_record
TN:
SF:apps\frontend\src\components\auth\SocialLoginButtons.tsx
FN:75,SocialLoginButtons
FN:78,(anonymous_7)
FN:113,(anonymous_8)
FN:117,(anonymous_9)
FNF:4
FNH:0
FNDA:0,SocialLoginButtons
FNDA:0,(anonymous_7)
FNDA:0,(anonymous_8)
FNDA:0,(anonymous_9)
DA:3,0
DA:4,0
DA:5,0
DA:6,0
DA:16,0
DA:75,0
DA:76,0
DA:78,0
DA:79,0
DA:80,0
DA:81,0
DA:84,0
DA:86,0
DA:89,0
DA:95,0
DA:97,0
DA:114,0
DA:117,0
DA:146,0
LF:19
LH:0
BRDA:79,0,0,0
BRDA:118,1,0,0
BRDA:118,1,1,0
BRDA:122,2,0,0
BRDA:126,3,0,0
BRDA:126,3,1,0
BRF:6
BRH:0
end_of_record
TN:
SF:apps\frontend\src\components\charts\LazyChart.tsx
FN:14,LazyChart
FN:23,(anonymous_5)
FN:25,(anonymous_6)
FN:42,(anonymous_7)
FNF:4
FNH:0
FNDA:0,LazyChart
FNDA:0,(anonymous_5)
FNDA:0,(anonymous_6)
FNDA:0,(anonymous_7)
DA:1,0
DA:14,0
DA:20,0
DA:21,0
DA:23,0
DA:24,0
DA:26,0
DA:27,0
DA:29,0
DA:38,0
DA:39,0
DA:42,0
DA:43,0
LF:13
LH:0
BRDA:16,0,0,0
BRDA:17,1,0,0
BRDA:18,2,0,0
BRDA:26,3,0,0
BRDA:38,4,0,0
BRDA:54,5,0,0
BRF:6
BRH:0
end_of_record
TN:
SF:apps\frontend\src\components\charts\OptimizedChart.tsx
FN:43,(anonymous_4)
FN:66,(anonymous_5)
FN:75,(anonymous_6)
FN:112,(anonymous_7)
FN:120,(anonymous_8)
FN:167,(anonymous_9)
FNF:6
FNH:0
FNDA:0,(anonymous_4)
FNDA:0,(anonymous_5)
FNDA:0,(anonymous_6)
FNDA:0,(anonymous_7)
FNDA:0,(anonymous_8)
FNDA:0,(anonymous_9)
DA:1,0
DA:18,0
DA:19,0
DA:20,0
DA:43,0
DA:63,0
DA:66,0
DA:67,0
DA:69,0
DA:72,0
DA:73,0
DA:75,0
DA:76,0
DA:84,0
DA:86,0
DA:87,0
DA:91,0
DA:94,0
DA:102,0
DA:104,0
DA:105,0
DA:108,0
DA:112,0
DA:113,0
DA:121,0
DA:130,0
DA:139,0
DA:147,0
DA:148,0
DA:168,0
DA:177,0
DA:178,0
DA:179,0
DA:180,0
DA:181,0
DA:184,0
DA:191,0
DA:193,0
LF:38
LH:0
BRDA:48,0,0,0
BRDA:49,1,0,0
BRDA:50,2,0,0
BRDA:51,3,0,0
BRDA:52,4,0,0
BRDA:53,5,0,0
BRDA:54,6,0,0
BRDA:55,7,0,0
BRDA:56,8,0,0
BRDA:57,9,0,0
BRDA:67,10,0,0
BRDA:67,11,0,0
BRDA:67,11,1,0
BRDA:72,12,0,0
BRDA:72,13,0,0
BRDA:72,13,1,0
BRDA:86,14,0,0
BRDA:104,15,0,0
BRDA:113,16,0,0
BRDA:113,17,0,0
BRDA:113,17,1,0
BRDA:113,17,2,0
BRDA:118,18,0,0
BRDA:118,18,1,0
BRDA:122,19,0,0
BRDA:122,19,1,0
BRDA:130,20,0,0
BRDA:130,21,0,0
BRDA:130,21,1,0
BRDA:139,22,0,0
BRDA:139,23,0,0
BRDA:139,23,1,0
BRDA:147,24,0,0
BRDA:147,24,1,0
BRDA:147,25,0,0
BRDA:147,25,1,0
BRDA:148,26,0,0
BRDA:148,26,1,0
BRDA:148,27,0,0
BRDA:148,27,1,0
BRDA:153,28,0,0
BRDA:164,29,0,0
BRDA:165,30,0,0
BRDA:165,30,1,0
BRDA:177,31,0,0
BRDA:177,31,1,0
BRDA:180,32,0,0
BRF:47
BRH:0
end_of_record
TN:
SF:apps\frontend\src\components\charts\OptimizedResponsiveContainer.tsx
FN:17,OptimizedResponsiveContainer
FN:26,(anonymous_5)
FN:28,(anonymous_6)
FN:37,(anonymous_7)
FN:40,(anonymous_8)
FNF:5
FNH:0
FNDA:0,OptimizedResponsiveContainer
FNDA:0,(anonymous_5)
FNDA:0,(anonymous_6)
FNDA:0,(anonymous_7)
FNDA:0,(anonymous_8)
DA:1,0
DA:2,0
DA:17,0
DA:23,0
DA:24,0
DA:26,0
DA:28,0
DA:29,0
DA:30,0
DA:31,0
DA:37,0
DA:38,0
DA:40,0
DA:42,0
DA:43,0
DA:44,0
LF:16
LH:0
BRDA:19,0,0,0
BRDA:20,1,0,0
BRDA:21,2,0,0
BRDA:29,3,0,0
BRDA:42,4,0,0
BRF:5
BRH:0
end_of_record
TN:
SF:apps\frontend\src\components\charts\VirtualizedChart.tsx
FN:24,(anonymous_5)
FN:59,(anonymous_6)
FN:60,(anonymous_7)
FN:64,(anonymous_8)
FN:65,(anonymous_9)
FN:70,(anonymous_10)
FN:71,(anonymous_11)
FN:74,(anonymous_12)
FN:75,(anonymous_13)
FN:79,(anonymous_14)
FN:85,(anonymous_15)
FN:93,(anonymous_16)
FN:97,(anonymous_17)
FN:103,(anonymous_18)
FN:108,(anonymous_19)
FN:113,(anonymous_20)
FN:121,(anonymous_21)
FN:122,(anonymous_22)
FN:137,(anonymous_23)
FN:220,(anonymous_24)
FNF:20
FNH:0
FNDA:0,(anonymous_5)
FNDA:0,(anonymous_6)
FNDA:0,(anonymous_7)
FNDA:0,(anonymous_8)
FNDA:0,(anonymous_9)
FNDA:0,(anonymous_10)
FNDA:0,(anonymous_11)
FNDA:0,(anonymous_12)
FNDA:0,(anonymous_13)
FNDA:0,(anonymous_14)
FNDA:0,(anonymous_15)
FNDA:0,(anonymous_16)
FNDA:0,(anonymous_17)
FNDA:0,(anonymous_18)
FNDA:0,(anonymous_19)
FNDA:0,(anonymous_20)
FNDA:0,(anonymous_21)
FNDA:0,(anonymous_22)
FNDA:0,(anonymous_23)
FNDA:0,(anonymous_24)
DA:1,0
DA:2,0
DA:3,0
DA:4,0
DA:24,0
DA:40,0
DA:41,0
DA:42,0
DA:43,0
DA:44,0
DA:45,0
DA:48,0
DA:49,0
DA:50,0
DA:53,0
DA:56,0
DA:59,0
DA:60,0
DA:61,0
DA:64,0
DA:65,0
DA:66,0
DA:70,0
DA:71,0
DA:74,0
DA:75,0
DA:79,0
DA:80,0
DA:81,0
DA:82,0
DA:85,0
DA:86,0
DA:88,0
DA:89,0
DA:91,0
DA:93,0
DA:96,0
DA:97,0
DA:100,0
DA:103,0
DA:104,0
DA:108,0
DA:109,0
DA:110,0
DA:111,0
DA:113,0
DA:114,0
DA:115,0
DA:121,0
DA:122,0
DA:123,0
DA:124,0
DA:125,0
DA:126,0
DA:127,0
DA:128,0
DA:129,0
DA:130,0
DA:131,0
DA:132,0
DA:136,0
DA:137,0
DA:221,0
DA:242,0
LF:64
LH:0
BRDA:29,0,0,0
BRDA:30,1,0,0
BRDA:31,2,0,0
BRDA:32,3,0,0
BRDA:33,4,0,0
BRDA:34,5,0,0
BRDA:80,6,0,0
BRDA:86,7,0,0
BRDA:91,8,0,0
BRDA:91,8,1,0
BRDA:109,9,0,0
BRDA:123,10,0,0
BRDA:123,10,1,0
BRDA:125,11,0,0
BRDA:125,11,1,0
BRDA:127,12,0,0
BRDA:127,12,1,0
BRDA:127,13,0,0
BRDA:127,13,1,0
BRDA:130,14,0,0
BRDA:130,15,0,0
BRDA:130,15,1,0
BRDA:145,16,0,0
BRDA:151,17,0,0
BRDA:151,17,1,0
BRDA:162,18,0,0
BRDA:162,18,1,0
BRDA:175,19,0,0
BRDA:204,20,0,0
BRDA:204,20,1,0
BRDA:204,21,0,0
BRDA:204,21,1,0
BRDA:227,22,0,0
BRDA:227,22,1,0
BRDA:229,23,0,0
BRDA:230,24,0,0
BRF:36
BRH:0
end_of_record
TN:
SF:apps\frontend\src\components\common\ConnectionStatus.tsx
FN:14,(anonymous_4)
FN:21,(anonymous_5)
FN:37,(anonymous_6)
FN:53,(anonymous_7)
FN:72,(anonymous_8)
FN:89,(anonymous_9)
FN:100,(anonymous_10)
FNF:7
FNH:0
FNDA:0,(anonymous_4)
FNDA:0,(anonymous_5)
FNDA:0,(anonymous_6)
FNDA:0,(anonymous_7)
FNDA:0,(anonymous_8)
FNDA:0,(anonymous_9)
FNDA:0,(anonymous_10)
DA:3,0
DA:4,0
DA:5,0
DA:6,0
DA:14,0
DA:19,0
DA:21,0
DA:22,0
DA:26,0
DA:27,0
DA:30,0
DA:31,0
DA:34,0
DA:37,0
DA:38,0
DA:39,0
DA:42,0
DA:43,0
DA:46,0
DA:47,0
DA:50,0
DA:53,0
DA:54,0
DA:55,0
DA:56,0
DA:58,0
DA:61,0
DA:62,0
DA:65,0
DA:66,0
DA:69,0
DA:72,0
DA:73,0
DA:74,0
DA:77,0
DA:78,0
DA:79,0
DA:82,0
DA:83,0
DA:86,0
DA:89,0
DA:90,0
DA:92,0
DA:94,0
DA:96,0
DA:100,0
DA:101,0
DA:102,0
DA:143,0
LF:49
LH:0
BRDA:16,0,0,0
BRDA:17,1,0,0
BRDA:22,2,0,0
BRDA:26,3,0,0
BRDA:30,4,0,0
BRDA:38,5,0,0
BRDA:42,6,0,0
BRDA:46,7,0,0
BRDA:54,8,0,0
BRDA:55,9,0,0
BRDA:61,10,0,0
BRDA:65,11,0,0
BRDA:73,12,0,0
BRDA:77,13,0,0
BRDA:79,14,0,0
BRDA:79,14,1,0
BRDA:82,15,0,0
BRDA:90,16,0,0
BRDA:90,16,1,0
BRDA:90,16,2,0
BRDA:101,17,0,0
BRDA:101,18,0,0
BRDA:101,18,1,0
BRDA:119,19,0,0
BRDA:123,20,0,0
BRDA:123,20,1,0
BRDA:124,21,0,0
BRDA:124,21,1,0
BRDA:130,22,0,0
BRDA:130,22,1,0
BRDA:133,23,0,0
BRDA:133,23,1,0
BRDA:134,24,0,0
BRDA:134,24,1,0
BRF:34
BRH:0
end_of_record
TN:
SF:apps\frontend\src\components\common\EnhancedConnectionStatus.tsx
FN:20,EnhancedConnectionStatus
FN:24,(anonymous_5)
FN:26,(anonymous_6)
FN:42,(anonymous_7)
FN:64,(anonymous_8)
FN:112,EnhancedConnectionStatusCompact
FN:117,(anonymous_10)
FNF:7
FNH:0
FNDA:0,EnhancedConnectionStatus
FNDA:0,(anonymous_5)
FNDA:0,(anonymous_6)
FNDA:0,(anonymous_7)
FNDA:0,(anonymous_8)
FNDA:0,EnhancedConnectionStatusCompact
FNDA:0,(anonymous_10)
DA:3,0
DA:4,0
DA:5,0
DA:10,0
DA:17,0
DA:18,0
DA:20,0
DA:21,0
DA:22,0
DA:23,0
DA:24,0
DA:26,0
DA:27,0
DA:28,0
DA:30,0
DA:32,0
DA:34,0
DA:36,0
DA:38,0
DA:42,0
DA:43,0
DA:44,0
DA:48,0
DA:50,0
DA:52,0
DA:54,0
DA:56,0
DA:58,0
DA:60,0
DA:64,0
DA:65,0
DA:112,0
DA:113,0
DA:114,0
DA:115,0
DA:117,0
DA:118,0
DA:119,0
DA:122,0
DA:124,0
DA:126,0
DA:128,0
LF:42
LH:0
BRDA:27,0,0,0
BRDA:28,1,0,0
BRDA:28,1,1,0
BRDA:28,1,2,0
BRDA:28,1,3,0
BRDA:28,1,4,0
BRDA:43,2,0,0
BRDA:44,3,0,0
BRDA:44,3,1,0
BRDA:48,4,0,0
BRDA:50,5,0,0
BRDA:50,5,1,0
BRDA:50,5,2,0
BRDA:50,5,3,0
BRDA:50,5,4,0
BRDA:65,6,0,0
BRDA:83,7,0,0
BRDA:83,7,1,0
BRDA:94,8,0,0
BRDA:94,8,1,0
BRDA:99,9,0,0
BRDA:118,10,0,0
BRDA:119,11,0,0
BRDA:119,11,1,0
BRDA:119,11,2,0
BRDA:119,11,3,0
BRDA:119,11,4,0
BRDA:138,12,0,0
BRDA:138,12,1,0
BRDA:140,13,0,0
BRDA:140,13,1,0
BRDA:142,14,0,0
BRF:32
BRH:0
end_of_record
TN:
SF:apps\frontend\src\components\common\OfflineIndicator.tsx
FN:7,OfflineIndicator
FNF:1
FNH:0
FNDA:0,OfflineIndicator
DA:3,0
DA:4,0
DA:5,0
DA:7,0
DA:8,0
DA:10,0
LF:6
LH:0
BRDA:10,0,0,0
BRF:1
BRH:0
end_of_record
TN:
SF:apps\frontend\src\components\dashboards\ClubAdminDashboard.tsx
FN:15,ClubAdminDashboard
FN:138,(anonymous_6)
FN:175,(anonymous_7)
FN:205,(anonymous_9)
FN:272,(anonymous_10)
FNF:5
FNH:0
FNDA:0,ClubAdminDashboard
FNDA:0,(anonymous_6)
FNDA:0,(anonymous_7)
FNDA:0,(anonymous_9)
FNDA:0,(anonymous_10)
DA:3,0
DA:4,0
DA:5,0
DA:6,0
DA:7,0
DA:8,0
DA:13,0
DA:15,0
DA:16,0
DA:19,0
DA:28,0
DA:39,0
DA:47,0
DA:139,0
DA:176,0
DA:206,0
DA:273,0
LF:17
LH:0
BRDA:178,0,0,0
BRDA:178,0,1,0
BRDA:179,1,0,0
BRDA:179,1,1,0
BRDA:180,2,0,0
BRDA:180,2,1,0
BRDA:181,3,0,0
BRDA:181,3,1,0
BRF:8
BRH:0
end_of_record
TN:
SF:apps\frontend\src\components\dashboards\EquipmentManagerDashboard.tsx
FN:15,EquipmentManagerDashboard
FN:87,(anonymous_5)
FN:96,(anonymous_6)
FN:106,(anonymous_7)
FN:196,(anonymous_9)
FN:235,(anonymous_10)
FN:267,(anonymous_11)
FN:302,(anonymous_13)
FN:397,(anonymous_14)
FNF:9
FNH:0
FNDA:0,EquipmentManagerDashboard
FNDA:0,(anonymous_5)
FNDA:0,(anonymous_6)
FNDA:0,(anonymous_7)
FNDA:0,(anonymous_9)
FNDA:0,(anonymous_10)
FNDA:0,(anonymous_11)
FNDA:0,(anonymous_13)
FNDA:0,(anonymous_14)
DA:3,0
DA:4,0
DA:5,0
DA:6,0
DA:7,0
DA:13,0
DA:15,0
DA:16,0
DA:19,0
DA:28,0
DA:37,0
DA:45,0
DA:72,0
DA:79,0
DA:87,0
DA:88,0
DA:89,0
DA:90,0
DA:91,0
DA:92,0
DA:96,0
DA:97,0
DA:98,0
DA:99,0
DA:100,0
DA:101,0
DA:102,0
DA:106,0
DA:107,0
DA:108,0
DA:109,0
DA:110,0
DA:111,0
DA:197,0
DA:236,0
DA:268,0
DA:303,0
DA:398,0
LF:38
LH:0
BRDA:88,0,0,0
BRDA:88,0,1,0
BRDA:88,0,2,0
BRDA:88,0,3,0
BRDA:97,1,0,0
BRDA:97,1,1,0
BRDA:97,1,2,0
BRDA:97,1,3,0
BRDA:97,1,4,0
BRDA:107,2,0,0
BRDA:107,2,1,0
BRDA:107,2,2,0
BRDA:107,2,3,0
BRDA:210,3,0,0
BRDA:270,4,0,0
BRDA:270,4,1,0
BRDA:271,5,0,0
BRDA:271,5,1,0
BRDA:272,6,0,0
BRDA:272,6,1,0
BRDA:273,7,0,0
BRDA:273,7,1,0
BRF:22
BRH:0
end_of_record
TN:
SF:apps\frontend\src\components\dashboards\MedicalStaffDashboard.tsx
FN:15,MedicalStaffDashboard
FN:112,(anonymous_5)
FN:121,(anonymous_6)
FN:131,(anonymous_7)
FN:219,(anonymous_9)
FN:252,(anonymous_10)
FN:289,(anonymous_11)
FN:320,(anonymous_13)
FN:398,(anonymous_14)
FNF:9
FNH:0
FNDA:0,MedicalStaffDashboard
FNDA:0,(anonymous_5)
FNDA:0,(anonymous_6)
FNDA:0,(anonymous_7)
FNDA:0,(anonymous_9)
FNDA:0,(anonymous_10)
FNDA:0,(anonymous_11)
FNDA:0,(anonymous_13)
FNDA:0,(anonymous_14)
DA:3,0
DA:4,0
DA:5,0
DA:6,0
DA:7,0
DA:8,0
DA:13,0
DA:15,0
DA:16,0
DA:19,0
DA:28,0
DA:67,0
DA:98,0
DA:105,0
DA:112,0
DA:113,0
DA:114,0
DA:115,0
DA:116,0
DA:117,0
DA:121,0
DA:122,0
DA:123,0
DA:124,0
DA:125,0
DA:126,0
DA:127,0
DA:131,0
DA:132,0
DA:133,0
DA:134,0
DA:135,0
DA:136,0
DA:137,0
DA:220,0
DA:253,0
DA:290,0
DA:321,0
DA:399,0
LF:39
LH:0
BRDA:113,0,0,0
BRDA:113,0,1,0
BRDA:113,0,2,0
BRDA:113,0,3,0
BRDA:122,1,0,0
BRDA:122,1,1,0
BRDA:122,1,2,0
BRDA:122,1,3,0
BRDA:122,1,4,0
BRDA:132,2,0,0
BRDA:132,2,1,0
BRDA:132,2,2,0
BRDA:132,2,3,0
BRDA:132,2,4,0
BRDA:294,3,0,0
BRDA:294,3,1,0
BRF:16
BRH:0
end_of_record
TN:
SF:apps\frontend\src\components\dashboards\ParentDashboard.tsx
FN:24,ParentDashboard
FN:60,(anonymous_3)
FN:99,(anonymous_4)
FN:116,(anonymous_5)
FN:120,(anonymous_6)
FN:189,(anonymous_7)
FN:255,(anonymous_8)
FN:342,(anonymous_9)
FN:354,(anonymous_10)
FN:364,(anonymous_11)
FN:551,(anonymous_12)
FN:598,(anonymous_13)
FN:634,(anonymous_14)
FN:638,(anonymous_15)
FNF:14
FNH:0
FNDA:0,ParentDashboard
FNDA:0,(anonymous_3)
FNDA:0,(anonymous_4)
FNDA:0,(anonymous_5)
FNDA:0,(anonymous_6)
FNDA:0,(anonymous_7)
FNDA:0,(anonymous_8)
FNDA:0,(anonymous_9)
FNDA:0,(anonymous_10)
FNDA:0,(anonymous_11)
FNDA:0,(anonymous_12)
FNDA:0,(anonymous_13)
FNDA:0,(anonymous_14)
FNDA:0,(anonymous_15)
DA:3,0
DA:4,0
DA:5,0
DA:6,0
DA:7,0
DA:8,0
DA:9,0
DA:10,0
DA:11,0
DA:12,0
DA:17,0
DA:21,0
DA:22,0
DA:24,0
DA:25,0
DA:26,0
DA:29,0
DA:60,0
DA:63,0
DA:71,0
DA:78,0
DA:84,0
DA:93,0
DA:99,0
DA:100,0
DA:101,0
DA:102,0
DA:103,0
DA:104,0
DA:117,0
DA:120,0
DA:190,0
DA:256,0
DA:343,0
DA:355,0
DA:365,0
DA:552,0
DA:599,0
DA:635,0
DA:638,0
LF:40
LH:0
BRDA:60,0,0,0
BRDA:60,0,1,0
BRDA:100,1,0,0
BRDA:100,1,1,0
BRDA:100,1,2,0
BRDA:100,1,3,0
BRDA:119,2,0,0
BRDA:119,2,1,0
BRDA:258,3,0,0
BRDA:258,3,1,0
BRDA:347,4,0,0
BRDA:347,4,1,0
BRDA:348,5,0,0
BRDA:348,5,1,0
BRDA:349,6,0,0
BRDA:349,6,1,0
BRDA:350,7,0,0
BRDA:350,7,1,0
BRDA:351,8,0,0
BRDA:351,8,1,0
BRDA:352,9,0,0
BRDA:352,9,1,0
BRDA:353,10,0,0
BRDA:353,10,1,0
BRDA:355,11,0,0
BRDA:355,11,1,0
BRDA:358,12,0,0
BRDA:362,13,0,0
BRDA:554,14,0,0
BRDA:554,14,1,0
BRDA:557,15,0,0
BRDA:557,15,1,0
BRDA:564,16,0,0
BRDA:564,16,1,0
BRF:34
BRH:0
end_of_record
TN:
SF:apps\frontend\src\components\dashboards\PhysicalTrainerDashboard.tsx
FN:15,PhysicalTrainerDashboard
FN:86,(anonymous_5)
FN:96,(anonymous_6)
FN:190,(anonymous_8)
FN:227,(anonymous_9)
FN:271,(anonymous_11)
FNF:6
FNH:0
FNDA:0,PhysicalTrainerDashboard
FNDA:0,(anonymous_5)
FNDA:0,(anonymous_6)
FNDA:0,(anonymous_8)
FNDA:0,(anonymous_9)
FNDA:0,(anonymous_11)
DA:3,0
DA:4,0
DA:5,0
DA:6,0
DA:7,0
DA:8,0
DA:13,0
DA:15,0
DA:16,0
DA:19,0
DA:28,0
DA:71,0
DA:79,0
DA:86,0
DA:87,0
DA:88,0
DA:89,0
DA:90,0
DA:91,0
DA:92,0
DA:96,0
DA:97,0
DA:98,0
DA:99,0
DA:100,0
DA:101,0
DA:102,0
DA:191,0
DA:228,0
DA:272,0
LF:30
LH:0
BRDA:87,0,0,0
BRDA:87,0,1,0
BRDA:87,0,2,0
BRDA:87,0,3,0
BRDA:87,0,4,0
BRDA:97,1,0,0
BRDA:97,1,1,0
BRDA:97,1,2,0
BRDA:97,1,3,0
BRDA:97,1,4,0
BRF:10
BRH:0
end_of_record
TN:
SF:apps\frontend\src\components\debug\TranslationDebug.tsx
FN:6,TranslationDebug
FN:10,(anonymous_2)
FNF:2
FNH:0
FNDA:0,TranslationDebug
FNDA:0,(anonymous_2)
DA:3,0
DA:4,0
DA:6,0
DA:7,0
DA:8,0
DA:10,0
DA:11,0
LF:7
LH:0
BRDA:18,0,0,0
BRDA:18,0,1,0
BRF:2
BRH:0
end_of_record
TN:
SF:apps\frontend\src\components\files\FileManager.tsx
FN:87,(anonymous_3)
FN:127,(anonymous_4)
FN:134,(anonymous_5)
FN:142,(anonymous_6)
FN:156,(anonymous_7)
FN:167,(anonymous_8)
FN:175,(anonymous_9)
FN:177,(anonymous_10)
FN:190,(anonymous_11)
FN:207,(anonymous_12)
FN:222,(anonymous_14)
FN:229,(anonymous_15)
FN:243,(anonymous_16)
FN:257,(anonymous_17)
FN:310,(anonymous_19)
FN:317,(anonymous_20)
FN:323,(anonymous_21)
FN:348,(anonymous_22)
FN:362,(anonymous_23)
FN:381,(anonymous_24)
FN:397,(anonymous_25)
FN:419,(anonymous_26)
FN:434,(anonymous_27)
FN:441,(anonymous_28)
FN:451,(anonymous_29)
FN:469,(anonymous_30)
FN:469,(anonymous_31)
FN:477,(anonymous_32)
FN:477,(anonymous_33)
FNF:29
FNH:0
FNDA:0,(anonymous_3)
FNDA:0,(anonymous_4)
FNDA:0,(anonymous_5)
FNDA:0,(anonymous_6)
FNDA:0,(anonymous_7)
FNDA:0,(anonymous_8)
FNDA:0,(anonymous_9)
FNDA:0,(anonymous_10)
FNDA:0,(anonymous_11)
FNDA:0,(anonymous_12)
FNDA:0,(anonymous_14)
FNDA:0,(anonymous_15)
FNDA:0,(anonymous_16)
FNDA:0,(anonymous_17)
FNDA:0,(anonymous_19)
FNDA:0,(anonymous_20)
FNDA:0,(anonymous_21)
FNDA:0,(anonymous_22)
FNDA:0,(anonymous_23)
FNDA:0,(anonymous_24)
FNDA:0,(anonymous_25)
FNDA:0,(anonymous_26)
FNDA:0,(anonymous_27)
FNDA:0,(anonymous_28)
FNDA:0,(anonymous_29)
FNDA:0,(anonymous_30)
FNDA:0,(anonymous_31)
FNDA:0,(anonymous_32)
FNDA:0,(anonymous_33)
DA:3,0
DA:21,0
DA:22,0
DA:23,0
DA:30,0
DA:37,0
DA:45,0
DA:46,0
DA:47,0
DA:48,0
DA:49,0
DA:50,0
DA:51,0
DA:52,0
DA:53,0
DA:87,0
DA:99,0
DA:100,0
DA:101,0
DA:102,0
DA:103,0
DA:104,0
DA:105,0
DA:106,0
DA:108,0
DA:109,0
DA:110,0
DA:113,0
DA:125,0
DA:127,0
DA:134,0
DA:135,0
DA:136,0
DA:137,0
DA:138,0
DA:139,0
DA:142,0
DA:143,0
DA:153,0
DA:156,0
DA:157,0
DA:158,0
DA:159,0
DA:160,0
DA:162,0
DA:164,0
DA:166,0
DA:167,0
DA:168,0
DA:170,0
DA:171,0
DA:175,0
DA:176,0
DA:177,0
DA:178,0
DA:179,0
DA:180,0
DA:183,0
DA:184,0
DA:185,0
DA:190,0
DA:191,0
DA:192,0
DA:193,0
DA:197,0
DA:199,0
DA:207,0
DA:208,0
DA:209,0
DA:210,0
DA:212,0
DA:223,0
DA:229,0
DA:243,0
DA:257,0
DA:311,0
DA:317,0
DA:323,0
DA:348,0
DA:362,0
DA:377,0
DA:381,0
DA:397,0
DA:419,0
DA:434,0
DA:441,0
DA:452,0
DA:469,0
DA:477,0
LF:89
LH:0
BRDA:92,0,0,0
BRDA:93,1,0,0
BRDA:94,2,0,0
BRDA:101,3,0,0
BRDA:101,3,1,0
BRDA:117,4,0,0
BRDA:117,4,1,0
BRDA:118,5,0,0
BRDA:118,5,1,0
BRDA:130,6,0,0
BRDA:130,6,1,0
BRDA:135,7,0,0
BRDA:153,8,0,0
BRDA:153,8,1,0
BRDA:157,9,0,0
BRDA:157,9,1,0
BRDA:159,10,0,0
BRDA:159,10,1,0
BRDA:166,11,0,0
BRDA:167,12,0,0
BRDA:167,12,1,0
BRDA:170,13,0,0
BRDA:176,14,0,0
BRDA:176,14,1,0
BRDA:177,15,0,0
BRDA:177,15,1,0
BRDA:179,16,0,0
BRDA:180,17,0,0
BRDA:180,17,1,0
BRDA:184,18,0,0
BRDA:227,19,0,0
BRDA:227,19,1,0
BRDA:268,20,0,0
BRDA:267,21,0,0
BRDA:267,21,1,0
BRDA:294,22,0,0
BRDA:297,23,0,0
BRDA:297,23,1,0
BRDA:315,24,0,0
BRDA:315,24,1,0
BRDA:319,25,0,0
BRDA:377,26,0,0
BRDA:390,27,0,0
BRDA:432,28,0,0
BRDA:432,28,1,0
BRDA:439,29,0,0
BRDA:439,29,1,0
BRDA:450,30,0,0
BRDA:457,31,0,0
BRDA:457,31,1,0
BRDA:459,32,0,0
BRDA:459,32,1,0
BRF:52
BRH:0
end_of_record
TN:
SF:apps\frontend\src\components\files\FilePreview.tsx
FN:37,(anonymous_3)
FN:63,(anonymous_4)
FN:71,(anonymous_5)
FN:72,(anonymous_6)
FN:89,(anonymous_7)
FN:89,(anonymous_8)
FN:90,(anonymous_9)
FN:90,(anonymous_10)
FN:91,(anonymous_11)
FN:91,(anonymous_12)
FN:93,(anonymous_13)
FN:99,(anonymous_14)
FN:105,(anonymous_15)
FN:121,(anonymous_16)
FN:129,(anonymous_17)
FN:143,(anonymous_18)
FN:276,(anonymous_19)
FNF:17
FNH:0
FNDA:0,(anonymous_3)
FNDA:0,(anonymous_4)
FNDA:0,(anonymous_5)
FNDA:0,(anonymous_6)
FNDA:0,(anonymous_7)
FNDA:0,(anonymous_8)
FNDA:0,(anonymous_9)
FNDA:0,(anonymous_10)
FNDA:0,(anonymous_11)
FNDA:0,(anonymous_12)
FNDA:0,(anonymous_13)
FNDA:0,(anonymous_14)
FNDA:0,(anonymous_15)
FNDA:0,(anonymous_16)
FNDA:0,(anonymous_17)
FNDA:0,(anonymous_18)
FNDA:0,(anonymous_19)
DA:3,0
DA:16,0
DA:17,0
DA:18,0
DA:19,0
DA:21,0
DA:22,0
DA:37,0
DA:49,0
DA:50,0
DA:51,0
DA:52,0
DA:54,0
DA:57,0
DA:59,0
DA:60,0
DA:63,0
DA:64,0
DA:65,0
DA:66,0
DA:67,0
DA:71,0
DA:72,0
DA:73,0
DA:74,0
DA:75,0
DA:79,0
DA:81,0
DA:86,0
DA:89,0
DA:90,0
DA:91,0
DA:93,0
DA:94,0
DA:95,0
DA:99,0
DA:100,0
DA:101,0
DA:105,0
DA:106,0
DA:107,0
DA:108,0
DA:109,0
DA:110,0
DA:114,0
DA:116,0
DA:121,0
DA:122,0
DA:123,0
DA:124,0
DA:125,0
DA:126,0
DA:129,0
DA:130,0
DA:132,0
DA:143,0
DA:149,0
DA:161,0
DA:173,0
DA:276,0
LF:60
LH:0
BRDA:44,0,0,0
BRDA:45,1,0,0
BRDA:46,2,0,0
BRDA:55,3,0,0
BRDA:55,3,1,0
BRDA:59,4,0,0
BRDA:59,4,1,0
BRDA:60,5,0,0
BRDA:60,5,1,0
BRDA:73,6,0,0
BRDA:73,7,0,0
BRDA:73,7,1,0
BRDA:94,8,0,0
BRDA:94,9,0,0
BRDA:94,9,1,0
BRDA:100,10,0,0
BRDA:100,11,0,0
BRDA:100,11,1,0
BRDA:106,12,0,0
BRDA:106,12,1,0
BRDA:108,13,0,0
BRDA:122,14,0,0
BRDA:130,15,0,0
BRDA:132,16,0,0
BRDA:132,17,0,0
BRDA:132,17,1,0
BRDA:149,18,0,0
BRDA:149,19,0,0
BRDA:149,19,1,0
BRDA:161,20,0,0
BRDA:173,21,0,0
BRDA:173,22,0,0
BRDA:173,22,1,0
BRDA:173,22,2,0
BRDA:189,23,0,0
BRDA:188,24,0,0
BRDA:188,24,1,0
BRDA:211,25,0,0
BRDA:215,26,0,0
BRDA:224,27,0,0
BRDA:234,28,0,0
BRDA:234,28,1,0
BRDA:267,29,0,0
BRDA:288,30,0,0
BRDA:288,30,1,0
BRDA:313,31,0,0
BRF:46
BRH:0
end_of_record
TN:
SF:apps\frontend\src\components\files\FileShareModal.tsx
FN:41,(anonymous_3)
FN:61,(anonymous_4)
FN:96,(anonymous_5)
FN:104,(anonymous_6)
FN:105,(anonymous_7)
FN:107,(anonymous_8)
FN:144,(anonymous_9)
FN:174,(anonymous_10)
FN:180,(anonymous_11)
FN:209,(anonymous_12)
FN:221,(anonymous_13)
FN:232,(anonymous_14)
FN:243,(anonymous_15)
FN:254,(anonymous_16)
FN:274,(anonymous_17)
FN:304,(anonymous_18)
FN:323,(anonymous_19)
FN:334,(anonymous_20)
FN:344,(anonymous_21)
FNF:19
FNH:0
FNDA:0,(anonymous_3)
FNDA:0,(anonymous_4)
FNDA:0,(anonymous_5)
FNDA:0,(anonymous_6)
FNDA:0,(anonymous_7)
FNDA:0,(anonymous_8)
FNDA:0,(anonymous_9)
FNDA:0,(anonymous_10)
FNDA:0,(anonymous_11)
FNDA:0,(anonymous_12)
FNDA:0,(anonymous_13)
FNDA:0,(anonymous_14)
FNDA:0,(anonymous_15)
FNDA:0,(anonymous_16)
FNDA:0,(anonymous_17)
FNDA:0,(anonymous_18)
FNDA:0,(anonymous_19)
FNDA:0,(anonymous_20)
FNDA:0,(anonymous_21)
DA:3,0
DA:4,0
DA:5,0
DA:6,0
DA:7,0
DA:8,0
DA:9,0
DA:17,0
DA:24,0
DA:25,0
DA:26,0
DA:27,0
DA:28,0
DA:29,0
DA:30,0
DA:41,0
DA:46,0
DA:47,0
DA:48,0
DA:49,0
DA:50,0
DA:51,0
DA:52,0
DA:53,0
DA:54,0
DA:55,0
DA:56,0
DA:58,0
DA:59,0
DA:61,0
DA:62,0
DA:63,0
DA:73,0
DA:78,0
DA:79,0
DA:80,0
DA:83,0
DA:88,0
DA:96,0
DA:97,0
DA:98,0
DA:104,0
DA:105,0
DA:106,0
DA:107,0
DA:109,0
DA:145,0
DA:174,0
DA:180,0
DA:209,0
DA:221,0
DA:232,0
DA:243,0
DA:254,0
DA:274,0
DA:304,0
DA:323,0
DA:334,0
DA:344,0
LF:59
LH:0
BRDA:66,0,0,0
BRDA:66,0,1,0
BRDA:67,1,0,0
BRDA:67,1,1,0
BRDA:68,2,0,0
BRDA:68,2,1,0
BRDA:70,3,0,0
BRDA:70,3,1,0
BRDA:78,4,0,0
BRDA:106,5,0,0
BRDA:106,5,1,0
BRDA:125,6,0,0
BRDA:150,7,0,0
BRDA:156,8,0,0
BRDA:162,9,0,0
BRDA:201,10,0,0
BRDA:273,11,0,0
BRDA:299,12,0,0
BRDA:319,13,0,0
BRDA:345,14,0,0
BRDA:345,14,1,0
BRDA:347,15,0,0
BRDA:349,16,0,0
BRDA:349,16,1,0
BRF:24
BRH:0
end_of_record
TN:
SF:apps\frontend\src\components\files\FileUpload.tsx
FN:32,(anonymous_3)
FN:49,(anonymous_4)
FN:56,(anonymous_5)
FN:64,(anonymous_6)
FN:78,(anonymous_7)
FN:91,(anonymous_8)
FN:96,(anonymous_9)
FN:108,(anonymous_10)
FN:122,(anonymous_11)
FN:135,(anonymous_12)
FN:136,(anonymous_13)
FN:137,(anonymous_14)
FN:144,(anonymous_15)
FN:145,(anonymous_16)
FN:146,(anonymous_17)
FN:155,(anonymous_18)
FN:161,(anonymous_19)
FN:167,(anonymous_20)
FN:172,(anonymous_21)
FN:185,(anonymous_22)
FN:194,(anonymous_23)
FN:195,(anonymous_24)
FN:208,(anonymous_25)
FN:215,(anonymous_26)
FN:216,(anonymous_27)
FN:217,(anonymous_28)
FN:265,(anonymous_29)
FN:304,(anonymous_30)
FNF:28
FNH:0
FNDA:0,(anonymous_3)
FNDA:0,(anonymous_4)
FNDA:0,(anonymous_5)
FNDA:0,(anonymous_6)
FNDA:0,(anonymous_7)
FNDA:0,(anonymous_8)
FNDA:0,(anonymous_9)
FNDA:0,(anonymous_10)
FNDA:0,(anonymous_11)
FNDA:0,(anonymous_12)
FNDA:0,(anonymous_13)
FNDA:0,(anonymous_14)
FNDA:0,(anonymous_15)
FNDA:0,(anonymous_16)
FNDA:0,(anonymous_17)
FNDA:0,(anonymous_18)
FNDA:0,(anonymous_19)
FNDA:0,(anonymous_20)
FNDA:0,(anonymous_21)
FNDA:0,(anonymous_22)
FNDA:0,(anonymous_23)
FNDA:0,(anonymous_24)
FNDA:0,(anonymous_25)
FNDA:0,(anonymous_26)
FNDA:0,(anonymous_27)
FNDA:0,(anonymous_28)
FNDA:0,(anonymous_29)
FNDA:0,(anonymous_30)
DA:3,0
DA:4,0
DA:5,0
DA:6,0
DA:8,0
DA:9,0
DA:32,0
DA:44,0
DA:45,0
DA:46,0
DA:47,0
DA:49,0
DA:56,0
DA:57,0
DA:58,0
DA:59,0
DA:60,0
DA:61,0
DA:64,0
DA:65,0
DA:66,0
DA:68,0
DA:69,0
DA:70,0
DA:73,0
DA:74,0
DA:75,0
DA:78,0
DA:79,0
DA:80,0
DA:81,0
DA:82,0
DA:84,0
DA:88,0
DA:91,0
DA:92,0
DA:93,0
DA:95,0
DA:96,0
DA:97,0
DA:105,0
DA:108,0
DA:109,0
DA:115,0
DA:116,0
DA:119,0
DA:122,0
DA:125,0
DA:126,0
DA:130,0
DA:131,0
DA:132,0
DA:135,0
DA:136,0
DA:137,0
DA:144,0
DA:145,0
DA:146,0
DA:155,0
DA:156,0
DA:157,0
DA:158,0
DA:161,0
DA:162,0
DA:163,0
DA:164,0
DA:167,0
DA:168,0
DA:169,0
DA:172,0
DA:173,0
DA:174,0
DA:175,0
DA:177,0
DA:179,0
DA:180,0
DA:181,0
DA:185,0
DA:186,0
DA:187,0
DA:188,0
DA:191,0
DA:194,0
DA:195,0
DA:196,0
DA:197,0
DA:200,0
DA:201,0
DA:204,0
DA:208,0
DA:209,0
DA:210,0
DA:215,0
DA:216,0
DA:217,0
DA:218,0
DA:219,0
DA:266,0
DA:305,0
DA:306,0
LF:100
LH:0
BRDA:33,0,0,0
BRDA:34,1,0,0
BRDA:35,2,0,0
BRDA:36,3,0,0
BRDA:40,4,0,0
BRDA:41,5,0,0
BRDA:42,6,0,0
BRDA:52,7,0,0
BRDA:52,7,1,0
BRDA:57,8,0,0
BRDA:68,9,0,0
BRDA:68,10,0,0
BRDA:68,10,1,0
BRDA:73,11,0,0
BRDA:79,12,0,0
BRDA:79,12,1,0
BRDA:81,13,0,0
BRDA:81,13,1,0
BRDA:81,14,0,0
BRDA:81,14,1,0
BRDA:95,15,0,0
BRDA:105,16,0,0
BRDA:115,17,0,0
BRDA:115,18,0,0
BRDA:115,18,1,0
BRDA:125,19,0,0
BRDA:130,20,0,0
BRDA:137,21,0,0
BRDA:137,21,1,0
BRDA:146,22,0,0
BRDA:146,22,1,0
BRDA:158,23,0,0
BRDA:177,24,0,0
BRDA:180,25,0,0
BRDA:180,26,0,0
BRDA:180,26,1,0
BRDA:187,27,0,0
BRDA:187,28,0,0
BRDA:187,28,1,0
BRDA:200,29,0,0
BRDA:209,30,0,0
BRDA:209,31,0,0
BRDA:209,31,1,0
BRDA:218,32,0,0
BRDA:230,33,0,0
BRDA:230,33,1,0
BRDA:231,34,0,0
BRDA:231,34,1,0
BRDA:256,35,0,0
BRDA:256,35,1,0
BRDA:263,36,0,0
BRDA:271,37,0,0
BRDA:270,38,0,0
BRDA:270,38,1,0
BRDA:290,39,0,0
BRDA:294,40,0,0
BRF:56
BRH:0
end_of_record
TN:
SF:apps\frontend\src\components\files\FileUploadProgress.tsx
FN:32,(anonymous_4)
FN:43,(anonymous_5)
FN:51,(anonymous_6)
FN:61,(anonymous_7)
FN:75,(anonymous_8)
FN:90,(anonymous_9)
FN:105,(anonymous_10)
FN:106,(anonymous_11)
FN:128,(anonymous_12)
FN:161,(anonymous_13)
FN:170,(anonymous_14)
FN:180,(anonymous_15)
FN:222,(anonymous_16)
FN:224,(anonymous_17)
FN:226,(anonymous_18)
FN:237,(anonymous_19)
FN:240,(anonymous_20)
FN:250,(anonymous_21)
FN:254,(anonymous_22)
FN:255,(anonymous_23)
FN:269,(anonymous_24)
FN:275,(anonymous_25)
FN:291,(anonymous_26)
FN:292,(anonymous_27)
FN:299,(anonymous_28)
FN:300,(anonymous_29)
FN:302,(anonymous_30)
FNF:27
FNH:0
FNDA:0,(anonymous_4)
FNDA:0,(anonymous_5)
FNDA:0,(anonymous_6)
FNDA:0,(anonymous_7)
FNDA:0,(anonymous_8)
FNDA:0,(anonymous_9)
FNDA:0,(anonymous_10)
FNDA:0,(anonymous_11)
FNDA:0,(anonymous_12)
FNDA:0,(anonymous_13)
FNDA:0,(anonymous_14)
FNDA:0,(anonymous_15)
FNDA:0,(anonymous_16)
FNDA:0,(anonymous_17)
FNDA:0,(anonymous_18)
FNDA:0,(anonymous_19)
FNDA:0,(anonymous_20)
FNDA:0,(anonymous_21)
FNDA:0,(anonymous_22)
FNDA:0,(anonymous_23)
FNDA:0,(anonymous_24)
FNDA:0,(anonymous_25)
FNDA:0,(anonymous_26)
FNDA:0,(anonymous_27)
FNDA:0,(anonymous_28)
FNDA:0,(anonymous_29)
FNDA:0,(anonymous_30)
DA:3,0
DA:4,0
DA:5,0
DA:6,0
DA:7,0
DA:8,0
DA:9,0
DA:32,0
DA:41,0
DA:43,0
DA:44,0
DA:45,0
DA:46,0
DA:47,0
DA:48,0
DA:51,0
DA:52,0
DA:54,0
DA:55,0
DA:56,0
DA:58,0
DA:61,0
DA:62,0
DA:64,0
DA:65,0
DA:66,0
DA:68,0
DA:69,0
DA:71,0
DA:75,0
DA:76,0
DA:90,0
DA:91,0
DA:93,0
DA:95,0
DA:97,0
DA:99,0
DA:101,0
DA:105,0
DA:106,0
DA:107,0
DA:108,0
DA:109,0
DA:111,0
DA:113,0
DA:117,0
DA:119,0
DA:129,0
DA:161,0
DA:170,0
DA:180,0
DA:222,0
DA:224,0
DA:226,0
DA:237,0
DA:238,0
DA:240,0
DA:241,0
DA:242,0
DA:250,0
DA:251,0
DA:254,0
DA:255,0
DA:256,0
DA:257,0
DA:258,0
DA:259,0
DA:265,0
DA:269,0
DA:275,0
DA:276,0
DA:277,0
DA:278,0
DA:279,0
DA:287,0
DA:291,0
DA:292,0
DA:293,0
DA:294,0
DA:295,0
DA:299,0
DA:300,0
DA:301,0
DA:302,0
DA:303,0
DA:304,0
DA:307,0
DA:311,0
LF:88
LH:0
BRDA:38,0,0,0
BRDA:39,1,0,0
BRDA:44,2,0,0
BRDA:52,3,0,0
BRDA:52,4,0,0
BRDA:52,4,1,0
BRDA:62,5,0,0
BRDA:62,6,0,0
BRDA:62,6,1,0
BRDA:62,6,2,0
BRDA:68,7,0,0
BRDA:68,7,1,0
BRDA:91,8,0,0
BRDA:91,8,1,0
BRDA:91,8,2,0
BRDA:91,8,3,0
BRDA:91,8,4,0
BRDA:101,9,0,0
BRDA:101,9,1,0
BRDA:108,10,0,0
BRDA:108,10,1,0
BRDA:117,11,0,0
BRDA:121,12,0,0
BRDA:121,12,1,0
BRDA:146,13,0,0
BRDA:149,14,0,0
BRDA:149,14,1,0
BRDA:156,15,0,0
BRDA:156,15,1,0
BRDA:166,16,0,0
BRDA:166,16,1,0
BRDA:175,17,0,0
BRDA:175,17,1,0
BRDA:175,17,2,0
BRDA:189,18,0,0
BRDA:192,19,0,0
BRDA:202,20,0,0
BRDA:202,20,1,0
BRDA:205,21,0,0
BRDA:205,21,1,0
BRDA:206,22,0,0
BRDA:206,22,1,0
BRDA:218,23,0,0
BRDA:224,24,0,0
BRDA:258,25,0,0
BRDA:278,26,0,0
BRDA:303,27,0,0
BRDA:303,28,0,0
BRDA:303,28,1,0
BRF:49
BRH:0
end_of_record
TN:
SF:apps\frontend\src\components\files\ImageCropper.tsx
FN:31,(anonymous_3)
FN:57,(anonymous_4)
FN:58,(anonymous_5)
FN:63,(anonymous_6)
FN:74,(anonymous_7)
FN:112,(anonymous_8)
FN:118,(anonymous_9)
FN:127,(anonymous_10)
FN:130,(anonymous_11)
FN:135,(anonymous_12)
FN:136,(anonymous_13)
FN:140,(anonymous_14)
FN:145,(anonymous_15)
FN:199,(anonymous_16)
FN:252,(anonymous_17)
FN:316,(anonymous_18)
FNF:16
FNH:0
FNDA:0,(anonymous_3)
FNDA:0,(anonymous_4)
FNDA:0,(anonymous_5)
FNDA:0,(anonymous_6)
FNDA:0,(anonymous_7)
FNDA:0,(anonymous_8)
FNDA:0,(anonymous_9)
FNDA:0,(anonymous_10)
FNDA:0,(anonymous_11)
FNDA:0,(anonymous_12)
FNDA:0,(anonymous_13)
FNDA:0,(anonymous_14)
FNDA:0,(anonymous_15)
FNDA:0,(anonymous_16)
FNDA:0,(anonymous_17)
FNDA:0,(anonymous_18)
DA:3,0
DA:4,0
DA:5,0
DA:6,0
DA:7,0
DA:8,0
DA:31,0
DA:44,0
DA:45,0
DA:46,0
DA:47,0
DA:48,0
DA:49,0
DA:50,0
DA:52,0
DA:53,0
DA:54,0
DA:57,0
DA:58,0
DA:59,0
DA:60,0
DA:61,0
DA:62,0
DA:63,0
DA:64,0
DA:66,0
DA:70,0
DA:74,0
DA:75,0
DA:77,0
DA:78,0
DA:80,0
DA:83,0
DA:84,0
DA:89,0
DA:90,0
DA:92,0
DA:93,0
DA:95,0
DA:96,0
DA:97,0
DA:99,0
DA:103,0
DA:112,0
DA:113,0
DA:114,0
DA:115,0
DA:118,0
DA:119,0
DA:121,0
DA:122,0
DA:124,0
DA:125,0
DA:127,0
DA:130,0
DA:131,0
DA:135,0
DA:136,0
DA:140,0
DA:141,0
DA:145,0
DA:146,0
DA:148,0
DA:149,0
DA:150,0
DA:152,0
DA:153,0
DA:154,0
DA:157,0
DA:163,0
DA:171,0
DA:172,0
DA:175,0
DA:177,0
DA:178,0
DA:179,0
DA:180,0
DA:184,0
DA:196,0
DA:199,0
DA:200,0
DA:201,0
DA:253,0
DA:317,0
DA:318,0
LF:85
LH:0
BRDA:34,0,0,0
BRDA:35,1,0,0
BRDA:36,2,0,0
BRDA:37,3,0,0
BRDA:38,4,0,0
BRDA:41,5,0,0
BRDA:59,6,0,0
BRDA:59,6,1,0
BRDA:61,7,0,0
BRDA:75,8,0,0
BRDA:75,9,0,0
BRDA:75,9,1,0
BRDA:95,10,0,0
BRDA:96,11,0,0
BRDA:96,11,1,0
BRDA:119,12,0,0
BRDA:119,13,0,0
BRDA:119,13,1,0
BRDA:146,14,0,0
BRDA:146,15,0,0
BRDA:146,15,1,0
BRDA:146,15,2,0
BRDA:150,16,0,0
BRDA:177,17,0,0
BRDA:200,18,0,0
BRDA:200,19,0,0
BRDA:200,19,1,0
BRDA:222,20,0,0
BRDA:240,21,0,0
BRDA:240,21,1,0
BRF:30
BRH:0
end_of_record
TN:
SF:apps\frontend\src\components\notifications\NotificationBell.tsx
FN:21,(anonymous_4)
FN:35,(anonymous_5)
FN:66,(anonymous_6)
FNF:3
FNH:0
FNDA:0,(anonymous_4)
FNDA:0,(anonymous_5)
FNDA:0,(anonymous_6)
DA:3,0
DA:4,0
DA:5,0
DA:6,0
DA:11,0
DA:12,0
DA:13,0
DA:14,0
DA:21,0
DA:25,0
DA:26,0
DA:28,0
DA:35,0
DA:49,0
DA:50,0
DA:67,0
DA:68,0
LF:17
LH:0
BRDA:23,0,0,0
BRDA:28,1,0,0
BRDA:28,1,1,0
BRDA:35,2,0,0
BRDA:35,2,1,0
BRDA:38,3,0,0
BRDA:43,4,0,0
BRDA:43,4,1,0
BRDA:49,5,0,0
BRF:9
BRH:0
end_of_record
TN:
SF:apps\frontend\src\components\notifications\NotificationCenter.tsx
FN:92,(anonymous_4)
FN:121,(anonymous_5)
FN:129,(anonymous_6)
FN:141,(anonymous_7)
FN:154,(anonymous_8)
FN:164,(anonymous_9)
FN:175,(anonymous_10)
FN:176,(anonymous_11)
FN:181,(anonymous_12)
FN:182,(anonymous_13)
FN:186,(anonymous_14)
FN:190,(anonymous_15)
FN:193,(anonymous_16)
FN:206,(anonymous_17)
FN:219,(anonymous_18)
FN:225,(anonymous_19)
FN:226,(anonymous_20)
FN:258,(anonymous_21)
FN:274,(anonymous_22)
FN:288,(anonymous_23)
FN:348,(anonymous_24)
FN:365,(anonymous_25)
FN:372,(anonymous_26)
FN:384,(anonymous_27)
FN:391,(anonymous_28)
FN:410,(anonymous_29)
FN:415,(anonymous_30)
FN:442,(anonymous_31)
FNF:28
FNH:0
FNDA:0,(anonymous_4)
FNDA:0,(anonymous_5)
FNDA:0,(anonymous_6)
FNDA:0,(anonymous_7)
FNDA:0,(anonymous_8)
FNDA:0,(anonymous_9)
FNDA:0,(anonymous_10)
FNDA:0,(anonymous_11)
FNDA:0,(anonymous_12)
FNDA:0,(anonymous_13)
FNDA:0,(anonymous_14)
FNDA:0,(anonymous_15)
FNDA:0,(anonymous_16)
FNDA:0,(anonymous_17)
FNDA:0,(anonymous_18)
FNDA:0,(anonymous_19)
FNDA:0,(anonymous_20)
FNDA:0,(anonymous_21)
FNDA:0,(anonymous_22)
FNDA:0,(anonymous_23)
FNDA:0,(anonymous_24)
FNDA:0,(anonymous_25)
FNDA:0,(anonymous_26)
FNDA:0,(anonymous_27)
FNDA:0,(anonymous_28)
FNDA:0,(anonymous_29)
FNDA:0,(anonymous_30)
FNDA:0,(anonymous_31)
DA:3,0
DA:4,0
DA:5,0
DA:6,0
DA:7,0
DA:8,0
DA:9,0
DA:10,0
DA:11,0
DA:12,0
DA:29,0
DA:30,0
DA:42,0
DA:43,0
DA:44,0
DA:45,0
DA:48,0
DA:80,0
DA:92,0
DA:96,0
DA:97,0
DA:98,0
DA:99,0
DA:100,0
DA:101,0
DA:109,0
DA:115,0
DA:116,0
DA:117,0
DA:118,0
DA:121,0
DA:122,0
DA:123,0
DA:124,0
DA:129,0
DA:130,0
DA:132,0
DA:133,0
DA:134,0
DA:136,0
DA:141,0
DA:142,0
DA:144,0
DA:145,0
DA:146,0
DA:147,0
DA:149,0
DA:154,0
DA:155,0
DA:156,0
DA:157,0
DA:159,0
DA:164,0
DA:165,0
DA:166,0
DA:167,0
DA:169,0
DA:171,0
DA:175,0
DA:176,0
DA:177,0
DA:181,0
DA:182,0
DA:183,0
DA:186,0
DA:190,0
DA:191,0
DA:193,0
DA:194,0
DA:196,0
DA:197,0
DA:201,0
DA:202,0
DA:206,0
DA:207,0
DA:208,0
DA:209,0
DA:211,0
DA:219,0
DA:225,0
DA:226,0
DA:259,0
DA:260,0
DA:275,0
DA:276,0
DA:289,0
DA:300,0
DA:348,0
DA:365,0
DA:373,0
DA:384,0
DA:392,0
DA:410,0
DA:415,0
DA:442,0
LF:95
LH:0
BRDA:93,0,0,0
BRDA:94,1,0,0
BRDA:111,2,0,0
BRDA:111,2,1,0
BRDA:112,3,0,0
BRDA:112,3,1,0
BRDA:121,4,0,0
BRDA:121,4,1,0
BRDA:122,5,0,0
BRDA:124,6,0,0
BRDA:124,6,1,0
BRDA:130,7,0,0
BRDA:142,8,0,0
BRDA:166,9,0,0
BRDA:166,9,1,0
BRDA:191,10,0,0
BRDA:191,11,0,0
BRDA:191,11,1,0
BRDA:191,11,2,0
BRDA:194,12,0,0
BRDA:201,13,0,0
BRDA:207,14,0,0
BRDA:207,14,1,0
BRDA:216,15,0,0
BRDA:216,15,1,0
BRDA:217,16,0,0
BRDA:217,16,1,0
BRDA:231,17,0,0
BRDA:231,17,1,0
BRDA:235,18,0,0
BRDA:235,18,1,0
BRDA:243,19,0,0
BRDA:243,19,1,0
BRDA:249,20,0,0
BRDA:249,20,1,0
BRDA:253,21,0,0
BRDA:263,22,0,0
BRDA:263,22,1,0
BRDA:300,23,0,0
BRDA:306,24,0,0
BRDA:316,25,0,0
BRDA:320,26,0,0
BRDA:326,27,0,0
BRDA:419,28,0,0
BRDA:419,28,1,0
BRDA:422,29,0,0
BRDA:422,29,1,0
BRDA:426,30,0,0
BRDA:454,31,0,0
BRDA:458,32,0,0
BRDA:464,33,0,0
BRDA:491,34,0,0
BRDA:495,35,0,0
BRF:53
BRH:0
end_of_record
TN:
SF:apps\frontend\src\components\notifications\NotificationPreferences.tsx
FN:25,(anonymous_4)
FN:87,(anonymous_5)
FN:98,(anonymous_6)
FN:104,(anonymous_7)
FN:140,(anonymous_8)
FN:142,(anonymous_9)
FN:148,(anonymous_10)
FN:153,(anonymous_11)
FN:154,(anonymous_12)
FN:242,(anonymous_13)
FN:246,(anonymous_14)
FN:258,(anonymous_15)
FN:267,(anonymous_16)
FN:276,(anonymous_17)
FN:285,(anonymous_18)
FN:308,(anonymous_19)
FN:308,(anonymous_20)
FN:315,(anonymous_21)
FN:315,(anonymous_22)
FN:338,(anonymous_23)
FN:350,(anonymous_24)
FN:350,(anonymous_25)
FN:358,(anonymous_26)
FN:358,(anonymous_27)
FN:388,(anonymous_28)
FN:388,(anonymous_29)
FN:397,(anonymous_30)
FN:397,(anonymous_31)
FNF:28
FNH:0
FNDA:0,(anonymous_4)
FNDA:0,(anonymous_5)
FNDA:0,(anonymous_6)
FNDA:0,(anonymous_7)
FNDA:0,(anonymous_8)
FNDA:0,(anonymous_9)
FNDA:0,(anonymous_10)
FNDA:0,(anonymous_11)
FNDA:0,(anonymous_12)
FNDA:0,(anonymous_13)
FNDA:0,(anonymous_14)
FNDA:0,(anonymous_15)
FNDA:0,(anonymous_16)
FNDA:0,(anonymous_17)
FNDA:0,(anonymous_18)
FNDA:0,(anonymous_19)
FNDA:0,(anonymous_20)
FNDA:0,(anonymous_21)
FNDA:0,(anonymous_22)
FNDA:0,(anonymous_23)
FNDA:0,(anonymous_24)
FNDA:0,(anonymous_25)
FNDA:0,(anonymous_26)
FNDA:0,(anonymous_27)
FNDA:0,(anonymous_28)
FNDA:0,(anonymous_29)
FNDA:0,(anonymous_30)
FNDA:0,(anonymous_31)
DA:3,0
DA:4,0
DA:5,0
DA:6,0
DA:7,0
DA:8,0
DA:9,0
DA:10,0
DA:11,0
DA:12,0
DA:19,0
DA:20,0
DA:21,0
DA:22,0
DA:25,0
DA:26,0
DA:47,0
DA:51,0
DA:87,0
DA:88,0
DA:89,0
DA:91,0
DA:92,0
DA:93,0
DA:94,0
DA:95,0
DA:98,0
DA:99,0
DA:100,0
DA:101,0
DA:102,0
DA:104,0
DA:105,0
DA:107,0
DA:108,0
DA:110,0
DA:111,0
DA:114,0
DA:115,0
DA:116,0
DA:121,0
DA:122,0
DA:126,0
DA:127,0
DA:135,0
DA:136,0
DA:140,0
DA:141,0
DA:142,0
DA:148,0
DA:149,0
DA:150,0
DA:153,0
DA:154,0
DA:155,0
DA:156,0
DA:158,0
DA:170,0
DA:171,0
DA:177,0
DA:178,0
DA:183,0
DA:184,0
DA:192,0
DA:196,0
DA:197,0
DA:199,0
DA:200,0
DA:204,0
DA:212,0
DA:243,0
DA:247,0
DA:258,0
DA:267,0
DA:276,0
DA:285,0
DA:308,0
DA:315,0
DA:338,0
DA:350,0
DA:358,0
DA:388,0
DA:397,0
LF:83
LH:0
BRDA:47,0,0,0
BRDA:47,0,1,0
BRDA:88,1,0,0
BRDA:99,2,0,0
BRDA:107,3,0,0
BRDA:107,4,0,0
BRDA:107,4,1,0
BRDA:110,5,0,0
BRDA:110,6,0,0
BRDA:110,6,1,0
BRDA:114,7,0,0
BRDA:115,8,0,0
BRDA:115,9,0,0
BRDA:115,9,1,0
BRDA:117,10,0,0
BRDA:117,10,1,0
BRDA:118,11,0,0
BRDA:118,11,1,0
BRDA:121,12,0,0
BRDA:121,13,0,0
BRDA:121,13,1,0
BRDA:123,14,0,0
BRDA:123,14,1,0
BRDA:126,15,0,0
BRDA:126,16,0,0
BRDA:126,16,1,0
BRDA:128,17,0,0
BRDA:128,17,1,0
BRDA:129,18,0,0
BRDA:129,18,1,0
BRDA:156,19,0,0
BRDA:156,19,1,0
BRDA:162,20,0,0
BRDA:162,20,1,0
BRDA:163,21,0,0
BRDA:163,21,1,0
BRDA:170,22,0,0
BRDA:170,22,1,0
BRDA:170,23,0,0
BRDA:170,23,1,0
BRDA:177,24,0,0
BRDA:177,24,1,0
BRDA:177,25,0,0
BRDA:177,25,1,0
BRDA:183,26,0,0
BRDA:186,27,0,0
BRDA:186,27,1,0
BRDA:204,28,0,0
BRDA:212,29,0,0
BRDA:257,30,0,0
BRDA:257,30,1,0
BRDA:266,31,0,0
BRDA:266,31,1,0
BRDA:275,32,0,0
BRDA:275,32,1,0
BRDA:284,33,0,0
BRDA:284,33,1,0
BRDA:415,34,0,0
BRF:58
BRH:0
end_of_record
TN:
SF:apps\frontend\src\components\notifications\NotificationSoundSettings.tsx
FN:91,(anonymous_4)
FN:95,(anonymous_5)
FN:100,(anonymous_6)
FN:101,(anonymous_7)
FN:105,(anonymous_8)
FN:106,(anonymous_9)
FN:110,(anonymous_10)
FN:111,(anonymous_11)
FN:115,(anonymous_12)
FN:116,(anonymous_13)
FN:120,(anonymous_14)
FN:121,(anonymous_15)
FN:131,(anonymous_16)
FN:140,(anonymous_17)
FN:146,(anonymous_18)
FN:216,(anonymous_19)
FN:243,(anonymous_20)
FN:260,(anonymous_21)
FN:281,(anonymous_22)
FNF:19
FNH:0
FNDA:0,(anonymous_4)
FNDA:0,(anonymous_5)
FNDA:0,(anonymous_6)
FNDA:0,(anonymous_7)
FNDA:0,(anonymous_8)
FNDA:0,(anonymous_9)
FNDA:0,(anonymous_10)
FNDA:0,(anonymous_11)
FNDA:0,(anonymous_12)
FNDA:0,(anonymous_13)
FNDA:0,(anonymous_14)
FNDA:0,(anonymous_15)
FNDA:0,(anonymous_16)
FNDA:0,(anonymous_17)
FNDA:0,(anonymous_18)
FNDA:0,(anonymous_19)
FNDA:0,(anonymous_20)
FNDA:0,(anonymous_21)
FNDA:0,(anonymous_22)
DA:3,0
DA:4,0
DA:5,0
DA:6,0
DA:7,0
DA:8,0
DA:9,0
DA:10,0
DA:11,0
DA:27,0
DA:28,0
DA:29,0
DA:31,0
DA:40,0
DA:91,0
DA:92,0
DA:93,0
DA:95,0
DA:97,0
DA:100,0
DA:101,0
DA:102,0
DA:105,0
DA:106,0
DA:107,0
DA:110,0
DA:111,0
DA:112,0
DA:115,0
DA:116,0
DA:117,0
DA:120,0
DA:121,0
DA:128,0
DA:131,0
DA:132,0
DA:133,0
DA:134,0
DA:136,0
DA:140,0
DA:141,0
DA:142,0
DA:143,0
DA:146,0
DA:147,0
DA:148,0
DA:149,0
DA:217,0
DA:243,0
DA:261,0
DA:262,0
DA:281,0
LF:52
LH:0
BRDA:182,0,0,0
BRDA:235,1,0,0
BRDA:242,2,0,0
BRDA:242,2,1,0
BRDA:307,3,0,0
BRF:5
BRH:0
end_of_record
TN:
SF:apps\frontend\src\components\notifications\PushNotificationSettings.tsx
FN:28,(anonymous_4)
FN:40,(anonymous_5)
FN:47,(anonymous_6)
FN:65,(anonymous_7)
FN:111,(anonymous_8)
FN:130,(anonymous_9)
FNF:6
FNH:0
FNDA:0,(anonymous_4)
FNDA:0,(anonymous_5)
FNDA:0,(anonymous_6)
FNDA:0,(anonymous_7)
FNDA:0,(anonymous_8)
FNDA:0,(anonymous_9)
DA:3,0
DA:4,0
DA:5,0
DA:6,0
DA:7,0
DA:8,0
DA:9,0
DA:20,0
DA:21,0
DA:22,0
DA:25,0
DA:28,0
DA:29,0
DA:30,0
DA:31,0
DA:32,0
DA:33,0
DA:40,0
DA:41,0
DA:44,0
DA:47,0
DA:48,0
DA:49,0
DA:50,0
DA:56,0
DA:57,0
DA:58,0
DA:60,0
DA:61,0
DA:65,0
DA:66,0
DA:68,0
DA:69,0
DA:71,0
DA:73,0
DA:76,0
DA:78,0
DA:79,0
DA:82,0
DA:92,0
DA:94,0
DA:97,0
DA:98,0
DA:102,0
DA:104,0
DA:105,0
DA:107,0
DA:111,0
DA:112,0
DA:114,0
DA:115,0
DA:116,0
DA:118,0
DA:119,0
DA:120,0
DA:121,0
DA:124,0
DA:126,0
DA:130,0
DA:131,0
DA:132,0
DA:145,0
DA:147,0
DA:152,0
DA:202,0
DA:345,0
LF:66
LH:0
BRDA:25,0,0,0
BRDA:25,0,1,0
BRDA:56,1,0,0
BRDA:69,2,0,0
BRDA:69,2,1,0
BRDA:73,3,0,0
BRDA:94,4,0,0
BRDA:105,5,0,0
BRDA:105,5,1,0
BRDA:118,6,0,0
BRDA:118,6,1,0
BRDA:120,7,0,0
BRDA:152,8,0,0
BRDA:172,9,0,0
BRDA:172,9,1,0
BRDA:173,10,0,0
BRDA:173,10,1,0
BRDA:175,11,0,0
BRDA:175,11,1,0
BRDA:178,12,0,0
BRDA:178,12,1,0
BRDA:179,13,0,0
BRDA:179,13,1,0
BRDA:181,14,0,0
BRDA:181,14,1,0
BRDA:184,15,0,0
BRDA:184,15,1,0
BRDA:185,16,0,0
BRDA:185,16,1,0
BRDA:187,17,0,0
BRDA:187,17,1,0
BRDA:202,18,0,0
BRDA:247,19,0,0
BRDA:267,20,0,0
BRDA:279,21,0,0
BRDA:279,21,1,0
BRDA:291,22,0,0
BRF:37
BRH:0
end_of_record
TN:
SF:apps\frontend\src\components\shared\ClientOnlyWrapper.tsx
FN:10,ClientOnlyWrapper
FN:13,(anonymous_2)
FNF:2
FNH:0
FNDA:0,ClientOnlyWrapper
FNDA:0,(anonymous_2)
DA:3,0
DA:10,0
DA:11,0
DA:13,0
DA:14,0
DA:17,0
LF:6
LH:0
BRDA:10,0,0,0
BRDA:17,1,0,0
BRF:2
BRH:0
end_of_record
TN:
SF:apps\frontend\src\components\shared\DashboardHeader.tsx
FN:16,DashboardHeader
FN:21,(anonymous_2)
FN:26,(anonymous_3)
FN:39,(anonymous_4)
FN:56,(anonymous_5)
FN:64,(anonymous_6)
FN:72,(anonymous_7)
FN:79,(anonymous_8)
FNF:8
FNH:0
FNDA:0,DashboardHeader
FNDA:0,(anonymous_2)
FNDA:0,(anonymous_3)
FNDA:0,(anonymous_4)
FNDA:0,(anonymous_5)
FNDA:0,(anonymous_6)
FNDA:0,(anonymous_7)
FNDA:0,(anonymous_8)
DA:3,0
DA:4,0
DA:5,0
DA:6,0
DA:7,0
DA:8,0
DA:16,0
DA:17,0
DA:18,0
DA:19,0
DA:21,0
DA:22,0
DA:26,0
DA:27,0
DA:28,0
DA:34,0
DA:36,0
DA:39,0
DA:40,0
DA:41,0
DA:56,0
DA:64,0
DA:72,0
DA:79,0
LF:24
LH:0
BRDA:27,0,0,0
BRDA:27,1,0,0
BRDA:27,1,1,0
BRDA:34,2,0,0
BRDA:34,2,1,0
BRDA:40,3,0,0
BRDA:49,4,0,0
BRF:7
BRH:0
end_of_record
TN:
SF:apps\frontend\src\components\ui\SafeProgress.tsx
FN:18,(anonymous_4)
FNF:1
FNH:0
FNDA:0,(anonymous_4)
DA:1,0
DA:2,0
DA:3,0
DA:4,0
DA:18,0
DA:26,0
DA:27,0
DA:28,0
DA:58,0
LF:9
LH:0
BRDA:20,0,0,0
BRDA:22,1,0,0
BRDA:23,2,0,0
BRDA:35,3,0,0
BRDA:35,3,1,0
BRDA:36,4,0,0
BRDA:36,4,1,0
BRDA:38,5,0,0
BRDA:38,5,1,0
BRDA:49,6,0,0
BRDA:49,6,1,0
BRF:11
BRH:0
end_of_record
TN:
SF:apps\frontend\src\components\ui\alert-dialog.tsx
FNF:0
FNH:0
DA:3,0
DA:4,0
DA:6,0
DA:7,0
DA:9,0
DA:11,0
DA:13,0
DA:28,0
DA:46,0
DA:60,0
DA:74,0
DA:86,0
DA:98,0
DA:111,0
DA:127,0
DA:130,0
DA:131,0
DA:132,0
DA:133,0
DA:134,0
DA:135,0
DA:136,0
DA:137,0
DA:138,0
DA:139,0
DA:140,0
LF:26
LH:0
BRF:0
BRH:0
end_of_record
TN:
SF:apps\frontend\src\components\ui\alert.tsx
FNF:0
FNH:0
DA:1,2
DA:2,2
DA:3,2
DA:5,2
DA:32,2
DA:44,2
DA:56,2
DA:58,28
LF:8
LH:8
BRF:0
BRH:0
end_of_record
TN:
SF:apps\frontend\src\components\ui\avatar.tsx
FNF:0
FNH:0
DA:3,2
DA:4,2
DA:6,2
DA:21,2
DA:33,2
DA:48,2
DA:50,0
LF:7
LH:6
BRF:0
BRH:0
end_of_record
TN:
SF:apps\frontend\src\components\ui\badge.tsx
FN:30,Badge
FNF:1
FNH:0
FNDA:0,Badge
DA:1,2
DA:2,2
DA:4,2
DA:6,2
DA:36,0
LF:5
LH:4
BRF:0
BRH:0
end_of_record
TN:
SF:apps\frontend\src\components\ui\button.tsx
FN:44,(anonymous_6)
FNF:1
FNH:1
FNDA:42,(anonymous_6)
DA:1,4
DA:2,4
DA:3,4
DA:5,4
DA:7,4
DA:43,4
DA:45,42
DA:55,4
DA:57,42
LF:9
LH:9
BRDA:44,0,0,41
BRDA:45,1,0,1
BRDA:45,1,1,41
BRF:3
BRH:3
end_of_record
TN:
SF:apps\frontend\src\components\ui\card.tsx
FNF:0
FNH:0
DA:1,3
DA:3,3
DA:18,3
DA:30,3
DA:42,3
DA:54,3
DA:62,3
DA:74,3
DA:76,28
LF:9
LH:9
BRF:0
BRH:0
end_of_record
TN:
SF:apps\frontend\src\components\ui\checkbox.tsx
FNF:0
FNH:0
DA:3,1
DA:4,1
DA:5,1
DA:7,1
DA:28,1
DA:30,0
LF:6
LH:5
BRF:0
BRH:0
end_of_record
TN:
SF:apps\frontend\src\components\ui\collapsible.tsx
FNF:0
FNH:0
DA:3,0
DA:4,0
DA:6,0
DA:8,0
DA:10,0
DA:12,0
LF:6
LH:0
BRF:0
BRH:0
end_of_record
TN:
SF:apps\frontend\src\components\ui\dialog.tsx
FNF:0
FNH:0
DA:3,1
DA:4,1
DA:5,1
DA:7,1
DA:9,1
DA:11,1
DA:13,1
DA:15,1
DA:30,1
DA:54,1
DA:68,1
DA:82,1
DA:97,1
DA:109,1
DA:112,0
DA:113,0
DA:114,0
DA:115,0
DA:116,0
DA:117,0
DA:118,0
DA:119,0
DA:120,0
DA:121,0
LF:24
LH:14
BRF:0
BRH:0
end_of_record
TN:
SF:apps\frontend\src\components\ui\input.tsx
FN:6,(anonymous_4)
FNF:1
FNH:1
FNDA:35,(anonymous_4)
DA:1,2
DA:3,2
DA:5,2
DA:20,2
DA:22,35
LF:5
LH:5
BRF:0
BRH:0
end_of_record
TN:
SF:apps\frontend\src\components\ui\label.tsx
FN:6,Label
FNF:1
FNH:0
FNDA:0,Label
DA:1,1
DA:2,1
DA:6,0
LF:3
LH:2
BRF:0
BRH:0
end_of_record
TN:
SF:apps\frontend\src\components\ui\popover.tsx
FNF:0
FNH:0
DA:3,1
DA:4,1
DA:6,1
DA:8,1
DA:10,1
DA:29,1
DA:31,0
LF:7
LH:6
BRDA:15,0,0,0
BRDA:15,1,0,0
BRF:2
BRH:0
end_of_record
TN:
SF:apps\frontend\src\components\ui\progress.tsx
FNF:0
FNH:0
DA:3,2
DA:4,2
DA:6,2
DA:26,2
DA:28,0
LF:5
LH:4
BRDA:22,0,0,0
BRDA:22,0,1,0
BRF:2
BRH:0
end_of_record
TN:
SF:apps\frontend\src\components\ui\scroll-area.tsx
FNF:0
FNH:0
DA:1,1
DA:2,1
DA:4,1
DA:22,1
DA:44,1
DA:46,0
LF:6
LH:5
BRDA:27,0,0,0
BRDA:33,1,0,0
BRDA:33,1,1,0
BRDA:35,2,0,0
BRDA:35,2,1,0
BRF:5
BRH:0
end_of_record
TN:
SF:apps\frontend\src\components\ui\select.tsx
FNF:0
FNH:0
DA:3,3
DA:4,3
DA:5,3
DA:7,3
DA:9,3
DA:11,3
DA:13,3
DA:33,3
DA:50,3
DA:67,3
DA:100,3
DA:112,3
DA:135,3
DA:147,3
DA:150,22
DA:151,11
DA:152,22
DA:153,22
DA:154,22
DA:155,11
DA:156,49
DA:157,1
DA:158,0
DA:159,0
LF:24
LH:22
BRDA:73,0,0,22
BRDA:79,1,0,22
BRDA:79,1,1,22
BRDA:90,2,0,22
BRDA:90,2,1,22
BRF:5
BRH:5
end_of_record
TN:
SF:apps\frontend\src\components\ui\separator.tsx
FNF:0
FNH:0
DA:1,0
DA:2,0
DA:4,0
DA:27,0
DA:29,0
LF:5
LH:0
BRDA:11,0,0,0
BRDA:11,1,0,0
BRDA:20,2,0,0
BRDA:20,2,1,0
BRF:4
BRH:0
end_of_record
TN:
SF:apps\frontend\src\components\ui\skeleton.tsx
FN:3,Skeleton
FNF:1
FNH:0
FNDA:0,Skeleton
DA:1,1
DA:15,0
LF:2
LH:1
BRF:0
BRH:0
end_of_record
TN:
SF:apps\frontend\src\components\ui\slider.tsx
FNF:0
FNH:0
DA:3,0
DA:4,0
DA:6,0
DA:29,0
DA:31,0
LF:5
LH:0
BRF:0
BRH:0
end_of_record
TN:
SF:apps\frontend\src\components\ui\switch.tsx
FNF:0
FNH:0
DA:3,1
DA:4,1
DA:6,1
DA:27,1
DA:29,0
LF:5
LH:4
BRF:0
BRH:0
end_of_record
TN:
SF:apps\frontend\src\components\ui\table.tsx
FNF:0
FNH:0
DA:1,1
DA:3,1
DA:17,1
DA:25,1
DA:37,1
DA:52,1
DA:67,1
DA:82,1
DA:94,1
DA:106,1
DA:109,0
DA:110,0
DA:111,0
DA:112,0
DA:113,0
DA:114,0
DA:115,0
DA:116,0
LF:18
LH:10
BRF:0
BRH:0
end_of_record
TN:
SF:apps\frontend\src\components\ui\tabs.tsx
FNF:0
FNH:0
DA:3,2
DA:4,2
DA:6,2
DA:8,2
DA:23,2
DA:38,2
DA:53,2
DA:55,0
LF:8
LH:7
BRF:0
BRH:0
end_of_record
TN:
SF:apps\frontend\src\components\ui\textarea.tsx
FN:6,Textarea
FNF:1
FNH:0
FNDA:0,Textarea
DA:1,1
DA:2,1
DA:6,0
LF:3
LH:2
BRF:0
BRH:0
end_of_record
TN:
SF:apps\frontend\src\components\ui\toast.tsx
FN:47,(anonymous_12)
FNF:1
FNH:0
FNDA:0,(anonymous_12)
DA:3,0
DA:4,0
DA:5,0
DA:6,0
DA:8,0
DA:10,0
DA:25,0
DA:27,0
DA:43,0
DA:56,0
DA:71,0
DA:89,0
DA:101,0
DA:113,0
DA:122,0
DA:123,0
DA:124,0
DA:125,0
DA:126,0
DA:127,0
DA:128,0
LF:21
LH:0
BRF:0
BRH:0
end_of_record
TN:
SF:apps\frontend\src\components\ui\tooltip.tsx
FNF:0
FNH:0
DA:1,0
DA:2,0
DA:4,0
DA:6,0
DA:8,0
DA:10,0
DA:26,0
DA:28,0
LF:8
LH:0
BRDA:15,0,0,0
BRF:1
BRH:0
end_of_record
TN:
SF:apps\frontend\src\components\ui\use-toast.tsx
FNF:0
FNH:0
DA:4,1
LF:1
LH:1
BRF:0
BRH:0
end_of_record
TN:
SF:apps\frontend\src\components\ui\user-picker.tsx
FN:50,(anonymous_4)
FN:75,(anonymous_5)
FN:76,(anonymous_6)
FN:83,(anonymous_7)
FN:84,(anonymous_8)
FN:88,(anonymous_9)
FN:89,(anonymous_10)
FN:94,(anonymous_11)
FN:95,(anonymous_12)
FN:115,(anonymous_13)
FN:116,(anonymous_14)
FN:125,(anonymous_15)
FN:126,(anonymous_16)
FN:132,(anonymous_17)
FN:135,(anonymous_18)
FN:141,(anonymous_19)
FN:150,(anonymous_20)
FN:151,(anonymous_21)
FN:154,(anonymous_22)
FN:161,(anonymous_23)
FN:179,(anonymous_24)
FN:193,(anonymous_25)
FN:208,(anonymous_27)
FN:240,(anonymous_28)
FN:244,(anonymous_29)
FN:249,(anonymous_30)
FN:264,(anonymous_31)
FN:268,(anonymous_32)
FN:273,(anonymous_33)
FN:288,(anonymous_34)
FN:295,(anonymous_35)
FN:302,(anonymous_36)
FN:309,(anonymous_37)
FN:336,(anonymous_38)
FN:344,(anonymous_39)
FN:359,(anonymous_40)
FN:365,(anonymous_41)
FNF:37
FNH:0
FNDA:0,(anonymous_4)
FNDA:0,(anonymous_5)
FNDA:0,(anonymous_6)
FNDA:0,(anonymous_7)
FNDA:0,(anonymous_8)
FNDA:0,(anonymous_9)
FNDA:0,(anonymous_10)
FNDA:0,(anonymous_11)
FNDA:0,(anonymous_12)
FNDA:0,(anonymous_13)
FNDA:0,(anonymous_14)
FNDA:0,(anonymous_15)
FNDA:0,(anonymous_16)
FNDA:0,(anonymous_17)
FNDA:0,(anonymous_18)
FNDA:0,(anonymous_19)
FNDA:0,(anonymous_20)
FNDA:0,(anonymous_21)
FNDA:0,(anonymous_22)
FNDA:0,(anonymous_23)
FNDA:0,(anonymous_24)
FNDA:0,(anonymous_25)
FNDA:0,(anonymous_27)
FNDA:0,(anonymous_28)
FNDA:0,(anonymous_29)
FNDA:0,(anonymous_30)
FNDA:0,(anonymous_31)
FNDA:0,(anonymous_32)
FNDA:0,(anonymous_33)
FNDA:0,(anonymous_34)
FNDA:0,(anonymous_35)
FNDA:0,(anonymous_36)
FNDA:0,(anonymous_37)
FNDA:0,(anonymous_38)
FNDA:0,(anonymous_39)
FNDA:0,(anonymous_40)
FNDA:0,(anonymous_41)
DA:1,0
DA:2,0
DA:3,0
DA:4,0
DA:5,0
DA:6,0
DA:7,0
DA:8,0
DA:16,0
DA:17,0
DA:18,0
DA:50,0
DA:68,0
DA:69,0
DA:70,0
DA:71,0
DA:72,0
DA:75,0
DA:76,0
DA:77,0
DA:83,0
DA:84,0
DA:85,0
DA:88,0
DA:89,0
DA:90,0
DA:94,0
DA:95,0
DA:97,0
DA:102,0
DA:105,0
DA:108,0
DA:110,0
DA:115,0
DA:116,0
DA:117,0
DA:118,0
DA:119,0
DA:120,0
DA:124,0
DA:125,0
DA:126,0
DA:129,0
DA:132,0
DA:133,0
DA:135,0
DA:141,0
DA:142,0
DA:143,0
DA:144,0
DA:145,0
DA:146,0
DA:150,0
DA:151,0
DA:154,0
DA:155,0
DA:156,0
DA:157,0
DA:158,0
DA:161,0
DA:162,0
DA:164,0
DA:165,0
DA:166,0
DA:167,0
DA:168,0
DA:169,0
DA:171,0
DA:175,0
DA:178,0
DA:179,0
DA:181,0
DA:182,0
DA:184,0
DA:188,0
DA:189,0
DA:193,0
DA:194,0
DA:195,0
DA:208,0
DA:240,0
DA:245,0
DA:249,0
DA:264,0
DA:269,0
DA:273,0
DA:288,0
DA:295,0
DA:302,0
DA:309,0
DA:337,0
DA:345,0
DA:346,0
DA:348,0
DA:359,0
DA:416,0
DA:445,0
LF:97
LH:0
BRDA:52,0,0,0
BRDA:56,1,0,0
BRDA:57,2,0,0
BRDA:58,3,0,0
BRDA:59,4,0,0
BRDA:60,5,0,0
BRDA:62,6,0,0
BRDA:63,7,0,0
BRDA:64,8,0,0
BRDA:66,9,0,0
BRDA:77,10,0,0
BRDA:77,10,1,0
BRDA:97,11,0,0
BRDA:97,11,1,0
BRDA:97,11,2,0
BRDA:102,12,0,0
BRDA:102,12,1,0
BRDA:105,13,0,0
BRDA:105,13,1,0
BRDA:108,14,0,0
BRDA:108,14,1,0
BRDA:110,15,0,0
BRDA:110,15,1,0
BRDA:110,15,2,0
BRDA:110,15,3,0
BRDA:117,16,0,0
BRDA:117,16,1,0
BRDA:118,17,0,0
BRDA:142,18,0,0
BRDA:142,18,1,0
BRDA:142,18,2,0
BRDA:142,18,3,0
BRDA:155,19,0,0
BRDA:156,20,0,0
BRDA:156,21,0,0
BRDA:156,21,1,0
BRDA:157,22,0,0
BRDA:157,23,0,0
BRDA:157,23,1,0
BRDA:162,24,0,0
BRDA:164,25,0,0
BRDA:164,25,1,0
BRDA:166,26,0,0
BRDA:167,27,0,0
BRDA:169,28,0,0
BRDA:178,29,0,0
BRDA:178,29,1,0
BRDA:181,30,0,0
BRDA:181,30,1,0
BRDA:188,31,0,0
BRDA:194,32,0,0
BRDA:214,33,0,0
BRDA:214,33,1,0
BRDA:214,33,2,0
BRDA:217,34,0,0
BRDA:223,35,0,0
BRDA:229,36,0,0
BRDA:234,37,0,0
BRDA:238,38,0,0
BRDA:238,38,1,0
BRDA:247,39,0,0
BRDA:247,39,1,0
BRDA:258,40,0,0
BRDA:262,41,0,0
BRDA:262,41,1,0
BRDA:271,42,0,0
BRDA:271,42,1,0
BRDA:282,43,0,0
BRDA:286,44,0,0
BRDA:286,44,1,0
BRDA:293,45,0,0
BRDA:293,45,1,0
BRDA:300,46,0,0
BRDA:300,46,1,0
BRDA:307,47,0,0
BRDA:307,47,1,0
BRDA:320,48,0,0
BRDA:320,48,1,0
BRDA:323,49,0,0
BRDA:323,49,1,0
BRDA:324,50,0,0
BRDA:324,50,1,0
BRDA:338,51,0,0
BRDA:338,51,1,0
BRDA:353,52,0,0
BRDA:353,52,1,0
BRDA:355,53,0,0
BRDA:355,53,1,0
BRDA:359,54,0,0
BRDA:359,54,1,0
BRDA:361,55,0,0
BRDA:375,56,0,0
BRDA:375,56,1,0
BRDA:387,57,0,0
BRDA:395,58,0,0
BRDA:405,59,0,0
BRDA:416,60,0,0
BRDA:427,61,0,0
BRF:98
BRH:0
end_of_record
TN:
SF:apps\frontend\src\contexts\AuthContext.tsx
FN:64,(anonymous_8)
FN:77,(anonymous_9)
FN:78,(anonymous_10)
FN:121,(anonymous_11)
FN:138,(anonymous_12)
FN:157,(anonymous_13)
FN:176,(anonymous_14)
FN:180,(anonymous_15)
FN:185,(anonymous_16)
FN:200,(anonymous_17)
FN:204,(anonymous_18)
FN:214,(anonymous_19)
FN:290,(anonymous_20)
FN:326,(anonymous_21)
FN:355,(anonymous_22)
FN:358,(anonymous_23)
FN:362,(anonymous_24)
FN:370,(anonymous_25)
FN:394,(anonymous_26)
FN:398,(anonymous_27)
FN:403,(anonymous_28)
FN:409,(anonymous_29)
FN:431,(anonymous_30)
FN:440,(anonymous_31)
FN:448,(anonymous_32)
FN:452,(anonymous_33)
FNF:26
FNH:0
FNDA:0,(anonymous_8)
FNDA:0,(anonymous_9)
FNDA:0,(anonymous_10)
FNDA:0,(anonymous_11)
FNDA:0,(anonymous_12)
FNDA:0,(anonymous_13)
FNDA:0,(anonymous_14)
FNDA:0,(anonymous_15)
FNDA:0,(anonymous_16)
FNDA:0,(anonymous_17)
FNDA:0,(anonymous_18)
FNDA:0,(anonymous_19)
FNDA:0,(anonymous_20)
FNDA:0,(anonymous_21)
FNDA:0,(anonymous_22)
FNDA:0,(anonymous_23)
FNDA:0,(anonymous_24)
FNDA:0,(anonymous_25)
FNDA:0,(anonymous_26)
FNDA:0,(anonymous_27)
FNDA:0,(anonymous_28)
FNDA:0,(anonymous_29)
FNDA:0,(anonymous_30)
FNDA:0,(anonymous_31)
FNDA:0,(anonymous_32)
FNDA:0,(anonymous_33)
DA:3,1
DA:4,1
DA:5,1
DA:6,1
DA:7,1
DA:8,1
DA:9,1
DA:56,1
DA:59,1
DA:60,1
DA:61,1
DA:62,1
DA:64,1
DA:65,0
DA:66,0
DA:67,0
DA:68,0
DA:69,0
DA:71,0
DA:72,0
DA:73,0
DA:74,0
DA:77,0
DA:78,0
DA:79,0
DA:81,0
DA:82,0
DA:83,0
DA:85,0
DA:86,0
DA:88,0
DA:89,0
DA:90,0
DA:92,0
DA:93,0
DA:94,0
DA:96,0
DA:97,0
DA:100,0
DA:101,0
DA:103,0
DA:105,0
DA:106,0
DA:109,0
DA:110,0
DA:111,0
DA:113,0
DA:117,0
DA:121,0
DA:122,0
DA:123,0
DA:124,0
DA:125,0
DA:126,0
DA:127,0
DA:128,0
DA:129,0
DA:130,0
DA:131,0
DA:133,0
DA:134,0
DA:138,0
DA:139,0
DA:140,0
DA:142,0
DA:143,0
DA:146,0
DA:147,0
DA:148,0
DA:151,0
DA:152,0
DA:157,0
DA:158,0
DA:160,0
DA:161,0
DA:162,0
DA:164,0
DA:166,0
DA:167,0
DA:168,0
DA:171,0
DA:172,0
DA:175,0
DA:176,0
DA:177,0
DA:180,0
DA:185,0
DA:186,0
DA:187,0
DA:188,0
DA:190,0
DA:194,0
DA:195,0
DA:196,0
DA:197,0
DA:199,0
DA:200,0
DA:206,0
DA:209,0
DA:212,0
DA:215,0
DA:223,0
DA:225,0
DA:227,0
DA:228,0
DA:229,0
DA:230,0
DA:233,0
DA:236,0
DA:239,0
DA:240,0
DA:242,0
DA:245,0
DA:246,0
DA:249,0
DA:264,0
DA:265,0
DA:266,0
DA:269,0
DA:271,0
DA:272,0
DA:273,0
DA:274,0
DA:275,0
DA:276,0
DA:277,0
DA:281,0
DA:282,0
DA:283,0
DA:285,0
DA:290,0
DA:291,0
DA:292,0
DA:294,0
DA:295,0
DA:297,0
DA:298,0
DA:299,0
DA:302,0
DA:305,0
DA:307,0
DA:308,0
DA:311,0
DA:312,0
DA:313,0
DA:314,0
DA:317,0
DA:318,0
DA:319,0
DA:321,0
DA:326,0
DA:327,0
DA:329,0
DA:330,0
DA:332,0
DA:333,0
DA:334,0
DA:335,0
DA:337,0
DA:338,0
DA:341,0
DA:342,0
DA:343,0
DA:344,0
DA:346,0
DA:347,0
DA:348,0
DA:350,0
DA:355,0
DA:356,0
DA:357,0
DA:358,0
DA:364,0
DA:365,0
DA:368,0
DA:371,0
DA:376,0
DA:377,0
DA:378,0
DA:379,0
DA:380,0
DA:383,0
DA:385,0
DA:386,0
DA:387,0
DA:388,0
DA:389,0
DA:394,0
DA:395,0
DA:397,0
DA:398,0
DA:403,0
DA:404,0
DA:406,0
DA:409,0
DA:410,0
DA:413,0
DA:431,1
DA:432,0
DA:433,0
DA:434,0
DA:436,0
DA:440,1
DA:448,0
DA:449,0
DA:450,0
DA:452,0
DA:453,0
DA:454,0
DA:455,0
DA:456,0
DA:459,0
DA:460,0
DA:461,0
DA:464,0
DA:468,0
DA:469,0
DA:474,0
DA:482,0
DA:483,0
LF:220
LH:15
BRDA:81,0,0,0
BRDA:81,0,1,0
BRDA:83,1,0,0
BRDA:83,1,1,0
BRDA:85,2,0,0
BRDA:85,2,1,0
BRDA:86,3,0,0
BRDA:86,3,1,0
BRDA:88,4,0,0
BRDA:88,4,1,0
BRDA:88,5,0,0
BRDA:88,5,1,0
BRDA:92,6,0,0
BRDA:92,6,1,0
BRDA:96,7,0,0
BRDA:96,7,1,0
BRDA:103,8,0,0
BRDA:103,9,0,0
BRDA:103,9,1,0
BRDA:139,10,0,0
BRDA:139,10,1,0
BRDA:146,11,0,0
BRDA:151,12,0,0
BRDA:158,13,0,0
BRDA:161,14,0,0
BRDA:161,14,1,0
BRDA:164,15,0,0
BRDA:171,16,0,0
BRDA:171,16,1,0
BRDA:185,17,0,0
BRDA:195,18,0,0
BRDA:195,18,1,0
BRDA:206,19,0,0
BRDA:206,20,0,0
BRDA:206,20,1,0
BRDA:206,20,2,0
BRDA:212,21,0,0
BRDA:212,21,1,0
BRDA:212,21,2,0
BRDA:227,22,0,0
BRDA:227,23,0,0
BRDA:227,23,1,0
BRDA:230,24,0,0
BRDA:230,24,1,0
BRDA:264,25,0,0
BRDA:264,25,1,0
BRDA:272,26,0,0
BRDA:272,27,0,0
BRDA:272,27,1,0
BRDA:273,28,0,0
BRDA:273,28,1,0
BRDA:275,29,0,0
BRDA:275,29,1,0
BRDA:276,30,0,0
BRDA:297,31,0,0
BRDA:297,32,0,0
BRDA:297,32,1,0
BRDA:299,33,0,0
BRDA:299,33,1,0
BRDA:312,34,0,0
BRDA:312,35,0,0
BRDA:312,35,1,0
BRDA:312,35,2,0
BRDA:314,36,0,0
BRDA:314,36,1,0
BRDA:364,37,0,0
BRDA:364,38,0,0
BRDA:364,38,1,0
BRDA:368,39,0,0
BRDA:368,39,1,0
BRDA:368,39,2,0
BRDA:376,40,0,0
BRDA:376,41,0,0
BRDA:376,41,1,0
BRDA:379,42,0,0
BRDA:379,42,1,0
BRDA:395,43,0,0
BRDA:398,44,0,0
BRDA:398,44,1,0
BRDA:404,45,0,0
BRDA:433,46,0,0
BRDA:453,47,0,0
BRDA:454,48,0,0
BRDA:455,49,0,0
BRDA:455,49,1,0
BRDA:459,50,0,0
BRDA:459,51,0,0
BRDA:459,51,1,0
BRDA:464,52,0,0
BRDA:465,53,0,0
BRDA:465,53,1,0
BRDA:474,54,0,0
BRDA:482,55,0,0
BRF:93
BRH:0
end_of_record
TN:
SF:apps\frontend\src\contexts\ChatSocketContext.tsx
FN:74,(anonymous_7)
FN:83,(anonymous_8)
FN:84,(anonymous_9)
FN:99,(anonymous_10)
FN:125,(anonymous_11)
FN:133,(anonymous_12)
FN:141,(anonymous_13)
FN:147,(anonymous_14)
FN:159,(anonymous_15)
FN:162,(anonymous_16)
FN:164,(anonymous_17)
FN:173,(anonymous_18)
FN:174,(anonymous_19)
FN:194,(anonymous_20)
FN:196,(anonymous_21)
FN:197,(anonymous_22)
FN:205,(anonymous_23)
FN:208,(anonymous_24)
FN:210,(anonymous_25)
FN:211,(anonymous_26)
FN:222,(anonymous_27)
FN:225,(anonymous_28)
FN:227,(anonymous_29)
FN:228,(anonymous_30)
FN:231,(anonymous_31)
FN:242,(anonymous_32)
FN:245,(anonymous_33)
FN:247,(anonymous_34)
FN:248,(anonymous_35)
FN:251,(anonymous_36)
FN:260,(anonymous_37)
FN:271,(anonymous_38)
FN:276,(anonymous_39)
FN:281,(anonymous_40)
FN:283,(anonymous_41)
FN:284,(anonymous_42)
FN:292,(anonymous_43)
FN:297,(anonymous_44)
FN:302,(anonymous_45)
FN:305,(anonymous_46)
FN:307,(anonymous_47)
FN:308,(anonymous_48)
FN:310,(anonymous_49)
FN:331,(anonymous_50)
FN:344,(anonymous_51)
FN:352,(anonymous_52)
FN:359,(anonymous_53)
FN:366,(anonymous_54)
FN:372,(anonymous_55)
FN:378,(anonymous_56)
FN:384,(anonymous_57)
FN:393,(anonymous_58)
FN:399,(anonymous_59)
FN:410,(anonymous_60)
FN:416,(anonymous_61)
FN:423,(anonymous_62)
FN:432,(anonymous_63)
FN:433,(anonymous_64)
FN:444,(anonymous_65)
FN:448,(anonymous_66)
FN:454,(anonymous_67)
FN:491,(anonymous_68)
FNF:62
FNH:0
FNDA:0,(anonymous_7)
FNDA:0,(anonymous_8)
FNDA:0,(anonymous_9)
FNDA:0,(anonymous_10)
FNDA:0,(anonymous_11)
FNDA:0,(anonymous_12)
FNDA:0,(anonymous_13)
FNDA:0,(anonymous_14)
FNDA:0,(anonymous_15)
FNDA:0,(anonymous_16)
FNDA:0,(anonymous_17)
FNDA:0,(anonymous_18)
FNDA:0,(anonymous_19)
FNDA:0,(anonymous_20)
FNDA:0,(anonymous_21)
FNDA:0,(anonymous_22)
FNDA:0,(anonymous_23)
FNDA:0,(anonymous_24)
FNDA:0,(anonymous_25)
FNDA:0,(anonymous_26)
FNDA:0,(anonymous_27)
FNDA:0,(anonymous_28)
FNDA:0,(anonymous_29)
FNDA:0,(anonymous_30)
FNDA:0,(anonymous_31)
FNDA:0,(anonymous_32)
FNDA:0,(anonymous_33)
FNDA:0,(anonymous_34)
FNDA:0,(anonymous_35)
FNDA:0,(anonymous_36)
FNDA:0,(anonymous_37)
FNDA:0,(anonymous_38)
FNDA:0,(anonymous_39)
FNDA:0,(anonymous_40)
FNDA:0,(anonymous_41)
FNDA:0,(anonymous_42)
FNDA:0,(anonymous_43)
FNDA:0,(anonymous_44)
FNDA:0,(anonymous_45)
FNDA:0,(anonymous_46)
FNDA:0,(anonymous_47)
FNDA:0,(anonymous_48)
FNDA:0,(anonymous_49)
FNDA:0,(anonymous_50)
FNDA:0,(anonymous_51)
FNDA:0,(anonymous_52)
FNDA:0,(anonymous_53)
FNDA:0,(anonymous_54)
FNDA:0,(anonymous_55)
FNDA:0,(anonymous_56)
FNDA:0,(anonymous_57)
FNDA:0,(anonymous_58)
FNDA:0,(anonymous_59)
FNDA:0,(anonymous_60)
FNDA:0,(anonymous_61)
FNDA:0,(anonymous_62)
FNDA:0,(anonymous_63)
FNDA:0,(anonymous_64)
FNDA:0,(anonymous_65)
FNDA:0,(anonymous_66)
FNDA:0,(anonymous_67)
FNDA:0,(anonymous_68)
DA:1,0
DA:2,0
DA:3,0
DA:15,0
DA:16,0
DA:67,0
DA:74,0
DA:78,0
DA:79,0
DA:80,0
DA:83,0
DA:84,0
DA:86,0
DA:89,0
DA:90,0
DA:91,0
DA:93,0
DA:94,0
DA:95,0
DA:96,0
DA:99,0
DA:101,0
DA:102,0
DA:103,0
DA:104,0
DA:107,0
DA:108,0
DA:110,0
DA:111,0
DA:113,0
DA:125,0
DA:126,0
DA:127,0
DA:128,0
DA:129,0
DA:130,0
DA:133,0
DA:134,0
DA:138,0
DA:141,0
DA:142,0
DA:143,0
DA:144,0
DA:147,0
DA:148,0
DA:149,0
DA:150,0
DA:152,0
DA:153,0
DA:154,0
DA:159,0
DA:161,0
DA:164,0
DA:165,0
DA:166,0
DA:172,0
DA:174,0
DA:175,0
DA:176,0
DA:177,0
DA:183,0
DA:184,0
DA:188,0
DA:194,0
DA:195,0
DA:197,0
DA:198,0
DA:199,0
DA:205,0
DA:207,0
DA:208,0
DA:209,0
DA:211,0
DA:212,0
DA:213,0
DA:214,0
DA:222,0
DA:224,0
DA:225,0
DA:226,0
DA:228,0
DA:229,0
DA:230,0
DA:231,0
DA:233,0
DA:234,0
DA:242,0
DA:244,0
DA:245,0
DA:246,0
DA:248,0
DA:249,0
DA:250,0
DA:251,0
DA:260,0
DA:261,0
DA:262,0
DA:271,0
DA:272,0
DA:276,0
DA:277,0
DA:281,0
DA:282,0
DA:284,0
DA:285,0
DA:286,0
DA:292,0
DA:294,0
DA:297,0
DA:299,0
DA:302,0
DA:304,0
DA:305,0
DA:306,0
DA:308,0
DA:309,0
DA:310,0
DA:311,0
DA:312,0
DA:314,0
DA:327,0
DA:331,0
DA:332,0
DA:333,0
DA:334,0
DA:336,0
DA:337,0
DA:338,0
DA:339,0
DA:340,0
DA:344,0
DA:345,0
DA:346,0
DA:352,0
DA:353,0
DA:354,0
DA:355,0
DA:359,0
DA:360,0
DA:361,0
DA:362,0
DA:366,0
DA:367,0
DA:368,0
DA:372,0
DA:373,0
DA:374,0
DA:378,0
DA:379,0
DA:380,0
DA:384,0
DA:385,0
DA:386,0
DA:389,0
DA:390,0
DA:393,0
DA:394,0
DA:399,0
DA:400,0
DA:401,0
DA:403,0
DA:404,0
DA:405,0
DA:410,0
DA:411,0
DA:412,0
DA:416,0
DA:417,0
DA:418,0
DA:419,0
DA:423,0
DA:424,0
DA:425,0
DA:427,0
DA:432,0
DA:433,0
DA:434,0
DA:435,0
DA:436,0
DA:438,0
DA:443,0
DA:444,0
DA:448,0
DA:449,0
DA:450,0
DA:454,0
DA:491,0
DA:492,0
DA:493,0
DA:494,0
DA:496,0
DA:499,0
LF:192
LH:0
BRDA:76,0,0,0
BRDA:76,1,0,0
BRDA:76,1,1,0
BRDA:86,2,0,0
BRDA:86,2,1,0
BRDA:102,3,0,0
BRDA:108,4,0,0
BRDA:108,5,0,0
BRDA:108,5,1,0
BRDA:153,6,0,0
BRDA:165,7,0,0
BRDA:175,8,0,0
BRDA:183,9,0,0
BRDA:183,10,0,0
BRDA:183,10,1,0
BRDA:188,11,0,0
BRDA:198,12,0,0
BRDA:212,13,0,0
BRDA:229,14,0,0
BRDA:231,15,0,0
BRDA:231,15,1,0
BRDA:233,16,0,0
BRDA:249,17,0,0
BRDA:251,18,0,0
BRDA:251,18,1,0
BRDA:261,19,0,0
BRDA:285,20,0,0
BRDA:309,21,0,0
BRDA:311,22,0,0
BRDA:311,22,1,0
BRDA:333,23,0,0
BRDA:333,23,1,0
BRDA:336,24,0,0
BRDA:345,25,0,0
BRDA:353,26,0,0
BRDA:360,27,0,0
BRDA:367,28,0,0
BRDA:373,29,0,0
BRDA:379,30,0,0
BRDA:385,31,0,0
BRDA:389,32,0,0
BRDA:400,33,0,0
BRDA:403,34,0,0
BRDA:411,35,0,0
BRDA:417,36,0,0
BRDA:424,37,0,0
BRDA:424,37,1,0
BRDA:424,38,0,0
BRDA:424,38,1,0
BRDA:434,39,0,0
BRDA:435,40,0,0
BRDA:435,40,1,0
BRDA:449,41,0,0
BRDA:449,42,0,0
BRDA:449,42,1,0
BRDA:493,43,0,0
BRF:56
BRH:0
end_of_record
TN:
SF:apps\frontend\src\contexts\ChatSocketWrapper.tsx
FN:11,(anonymous_4)
FN:19,(anonymous_5)
FNF:2
FNH:0
FNDA:0,(anonymous_4)
FNDA:0,(anonymous_5)
DA:1,0
DA:4,0
DA:7,0
DA:8,0
DA:11,0
DA:12,0
DA:19,0
DA:20,0
DA:21,0
DA:23,0
LF:10
LH:0
BRDA:12,0,0,0
BRDA:20,1,0,0
BRF:2
BRH:0
end_of_record
TN:
SF:apps\frontend\src\contexts\EnhancedSocketContext.tsx
FN:18,EnhancedSocketProvider
FN:24,(anonymous_7)
FN:30,(anonymous_8)
FN:51,useEnhancedSocket
FNF:4
FNH:0
FNDA:0,EnhancedSocketProvider
FNDA:0,(anonymous_7)
FNDA:0,(anonymous_8)
FNDA:0,useEnhancedSocket
DA:3,0
DA:4,0
DA:5,0
DA:6,0
DA:7,0
DA:16,0
DA:18,0
DA:19,0
DA:20,0
DA:21,0
DA:22,0
DA:24,0
DA:25,0
DA:26,0
DA:27,0
DA:30,0
DA:31,0
DA:32,0
DA:33,0
DA:38,0
DA:51,0
DA:52,0
DA:53,0
DA:54,0
DA:56,0
LF:25
LH:0
BRDA:25,0,0,0
BRDA:25,1,0,0
BRDA:25,1,1,0
BRDA:25,1,2,0
BRDA:31,2,0,0
BRDA:53,3,0,0
BRF:6
BRH:0
end_of_record
TN:
SF:apps\frontend\src\contexts\MockChatSocketContext.tsx
FN:24,(anonymous_9)
FN:25,(anonymous_10)
FN:26,(anonymous_11)
FN:27,(anonymous_12)
FN:28,(anonymous_13)
FN:29,(anonymous_14)
FN:30,(anonymous_15)
FN:31,(anonymous_16)
FN:32,(anonymous_17)
FN:33,(anonymous_18)
FN:36,(anonymous_19)
FN:41,(anonymous_20)
FN:45,(anonymous_21)
FN:49,(anonymous_22)
FN:53,(anonymous_23)
FN:57,(anonymous_24)
FN:61,(anonymous_25)
FN:65,(anonymous_26)
FN:69,(anonymous_27)
FN:73,(anonymous_28)
FN:77,(anonymous_29)
FN:104,(anonymous_30)
FNF:22
FNH:0
FNDA:0,(anonymous_9)
FNDA:0,(anonymous_10)
FNDA:0,(anonymous_11)
FNDA:0,(anonymous_12)
FNDA:0,(anonymous_13)
FNDA:0,(anonymous_14)
FNDA:0,(anonymous_15)
FNDA:0,(anonymous_16)
FNDA:0,(anonymous_17)
FNDA:0,(anonymous_18)
FNDA:0,(anonymous_19)
FNDA:0,(anonymous_20)
FNDA:0,(anonymous_21)
FNDA:0,(anonymous_22)
FNDA:0,(anonymous_23)
FNDA:0,(anonymous_24)
FNDA:0,(anonymous_25)
FNDA:0,(anonymous_26)
FNDA:0,(anonymous_27)
FNDA:0,(anonymous_28)
FNDA:0,(anonymous_29)
FNDA:0,(anonymous_30)
DA:1,0
DA:20,0
DA:36,0
DA:37,0
DA:38,0
DA:41,0
DA:42,0
DA:45,0
DA:46,0
DA:49,0
DA:50,0
DA:53,0
DA:54,0
DA:57,0
DA:58,0
DA:61,0
DA:62,0
DA:65,0
DA:66,0
DA:69,0
DA:70,0
DA:73,0
DA:74,0
DA:77,0
DA:78,0
DA:81,0
DA:104,0
DA:105,0
DA:106,0
DA:107,0
DA:109,0
DA:113,0
DA:114,0
DA:116,0
LF:34
LH:0
BRDA:106,0,0,0
BRF:1
BRH:0
end_of_record
TN:
SF:apps\frontend\src\contexts\NotificationContext.tsx
FN:18,(anonymous_6)
FN:33,(anonymous_7)
FN:63,(anonymous_8)
FN:70,(anonymous_9)
FN:85,(anonymous_10)
FN:97,(anonymous_11)
FN:111,(anonymous_12)
FN:137,(anonymous_13)
FN:151,(anonymous_14)
FN:173,(anonymous_15)
FN:181,(anonymous_16)
FN:186,(anonymous_17)
FN:191,(anonymous_18)
FN:197,(anonymous_19)
FN:207,(anonymous_20)
FN:215,(anonymous_21)
FN:216,(anonymous_22)
FN:224,(anonymous_23)
FNF:18
FNH:0
FNDA:0,(anonymous_6)
FNDA:0,(anonymous_7)
FNDA:0,(anonymous_8)
FNDA:0,(anonymous_9)
FNDA:0,(anonymous_10)
FNDA:0,(anonymous_11)
FNDA:0,(anonymous_12)
FNDA:0,(anonymous_13)
FNDA:0,(anonymous_14)
FNDA:0,(anonymous_15)
FNDA:0,(anonymous_16)
FNDA:0,(anonymous_17)
FNDA:0,(anonymous_18)
FNDA:0,(anonymous_19)
FNDA:0,(anonymous_20)
FNDA:0,(anonymous_21)
FNDA:0,(anonymous_22)
FNDA:0,(anonymous_23)
DA:1,0
DA:2,0
DA:3,0
DA:4,0
DA:5,0
DA:16,0
DA:18,0
DA:19,0
DA:20,0
DA:21,0
DA:23,0
DA:30,0
DA:33,0
DA:34,0
DA:36,0
DA:38,0
DA:40,0
DA:43,0
DA:47,0
DA:50,0
DA:53,0
DA:55,0
DA:57,0
DA:59,0
DA:63,0
DA:64,0
DA:65,0
DA:66,0
DA:67,0
DA:70,0
DA:71,0
DA:72,0
DA:73,0
DA:76,0
DA:77,0
DA:78,0
DA:81,0
DA:85,0
DA:86,0
DA:87,0
DA:88,0
DA:97,0
DA:98,0
DA:99,0
DA:102,0
DA:104,0
DA:111,0
DA:112,0
DA:115,0
DA:117,0
DA:121,0
DA:123,0
DA:127,0
DA:129,0
DA:137,0
DA:139,0
DA:142,0
DA:143,0
DA:147,0
DA:151,0
DA:153,0
DA:154,0
DA:155,0
DA:156,0
DA:159,0
DA:160,0
DA:162,0
DA:163,0
DA:164,0
DA:167,0
DA:173,0
DA:174,0
DA:175,0
DA:178,0
DA:181,0
DA:182,0
DA:183,0
DA:186,0
DA:187,0
DA:191,0
DA:192,0
DA:193,0
DA:197,0
DA:198,0
DA:199,0
DA:202,0
DA:205,0
DA:207,0
DA:208,0
DA:209,0
DA:215,0
DA:216,0
DA:217,0
DA:219,0
DA:223,0
DA:224,0
DA:225,0
DA:229,0
LF:98
LH:0
BRDA:20,0,0,0
BRDA:30,1,0,0
BRDA:30,1,1,0
BRDA:34,2,0,0
BRDA:34,2,1,0
BRDA:34,2,2,0
BRDA:34,2,3,0
BRDA:34,2,4,0
BRDA:34,2,5,0
BRDA:34,2,6,0
BRDA:34,2,7,0
BRDA:34,2,8,0
BRDA:34,2,9,0
BRDA:34,2,10,0
BRDA:34,2,11,0
BRDA:34,2,12,0
BRDA:34,2,13,0
BRDA:34,2,14,0
BRDA:71,3,0,0
BRDA:76,4,0,0
BRDA:86,5,0,0
BRDA:102,6,0,0
BRDA:102,7,0,0
BRDA:102,7,1,0
BRDA:115,8,0,0
BRDA:115,8,1,0
BRDA:115,8,2,0
BRDA:142,9,0,0
BRDA:154,10,0,0
BRDA:162,11,0,0
BRDA:162,12,0,0
BRDA:162,12,1,0
BRDA:208,13,0,0
BRDA:217,14,0,0
BRDA:217,15,0,0
BRDA:217,15,1,0
BRDA:232,16,0,0
BRDA:232,16,1,0
BRF:38
BRH:0
end_of_record
TN:
SF:apps\frontend\src\contexts\SocketContext.tsx
FN:28,(anonymous_10)
FN:35,(anonymous_11)
FN:41,(anonymous_12)
FN:59,(anonymous_13)
FN:62,(anonymous_14)
FN:70,(anonymous_15)
FN:80,(anonymous_16)
FN:86,(anonymous_17)
FN:92,(anonymous_18)
FN:96,(anonymous_19)
FN:100,(anonymous_20)
FN:104,(anonymous_21)
FN:108,(anonymous_22)
FN:112,(anonymous_23)
FN:116,(anonymous_24)
FN:120,(anonymous_25)
FN:124,(anonymous_26)
FN:150,(anonymous_27)
FN:163,(anonymous_28)
FN:167,(anonymous_29)
FN:169,(anonymous_30)
FN:171,(anonymous_31)
FN:172,(anonymous_32)
FN:180,(anonymous_33)
FN:182,(anonymous_34)
FN:182,(anonymous_35)
FN:189,(anonymous_36)
FN:194,(anonymous_37)
FN:198,(anonymous_38)
FN:212,(anonymous_39)
FN:217,(anonymous_40)
FN:219,(anonymous_41)
FN:220,(anonymous_42)
FN:221,(anonymous_43)
FN:223,(anonymous_44)
FN:224,(anonymous_45)
FN:229,(anonymous_46)
FN:231,(anonymous_47)
FN:232,(anonymous_48)
FN:235,(anonymous_49)
FN:241,(anonymous_50)
FN:248,(anonymous_51)
FN:257,(anonymous_52)
FN:258,(anonymous_53)
FN:265,(anonymous_54)
FN:270,(anonymous_55)
FN:272,(anonymous_56)
FN:273,(anonymous_57)
FN:274,(anonymous_58)
FN:276,(anonymous_59)
FN:277,(anonymous_60)
FN:278,(anonymous_61)
FN:284,(anonymous_62)
FN:290,(anonymous_63)
FN:295,(anonymous_64)
FN:299,(anonymous_65)
FNF:56
FNH:0
FNDA:0,(anonymous_10)
FNDA:0,(anonymous_11)
FNDA:0,(anonymous_12)
FNDA:0,(anonymous_13)
FNDA:0,(anonymous_14)
FNDA:0,(anonymous_15)
FNDA:0,(anonymous_16)
FNDA:0,(anonymous_17)
FNDA:0,(anonymous_18)
FNDA:0,(anonymous_19)
FNDA:0,(anonymous_20)
FNDA:0,(anonymous_21)
FNDA:0,(anonymous_22)
FNDA:0,(anonymous_23)
FNDA:0,(anonymous_24)
FNDA:0,(anonymous_25)
FNDA:0,(anonymous_26)
FNDA:0,(anonymous_27)
FNDA:0,(anonymous_28)
FNDA:0,(anonymous_29)
FNDA:0,(anonymous_30)
FNDA:0,(anonymous_31)
FNDA:0,(anonymous_32)
FNDA:0,(anonymous_33)
FNDA:0,(anonymous_34)
FNDA:0,(anonymous_35)
FNDA:0,(anonymous_36)
FNDA:0,(anonymous_37)
FNDA:0,(anonymous_38)
FNDA:0,(anonymous_39)
FNDA:0,(anonymous_40)
FNDA:0,(anonymous_41)
FNDA:0,(anonymous_42)
FNDA:0,(anonymous_43)
FNDA:0,(anonymous_44)
FNDA:0,(anonymous_45)
FNDA:0,(anonymous_46)
FNDA:0,(anonymous_47)
FNDA:0,(anonymous_48)
FNDA:0,(anonymous_49)
FNDA:0,(anonymous_50)
FNDA:0,(anonymous_51)
FNDA:0,(anonymous_52)
FNDA:0,(anonymous_53)
FNDA:0,(anonymous_54)
FNDA:0,(anonymous_55)
FNDA:0,(anonymous_56)
FNDA:0,(anonymous_57)
FNDA:0,(anonymous_58)
FNDA:0,(anonymous_59)
FNDA:0,(anonymous_60)
FNDA:0,(anonymous_61)
FNDA:0,(anonymous_62)
FNDA:0,(anonymous_63)
FNDA:0,(anonymous_64)
FNDA:0,(anonymous_65)
DA:3,0
DA:4,0
DA:5,0
DA:22,0
DA:28,0
DA:29,0
DA:30,0
DA:35,0
DA:36,0
DA:37,0
DA:41,0
DA:43,0
DA:44,0
DA:45,0
DA:46,0
DA:49,0
DA:50,0
DA:51,0
DA:52,0
DA:53,0
DA:54,0
DA:59,0
DA:60,0
DA:62,0
DA:63,0
DA:64,0
DA:66,0
DA:70,0
DA:71,0
DA:74,0
DA:75,0
DA:78,0
DA:80,0
DA:81,0
DA:82,0
DA:86,0
DA:87,0
DA:88,0
DA:92,0
DA:93,0
DA:96,0
DA:97,0
DA:100,0
DA:101,0
DA:104,0
DA:105,0
DA:108,0
DA:109,0
DA:112,0
DA:113,0
DA:116,0
DA:117,0
DA:120,0
DA:121,0
DA:124,0
DA:125,0
DA:128,0
DA:150,0
DA:151,0
DA:152,0
DA:153,0
DA:155,0
DA:163,0
DA:164,0
DA:165,0
DA:167,0
DA:168,0
DA:170,0
DA:171,0
DA:172,0
DA:173,0
DA:174,0
DA:176,0
DA:181,0
DA:182,0
DA:187,0
DA:189,0
DA:190,0
DA:194,0
DA:195,0
DA:198,0
DA:199,0
DA:202,0
DA:212,0
DA:213,0
DA:214,0
DA:215,0
DA:217,0
DA:218,0
DA:220,0
DA:221,0
DA:224,0
DA:225,0
DA:226,0
DA:227,0
DA:229,0
DA:232,0
DA:234,0
DA:235,0
DA:236,0
DA:237,0
DA:238,0
DA:241,0
DA:246,0
DA:248,0
DA:249,0
DA:253,0
DA:257,0
DA:258,0
DA:265,0
DA:266,0
DA:267,0
DA:268,0
DA:270,0
DA:271,0
DA:273,0
DA:274,0
DA:277,0
DA:278,0
DA:279,0
DA:284,0
DA:288,0
DA:290,0
DA:291,0
DA:295,0
DA:296,0
DA:299,0
DA:300,0
DA:301,0
DA:304,0
DA:312,0
LF:131
LH:0
BRDA:44,0,0,0
BRDA:49,1,0,0
BRDA:49,1,1,0
BRDA:49,2,0,0
BRDA:49,2,1,0
BRDA:49,2,2,0
BRDA:52,3,0,0
BRDA:52,4,0,0
BRDA:52,4,1,0
BRDA:60,5,0,0
BRDA:63,6,0,0
BRDA:63,6,1,0
BRDA:87,7,0,0
BRDA:152,8,0,0
BRDA:170,9,0,0
BRDA:173,10,0,0
BRDA:181,11,0,0
BRDA:234,12,0,0
BRDA:234,12,1,0
BRDA:258,13,0,0
BRDA:258,13,1,0
BRDA:279,14,0,0
BRDA:279,14,1,0
BRF:23
BRH:0
end_of_record
TN:
SF:apps\frontend\src\contexts\TrainingSocketContext.tsx
FN:23,(anonymous_6)
FN:24,(anonymous_7)
FN:25,(anonymous_8)
FN:26,(anonymous_9)
FN:27,(anonymous_10)
FN:28,(anonymous_11)
FN:29,(anonymous_12)
FN:32,(anonymous_13)
FN:38,(anonymous_14)
FN:45,(anonymous_15)
FN:59,(anonymous_16)
FN:64,(anonymous_17)
FN:70,(anonymous_18)
FN:75,(anonymous_19)
FN:84,(anonymous_20)
FN:93,(anonymous_21)
FN:98,(anonymous_22)
FN:104,(anonymous_23)
FN:109,(anonymous_24)
FN:119,(anonymous_25)
FN:126,(anonymous_26)
FN:131,(anonymous_27)
FN:137,(anonymous_28)
FN:143,(anonymous_29)
FN:149,(anonymous_30)
FN:155,(anonymous_31)
FN:161,(anonymous_32)
FN:167,(anonymous_33)
FNF:28
FNH:0
FNDA:0,(anonymous_6)
FNDA:0,(anonymous_7)
FNDA:0,(anonymous_8)
FNDA:0,(anonymous_9)
FNDA:0,(anonymous_10)
FNDA:0,(anonymous_11)
FNDA:0,(anonymous_12)
FNDA:0,(anonymous_13)
FNDA:0,(anonymous_14)
FNDA:0,(anonymous_15)
FNDA:0,(anonymous_16)
FNDA:0,(anonymous_17)
FNDA:0,(anonymous_18)
FNDA:0,(anonymous_19)
FNDA:0,(anonymous_20)
FNDA:0,(anonymous_21)
FNDA:0,(anonymous_22)
FNDA:0,(anonymous_23)
FNDA:0,(anonymous_24)
FNDA:0,(anonymous_25)
FNDA:0,(anonymous_26)
FNDA:0,(anonymous_27)
FNDA:0,(anonymous_28)
FNDA:0,(anonymous_29)
FNDA:0,(anonymous_30)
FNDA:0,(anonymous_31)
FNDA:0,(anonymous_32)
FNDA:0,(anonymous_33)
DA:3,0
DA:4,0
DA:5,0
DA:6,0
DA:20,0
DA:32,0
DA:38,0
DA:39,0
DA:40,0
DA:41,0
DA:43,0
DA:45,0
DA:47,0
DA:48,0
DA:49,0
DA:50,0
DA:54,0
DA:59,0
DA:60,0
DA:61,0
DA:64,0
DA:65,0
DA:66,0
DA:70,0
DA:71,0
DA:75,0
DA:76,0
DA:77,0
DA:84,0
DA:85,0
DA:86,0
DA:93,0
DA:94,0
DA:95,0
DA:98,0
DA:99,0
DA:100,0
DA:104,0
DA:105,0
DA:106,0
DA:109,0
DA:110,0
DA:111,0
DA:119,0
DA:120,0
DA:121,0
DA:124,0
DA:126,0
DA:127,0
DA:131,0
DA:132,0
DA:133,0
DA:137,0
DA:138,0
DA:139,0
DA:143,0
DA:144,0
DA:145,0
DA:149,0
DA:150,0
DA:151,0
DA:155,0
DA:156,0
DA:157,0
DA:161,0
DA:162,0
DA:163,0
DA:167,0
DA:168,0
DA:169,0
DA:173,0
LF:71
LH:0
BRDA:43,0,0,0
BRDA:43,0,1,0
BRDA:48,1,0,0
BRDA:132,2,0,0
BRDA:138,3,0,0
BRDA:144,4,0,0
BRDA:150,5,0,0
BRDA:156,6,0,0
BRDA:162,7,0,0
BRDA:168,8,0,0
BRF:10
BRH:0
end_of_record
TN:
SF:apps\frontend\src\features\admin\AdminDashboard.tsx
FN:222,AdminDashboard
FN:230,(anonymous_5)
FN:350,(anonymous_7)
FN:436,(anonymous_9)
FN:549,(anonymous_10)
FN:636,(anonymous_12)
FN:645,(anonymous_13)
FN:704,(anonymous_14)
FN:793,(anonymous_16)
FN:844,(anonymous_17)
FN:926,(anonymous_19)
FN:999,(anonymous_20)
FN:1129,(anonymous_22)
FNF:13
FNH:0
FNDA:0,AdminDashboard
FNDA:0,(anonymous_5)
FNDA:0,(anonymous_7)
FNDA:0,(anonymous_9)
FNDA:0,(anonymous_10)
FNDA:0,(anonymous_12)
FNDA:0,(anonymous_13)
FNDA:0,(anonymous_14)
FNDA:0,(anonymous_16)
FNDA:0,(anonymous_17)
FNDA:0,(anonymous_19)
FNDA:0,(anonymous_20)
FNDA:0,(anonymous_22)
DA:3,0
DA:4,0
DA:5,0
DA:13,0
DA:14,0
DA:15,0
DA:16,0
DA:17,0
DA:19,0
DA:29,0
DA:48,0
DA:51,0
DA:150,0
DA:160,0
DA:183,0
DA:190,0
DA:205,0
DA:222,0
DA:223,0
DA:224,0
DA:225,0
DA:226,0
DA:229,0
DA:231,0
DA:232,0
DA:351,0
DA:437,0
DA:550,0
DA:637,0
DA:646,0
DA:705,0
DA:794,0
DA:845,0
DA:927,0
DA:1000,0
DA:1130,0
LF:36
LH:0
BRDA:231,0,0,0
BRDA:231,0,1,0
BRDA:231,1,0,0
BRDA:231,1,1,0
BRDA:248,2,0,0
BRDA:248,2,1,0
BRDA:249,3,0,0
BRDA:249,3,1,0
BRDA:249,3,2,0
BRDA:250,4,0,0
BRDA:250,4,1,0
BRDA:355,5,0,0
BRDA:355,5,1,0
BRDA:356,6,0,0
BRDA:356,6,1,0
BRDA:357,7,0,0
BRDA:357,7,1,0
BRDA:439,8,0,0
BRDA:439,8,1,0
BRDA:448,9,0,0
BRDA:448,9,1,0
BRDA:449,10,0,0
BRDA:449,10,1,0
BRDA:450,11,0,0
BRDA:450,11,1,0
BRDA:484,12,0,0
BRDA:484,12,1,0
BRDA:485,13,0,0
BRDA:485,13,1,0
BRDA:485,13,2,0
BRDA:495,14,0,0
BRDA:495,14,1,0
BRDA:496,15,0,0
BRDA:496,15,1,0
BRDA:496,15,2,0
BRDA:554,16,0,0
BRDA:554,16,1,0
BRDA:717,17,0,0
BRDA:717,17,1,0
BRDA:718,18,0,0
BRDA:718,18,1,0
BRDA:719,19,0,0
BRDA:719,19,1,0
BRDA:798,20,0,0
BRDA:798,20,1,0
BRDA:799,21,0,0
BRDA:799,21,1,0
BRDA:800,22,0,0
BRDA:800,22,1,0
BRDA:801,23,0,0
BRDA:801,23,1,0
BRDA:803,24,0,0
BRDA:804,25,0,0
BRDA:805,26,0,0
BRDA:806,27,0,0
BRDA:817,28,0,0
BRDA:1003,29,0,0
BRDA:1003,29,1,0
BRDA:1004,30,0,0
BRDA:1004,30,1,0
BRDA:1005,31,0,0
BRDA:1005,31,1,0
BRDA:1007,32,0,0
BRDA:1008,33,0,0
BRDA:1009,34,0,0
BRDA:1136,35,0,0
BRDA:1136,35,1,0
BRDA:1140,36,0,0
BRDA:1140,36,1,0
BRF:69
BRH:0
end_of_record
TN:
SF:apps\frontend\src\features\admin\components\SystemAnnouncementBanner.tsx
FN:40,(anonymous_4)
FN:50,(anonymous_5)
FN:59,(anonymous_6)
FN:64,(anonymous_7)
FN:73,(anonymous_8)
FN:78,(anonymous_9)
FN:90,(anonymous_10)
FN:93,(anonymous_11)
FN:102,(anonymous_12)
FN:103,(anonymous_13)
FN:112,(anonymous_14)
FN:153,(anonymous_15)
FN:153,(anonymous_16)
FN:167,(anonymous_17)
FN:182,(anonymous_18)
FN:193,(anonymous_19)
FNF:16
FNH:0
FNDA:0,(anonymous_4)
FNDA:0,(anonymous_5)
FNDA:0,(anonymous_6)
FNDA:0,(anonymous_7)
FNDA:0,(anonymous_8)
FNDA:0,(anonymous_9)
FNDA:0,(anonymous_10)
FNDA:0,(anonymous_11)
FNDA:0,(anonymous_12)
FNDA:0,(anonymous_13)
FNDA:0,(anonymous_14)
FNDA:0,(anonymous_15)
FNDA:0,(anonymous_16)
FNDA:0,(anonymous_17)
FNDA:0,(anonymous_18)
FNDA:0,(anonymous_19)
DA:1,0
DA:2,0
DA:3,0
DA:4,0
DA:5,0
DA:6,0
DA:13,0
DA:14,0
DA:16,0
DA:40,0
DA:41,0
DA:42,0
DA:44,0
DA:45,0
DA:46,0
DA:47,0
DA:50,0
DA:51,0
DA:59,0
DA:60,0
DA:61,0
DA:64,0
DA:65,0
DA:66,0
DA:67,0
DA:69,0
DA:73,0
DA:74,0
DA:75,0
DA:76,0
DA:77,0
DA:78,0
DA:79,0
DA:80,0
DA:81,0
DA:83,0
DA:85,0
DA:86,0
DA:90,0
DA:91,0
DA:92,0
DA:93,0
DA:94,0
DA:95,0
DA:97,0
DA:98,0
DA:102,0
DA:103,0
DA:106,0
DA:107,0
DA:113,0
DA:114,0
DA:115,0
DA:116,0
DA:119,0
DA:120,0
DA:123,0
DA:153,0
DA:167,0
DA:182,0
DA:193,0
LF:61
LH:0
BRDA:50,0,0,0
BRDA:50,0,1,0
BRDA:51,1,0,0
BRDA:51,1,1,0
BRDA:51,1,2,0
BRDA:51,1,3,0
BRDA:51,1,4,0
BRDA:51,1,5,0
BRDA:86,2,0,0
BRDA:86,2,1,0
BRDA:98,3,0,0
BRDA:98,3,1,0
BRDA:106,4,0,0
BRDA:116,5,0,0
BRDA:116,5,1,0
BRDA:119,6,0,0
BRDA:148,7,0,0
BRDA:148,7,1,0
BRDA:152,8,0,0
BRDA:152,8,1,0
BRDA:165,9,0,0
BRDA:164,10,0,0
BRDA:164,10,1,0
BRDA:175,11,0,0
BRDA:175,11,1,0
BRF:25
BRH:0
end_of_record
TN:
SF:apps\frontend\src\features\admin\components\SystemAnnouncementComposer.tsx
FN:56,(anonymous_4)
FN:81,(anonymous_5)
FN:107,(anonymous_6)
FN:126,(anonymous_7)
FN:131,(anonymous_8)
FN:133,(anonymous_9)
FN:136,(anonymous_10)
FN:143,(anonymous_11)
FN:147,(anonymous_12)
FN:151,(anonymous_13)
FN:155,(anonymous_14)
FN:167,(anonymous_15)
FN:194,(anonymous_16)
FN:194,(anonymous_17)
FN:203,(anonymous_18)
FN:204,(anonymous_19)
FN:211,(anonymous_20)
FN:232,(anonymous_21)
FN:232,(anonymous_22)
FN:238,(anonymous_23)
FN:253,(anonymous_24)
FN:253,(anonymous_25)
FN:281,(anonymous_26)
FN:289,(anonymous_27)
FN:303,(anonymous_28)
FN:333,(anonymous_29)
FN:341,(anonymous_30)
FN:355,(anonymous_31)
FN:372,(anonymous_32)
FN:373,(anonymous_33)
FN:386,(anonymous_34)
FN:387,(anonymous_35)
FN:401,(anonymous_36)
FN:406,(anonymous_37)
FN:421,(anonymous_38)
[...]
DA:47,0
DA:55,0
DA:57,0
DA:58,0
DA:59,0
DA:60,0
DA:64,0
DA:65,0
DA:66,0
DA:67,0
DA:73,0
DA:74,0
DA:75,0
DA:76,0
DA:77,0
DA:86,0
DA:87,0
DA:88,0
DA:89,0
DA:95,0
DA:99,0
DA:103,0
DA:107,0
DA:111,0
DA:115,0
DA:120,0
DA:124,0
DA:131,0
DA:132,0
DA:133,0
DA:134,0
DA:135,0
DA:136,0
DA:137,0
DA:138,0
DA:141,0
DA:150,0
DA:160,0
DA:161,0
DA:162,0
DA:164,0
DA:165,0
DA:166,0
DA:172,0
DA:173,0
DA:174,0
DA:175,0
DA:176,0
LF:52
LH:0
BRDA:58,0,0,0
BRDA:66,1,0,0
BRDA:76,2,0,0
BRDA:76,3,0,0
BRDA:76,3,1,0
BRDA:88,4,0,0
BRDA:162,5,0,0
BRDA:165,6,0,0
BRDA:175,7,0,0
BRDA:175,8,0,0
BRDA:175,8,1,0
BRF:11
BRH:0
end_of_record
TN:
SF:services\training-service\src\migrations\1735745000001-AddTrainingIndexes.ts
FN:3,(anonymous_0)
FN:6,(anonymous_1)
FN:14,(anonymous_2)
FNF:3
FNH:0
FNDA:0,(anonymous_0)
FNDA:0,(anonymous_1)
FNDA:0,(anonymous_2)
DA:3,0
DA:4,0
DA:8,0
DA:16,0
LF:4
LH:0
BRF:0
BRH:0
end_of_record
TN:
SF:services\training-service\src\migrations\1735745000002-FixUuidForeignKeys.ts
FN:3,(anonymous_0)
FN:6,(anonymous_1)
FN:48,(anonymous_2)
FNF:3
FNH:0
FNDA:0,(anonymous_0)
FNDA:0,(anonymous_1)
FNDA:0,(anonymous_2)
DA:3,0
DA:4,0
DA:8,0
DA:15,0
DA:21,0
DA:28,0
DA:35,0
DA:42,0
DA:50,0
DA:57,0
DA:63,0
DA:70,0
DA:77,0
DA:84,0
LF:14
LH:0
BRF:0
BRH:0
end_of_record
TN:
SF:services\training-service\src\migrations\1736200000000-AddEventMetadataToWorkoutAssignment.ts
FN:3,(anonymous_0)
FN:6,(anonymous_1)
FN:47,(anonymous_2)
FNF:3
FNH:0
FNDA:0,(anonymous_0)
FNDA:0,(anonymous_1)
FNDA:0,(anonymous_2)
DA:3,0
DA:4,0
DA:8,0
DA:22,0
DA:30,0
DA:34,0
DA:38,0
DA:42,0
DA:49,0
DA:50,0
DA:51,0
DA:52,0
DA:55,0
LF:13
LH:0
BRF:0
BRH:0
end_of_record
TN:
SF:services\training-service\src\migrations\1736200000000-AddMedicalIntegrationFeatures.ts
FN:3,(anonymous_0)
FN:6,(anonymous_1)
FN:159,(anonymous_2)
FNF:3
FNH:0
FNDA:0,(anonymous_0)
FNDA:0,(anonymous_1)
FNDA:0,(anonymous_2)
DA:3,0
DA:4,0
DA:8,0
DA:14,0
DA:20,0
DA:27,0
DA:47,0
DA:52,0
DA:58,0
DA:79,0
DA:84,0
DA:90,0
DA:119,0
DA:124,0
DA:130,0
DA:140,0
DA:146,0
DA:152,0
DA:161,0
DA:162,0
DA:163,0
DA:166,0
DA:167,0
DA:168,0
DA:171,0
DA:172,0
DA:173,0
LF:27
LH:0
BRF:0
BRH:0
end_of_record
TN:
SF:services\training-service\src\migrations\1736200000000-AddWorkoutAssignmentEntities.ts
FN:3,(anonymous_0)
FN:6,(anonymous_1)
FN:126,(anonymous_2)
FNF:3
FNH:0
FNDA:0,(anonymous_0)
FNDA:0,(anonymous_1)
FNDA:0,(anonymous_2)
DA:3,0
DA:4,0
DA:8,0
DA:9,0
DA:11,0
DA:13,0
DA:61,0
DA:62,0
DA:63,0
DA:64,0
DA:65,0
DA:66,0
DA:67,0
DA:70,0
DA:71,0
DA:74,0
DA:76,0
DA:114,0
DA:115,0
DA:116,0
DA:117,0
DA:118,0
DA:119,0
DA:122,0
DA:128,0
DA:129,0
DA:130,0
DA:133,0
DA:134,0
LF:29
LH:0
BRDA:11,0,0,0
BRDA:74,1,0,0
BRF:2
BRH:0
end_of_record
TN:
SF:services\training-service\src\migrations\1736300000000-AddPlanningIntegrationMetadata.ts
FN:3,(anonymous_0)
FN:6,(anonymous_1)
FN:53,(anonymous_2)
FNF:3
FNH:0
FNDA:0,(anonymous_0)
FNDA:0,(anonymous_1)
FNDA:0,(anonymous_2)
DA:3,0
DA:4,0
DA:8,0
DA:14,0
DA:20,0
DA:27,0
DA:34,0
DA:42,0
DA:55,0
DA:56,0
DA:57,0
DA:58,0
DA:59,0
DA:62,0
LF:14
LH:0
BRF:0
BRH:0
end_of_record
TN:
SF:services\training-service\src\migrations\1736400000000-AddIntervalProgramToWorkoutSession.ts
FN:3,(anonymous_0)
FN:6,(anonymous_1)
FN:13,(anonymous_2)
FNF:3
FNH:0
FNDA:0,(anonymous_0)
FNDA:0,(anonymous_1)
FNDA:0,(anonymous_2)
DA:3,0
DA:4,0
DA:7,0
DA:14,0
LF:4
LH:0
BRF:0
BRH:0
end_of_record
TN:
SF:services\training-service\src\migrations\1736500000000-AddHybridWorkoutType.ts
FN:3,(anonymous_0)
FN:6,(anonymous_1)
FN:17,(anonymous_2)
FNF:3
FNH:0
FNDA:0,(anonymous_0)
FNDA:0,(anonymous_1)
FNDA:0,(anonymous_2)
DA:3,0
DA:4,0
DA:10,0
DA:20,0
LF:4
LH:0
BRF:0
BRH:0
end_of_record
TN:
SF:services\training-service\src\mocks\exerciseData.ts
FNF:0
FNH:0
DA:3,0
LF:1
LH:0
BRF:0
BRH:0
end_of_record
TN:
SF:services\training-service\src\services\ExerciseService.ts
FN:11,(anonymous_0)
FN:15,(anonymous_1)
FN:33,(anonymous_2)
FN:67,(anonymous_3)
FN:86,(anonymous_4)
FN:103,(anonymous_5)
FN:118,(anonymous_6)
FN:144,(anonymous_7)
FNF:8
FNH:0
FNDA:0,(anonymous_0)
FNDA:0,(anonymous_1)
FNDA:0,(anonymous_2)
FNDA:0,(anonymous_3)
FNDA:0,(anonymous_4)
FNDA:0,(anonymous_5)
FNDA:0,(anonymous_6)
FNDA:0,(anonymous_7)
DA:1,0
DA:2,0
DA:3,0
DA:5,0
DA:7,0
DA:8,0
DA:12,0
DA:16,0
DA:17,0
DA:23,0
DA:24,0
DA:26,0
DA:28,0
DA:29,0
DA:34,0
DA:35,0
DA:39,0
DA:40,0
DA:43,0
DA:44,0
DA:47,0
DA:48,0
DA:51,0
DA:60,0
DA:62,0
DA:63,0
DA:68,0
DA:69,0
DA:73,0
DA:74,0
DA:75,0
DA:76,0
DA:79,0
DA:81,0
DA:82,0
DA:87,0
DA:88,0
DA:91,0
DA:93,0
DA:94,0
DA:96,0
DA:98,0
DA:99,0
DA:104,0
DA:105,0
DA:108,0
DA:109,0
DA:111,0
DA:113,0
DA:114,0
DA:119,0
DA:120,0
DA:125,0
DA:126,0
DA:129,0
DA:137,0
DA:139,0
DA:140,0
DA:145,0
DA:146,0
DA:151,0
DA:152,0
DA:155,0
DA:162,0
DA:164,0
DA:165,0
LF:66
LH:0
BRDA:36,0,0,0
BRDA:36,0,1,0
BRDA:39,1,0,0
BRDA:43,2,0,0
BRDA:47,3,0,0
BRDA:53,4,0,0
BRDA:53,4,1,0
BRDA:54,5,0,0
BRDA:54,5,1,0
BRDA:73,6,0,0
BRDA:125,7,0,0
BRDA:151,8,0,0
BRF:12
BRH:0
end_of_record
TN:
SF:services\training-service\src\services\WorkoutTypeService.ts
FN:7,(anonymous_0)
FN:14,(anonymous_1)
FN:38,(anonymous_2)
FN:44,(anonymous_3)
FN:77,(anonymous_4)
FN:116,(anonymous_5)
FN:126,(anonymous_6)
FN:161,(anonymous_7)
FN:192,(anonymous_8)
FN:213,(anonymous_9)
FN:227,(anonymous_10)
FN:238,(anonymous_11)
FN:240,(anonymous_12)
FN:242,(anonymous_13)
FN:248,(anonymous_14)
FN:255,(anonymous_15)
FN:286,(anonymous_16)
FN:333,(anonymous_17)
FNF:18
FNH:0
FNDA:0,(anonymous_0)
FNDA:0,(anonymous_1)
FNDA:0,(anonymous_2)
FNDA:0,(anonymous_3)
FNDA:0,(anonymous_4)
FNDA:0,(anonymous_5)
FNDA:0,(anonymous_6)
FNDA:0,(anonymous_7)
FNDA:0,(anonymous_8)
FNDA:0,(anonymous_9)
FNDA:0,(anonymous_10)
FNDA:0,(anonymous_11)
FNDA:0,(anonymous_12)
FNDA:0,(anonymous_13)
FNDA:0,(anonymous_14)
FNDA:0,(anonymous_15)
FNDA:0,(anonymous_16)
FNDA:0,(anonymous_17)
DA:2,0
DA:6,0
DA:8,0
DA:15,0
DA:17,0
DA:18,0
DA:25,0
DA:26,0
DA:34,0
DA:38,0
DA:50,0
DA:57,0
DA:58,0
DA:59,0
DA:60,0
DA:63,0
DA:70,0
DA:71,0
DA:90,0
DA:94,0
DA:95,0
DA:98,0
DA:99,0
DA:102,0
DA:103,0
DA:104,0
DA:106,0
DA:115,0
DA:116,0
DA:127,0
DA:134,0
DA:136,0
DA:137,0
DA:138,0
DA:150,0
DA:151,0
DA:152,0
DA:155,0
DA:167,0
DA:174,0
DA:175,0
DA:176,0
DA:177,0
DA:180,0
DA:185,0
DA:186,0
DA:193,0
DA:200,0
DA:201,0
DA:202,0
DA:203,0
DA:206,0
DA:207,0
DA:214,0
DA:233,0
DA:238,0
DA:239,0
DA:240,0
DA:242,0
DA:244,0
DA:248,0
DA:260,0
DA:261,0
DA:264,0
DA:265,0
DA:266,0
DA:271,0
DA:272,0
DA:273,0
DA:277,0
DA:295,0
DA:296,0
DA:297,0
DA:298,0
DA:300,0
DA:302,0
DA:303,0
DA:304,0
DA:305,0
DA:308,0
DA:310,0
DA:311,0
DA:312,0
DA:316,0
DA:323,0
DA:334,0
LF:86
LH:0
BRDA:25,0,0,0
BRDA:57,1,0,0
BRDA:94,2,0,0
BRDA:98,3,0,0
BRDA:102,4,0,0
BRDA:102,4,1,0
BRDA:103,5,0,0
BRDA:103,5,1,0
BRDA:134,6,0,0
BRDA:137,7,0,0
BRDA:174,8,0,0
BRDA:200,9,0,0
BRDA:265,10,0,0
BRDA:271,11,0,0
BRDA:271,12,0,0
BRDA:271,12,1,0
BRDA:272,13,0,0
BRDA:302,14,0,0
BRDA:311,15,0,0
BRF:19
BRH:0
end_of_record
TN:
SF:services\user-service\src\config\database.ts
FNF:0
FNH:0
DA:1,0
DA:2,0
DA:3,0
DA:4,0
DA:5,0
DA:6,0
DA:7,0
DA:8,0
DA:9,0
DA:10,0
DA:11,0
DA:12,0
DA:13,0
DA:14,0
DA:16,0
DA:18,0
LF:16
LH:0
BRDA:20,0,0,0
BRDA:20,0,1,0
BRDA:21,1,0,0
BRDA:21,1,1,0
BRDA:22,2,0,0
BRDA:22,2,1,0
BRDA:23,3,0,0
BRDA:23,3,1,0
BRDA:24,4,0,0
BRDA:24,4,1,0
BRDA:48,5,0,0
BRDA:48,5,1,0
BRDA:49,6,0,0
BRDA:49,6,1,0
BRDA:51,7,0,0
BRDA:51,7,1,0
BRDA:53,8,0,0
BRDA:53,8,1,0
BRF:18
BRH:0
end_of_record
TN:
SF:services\user-service\src\data-source.ts
FNF:0
FNH:0
DA:1,0
DA:2,0
DA:4,0
LF:3
LH:0
BRF:0
BRH:0
end_of_record
TN:
SF:services\user-service\src\entities\BlacklistedToken.ts
FNF:0
FNH:0
DA:1,0
DA:11,0
DA:13,0
DA:17,0
DA:20,0
DA:23,0
DA:26,0
DA:29,0
LF:8
LH:0
BRF:0
BRH:0
end_of_record
TN:
SF:services\user-service\src\entities\LoginAttempt.ts
FNF:0
FNH:0
DA:1,0
DA:12,0
DA:14,0
DA:18,0
DA:21,0
DA:24,0
DA:27,0
DA:30,0
DA:33,0
LF:9
LH:0
BRF:0
BRH:0
end_of_record
TN:
SF:services\user-service\src\entities\Organization.ts
FN:38,(anonymous_2)
FN:38,(anonymous_3)
FN:41,(anonymous_4)
FN:41,(anonymous_5)
FNF:4
FNH:0
FNDA:0,(anonymous_2)
FNDA:0,(anonymous_3)
FNDA:0,(anonymous_4)
FNDA:0,(anonymous_5)
DA:1,0
DA:2,0
DA:3,0
DA:4,0
DA:7,0
DA:9,0
DA:13,0
DA:16,0
DA:19,0
DA:22,0
DA:29,0
DA:32,0
DA:35,0
DA:38,0
DA:39,0
DA:41,0
DA:42,0
LF:17
LH:0
BRF:0
BRH:0
end_of_record
TN:
SF:services\user-service\src\entities\ParentChildRelationship.ts
FN:12,(anonymous_2)
FN:12,(anonymous_3)
FN:16,(anonymous_4)
FN:16,(anonymous_5)
FN:26,(anonymous_6)
FNF:5
FNH:0
FNDA:0,(anonymous_2)
FNDA:0,(anonymous_3)
FNDA:0,(anonymous_4)
FNDA:0,(anonymous_5)
FNDA:0,(anonymous_6)
DA:1,0
DA:2,0
DA:5,0
DA:7,0
DA:10,0
DA:12,0
DA:14,0
DA:16,0
DA:18,0
DA:21,0
DA:24,0
DA:26,0
DA:27,0
LF:13
LH:0
BRF:0
BRH:0
end_of_record
TN:
SF:services\user-service\src\entities\PasswordResetToken.ts
FN:17,(anonymous_2)
FNF:1
FNH:0
FNDA:0,(anonymous_2)
DA:1,0
DA:2,0
DA:7,0
DA:9,0
DA:12,0
DA:15,0
DA:17,0
DA:19,0
DA:22,0
DA:25,0
DA:28,0
DA:31,0
DA:34,0
DA:37,0
LF:14
LH:0
BRF:0
BRH:0
end_of_record
TN:
SF:services\user-service\src\entities\Permission.ts
FN:34,(anonymous_2)
FN:34,(anonymous_3)
FNF:2
FNH:0
FNDA:0,(anonymous_2)
FNDA:0,(anonymous_3)
DA:1,0
DA:10,0
DA:14,0
DA:16,0
DA:20,0
DA:23,0
DA:26,0
DA:29,0
DA:32,0
DA:34,0
DA:35,0
DA:38,0
DA:41,0
DA:45,0
LF:14
LH:0
BRF:0
BRH:0
end_of_record
TN:
SF:services\user-service\src\entities\RefreshToken.ts
FN:25,(anonymous_2)
FNF:1
FNH:0
FNDA:0,(anonymous_2)
DA:1,0
DA:10,0
DA:15,0
DA:17,0
DA:20,0
DA:23,0
DA:25,0
DA:27,0
DA:30,0
DA:33,0
DA:36,0
DA:39,0
DA:42,0
DA:45,0
DA:48,0
LF:15
LH:0
BRF:0
BRH:0
end_of_record
TN:
SF:services\user-service\src\entities\Role.ts
FN:34,(anonymous_2)
FN:34,(anonymous_3)
FNF:2
FNH:0
FNDA:0,(anonymous_2)
FNDA:0,(anonymous_3)
DA:1,0
DA:11,0
DA:14,0
DA:16,0
DA:20,0
DA:23,0
DA:26,0
DA:29,0
DA:32,0
DA:34,0
DA:46,0
DA:49,0
DA:52,0
DA:56,0
DA:71,0
LF:15
LH:0
BRF:0
BRH:0
end_of_record
TN:
SF:services\user-service\src\entities\ServiceApiKey.ts
FNF:0
FNH:0
DA:1,0
DA:12,0
DA:14,0
DA:18,0
DA:22,0
DA:25,0
DA:28,0
DA:31,0
DA:34,0
DA:37,0
DA:40,0
DA:43,0
DA:46,0
DA:49,0
DA:52,0
DA:55,0
DA:58,0
DA:61,0
LF:18
LH:0
BRF:0
BRH:0
end_of_record
TN:
SF:services\user-service\src\entities\Team.ts
FN:6,(anonymous_2)
FN:19,(anonymous_3)
FN:19,(anonymous_4)
FN:46,(anonymous_5)
FN:46,(anonymous_6)
FNF:5
FNH:0
FNDA:0,(anonymous_2)
FNDA:0,(anonymous_3)
FNDA:0,(anonymous_4)
FNDA:0,(anonymous_5)
FNDA:0,(anonymous_6)
DA:1,0
DA:2,0
DA:3,0
DA:4,0
DA:6,0
DA:7,0
DA:8,0
DA:9,0
DA:10,0
DA:15,0
DA:17,0
DA:19,0
DA:22,0
DA:25,0
DA:31,0
DA:34,0
DA:37,0
DA:40,0
DA:43,0
DA:46,0
DA:47,0
LF:21
LH:0
BRDA:6,0,0,0
BRDA:6,0,1,0
BRF:2
BRH:0
end_of_record
TN:
SF:services\user-service\src\entities\TeamMember.ts
FN:5,(anonymous_2)
FN:21,(anonymous_3)
FN:21,(anonymous_4)
FN:26,(anonymous_5)
FN:26,(anonymous_6)
FN:43,(anonymous_7)
FNF:6
FNH:0
FNDA:0,(anonymous_2)
FNDA:0,(anonymous_3)
FNDA:0,(anonymous_4)
FNDA:0,(anonymous_5)
FNDA:0,(anonymous_6)
FNDA:0,(anonymous_7)
DA:1,0
DA:2,0
DA:3,0
DA:5,0
DA:6,0
DA:7,0
DA:8,0
DA:9,0
DA:10,0
DA:14,0
DA:16,0
DA:19,0
DA:21,0
DA:24,0
DA:26,0
DA:29,0
DA:35,0
DA:38,0
DA:41,0
DA:43,0
DA:44,0
DA:47,0
DA:51,0
LF:23
LH:0
BRDA:5,0,0,0
BRDA:5,0,1,0
BRF:2
BRH:0
end_of_record
TN:
SF:services\user-service\src\entities\UserOrganization.ts
FN:6,(anonymous_2)
FN:53,(anonymous_3)
FN:58,(anonymous_4)
FN:59,(anonymous_5)
FN:25,(anonymous_6)
FN:25,(anonymous_7)
FN:30,(anonymous_8)
FN:30,(anonymous_9)
FN:42,(anonymous_10)
FN:46,(anonymous_11)
FNF:10
FNH:0
FNDA:0,(anonymous_2)
FNDA:0,(anonymous_3)
FNDA:0,(anonymous_4)
FNDA:0,(anonymous_5)
FNDA:0,(anonymous_6)
FNDA:0,(anonymous_7)
FNDA:0,(anonymous_8)
FNDA:0,(anonymous_9)
FNDA:0,(anonymous_10)
FNDA:0,(anonymous_11)
DA:1,0
DA:2,0
DA:3,0
DA:4,0
DA:6,0
DA:7,0
DA:8,0
DA:9,0
DA:10,0
DA:11,0
DA:12,0
DA:13,0
DA:14,0
DA:18,0
DA:20,0
DA:23,0
DA:25,0
DA:28,0
DA:30,0
DA:33,0
DA:40,0
DA:42,0
DA:44,0
DA:46,0
DA:47,0
DA:50,0
DA:54,0
DA:55,0
DA:57,0
DA:58,0
DA:59,0
LF:31
LH:0
BRDA:6,0,0,0
BRDA:6,0,1,0
BRDA:54,1,0,0
BRDA:54,2,0,0
BRDA:54,2,1,0
BRF:5
BRH:0
end_of_record
TN:
SF:services\user-service\src\migrations\1735410000000-CreateRBACTables.ts
FN:3,(anonymous_0)
FN:6,(anonymous_1)
FN:95,(anonymous_2)
FNF:3
FNH:0
FNDA:0,(anonymous_0)
FNDA:0,(anonymous_1)
FNDA:0,(anonymous_2)
DA:3,0
DA:4,0
DA:8,0
DA:24,0
DA:25,0
DA:28,0
DA:44,0
DA:47,0
DA:56,0
DA:57,0
DA:60,0
DA:68,0
DA:77,0
DA:83,0
DA:92,0
DA:97,0
DA:98,0
DA:99,0
DA:102,0
DA:103,0
DA:104,0
DA:105,0
DA:106,0
DA:107,0
DA:110,0
DA:113,0
DA:114,0
DA:115,0
LF:28
LH:0
BRF:0
BRH:0
end_of_record
TN:
SF:services\user-service\src\migrations\1735411000000-CreateTokenTables.ts
FN:3,(anonymous_0)
FN:6,(anonymous_1)
FN:78,(anonymous_2)
FNF:3
FNH:0
FNDA:0,(anonymous_0)
FNDA:0,(anonymous_1)
FNDA:0,(anonymous_2)
DA:3,0
DA:4,0
DA:8,0
DA:26,0
DA:27,0
DA:30,0
DA:39,0
DA:53,0
DA:54,0
DA:57,0
DA:63,0
DA:80,0
DA:83,0
DA:86,0
DA:87,0
DA:88,0
DA:89,0
DA:92,0
DA:93,0
DA:96,0
LF:20
LH:0
BRF:0
BRH:0
end_of_record
TN:
SF:services\user-service\src\migrations\1735412000000-CreateLoginAttemptsTable.ts
FN:3,(anonymous_0)
FN:6,(anonymous_1)
FN:45,(anonymous_2)
FNF:3
FNH:0
FNDA:0,(anonymous_0)
FNDA:0,(anonymous_1)
FNDA:0,(anonymous_2)
DA:3,0
DA:4,0
DA:8,0
DA:22,0
DA:23,0
DA:24,0
DA:27,0
DA:35,0
DA:47,0
DA:50,0
DA:58,0
DA:59,0
DA:60,0
DA:63,0
LF:14
LH:0
BRF:0
BRH:0
end_of_record
TN:
SF:services\user-service\src\migrations\1735413000000-CreateServiceApiKeysTable.ts
FN:3,(anonymous_0)
FN:6,(anonymous_1)
FN:49,(anonymous_2)
FNF:3
FNH:0
FNDA:0,(anonymous_0)
FNDA:0,(anonymous_1)
FNDA:0,(anonymous_2)
DA:3,0
DA:4,0
DA:8,0
DA:33,0
DA:34,0
DA:35,0
DA:38,0
DA:51,0
DA:54,0
DA:55,0
DA:56,0
DA:59,0
LF:12
LH:0
BRF:0
BRH:0
end_of_record
TN:
SF:services\user-service\src\migrations\1735745000002-AddUserIndexes.ts
FN:3,(anonymous_0)
FN:6,(anonymous_1)
FN:14,(anonymous_2)
FNF:3
FNH:0
FNDA:0,(anonymous_0)
FNDA:0,(anonymous_1)
FNDA:0,(anonymous_2)
DA:3,0
DA:4,0
DA:8,0
DA:16,0
LF:4
LH:0
BRF:0
BRH:0
end_of_record
TN:
SF:services\user-service\src\routes\authRoutes.ts
FNF:0
FNH:0
DA:1,0
DA:2,0
DA:3,0
DA:4,0
DA:5,0
DA:7,0
DA:8,0
DA:11,0
DA:18,0
DA:19,0
DA:20,0
DA:21,0
DA:22,0
DA:25,0
DA:26,0
DA:27,0
DA:29,0
LF:17
LH:0
BRF:0
BRH:0
end_of_record
TN:
SF:services\user-service\src\seeders\RBACSeeder.ts
FN:6,(anonymous_0)
FN:8,(anonymous_1)
FN:14,(anonymous_2)
FN:93,(anonymous_3)
FN:118,(anonymous_4)
FN:128,(anonymous_5)
FN:218,(anonymous_6)
FNF:7
FNH:0
FNDA:0,(anonymous_0)
FNDA:0,(anonymous_1)
FNDA:0,(anonymous_2)
FNDA:0,(anonymous_3)
FNDA:0,(anonymous_4)
FNDA:0,(anonymous_5)
FNDA:0,(anonymous_6)
DA:2,0
DA:3,0
DA:5,0
DA:6,0
DA:9,0
DA:10,0
DA:11,0
DA:15,0
DA:17,0
DA:85,0
DA:86,0
DA:87,0
DA:88,0
DA:94,0
DA:96,0
DA:110,0
DA:111,0
DA:112,0
DA:113,0
DA:119,0
DA:120,0
DA:123,0
DA:128,0
DA:213,0
DA:214,0
DA:215,0
DA:217,0
DA:218,0
DA:221,0
DA:222,0
LF:30
LH:0
BRDA:87,0,0,0
BRDA:112,1,0,0
BRDA:215,2,0,0
BRF:3
BRH:0
end_of_record
TN:
SF:services\user-service\src\seeders\development.seeder.ts
FN:23,(anonymous_6)
FN:28,(anonymous_7)
FN:62,(anonymous_8)
FN:74,(anonymous_9)
FN:89,(anonymous_10)
FN:112,(anonymous_11)
FN:262,(anonymous_12)
FN:282,(anonymous_13)
FN:300,(anonymous_14)
FN:301,(anonymous_15)
FNF:10
FNH:0
FNDA:0,(anonymous_6)
FNDA:0,(anonymous_7)
FNDA:0,(anonymous_8)
FNDA:0,(anonymous_9)
FNDA:0,(anonymous_10)
FNDA:0,(anonymous_11)
FNDA:0,(anonymous_12)
FNDA:0,(anonymous_13)
FNDA:0,(anonymous_14)
FNDA:0,(anonymous_15)
DA:1,0
DA:2,0
DA:3,0
DA:4,0
DA:5,0
DA:6,0
DA:7,0
DA:8,0
DA:23,0
DA:25,0
DA:26,0
DA:29,0
DA:31,0
DA:32,0
DA:35,0
DA:38,0
DA:41,0
DA:44,0
DA:47,0
DA:49,0
DA:52,0
DA:55,0
DA:56,0
DA:58,0
DA:63,0
DA:66,0
DA:67,0
DA:68,0
DA:69,0
DA:70,0
DA:71,0
DA:75,0
DA:77,0
DA:78,0
DA:90,0
DA:92,0
DA:94,0
DA:102,0
DA:103,0
DA:108,0
DA:113,0
DA:115,0
DA:116,0
DA:117,0
DA:119,0
DA:219,0
DA:221,0
DA:224,0
DA:237,0
DA:240,0
DA:248,0
DA:249,0
DA:250,0
DA:263,0
DA:265,0
DA:267,0
DA:272,0
DA:273,0
DA:283,0
DA:284,0
DA:285,0
DA:286,0
DA:287,0
DA:288,0
DA:289,0
DA:290,0
DA:291,0
DA:292,0
DA:297,0
DA:298,0
DA:299,0
DA:300,0
DA:302,0
DA:303,0
LF:74
LH:0
BRDA:248,0,0,0
BRDA:297,1,0,0
BRF:2
BRH:0
end_of_record
TN:
SF:services\user-service\src\services\accountLockoutService.ts
FN:18,(anonymous_0)
FN:24,(anonymous_1)
FN:47,(anonymous_2)
FN:88,(anonymous_3)
FN:112,(anonymous_4)
FN:126,(anonymous_5)
FN:136,(anonymous_6)
FN:150,(anonymous_7)
FN:165,(anonymous_8)
FN:166,(anonymous_9)
FN:183,(anonymous_10)
FNF:11
FNH:0
FNDA:0,(anonymous_0)
FNDA:0,(anonymous_1)
FNDA:0,(anonymous_2)
FNDA:0,(anonymous_3)
FNDA:0,(anonymous_4)
FNDA:0,(anonymous_5)
FNDA:0,(anonymous_6)
FNDA:0,(anonymous_7)
FNDA:0,(anonymous_8)
FNDA:0,(anonymous_9)
FNDA:0,(anonymous_10)
DA:1,0
DA:2,0
DA:3,0
DA:11,0
DA:12,0
DA:19,0
DA:20,0
DA:31,0
DA:33,0
DA:41,0
DA:44,0
DA:48,0
DA:49,0
DA:52,0
DA:53,0
DA:54,0
DA:61,0
DA:64,0
DA:72,0
DA:73,0
DA:74,0
DA:76,0
DA:77,0
DA:85,0
DA:89,0
DA:92,0
DA:93,0
DA:95,0
DA:102,0
DA:103,0
DA:109,0
DA:113,0
DA:114,0
DA:116,0
DA:123,0
DA:127,0
DA:129,0
DA:140,0
DA:142,0
DA:155,0
DA:156,0
DA:159,0
DA:165,0
DA:166,0
DA:169,0
DA:176,0
DA:184,0
DA:185,0
DA:188,0
LF:49
LH:0
BRDA:19,0,0,0
BRDA:53,1,0,0
BRDA:53,2,0,0
BRDA:53,2,1,0
BRDA:72,3,0,0
BRDA:76,4,0,0
BRDA:102,5,0,0
BRDA:138,6,0,0
BRF:8
BRH:0
end_of_record
TN:
SF:services\user-service\src\services\serviceApiKeyService.ts
FN:20,(anonymous_1)
FN:26,(anonymous_2)
FN:58,(anonymous_3)
FN:80,(anonymous_4)
FN:105,(anonymous_5)
FN:117,(anonymous_6)
FN:154,(anonymous_7)
FN:178,(anonymous_8)
FN:192,(anonymous_9)
FN:217,(anonymous_10)
FN:235,(anonymous_11)
FN:247,(anonymous_12)
FNF:12
FNH:0
FNDA:0,(anonymous_1)
FNDA:0,(anonymous_2)
FNDA:0,(anonymous_3)
FNDA:0,(anonymous_4)
FNDA:0,(anonymous_5)
FNDA:0,(anonymous_6)
FNDA:0,(anonymous_7)
FNDA:0,(anonymous_8)
FNDA:0,(anonymous_9)
FNDA:0,(anonymous_10)
FNDA:0,(anonymous_11)
FNDA:0,(anonymous_12)
DA:1,0
DA:2,0
DA:3,0
DA:20,0
DA:21,0
DA:28,0
DA:35,0
DA:36,0
DA:40,0
DA:42,0
DA:52,0
DA:62,0
DA:69,0
DA:70,0
DA:74,0
DA:75,0
DA:79,0
DA:80,0
DA:81,0
DA:83,0
DA:84,0
DA:86,0
DA:89,0
DA:90,0
DA:95,0
DA:96,0
DA:97,0
DA:99,0
DA:106,0
DA:122,0
DA:129,0
DA:130,0
DA:134,0
DA:135,0
DA:136,0
DA:137,0
DA:138,0
DA:141,0
DA:159,0
DA:163,0
DA:164,0
DA:167,0
DA:168,0
DA:169,0
DA:170,0
DA:172,0
DA:179,0
DA:181,0
DA:198,0
DA:202,0
DA:203,0
DA:206,0
DA:218,0
DA:229,0
DA:236,0
DA:237,0
DA:238,0
DA:239,0
DA:241,0
DA:248,0
DA:296,0
DA:297,0
DA:298,0
DA:299,0
DA:300,0
DA:305,0
DA:308,0
DA:314,0
LF:68
LH:0
BRDA:35,0,0,0
BRDA:47,1,0,0
BRDA:47,1,1,0
BRDA:69,2,0,0
BRDA:74,3,0,0
BRDA:74,4,0,0
BRDA:74,4,1,0
BRDA:79,5,0,0
BRDA:79,6,0,0
BRDA:79,6,1,0
BRDA:79,6,2,0
BRDA:81,7,0,0
BRDA:89,8,0,0
BRDA:129,9,0,0
BRDA:163,10,0,0
BRDA:178,11,0,0
BRDA:179,12,0,0
BRDA:179,12,1,0
BRDA:202,13,0,0
BRDA:229,14,0,0
BRDA:229,14,1,0
BRDA:299,15,0,0
BRF:22
BRH:0
end_of_record
TN:
SF:services\user-service\src\utils\passwordValidator.ts
FN:19,(anonymous_0)
FN:127,(anonymous_1)
FN:151,(anonymous_2)
FN:159,(anonymous_3)
FN:180,(anonymous_4)
FNF:5
FNH:0
FNDA:0,(anonymous_0)
FNDA:0,(anonymous_1)
FNDA:0,(anonymous_2)
FNDA:0,(anonymous_3)
FNDA:0,(anonymous_4)
DA:7,0
DA:8,0
DA:9,0
DA:12,0
DA:24,0
DA:25,0
DA:28,0
DA:29,0
DA:30,0
DA:31,0
DA:33,0
DA:35,0
DA:36,0
DA:40,0
DA:41,0
DA:42,0
DA:43,0
DA:45,0
DA:46,0
DA:48,0
DA:51,0
DA:52,0
DA:54,0
DA:57,0
DA:58,0
DA:60,0
DA:63,0
DA:64,0
DA:66,0
DA:70,0
DA:71,0
DA:72,0
DA:76,0
DA:77,0
DA:79,0
DA:80,0
DA:81,0
DA:84,0
DA:85,0
DA:86,0
DA:89,0
DA:90,0
DA:91,0
DA:96,0
DA:97,0
DA:98,0
DA:99,0
DA:103,0
DA:104,0
DA:105,0
DA:106,0
DA:110,0
DA:111,0
DA:112,0
DA:113,0
DA:114,0
DA:118,0
DA:120,0
DA:128,0
DA:137,0
DA:139,0
DA:140,0
DA:141,0
DA:142,0
DA:143,0
DA:148,0
DA:152,0
DA:153,0
DA:154,0
DA:155,0
DA:156,0
DA:160,0
DA:161,0
DA:162,0
DA:163,0
DA:164,0
DA:166,0
DA:169,0
DA:170,0
DA:171,0
DA:172,0
DA:175,0
DA:176,0
DA:180,0
LF:84
LH:0
BRDA:28,0,0,0
BRDA:28,0,1,0
BRDA:30,1,0,0
BRDA:30,1,1,0
BRDA:35,2,0,0
BRDA:36,3,0,0
BRDA:45,4,0,0
BRDA:45,4,1,0
BRDA:51,5,0,0
BRDA:51,5,1,0
BRDA:57,6,0,0
BRDA:57,6,1,0
BRDA:63,7,0,0
BRDA:63,7,1,0
BRDA:70,8,0,0
BRDA:76,9,0,0
BRDA:79,10,0,0
BRDA:79,11,0,0
BRDA:79,11,1,0
BRDA:84,12,0,0
BRDA:84,13,0,0
BRDA:84,13,1,0
BRDA:89,14,0,0
BRDA:89,15,0,0
BRDA:89,15,1,0
BRDA:97,16,0,0
BRDA:104,17,0,0
BRDA:111,18,0,0
BRDA:111,18,1,0
BRDA:113,19,0,0
BRDA:142,20,0,0
BRDA:152,21,0,0
BRDA:153,22,0,0
BRDA:154,23,0,0
BRDA:155,24,0,0
BRDA:159,25,0,0
BRF:36
BRH:0
end_of_record
